2024-07-13 22:42:42.769 [info] Extension host with pid 486 started
2024-07-13 22:42:42.788 [info] Lock '/home/coder123/.vscode-server/data/User/workspaceStorage/e108dc581b14dbd28bd749526d685224/vscode.lock': Lock acquired.
2024-07-13 22:42:42.865 [info] ExtensionService#_doActivateExtension ms-vscode.live-server, startup: false, activationEvent: 'onWebviewPanel:browserPreview'
2024-07-13 22:42:42.867 [info] ExtensionService#_doActivateExtension vscode.tunnel-forwarding, startup: false, activationEvent: 'onTunnel'
2024-07-13 22:42:42.868 [info] ExtensionService#_doActivateExtension vscode.emmet, startup: false, activationEvent: 'onLanguage'
2024-07-13 22:42:42.868 [info] ExtensionService#_doActivateExtension vscode.html-language-features, startup: false, activationEvent: 'onLanguage:html'
2024-07-13 22:42:43.871 [info] ExtensionService#_doActivateExtension vscode.git-base, startup: true, activationEvent: '*', root cause: vscode.git
2024-07-13 22:42:43.923 [info] ExtensionService#_doActivateExtension vscode.git, startup: true, activationEvent: '*'
2024-07-13 22:42:43.924 [info] ExtensionService#_doActivateExtension vscode.github, startup: true, activationEvent: '*'
2024-07-13 22:42:44.122 [info] Eager extensions activated
2024-07-13 22:42:44.123 [info] ExtensionService#_doActivateExtension vscode.debug-auto-launch, startup: false, activationEvent: 'onStartupFinished'
2024-07-13 22:42:44.123 [info] ExtensionService#_doActivateExtension vscode.merge-conflict, startup: false, activationEvent: 'onStartupFinished'
2024-07-13 22:42:44.378 [warning] [Decorations] CAPPING events from decorations provider vscode.git 1429
2024-07-13 22:42:44.740 [warning] [Decorations] CAPPING events from decorations provider vscode.git 1429
2024-07-13 22:42:47.927 [warning] [Decorations] CAPPING events from decorations provider vscode.git 1429
2024-07-13 22:42:52.997 [warning] [Decorations] CAPPING events from decorations provider vscode.git 1429
2024-07-13 22:42:58.070 [warning] [Decorations] CAPPING events from decorations provider vscode.git 1429
2024-07-13 22:43:03.135 [warning] [Decorations] CAPPING events from decorations provider vscode.git 1429
2024-07-13 22:43:08.208 [warning] [Decorations] CAPPING events from decorations provider vscode.git 1429
2024-07-13 22:43:13.278 [warning] [Decorations] CAPPING events from decorations provider vscode.git 1429
2024-07-13 22:43:18.353 [warning] [Decorations] CAPPING events from decorations provider vscode.git 1429
2024-07-13 22:43:23.422 [warning] [Decorations] CAPPING events from decorations provider vscode.git 1429
2024-07-13 22:43:28.502 [warning] [Decorations] CAPPING events from decorations provider vscode.git 1429
2024-07-13 22:43:33.574 [warning] [Decorations] CAPPING events from decorations provider vscode.git 1429
2024-07-13 22:43:38.663 [warning] [Decorations] CAPPING events from decorations provider vscode.git 1429
2024-07-13 22:43:43.779 [warning] [Decorations] CAPPING events from decorations provider vscode.git 1429
2024-07-13 22:43:48.891 [warning] [Decorations] CAPPING events from decorations provider vscode.git 1429
2024-07-13 22:43:55.381 [warning] [Decorations] CAPPING events from decorations provider vscode.git 1429
2024-07-13 22:44:00.458 [warning] [Decorations] CAPPING events from decorations provider vscode.git 1429
2024-07-13 22:44:06.350 [warning] [Decorations] CAPPING events from decorations provider vscode.git 1429
2024-07-13 22:44:11.422 [warning] [Decorations] CAPPING events from decorations provider vscode.git 1429
2024-07-13 22:44:16.489 [warning] [Decorations] CAPPING events from decorations provider vscode.git 1429
2024-07-13 22:44:21.554 [warning] [Decorations] CAPPING events from decorations provider vscode.git 1429
2024-07-13 22:44:26.626 [warning] [Decorations] CAPPING events from decorations provider vscode.git 1429
2024-07-13 22:44:31.700 [warning] [Decorations] CAPPING events from decorations provider vscode.git 1429
2024-07-13 22:44:38.389 [warning] [Decorations] CAPPING events from decorations provider vscode.git 1429
2024-07-13 22:44:43.466 [warning] [Decorations] CAPPING events from decorations provider vscode.git 1429
2024-07-13 22:44:48.532 [warning] [Decorations] CAPPING events from decorations provider vscode.git 1429
2024-07-13 22:44:53.609 [warning] [Decorations] CAPPING events from decorations provider vscode.git 1429
2024-07-13 22:44:58.678 [warning] [Decorations] CAPPING events from decorations provider vscode.git 1429
2024-07-13 22:45:03.750 [warning] [Decorations] CAPPING events from decorations provider vscode.git 1429
2024-07-13 22:45:08.825 [warning] [Decorations] CAPPING events from decorations provider vscode.git 1429
2024-07-13 22:45:13.892 [warning] [Decorations] CAPPING events from decorations provider vscode.git 1429
2024-07-13 22:45:18.967 [warning] [Decorations] CAPPING events from decorations provider vscode.git 1429
2024-07-13 22:45:24.036 [warning] [Decorations] CAPPING events from decorations provider vscode.git 1429
2024-07-13 22:45:29.109 [warning] [Decorations] CAPPING events from decorations provider vscode.git 1429
2024-07-13 22:45:34.178 [warning] [Decorations] CAPPING events from decorations provider vscode.git 1429
2024-07-13 22:45:39.246 [warning] [Decorations] CAPPING events from decorations provider vscode.git 1429
2024-07-13 22:45:44.315 [warning] [Decorations] CAPPING events from decorations provider vscode.git 1429
2024-07-13 22:45:49.383 [warning] [Decorations] CAPPING events from decorations provider vscode.git 1429
2024-07-13 22:45:54.450 [warning] [Decorations] CAPPING events from decorations provider vscode.git 1429
2024-07-13 22:45:59.516 [warning] [Decorations] CAPPING events from decorations provider vscode.git 1429
2024-07-13 22:46:04.585 [warning] [Decorations] CAPPING events from decorations provider vscode.git 1429
2024-07-13 22:46:09.652 [warning] [Decorations] CAPPING events from decorations provider vscode.git 1429
2024-07-13 22:46:14.720 [warning] [Decorations] CAPPING events from decorations provider vscode.git 1429
2024-07-13 22:46:19.788 [warning] [Decorations] CAPPING events from decorations provider vscode.git 1429
2024-07-13 22:46:24.866 [warning] [Decorations] CAPPING events from decorations provider vscode.git 1429
2024-07-13 22:46:29.943 [warning] [Decorations] CAPPING events from decorations provider vscode.git 1429
2024-07-13 22:46:35.009 [warning] [Decorations] CAPPING events from decorations provider vscode.git 1429
2024-07-13 22:46:40.076 [warning] [Decorations] CAPPING events from decorations provider vscode.git 1429
2024-07-13 22:46:45.143 [warning] [Decorations] CAPPING events from decorations provider vscode.git 1429
2024-07-13 22:46:50.219 [warning] [Decorations] CAPPING events from decorations provider vscode.git 1429
2024-07-13 22:46:55.284 [warning] [Decorations] CAPPING events from decorations provider vscode.git 1429
2024-07-13 22:47:00.350 [warning] [Decorations] CAPPING events from decorations provider vscode.git 1429
2024-07-13 22:47:05.423 [warning] [Decorations] CAPPING events from decorations provider vscode.git 1429
2024-07-13 22:47:10.503 [warning] [Decorations] CAPPING events from decorations provider vscode.git 1429
2024-07-13 22:47:15.580 [warning] [Decorations] CAPPING events from decorations provider vscode.git 1429
2024-07-13 22:47:20.647 [warning] [Decorations] CAPPING events from decorations provider vscode.git 1429
2024-07-13 22:47:25.719 [warning] [Decorations] CAPPING events from decorations provider vscode.git 1429
2024-07-13 22:47:30.791 [warning] [Decorations] CAPPING events from decorations provider vscode.git 1429
2024-07-13 22:47:35.862 [warning] [Decorations] CAPPING events from decorations provider vscode.git 1429
2024-07-13 22:47:40.931 [warning] [Decorations] CAPPING events from decorations provider vscode.git 1429
2024-07-13 22:47:46.016 [warning] [Decorations] CAPPING events from decorations provider vscode.git 1429
2024-07-13 22:47:51.090 [warning] [Decorations] CAPPING events from decorations provider vscode.git 1429
2024-07-13 22:48:41.593 [warning] [Decorations] CAPPING events from decorations provider vscode.git 1429
2024-07-13 22:48:46.669 [warning] [Decorations] CAPPING events from decorations provider vscode.git 1429
2024-07-13 22:48:51.758 [warning] [Decorations] CAPPING events from decorations provider vscode.git 1429
2024-07-13 22:48:56.837 [warning] [Decorations] CAPPING events from decorations provider vscode.git 1429
2024-07-13 22:49:01.908 [warning] [Decorations] CAPPING events from decorations provider vscode.git 1429
2024-07-13 22:49:07.029 [warning] [Decorations] CAPPING events from decorations provider vscode.git 1429
2024-07-13 22:49:12.100 [warning] [Decorations] CAPPING events from decorations provider vscode.git 1429
2024-07-13 22:49:17.172 [warning] [Decorations] CAPPING events from decorations provider vscode.git 1429
2024-07-13 22:49:22.251 [warning] [Decorations] CAPPING events from decorations provider vscode.git 1429
2024-07-13 22:49:27.374 [warning] [Decorations] CAPPING events from decorations provider vscode.git 1429
2024-07-13 22:49:34.795 [warning] [Decorations] CAPPING events from decorations provider vscode.git 1429
2024-07-13 22:49:39.864 [warning] [Decorations] CAPPING events from decorations provider vscode.git 1429
2024-07-13 22:49:44.930 [warning] [Decorations] CAPPING events from decorations provider vscode.git 1429
2024-07-13 22:49:50.024 [warning] [Decorations] CAPPING events from decorations provider vscode.git 1429
2024-07-13 22:49:55.092 [warning] [Decorations] CAPPING events from decorations provider vscode.git 1429
2024-07-13 22:50:00.160 [warning] [Decorations] CAPPING events from decorations provider vscode.git 1429
2024-07-13 22:50:05.916 [warning] [Decorations] CAPPING events from decorations provider vscode.git 1429
2024-07-13 22:50:10.985 [warning] [Decorations] CAPPING events from decorations provider vscode.git 1429
2024-07-13 22:50:16.053 [warning] [Decorations] CAPPING events from decorations provider vscode.git 1429
2024-07-13 22:50:21.122 [warning] [Decorations] CAPPING events from decorations provider vscode.git 1429
2024-07-13 22:50:26.196 [warning] [Decorations] CAPPING events from decorations provider vscode.git 1429
2024-07-13 22:50:31.840 [warning] [Decorations] CAPPING events from decorations provider vscode.git 1429
2024-07-13 22:50:36.926 [warning] [Decorations] CAPPING events from decorations provider vscode.git 1429
2024-07-13 22:50:41.999 [warning] [Decorations] CAPPING events from decorations provider vscode.git 1429
2024-07-13 22:50:47.067 [warning] [Decorations] CAPPING events from decorations provider vscode.git 1429
2024-07-13 22:50:52.136 [warning] [Decorations] CAPPING events from decorations provider vscode.git 1429
2024-07-13 22:50:57.202 [warning] [Decorations] CAPPING events from decorations provider vscode.git 1429
2024-07-13 22:51:02.270 [warning] [Decorations] CAPPING events from decorations provider vscode.git 1429
2024-07-13 22:51:07.339 [warning] [Decorations] CAPPING events from decorations provider vscode.git 1429
2024-07-13 22:51:12.413 [warning] [Decorations] CAPPING events from decorations provider vscode.git 1429
2024-07-13 22:51:17.480 [warning] [Decorations] CAPPING events from decorations provider vscode.git 1429
2024-07-13 22:51:22.549 [warning] [Decorations] CAPPING events from decorations provider vscode.git 1429
2024-07-13 22:51:27.644 [warning] [Decorations] CAPPING events from decorations provider vscode.git 1429
2024-07-13 22:51:32.713 [warning] [Decorations] CAPPING events from decorations provider vscode.git 1429
2024-07-13 22:51:37.784 [warning] [Decorations] CAPPING events from decorations provider vscode.git 1429
2024-07-13 22:51:42.877 [warning] [Decorations] CAPPING events from decorations provider vscode.git 1429
2024-07-13 22:51:47.948 [warning] [Decorations] CAPPING events from decorations provider vscode.git 1429
2024-07-13 22:51:53.019 [warning] [Decorations] CAPPING events from decorations provider vscode.git 1429
2024-07-13 22:51:58.114 [warning] [Decorations] CAPPING events from decorations provider vscode.git 1429
2024-07-13 22:52:12.587 [warning] [Decorations] CAPPING events from decorations provider vscode.git 1429
2024-07-13 23:01:17.292 [warning] [Decorations] CAPPING events from decorations provider vscode.git 1429
2024-07-13 23:01:22.381 [warning] [Decorations] CAPPING events from decorations provider vscode.git 1429
2024-07-13 23:01:27.477 [warning] [Decorations] CAPPING events from decorations provider vscode.git 1429
2024-07-13 23:01:32.563 [warning] [Decorations] CAPPING events from decorations provider vscode.git 1429
2024-07-13 23:01:37.654 [warning] [Decorations] CAPPING events from decorations provider vscode.git 1429
2024-07-13 23:01:44.053 [warning] [Decorations] CAPPING events from decorations provider vscode.git 1429
2024-07-13 23:01:49.121 [warning] [Decorations] CAPPING events from decorations provider vscode.git 1429
2024-07-13 23:01:54.258 [warning] [Decorations] CAPPING events from decorations provider vscode.git 1429
2024-07-13 23:01:59.336 [warning] [Decorations] CAPPING events from decorations provider vscode.git 1429
2024-07-13 23:02:04.491 [warning] [Decorations] CAPPING events from decorations provider vscode.git 1429
2024-07-13 23:02:09.598 [warning] [Decorations] CAPPING events from decorations provider vscode.git 1429
2024-07-13 23:02:14.674 [warning] [Decorations] CAPPING events from decorations provider vscode.git 1429
2024-07-13 23:02:19.757 [warning] [Decorations] CAPPING events from decorations provider vscode.git 1429
2024-07-13 23:02:24.839 [warning] [Decorations] CAPPING events from decorations provider vscode.git 1429
2024-07-13 23:02:29.915 [warning] [Decorations] CAPPING events from decorations provider vscode.git 1429
2024-07-13 23:02:34.989 [warning] [Decorations] CAPPING events from decorations provider vscode.git 1429
2024-07-13 23:02:40.067 [warning] [Decorations] CAPPING events from decorations provider vscode.git 1429
2024-07-13 23:02:45.146 [warning] [Decorations] CAPPING events from decorations provider vscode.git 1429
2024-07-13 23:02:50.244 [warning] [Decorations] CAPPING events from decorations provider vscode.git 1429
2024-07-13 23:02:55.372 [warning] [Decorations] CAPPING events from decorations provider vscode.git 1429
2024-07-13 23:03:00.444 [warning] [Decorations] CAPPING events from decorations provider vscode.git 1429
2024-07-13 23:03:05.549 [warning] [Decorations] CAPPING events from decorations provider vscode.git 1429
2024-07-13 23:03:10.621 [warning] [Decorations] CAPPING events from decorations provider vscode.git 1429
2024-07-13 23:03:15.693 [warning] [Decorations] CAPPING events from decorations provider vscode.git 1429
2024-07-13 23:03:20.774 [warning] [Decorations] CAPPING events from decorations provider vscode.git 1429
2024-07-13 23:03:25.849 [warning] [Decorations] CAPPING events from decorations provider vscode.git 1429
2024-07-13 23:03:30.938 [warning] [Decorations] CAPPING events from decorations provider vscode.git 1429
2024-07-13 23:03:36.010 [warning] [Decorations] CAPPING events from decorations provider vscode.git 1429
2024-07-13 23:03:41.089 [warning] [Decorations] CAPPING events from decorations provider vscode.git 1429
2024-07-13 23:03:46.161 [warning] [Decorations] CAPPING events from decorations provider vscode.git 1429
2024-07-13 23:03:51.248 [warning] [Decorations] CAPPING events from decorations provider vscode.git 1429
2024-07-13 23:03:56.325 [warning] [Decorations] CAPPING events from decorations provider vscode.git 1429
2024-07-13 23:04:01.398 [warning] [Decorations] CAPPING events from decorations provider vscode.git 1429
2024-07-13 23:04:06.481 [warning] [Decorations] CAPPING events from decorations provider vscode.git 1429
2024-07-13 23:04:11.550 [warning] [Decorations] CAPPING events from decorations provider vscode.git 1429
2024-07-13 23:06:48.187 [warning] [Decorations] CAPPING events from decorations provider vscode.git 1429
2024-07-13 23:06:53.273 [warning] [Decorations] CAPPING events from decorations provider vscode.git 1429
2024-07-13 23:06:58.372 [warning] [Decorations] CAPPING events from decorations provider vscode.git 1429
2024-07-13 23:07:03.453 [warning] [Decorations] CAPPING events from decorations provider vscode.git 1429
2024-07-13 23:07:08.523 [warning] [Decorations] CAPPING events from decorations provider vscode.git 1429
2024-07-13 23:07:13.592 [warning] [Decorations] CAPPING events from decorations provider vscode.git 1429
2024-07-13 23:07:18.662 [warning] [Decorations] CAPPING events from decorations provider vscode.git 1429
2024-07-13 23:07:23.733 [warning] [Decorations] CAPPING events from decorations provider vscode.git 1429
2024-07-13 23:07:28.809 [warning] [Decorations] CAPPING events from decorations provider vscode.git 1429
2024-07-13 23:07:33.880 [warning] [Decorations] CAPPING events from decorations provider vscode.git 1429
2024-07-13 23:07:38.951 [warning] [Decorations] CAPPING events from decorations provider vscode.git 1429
2024-07-13 23:07:44.023 [warning] [Decorations] CAPPING events from decorations provider vscode.git 1429
2024-07-13 23:07:49.105 [warning] [Decorations] CAPPING events from decorations provider vscode.git 1429
2024-07-13 23:07:54.177 [warning] [Decorations] CAPPING events from decorations provider vscode.git 1429
2024-07-13 23:07:58.406 [info] ExtensionService#_doActivateExtension vscode.css-language-features, startup: false, activationEvent: 'onLanguage:css'
2024-07-13 23:07:59.258 [warning] [Decorations] CAPPING events from decorations provider vscode.git 1429
2024-07-13 23:08:04.349 [warning] [Decorations] CAPPING events from decorations provider vscode.git 1429
2024-07-13 23:08:09.422 [warning] [Decorations] CAPPING events from decorations provider vscode.git 1429
2024-07-13 23:08:14.491 [warning] [Decorations] CAPPING events from decorations provider vscode.git 1429
2024-07-13 23:08:19.567 [warning] [Decorations] CAPPING events from decorations provider vscode.git 1429
2024-07-13 23:08:24.670 [warning] [Decorations] CAPPING events from decorations provider vscode.git 1429
2024-07-13 23:08:29.738 [warning] [Decorations] CAPPING events from decorations provider vscode.git 1430
