2024-07-18 23:22:47.948 [info] Log level: Info
2024-07-18 23:22:47.948 [info] Validating found git in: "git"
2024-07-18 23:22:47.948 [info] Using git "2.34.1" from "git"
2024-07-18 23:22:47.948 [info] > git rev-parse --show-toplevel [17ms]
2024-07-18 23:22:47.948 [info] > git rev-parse --git-dir --git-common-dir [6ms]
2024-07-18 23:22:47.948 [info] Open repository: /home/coder123
2024-07-18 23:22:47.951 [info] > git config --get commit.template [11ms]
2024-07-18 23:22:47.954 [info] > git rev-parse --show-toplevel [7ms]
2024-07-18 23:22:47.966 [info] > git rev-parse --show-toplevel [1ms]
2024-07-18 23:22:48.022 [info] > git for-each-ref --format=%(refname)%00%(upstream:short)%00%(objectname)%00%(upstream:track)%00%(upstream:remotename)%00%(upstream:remoteref) refs/heads/navbar refs/remotes/navbar [62ms]
2024-07-18 23:22:48.029 [info] > git rev-parse --show-toplevel [10ms]
2024-07-18 23:22:48.044 [info] > git rev-parse --show-toplevel [10ms]
2024-07-18 23:22:48.053 [info] > git rev-parse --git-dir --git-common-dir [2ms]
2024-07-18 23:22:48.064 [info] Open repository: /home/coder123/Picasso
2024-07-18 23:22:48.082 [info] > git rev-parse --show-toplevel [7ms]
2024-07-18 23:22:48.083 [info] > git config --get commit.template [11ms]
2024-07-18 23:22:48.098 [info] > git rev-parse --show-toplevel [9ms]
2024-07-18 23:22:48.106 [info] > git for-each-ref --format=%(refname)%00%(upstream:short)%00%(objectname)%00%(upstream:track)%00%(upstream:remotename)%00%(upstream:remoteref) refs/heads/main refs/remotes/main [11ms]
2024-07-18 23:22:48.112 [warning] ENOENT: no such file or directory, open '/home/coder123/Picasso/.git/refs/remotes/origin/main'
2024-07-18 23:22:48.113 [info] > git rev-parse refs/remotes/origin/main [2ms]
2024-07-18 23:22:48.120 [info] > git status -z -uall [79ms]
2024-07-18 23:22:48.144 [info] > git status -z -uall [28ms]
2024-07-18 23:22:48.144 [info] > git for-each-ref --format=%(refname)%00%(upstream:short)%00%(objectname)%00%(upstream:track)%00%(upstream:remotename)%00%(upstream:remoteref) refs/heads/navbar refs/remotes/navbar [18ms]
2024-07-18 23:22:48.183 [info] > git for-each-ref --format=%(refname)%00%(upstream:short)%00%(objectname)%00%(upstream:track)%00%(upstream:remotename)%00%(upstream:remoteref) refs/heads/main refs/remotes/main [28ms]
2024-07-18 23:22:48.189 [info] > git config --local branch.navbar.vscode-merge-base [39ms]
2024-07-18 23:22:48.195 [info] > git config --get commit.template [51ms]
2024-07-18 23:22:48.198 [info] > git config --local branch.main.vscode-merge-base [10ms]
2024-07-18 23:22:48.199 [warning] git config failed: Failed to execute git
2024-07-18 23:22:48.204 [info] > git config --get commit.template [38ms]
2024-07-18 23:22:48.211 [info] > git for-each-ref --format=%(refname)%00%(upstream:short)%00%(objectname)%00%(upstream:track)%00%(upstream:remotename)%00%(upstream:remoteref) refs/heads/origin/main refs/remotes/origin/main [17ms]
2024-07-18 23:22:48.224 [info] > git for-each-ref --format=%(refname)%00%(upstream:short)%00%(objectname)%00%(upstream:track)%00%(upstream:remotename)%00%(upstream:remoteref) refs/heads/navbar refs/remotes/navbar [14ms]
2024-07-18 23:22:48.224 [info] > git reflog main --grep-reflog=branch: Created from *. [20ms]
2024-07-18 23:22:48.256 [info] > git symbolic-ref --short refs/remotes/origin/HEAD [29ms]
2024-07-18 23:22:48.262 [info] > git for-each-ref --format=%(refname)%00%(upstream:short)%00%(objectname)%00%(upstream:track)%00%(upstream:remotename)%00%(upstream:remoteref) refs/heads/main refs/remotes/main [40ms]
2024-07-18 23:22:48.263 [info] > git merge-base refs/heads/navbar refs/remotes/origin/navbar [46ms]
2024-07-18 23:22:48.275 [warning] ENOENT: no such file or directory, open '/home/coder123/Picasso/.git/refs/remotes/origin/main'
2024-07-18 23:22:48.278 [info] > git for-each-ref --format=%(refname)%00%(upstream:short)%00%(objectname)%00%(upstream:track)%00%(upstream:remotename)%00%(upstream:remoteref) refs/heads/origin/main refs/remotes/origin/main [17ms]
2024-07-18 23:22:48.290 [info] > git rev-parse refs/remotes/origin/main [16ms]
2024-07-18 23:22:48.297 [info] > git rev-list --count --left-right refs/heads/navbar...refs/remotes/origin/navbar [28ms]
2024-07-18 23:22:48.317 [info] > git status -z -uall [21ms]
2024-07-18 23:22:48.329 [info] > git config --local branch.main.vscode-merge-base origin/main [41ms]
2024-07-18 23:22:48.338 [info] > git status -z -uall [25ms]
2024-07-18 23:22:48.339 [info] > git for-each-ref --format=%(refname)%00%(upstream:short)%00%(objectname)%00%(upstream:track)%00%(upstream:remotename)%00%(upstream:remoteref) refs/heads/main refs/remotes/main [12ms]
2024-07-18 23:22:48.345 [info] > git diff --name-status -z --diff-filter=ADMR 6b608a7d729d0eae1b407d1eddfac07784d77185...refs/remotes/origin/navbar [40ms]
2024-07-18 23:22:48.348 [info] > git config --local branch.main.vscode-merge-base [3ms]
2024-07-18 23:22:48.353 [info] > git config --get commit.template [16ms]
2024-07-18 23:22:48.363 [info] > git for-each-ref --format=%(refname)%00%(upstream:short)%00%(objectname)%00%(upstream:track)%00%(upstream:remotename)%00%(upstream:remoteref) refs/heads/navbar refs/remotes/navbar [5ms]
2024-07-18 23:22:48.367 [info] > git for-each-ref --format=%(refname)%00%(upstream:short)%00%(objectname)%00%(upstream:track)%00%(upstream:remotename)%00%(upstream:remoteref) refs/heads/origin/main refs/remotes/origin/main [15ms]
2024-07-18 23:22:48.378 [info] > git config --local branch.navbar.vscode-merge-base [12ms]
2024-07-18 23:22:48.387 [info] > git for-each-ref --format=%(refname)%00%(upstream:short)%00%(objectname)%00%(upstream:track)%00%(upstream:remotename)%00%(upstream:remoteref) refs/heads/main refs/remotes/main [10ms]
2024-07-18 23:22:48.387 [info] > git merge-base refs/heads/main refs/remotes/origin/main [14ms]
2024-07-18 23:22:48.400 [warning] ENOENT: no such file or directory, open '/home/coder123/Picasso/.git/refs/remotes/origin/main'
2024-07-18 23:22:48.400 [info] > git for-each-ref --format=%(refname)%00%(upstream:short)%00%(objectname)%00%(upstream:track)%00%(upstream:remotename)%00%(upstream:remoteref) refs/heads/origin/main refs/remotes/origin/main [17ms]
2024-07-18 23:22:48.406 [info] > git rev-parse refs/remotes/origin/main [6ms]
2024-07-18 23:22:48.411 [info] > git rev-list --count --left-right refs/heads/main...refs/remotes/origin/main [18ms]
2024-07-18 23:22:48.419 [info] > git status -z -uall [8ms]
2024-07-18 23:22:48.432 [info] > git for-each-ref --format=%(refname)%00%(upstream:short)%00%(objectname)%00%(upstream:track)%00%(upstream:remotename)%00%(upstream:remoteref) refs/heads/main refs/remotes/main [5ms]
2024-07-18 23:22:48.435 [info] > git diff --name-status -z --diff-filter=ADMR 97ced827cc09628d07851fb62103fa8638624612...refs/remotes/origin/main [19ms]
2024-07-18 23:22:48.438 [info] > git config --local branch.main.vscode-merge-base [3ms]
2024-07-18 23:22:48.444 [info] > git for-each-ref --format=%(refname)%00%(upstream:short)%00%(objectname)%00%(upstream:track)%00%(upstream:remotename)%00%(upstream:remoteref) refs/heads/origin/main refs/remotes/origin/main [2ms]
2024-07-18 23:22:48.692 [info] > git check-ignore -v -z --stdin [8ms]
2024-07-18 23:22:48.694 [info] > git check-ignore -v -z --stdin [5ms]
2024-07-18 23:22:49.645 [info] > git config --get commit.template [6ms]
2024-07-18 23:22:49.649 [info] > git for-each-ref --format=%(refname)%00%(upstream:short)%00%(objectname)%00%(upstream:track)%00%(upstream:remotename)%00%(upstream:remoteref) refs/heads/main refs/remotes/main [5ms]
2024-07-18 23:22:49.653 [warning] ENOENT: no such file or directory, open '/home/coder123/Picasso/.git/refs/remotes/origin/main'
2024-07-18 23:22:49.654 [info] > git rev-parse refs/remotes/origin/main [2ms]
2024-07-18 23:22:49.659 [info] > git status -z -uall [1ms]
2024-07-18 23:22:49.665 [info] > git for-each-ref --format=%(refname)%00%(upstream:short)%00%(objectname)%00%(upstream:track)%00%(upstream:remotename)%00%(upstream:remoteref) refs/heads/main refs/remotes/main [2ms]
2024-07-18 23:22:49.671 [info] > git config --local branch.main.vscode-merge-base [3ms]
2024-07-18 23:22:49.676 [info] > git for-each-ref --format=%(refname)%00%(upstream:short)%00%(objectname)%00%(upstream:track)%00%(upstream:remotename)%00%(upstream:remoteref) refs/heads/origin/main refs/remotes/origin/main [1ms]
2024-07-18 23:22:50.171 [info] > git check-ignore -v -z --stdin [2ms]
2024-07-18 23:22:53.186 [info] > git config --get commit.template [6ms]
2024-07-18 23:22:53.195 [info] > git for-each-ref --format=%(refname)%00%(upstream:short)%00%(objectname)%00%(upstream:track)%00%(upstream:remotename)%00%(upstream:remoteref) refs/heads/navbar refs/remotes/navbar [3ms]
2024-07-18 23:22:53.226 [info] > git status -z -uall [24ms]
2024-07-18 23:22:53.236 [info] > git for-each-ref --format=%(refname)%00%(upstream:short)%00%(objectname)%00%(upstream:track)%00%(upstream:remotename)%00%(upstream:remoteref) refs/heads/navbar refs/remotes/navbar [4ms]
2024-07-18 23:22:53.243 [info] > git config --local branch.navbar.vscode-merge-base [1ms]
2024-07-18 23:22:53.255 [info] > git for-each-ref --format=%(refname)%00%(upstream:short)%00%(objectname)%00%(upstream:track)%00%(upstream:remotename)%00%(upstream:remoteref) refs/heads/origin/main refs/remotes/origin/main [5ms]
2024-07-18 23:23:03.665 [info] > git config --get commit.template [6ms]
2024-07-18 23:23:03.666 [info] > git for-each-ref --format=%(refname)%00%(upstream:short)%00%(objectname)%00%(upstream:track)%00%(upstream:remotename)%00%(upstream:remoteref) refs/heads/navbar refs/remotes/navbar [2ms]
2024-07-18 23:23:03.692 [info] > git status -z -uall [21ms]
2024-07-18 23:23:03.704 [info] > git for-each-ref --format=%(refname)%00%(upstream:short)%00%(objectname)%00%(upstream:track)%00%(upstream:remotename)%00%(upstream:remoteref) refs/heads/navbar refs/remotes/navbar [6ms]
2024-07-18 23:23:03.711 [info] > git config --local branch.navbar.vscode-merge-base [2ms]
2024-07-18 23:23:03.719 [info] > git for-each-ref --format=%(refname)%00%(upstream:short)%00%(objectname)%00%(upstream:track)%00%(upstream:remotename)%00%(upstream:remoteref) refs/heads/origin/main refs/remotes/origin/main [2ms]
2024-07-18 23:23:10.471 [info] > git config --get commit.template [10ms]
2024-07-18 23:23:10.472 [info] > git for-each-ref --format=%(refname)%00%(upstream:short)%00%(objectname)%00%(upstream:track)%00%(upstream:remotename)%00%(upstream:remoteref) refs/heads/navbar refs/remotes/navbar [4ms]
2024-07-18 23:23:10.500 [info] > git status -z -uall [23ms]
2024-07-18 23:23:10.515 [info] > git for-each-ref --format=%(refname)%00%(upstream:short)%00%(objectname)%00%(upstream:track)%00%(upstream:remotename)%00%(upstream:remoteref) refs/heads/navbar refs/remotes/navbar [7ms]
2024-07-18 23:23:10.527 [info] > git config --local branch.navbar.vscode-merge-base [4ms]
2024-07-18 23:23:10.533 [info] > git for-each-ref --format=%(refname)%00%(upstream:short)%00%(objectname)%00%(upstream:track)%00%(upstream:remotename)%00%(upstream:remoteref) refs/heads/origin/main refs/remotes/origin/main [2ms]
2024-07-18 23:23:21.205 [info] > git config --get commit.template [3ms]
2024-07-18 23:23:21.216 [info] > git for-each-ref --format=%(refname)%00%(upstream:short)%00%(objectname)%00%(upstream:track)%00%(upstream:remotename)%00%(upstream:remoteref) refs/heads/navbar refs/remotes/navbar [4ms]
2024-07-18 23:23:21.247 [info] > git status -z -uall [22ms]
2024-07-18 23:23:21.267 [info] > git for-each-ref --format=%(refname)%00%(upstream:short)%00%(objectname)%00%(upstream:track)%00%(upstream:remotename)%00%(upstream:remoteref) refs/heads/navbar refs/remotes/navbar [11ms]
2024-07-18 23:23:21.276 [info] > git config --local branch.navbar.vscode-merge-base [2ms]
2024-07-18 23:23:21.286 [info] > git for-each-ref --format=%(refname)%00%(upstream:short)%00%(objectname)%00%(upstream:track)%00%(upstream:remotename)%00%(upstream:remoteref) refs/heads/origin/main refs/remotes/origin/main [4ms]
2024-07-18 23:23:39.270 [info] > git config --get commit.template [3ms]
2024-07-18 23:23:39.279 [info] > git for-each-ref --format=%(refname)%00%(upstream:short)%00%(objectname)%00%(upstream:track)%00%(upstream:remotename)%00%(upstream:remoteref) refs/heads/navbar refs/remotes/navbar [3ms]
2024-07-18 23:23:39.309 [info] > git status -z -uall [22ms]
2024-07-18 23:23:39.325 [info] > git for-each-ref --format=%(refname)%00%(upstream:short)%00%(objectname)%00%(upstream:track)%00%(upstream:remotename)%00%(upstream:remoteref) refs/heads/navbar refs/remotes/navbar [9ms]
2024-07-18 23:23:39.333 [info] > git config --local branch.navbar.vscode-merge-base [1ms]
2024-07-18 23:23:39.342 [info] > git for-each-ref --format=%(refname)%00%(upstream:short)%00%(objectname)%00%(upstream:track)%00%(upstream:remotename)%00%(upstream:remoteref) refs/heads/origin/main refs/remotes/origin/main [2ms]
2024-07-18 23:24:40.119 [info] > git config --get commit.template [2ms]
2024-07-18 23:24:40.133 [info] > git for-each-ref --format=%(refname)%00%(upstream:short)%00%(objectname)%00%(upstream:track)%00%(upstream:remotename)%00%(upstream:remoteref) refs/heads/navbar refs/remotes/navbar [5ms]
2024-07-18 23:24:40.167 [info] > git status -z -uall [25ms]
2024-07-18 23:24:40.181 [info] > git for-each-ref --format=%(refname)%00%(upstream:short)%00%(objectname)%00%(upstream:track)%00%(upstream:remotename)%00%(upstream:remoteref) refs/heads/navbar refs/remotes/navbar [5ms]
2024-07-18 23:24:40.188 [info] > git config --local branch.navbar.vscode-merge-base [2ms]
2024-07-18 23:24:40.202 [info] > git for-each-ref --format=%(refname)%00%(upstream:short)%00%(objectname)%00%(upstream:track)%00%(upstream:remotename)%00%(upstream:remoteref) refs/heads/origin/main refs/remotes/origin/main [7ms]
2024-07-18 23:25:22.601 [info] > git config --get commit.template [7ms]
2024-07-18 23:25:22.603 [info] > git for-each-ref --format=%(refname)%00%(upstream:short)%00%(objectname)%00%(upstream:track)%00%(upstream:remotename)%00%(upstream:remoteref) refs/heads/navbar refs/remotes/navbar [3ms]
2024-07-18 23:25:22.628 [info] > git status -z -uall [20ms]
2024-07-18 23:25:22.642 [info] > git for-each-ref --format=%(refname)%00%(upstream:short)%00%(objectname)%00%(upstream:track)%00%(upstream:remotename)%00%(upstream:remoteref) refs/heads/navbar refs/remotes/navbar [7ms]
2024-07-18 23:25:22.650 [info] > git config --local branch.navbar.vscode-merge-base [2ms]
2024-07-18 23:25:22.659 [info] > git for-each-ref --format=%(refname)%00%(upstream:short)%00%(objectname)%00%(upstream:track)%00%(upstream:remotename)%00%(upstream:remoteref) refs/heads/origin/main refs/remotes/origin/main [2ms]
2024-07-18 23:25:23.459 [info] > git show --textconv :Picasso_Painting/submitscript.js [8ms]
2024-07-18 23:25:23.461 [info] > git ls-files --stage -- /home/coder123/Picasso_Painting/submitscript.js [4ms]
2024-07-18 23:25:27.661 [info] > git config --get commit.template [10ms]
2024-07-18 23:25:27.673 [info] > git for-each-ref --format=%(refname)%00%(upstream:short)%00%(objectname)%00%(upstream:track)%00%(upstream:remotename)%00%(upstream:remoteref) refs/heads/navbar refs/remotes/navbar [3ms]
2024-07-18 23:25:27.740 [info] > git status -z -uall [45ms]
2024-07-18 23:25:27.757 [info] > git for-each-ref --format=%(refname)%00%(upstream:short)%00%(objectname)%00%(upstream:track)%00%(upstream:remotename)%00%(upstream:remoteref) refs/heads/navbar refs/remotes/navbar [7ms]
2024-07-18 23:25:27.766 [info] > git config --local branch.navbar.vscode-merge-base [3ms]
2024-07-18 23:25:27.780 [info] > git for-each-ref --format=%(refname)%00%(upstream:short)%00%(objectname)%00%(upstream:track)%00%(upstream:remotename)%00%(upstream:remoteref) refs/heads/origin/main refs/remotes/origin/main [4ms]
2024-07-18 23:25:31.880 [info] > git show --textconv :Picasso_Painting/Picasso.html [6ms]
2024-07-18 23:25:31.882 [info] > git ls-files --stage -- /home/coder123/Picasso_Painting/Picasso.html [3ms]
2024-07-18 23:25:32.769 [info] > git config --get commit.template [6ms]
2024-07-18 23:25:32.770 [info] > git for-each-ref --format=%(refname)%00%(upstream:short)%00%(objectname)%00%(upstream:track)%00%(upstream:remotename)%00%(upstream:remoteref) refs/heads/navbar refs/remotes/navbar [2ms]
2024-07-18 23:25:32.798 [info] > git status -z -uall [22ms]
2024-07-18 23:25:32.811 [info] > git for-each-ref --format=%(refname)%00%(upstream:short)%00%(objectname)%00%(upstream:track)%00%(upstream:remotename)%00%(upstream:remoteref) refs/heads/navbar refs/remotes/navbar [8ms]
2024-07-18 23:25:32.817 [info] > git config --local branch.navbar.vscode-merge-base [2ms]
2024-07-18 23:25:32.827 [info] > git for-each-ref --format=%(refname)%00%(upstream:short)%00%(objectname)%00%(upstream:track)%00%(upstream:remotename)%00%(upstream:remoteref) refs/heads/origin/main refs/remotes/origin/main [5ms]
2024-07-18 23:25:37.827 [info] > git config --get commit.template [8ms]
2024-07-18 23:25:37.829 [info] > git for-each-ref --format=%(refname)%00%(upstream:short)%00%(objectname)%00%(upstream:track)%00%(upstream:remotename)%00%(upstream:remoteref) refs/heads/navbar refs/remotes/navbar [4ms]
2024-07-18 23:25:37.860 [info] > git status -z -uall [21ms]
2024-07-18 23:25:37.872 [info] > git for-each-ref --format=%(refname)%00%(upstream:short)%00%(objectname)%00%(upstream:track)%00%(upstream:remotename)%00%(upstream:remoteref) refs/heads/navbar refs/remotes/navbar [5ms]
2024-07-18 23:25:37.885 [info] > git config --local branch.navbar.vscode-merge-base [6ms]
2024-07-18 23:25:37.894 [info] > git for-each-ref --format=%(refname)%00%(upstream:short)%00%(objectname)%00%(upstream:track)%00%(upstream:remotename)%00%(upstream:remoteref) refs/heads/origin/main refs/remotes/origin/main [3ms]
2024-07-18 23:25:42.883 [info] > git config --get commit.template [6ms]
2024-07-18 23:25:42.885 [info] > git for-each-ref --format=%(refname)%00%(upstream:short)%00%(objectname)%00%(upstream:track)%00%(upstream:remotename)%00%(upstream:remoteref) refs/heads/navbar refs/remotes/navbar [2ms]
2024-07-18 23:25:42.911 [info] > git status -z -uall [22ms]
2024-07-18 23:25:42.927 [info] > git for-each-ref --format=%(refname)%00%(upstream:short)%00%(objectname)%00%(upstream:track)%00%(upstream:remotename)%00%(upstream:remoteref) refs/heads/navbar refs/remotes/navbar [7ms]
2024-07-18 23:25:42.936 [info] > git config --local branch.navbar.vscode-merge-base [3ms]
2024-07-18 23:25:42.943 [info] > git for-each-ref --format=%(refname)%00%(upstream:short)%00%(objectname)%00%(upstream:track)%00%(upstream:remotename)%00%(upstream:remoteref) refs/heads/origin/main refs/remotes/origin/main [2ms]
2024-07-18 23:25:43.308 [info] > git show --textconv :Picasso_Painting/formsubmitted.html [6ms]
2024-07-18 23:25:43.310 [info] > git ls-files --stage -- /home/coder123/Picasso_Painting/formsubmitted.html [3ms]
2024-07-18 23:25:47.939 [info] > git config --get commit.template [6ms]
2024-07-18 23:25:47.941 [info] > git for-each-ref --format=%(refname)%00%(upstream:short)%00%(objectname)%00%(upstream:track)%00%(upstream:remotename)%00%(upstream:remoteref) refs/heads/navbar refs/remotes/navbar [3ms]
2024-07-18 23:25:47.968 [info] > git status -z -uall [22ms]
2024-07-18 23:25:47.980 [info] > git for-each-ref --format=%(refname)%00%(upstream:short)%00%(objectname)%00%(upstream:track)%00%(upstream:remotename)%00%(upstream:remoteref) refs/heads/navbar refs/remotes/navbar [5ms]
2024-07-18 23:25:47.993 [info] > git config --local branch.navbar.vscode-merge-base [7ms]
2024-07-18 23:25:48.001 [info] > git for-each-ref --format=%(refname)%00%(upstream:short)%00%(objectname)%00%(upstream:track)%00%(upstream:remotename)%00%(upstream:remoteref) refs/heads/origin/main refs/remotes/origin/main [2ms]
2024-07-18 23:26:55.818 [info] > git config --get commit.template [8ms]
2024-07-18 23:26:55.820 [info] > git for-each-ref --format=%(refname)%00%(upstream:short)%00%(objectname)%00%(upstream:track)%00%(upstream:remotename)%00%(upstream:remoteref) refs/heads/navbar refs/remotes/navbar [3ms]
2024-07-18 23:26:55.852 [info] > git status -z -uall [26ms]
2024-07-18 23:26:55.868 [info] > git for-each-ref --format=%(refname)%00%(upstream:short)%00%(objectname)%00%(upstream:track)%00%(upstream:remotename)%00%(upstream:remoteref) refs/heads/navbar refs/remotes/navbar [6ms]
2024-07-18 23:26:55.875 [info] > git config --local branch.navbar.vscode-merge-base [1ms]
2024-07-18 23:26:55.885 [info] > git for-each-ref --format=%(refname)%00%(upstream:short)%00%(objectname)%00%(upstream:track)%00%(upstream:remotename)%00%(upstream:remoteref) refs/heads/origin/main refs/remotes/origin/main [1ms]
2024-07-18 23:26:56.304 [info] > git show --textconv :Picasso_Painting/Picasso.html [6ms]
2024-07-18 23:26:56.306 [info] > git ls-files --stage -- /home/coder123/Picasso_Painting/Picasso.html [4ms]
2024-07-18 23:27:00.882 [info] > git config --get commit.template [7ms]
2024-07-18 23:27:00.884 [info] > git for-each-ref --format=%(refname)%00%(upstream:short)%00%(objectname)%00%(upstream:track)%00%(upstream:remotename)%00%(upstream:remoteref) refs/heads/navbar refs/remotes/navbar [2ms]
2024-07-18 23:27:00.912 [info] > git status -z -uall [20ms]
2024-07-18 23:27:00.926 [info] > git for-each-ref --format=%(refname)%00%(upstream:short)%00%(objectname)%00%(upstream:track)%00%(upstream:remotename)%00%(upstream:remoteref) refs/heads/navbar refs/remotes/navbar [6ms]
2024-07-18 23:27:00.938 [info] > git config --local branch.navbar.vscode-merge-base [6ms]
2024-07-18 23:27:00.955 [info] > git for-each-ref --format=%(refname)%00%(upstream:short)%00%(objectname)%00%(upstream:track)%00%(upstream:remotename)%00%(upstream:remoteref) refs/heads/origin/main refs/remotes/origin/main [3ms]
2024-07-18 23:27:05.939 [info] > git config --get commit.template [7ms]
2024-07-18 23:27:05.940 [info] > git for-each-ref --format=%(refname)%00%(upstream:short)%00%(objectname)%00%(upstream:track)%00%(upstream:remotename)%00%(upstream:remoteref) refs/heads/navbar refs/remotes/navbar [2ms]
2024-07-18 23:27:05.969 [info] > git status -z -uall [22ms]
2024-07-18 23:27:05.982 [info] > git for-each-ref --format=%(refname)%00%(upstream:short)%00%(objectname)%00%(upstream:track)%00%(upstream:remotename)%00%(upstream:remoteref) refs/heads/navbar refs/remotes/navbar [7ms]
2024-07-18 23:27:05.991 [info] > git config --local branch.navbar.vscode-merge-base [3ms]
2024-07-18 23:27:06.004 [info] > git for-each-ref --format=%(refname)%00%(upstream:short)%00%(objectname)%00%(upstream:track)%00%(upstream:remotename)%00%(upstream:remoteref) refs/heads/origin/main refs/remotes/origin/main [5ms]
2024-07-18 23:27:09.415 [info] > git show --textconv :Picasso_Painting/submitscript.js [8ms]
2024-07-18 23:27:09.416 [info] > git ls-files --stage -- /home/coder123/Picasso_Painting/submitscript.js [3ms]
2024-07-18 23:27:10.989 [info] > git config --get commit.template [2ms]
2024-07-18 23:27:10.997 [info] > git for-each-ref --format=%(refname)%00%(upstream:short)%00%(objectname)%00%(upstream:track)%00%(upstream:remotename)%00%(upstream:remoteref) refs/heads/navbar refs/remotes/navbar [3ms]
2024-07-18 23:27:11.024 [info] > git status -z -uall [21ms]
2024-07-18 23:27:11.032 [info] > git for-each-ref --format=%(refname)%00%(upstream:short)%00%(objectname)%00%(upstream:track)%00%(upstream:remotename)%00%(upstream:remoteref) refs/heads/navbar refs/remotes/navbar [3ms]
2024-07-18 23:27:11.039 [info] > git config --local branch.navbar.vscode-merge-base [3ms]
2024-07-18 23:27:11.050 [info] > git for-each-ref --format=%(refname)%00%(upstream:short)%00%(objectname)%00%(upstream:track)%00%(upstream:remotename)%00%(upstream:remoteref) refs/heads/origin/main refs/remotes/origin/main [6ms]
2024-07-18 23:27:16.748 [info] > git config --get commit.template [6ms]
2024-07-18 23:27:16.750 [info] > git for-each-ref --format=%(refname)%00%(upstream:short)%00%(objectname)%00%(upstream:track)%00%(upstream:remotename)%00%(upstream:remoteref) refs/heads/navbar refs/remotes/navbar [3ms]
2024-07-18 23:27:16.777 [info] > git status -z -uall [21ms]
2024-07-18 23:27:16.787 [info] > git for-each-ref --format=%(refname)%00%(upstream:short)%00%(objectname)%00%(upstream:track)%00%(upstream:remotename)%00%(upstream:remoteref) refs/heads/navbar refs/remotes/navbar [4ms]
2024-07-18 23:27:16.795 [info] > git config --local branch.navbar.vscode-merge-base [2ms]
2024-07-18 23:27:16.802 [info] > git for-each-ref --format=%(refname)%00%(upstream:short)%00%(objectname)%00%(upstream:track)%00%(upstream:remotename)%00%(upstream:remoteref) refs/heads/origin/main refs/remotes/origin/main [2ms]
2024-07-18 23:27:17.297 [info] > git show --textconv :Picasso_Painting/external.css [7ms]
2024-07-18 23:27:17.299 [info] > git ls-files --stage -- /home/coder123/Picasso_Painting/external.css [3ms]
2024-07-18 23:27:21.797 [info] > git config --get commit.template [2ms]
2024-07-18 23:27:21.807 [info] > git for-each-ref --format=%(refname)%00%(upstream:short)%00%(objectname)%00%(upstream:track)%00%(upstream:remotename)%00%(upstream:remoteref) refs/heads/navbar refs/remotes/navbar [3ms]
2024-07-18 23:27:21.838 [info] > git status -z -uall [23ms]
2024-07-18 23:27:21.852 [info] > git for-each-ref --format=%(refname)%00%(upstream:short)%00%(objectname)%00%(upstream:track)%00%(upstream:remotename)%00%(upstream:remoteref) refs/heads/navbar refs/remotes/navbar [7ms]
2024-07-18 23:27:21.862 [info] > git config --local branch.navbar.vscode-merge-base [3ms]
2024-07-18 23:27:21.876 [info] > git for-each-ref --format=%(refname)%00%(upstream:short)%00%(objectname)%00%(upstream:track)%00%(upstream:remotename)%00%(upstream:remoteref) refs/heads/origin/main refs/remotes/origin/main [4ms]
2024-07-18 23:27:26.868 [info] > git config --get commit.template [6ms]
2024-07-18 23:27:26.869 [info] > git for-each-ref --format=%(refname)%00%(upstream:short)%00%(objectname)%00%(upstream:track)%00%(upstream:remotename)%00%(upstream:remoteref) refs/heads/navbar refs/remotes/navbar [2ms]
2024-07-18 23:27:26.902 [info] > git status -z -uall [26ms]
2024-07-18 23:27:26.915 [info] > git for-each-ref --format=%(refname)%00%(upstream:short)%00%(objectname)%00%(upstream:track)%00%(upstream:remotename)%00%(upstream:remoteref) refs/heads/navbar refs/remotes/navbar [5ms]
2024-07-18 23:27:26.924 [info] > git config --local branch.navbar.vscode-merge-base [3ms]
2024-07-18 23:27:26.938 [info] > git for-each-ref --format=%(refname)%00%(upstream:short)%00%(objectname)%00%(upstream:track)%00%(upstream:remotename)%00%(upstream:remoteref) refs/heads/origin/main refs/remotes/origin/main [5ms]
2024-07-18 23:28:11.817 [info] > git config --get commit.template [10ms]
2024-07-18 23:28:11.818 [info] > git for-each-ref --format=%(refname)%00%(upstream:short)%00%(objectname)%00%(upstream:track)%00%(upstream:remotename)%00%(upstream:remoteref) refs/heads/navbar refs/remotes/navbar [3ms]
2024-07-18 23:28:11.848 [info] > git status -z -uall [22ms]
2024-07-18 23:28:11.861 [info] > git for-each-ref --format=%(refname)%00%(upstream:short)%00%(objectname)%00%(upstream:track)%00%(upstream:remotename)%00%(upstream:remoteref) refs/heads/navbar refs/remotes/navbar [6ms]
2024-07-18 23:28:11.872 [info] > git config --local branch.navbar.vscode-merge-base [3ms]
2024-07-18 23:28:11.881 [info] > git for-each-ref --format=%(refname)%00%(upstream:short)%00%(objectname)%00%(upstream:track)%00%(upstream:remotename)%00%(upstream:remoteref) refs/heads/origin/main refs/remotes/origin/main [2ms]
2024-07-18 23:28:16.878 [info] > git config --get commit.template [7ms]
2024-07-18 23:28:16.879 [info] > git for-each-ref --format=%(refname)%00%(upstream:short)%00%(objectname)%00%(upstream:track)%00%(upstream:remotename)%00%(upstream:remoteref) refs/heads/navbar refs/remotes/navbar [2ms]
2024-07-18 23:28:16.910 [info] > git status -z -uall [24ms]
2024-07-18 23:28:16.922 [info] > git for-each-ref --format=%(refname)%00%(upstream:short)%00%(objectname)%00%(upstream:track)%00%(upstream:remotename)%00%(upstream:remoteref) refs/heads/navbar refs/remotes/navbar [5ms]
2024-07-18 23:28:16.933 [info] > git config --local branch.navbar.vscode-merge-base [2ms]
2024-07-18 23:28:16.945 [info] > git for-each-ref --format=%(refname)%00%(upstream:short)%00%(objectname)%00%(upstream:track)%00%(upstream:remotename)%00%(upstream:remoteref) refs/heads/origin/main refs/remotes/origin/main [4ms]
2024-07-18 23:28:21.934 [info] > git config --get commit.template [6ms]
2024-07-18 23:28:21.935 [info] > git for-each-ref --format=%(refname)%00%(upstream:short)%00%(objectname)%00%(upstream:track)%00%(upstream:remotename)%00%(upstream:remoteref) refs/heads/navbar refs/remotes/navbar [2ms]
2024-07-18 23:28:21.961 [info] > git status -z -uall [21ms]
2024-07-18 23:28:21.970 [info] > git for-each-ref --format=%(refname)%00%(upstream:short)%00%(objectname)%00%(upstream:track)%00%(upstream:remotename)%00%(upstream:remoteref) refs/heads/navbar refs/remotes/navbar [3ms]
2024-07-18 23:28:21.978 [info] > git config --local branch.navbar.vscode-merge-base [2ms]
2024-07-18 23:28:21.988 [info] > git for-each-ref --format=%(refname)%00%(upstream:short)%00%(objectname)%00%(upstream:track)%00%(upstream:remotename)%00%(upstream:remoteref) refs/heads/origin/main refs/remotes/origin/main [5ms]
2024-07-18 23:28:50.929 [info] > git config --get commit.template [4ms]
2024-07-18 23:28:50.941 [info] > git for-each-ref --format=%(refname)%00%(upstream:short)%00%(objectname)%00%(upstream:track)%00%(upstream:remotename)%00%(upstream:remoteref) refs/heads/navbar refs/remotes/navbar [4ms]
2024-07-18 23:28:50.974 [info] > git status -z -uall [24ms]
2024-07-18 23:28:50.989 [info] > git for-each-ref --format=%(refname)%00%(upstream:short)%00%(objectname)%00%(upstream:track)%00%(upstream:remotename)%00%(upstream:remoteref) refs/heads/navbar refs/remotes/navbar [7ms]
2024-07-18 23:28:51.000 [info] > git config --local branch.navbar.vscode-merge-base [2ms]
2024-07-18 23:28:51.013 [info] > git for-each-ref --format=%(refname)%00%(upstream:short)%00%(objectname)%00%(upstream:track)%00%(upstream:remotename)%00%(upstream:remoteref) refs/heads/origin/main refs/remotes/origin/main [2ms]
2024-07-18 23:28:56.001 [info] > git config --get commit.template [4ms]
2024-07-18 23:28:56.011 [info] > git for-each-ref --format=%(refname)%00%(upstream:short)%00%(objectname)%00%(upstream:track)%00%(upstream:remotename)%00%(upstream:remoteref) refs/heads/navbar refs/remotes/navbar [3ms]
2024-07-18 23:28:56.042 [info] > git status -z -uall [23ms]
2024-07-18 23:28:56.057 [info] > git for-each-ref --format=%(refname)%00%(upstream:short)%00%(objectname)%00%(upstream:track)%00%(upstream:remotename)%00%(upstream:remoteref) refs/heads/navbar refs/remotes/navbar [8ms]
2024-07-18 23:28:56.070 [info] > git config --local branch.navbar.vscode-merge-base [5ms]
2024-07-18 23:28:56.084 [info] > git for-each-ref --format=%(refname)%00%(upstream:short)%00%(objectname)%00%(upstream:track)%00%(upstream:remotename)%00%(upstream:remoteref) refs/heads/origin/main refs/remotes/origin/main [4ms]
2024-07-18 23:29:01.066 [info] > git config --get commit.template [2ms]
2024-07-18 23:29:01.074 [info] > git for-each-ref --format=%(refname)%00%(upstream:short)%00%(objectname)%00%(upstream:track)%00%(upstream:remotename)%00%(upstream:remoteref) refs/heads/navbar refs/remotes/navbar [3ms]
2024-07-18 23:29:01.101 [info] > git status -z -uall [21ms]
2024-07-18 23:29:01.114 [info] > git for-each-ref --format=%(refname)%00%(upstream:short)%00%(objectname)%00%(upstream:track)%00%(upstream:remotename)%00%(upstream:remoteref) refs/heads/navbar refs/remotes/navbar [7ms]
2024-07-18 23:29:01.121 [info] > git config --local branch.navbar.vscode-merge-base [1ms]
2024-07-18 23:29:01.131 [info] > git for-each-ref --format=%(refname)%00%(upstream:short)%00%(objectname)%00%(upstream:track)%00%(upstream:remotename)%00%(upstream:remoteref) refs/heads/origin/main refs/remotes/origin/main [3ms]
2024-07-18 23:30:39.918 [info] > git config --get commit.template [8ms]
2024-07-18 23:30:39.919 [info] > git for-each-ref --format=%(refname)%00%(upstream:short)%00%(objectname)%00%(upstream:track)%00%(upstream:remotename)%00%(upstream:remoteref) refs/heads/navbar refs/remotes/navbar [2ms]
2024-07-18 23:30:39.954 [info] > git status -z -uall [28ms]
2024-07-18 23:30:39.970 [info] > git for-each-ref --format=%(refname)%00%(upstream:short)%00%(objectname)%00%(upstream:track)%00%(upstream:remotename)%00%(upstream:remoteref) refs/heads/navbar refs/remotes/navbar [8ms]
2024-07-18 23:30:39.979 [info] > git config --local branch.navbar.vscode-merge-base [2ms]
2024-07-18 23:30:39.989 [info] > git for-each-ref --format=%(refname)%00%(upstream:short)%00%(objectname)%00%(upstream:track)%00%(upstream:remotename)%00%(upstream:remoteref) refs/heads/origin/main refs/remotes/origin/main [2ms]
2024-07-18 23:30:42.397 [info] > git show --textconv :personal_site/style.css [5ms]
2024-07-18 23:30:42.399 [info] > git ls-files --stage -- /home/coder123/personal_site/style.css [2ms]
2024-07-18 23:30:42.405 [info] > git cat-file -s 3bc8bc671cde6d097be3d6245079d43e476e025f [2ms]
2024-07-18 23:30:44.986 [info] > git config --get commit.template [8ms]
2024-07-18 23:30:44.988 [info] > git for-each-ref --format=%(refname)%00%(upstream:short)%00%(objectname)%00%(upstream:track)%00%(upstream:remotename)%00%(upstream:remoteref) refs/heads/navbar refs/remotes/navbar [2ms]
2024-07-18 23:30:45.016 [info] > git status -z -uall [23ms]
2024-07-18 23:30:45.027 [info] > git for-each-ref --format=%(refname)%00%(upstream:short)%00%(objectname)%00%(upstream:track)%00%(upstream:remotename)%00%(upstream:remoteref) refs/heads/navbar refs/remotes/navbar [4ms]
2024-07-18 23:30:45.042 [info] > git config --local branch.navbar.vscode-merge-base [4ms]
2024-07-18 23:30:45.052 [info] > git for-each-ref --format=%(refname)%00%(upstream:short)%00%(objectname)%00%(upstream:track)%00%(upstream:remotename)%00%(upstream:remoteref) refs/heads/origin/main refs/remotes/origin/main [3ms]
2024-07-18 23:30:49.451 [info] > git check-ignore -v -z --stdin [2ms]
2024-07-18 23:30:50.042 [info] > git config --get commit.template [8ms]
2024-07-18 23:30:50.044 [info] > git for-each-ref --format=%(refname)%00%(upstream:short)%00%(objectname)%00%(upstream:track)%00%(upstream:remotename)%00%(upstream:remoteref) refs/heads/navbar refs/remotes/navbar [3ms]
2024-07-18 23:30:50.073 [info] > git status -z -uall [23ms]
2024-07-18 23:30:50.084 [info] > git for-each-ref --format=%(refname)%00%(upstream:short)%00%(objectname)%00%(upstream:track)%00%(upstream:remotename)%00%(upstream:remoteref) refs/heads/navbar refs/remotes/navbar [4ms]
2024-07-18 23:30:50.098 [info] > git config --local branch.navbar.vscode-merge-base [8ms]
2024-07-18 23:30:50.107 [info] > git for-each-ref --format=%(refname)%00%(upstream:short)%00%(objectname)%00%(upstream:track)%00%(upstream:remotename)%00%(upstream:remoteref) refs/heads/origin/main refs/remotes/origin/main [3ms]
2024-07-18 23:30:55.096 [info] > git config --get commit.template [4ms]
2024-07-18 23:30:55.106 [info] > git for-each-ref --format=%(refname)%00%(upstream:short)%00%(objectname)%00%(upstream:track)%00%(upstream:remotename)%00%(upstream:remoteref) refs/heads/navbar refs/remotes/navbar [4ms]
2024-07-18 23:30:55.144 [info] > git status -z -uall [26ms]
2024-07-18 23:30:55.156 [info] > git for-each-ref --format=%(refname)%00%(upstream:short)%00%(objectname)%00%(upstream:track)%00%(upstream:remotename)%00%(upstream:remoteref) refs/heads/navbar refs/remotes/navbar [5ms]
2024-07-18 23:30:55.166 [info] > git config --local branch.navbar.vscode-merge-base [2ms]
2024-07-18 23:30:55.182 [info] > git for-each-ref --format=%(refname)%00%(upstream:short)%00%(objectname)%00%(upstream:track)%00%(upstream:remotename)%00%(upstream:remoteref) refs/heads/origin/main refs/remotes/origin/main [7ms]
2024-07-18 23:30:58.483 [warning] ENOENT: no such file or directory, open '/home/coder123/Picasso/.git/HEAD'
2024-07-18 23:30:58.495 [warning] getRemotes() - ENOENT: no such file or directory, open '/home/coder123/Picasso/.git/config'
2024-07-18 23:30:58.584 [warning] ENOENT: no such file or directory, open '/home/coder123/Picasso/.git/HEAD'
2024-07-18 23:30:58.592 [warning] getRemotes() - ENOENT: no such file or directory, open '/home/coder123/Picasso/.git/config'
2024-07-18 23:30:59.123 [info] > git check-ignore -v -z --stdin [3ms]
2024-07-18 23:31:00.173 [info] > git config --get commit.template [9ms]
2024-07-18 23:31:00.179 [info] > git for-each-ref --format=%(refname)%00%(upstream:short)%00%(objectname)%00%(upstream:track)%00%(upstream:remotename)%00%(upstream:remoteref) refs/heads/navbar refs/remotes/navbar [8ms]
2024-07-18 23:31:00.213 [info] > git status -z -uall [25ms]
2024-07-18 23:31:00.225 [info] > git for-each-ref --format=%(refname)%00%(upstream:short)%00%(objectname)%00%(upstream:track)%00%(upstream:remotename)%00%(upstream:remoteref) refs/heads/navbar refs/remotes/navbar [4ms]
2024-07-18 23:31:00.234 [info] > git config --local branch.navbar.vscode-merge-base [2ms]
2024-07-18 23:31:00.246 [info] > git for-each-ref --format=%(refname)%00%(upstream:short)%00%(objectname)%00%(upstream:track)%00%(upstream:remotename)%00%(upstream:remoteref) refs/heads/origin/main refs/remotes/origin/main [5ms]
2024-07-18 23:31:05.242 [info] > git config --get commit.template [9ms]
2024-07-18 23:31:05.244 [info] > git for-each-ref --format=%(refname)%00%(upstream:short)%00%(objectname)%00%(upstream:track)%00%(upstream:remotename)%00%(upstream:remoteref) refs/heads/navbar refs/remotes/navbar [3ms]
2024-07-18 23:31:05.277 [info] > git status -z -uall [25ms]
2024-07-18 23:31:05.290 [info] > git for-each-ref --format=%(refname)%00%(upstream:short)%00%(objectname)%00%(upstream:track)%00%(upstream:remotename)%00%(upstream:remoteref) refs/heads/navbar refs/remotes/navbar [5ms]
2024-07-18 23:31:05.300 [info] > git config --local branch.navbar.vscode-merge-base [3ms]
2024-07-18 23:31:05.312 [info] > git for-each-ref --format=%(refname)%00%(upstream:short)%00%(objectname)%00%(upstream:track)%00%(upstream:remotename)%00%(upstream:remoteref) refs/heads/origin/main refs/remotes/origin/main [3ms]
2024-07-18 23:31:10.304 [info] > git config --get commit.template [6ms]
2024-07-18 23:31:10.307 [info] > git for-each-ref --format=%(refname)%00%(upstream:short)%00%(objectname)%00%(upstream:track)%00%(upstream:remotename)%00%(upstream:remoteref) refs/heads/navbar refs/remotes/navbar [3ms]
2024-07-18 23:31:10.336 [info] > git status -z -uall [22ms]
2024-07-18 23:31:10.350 [info] > git for-each-ref --format=%(refname)%00%(upstream:short)%00%(objectname)%00%(upstream:track)%00%(upstream:remotename)%00%(upstream:remoteref) refs/heads/navbar refs/remotes/navbar [7ms]
2024-07-18 23:31:10.362 [info] > git config --local branch.navbar.vscode-merge-base [3ms]
2024-07-18 23:31:10.373 [info] > git for-each-ref --format=%(refname)%00%(upstream:short)%00%(objectname)%00%(upstream:track)%00%(upstream:remotename)%00%(upstream:remoteref) refs/heads/origin/main refs/remotes/origin/main [5ms]
2024-07-18 23:31:15.364 [info] > git config --get commit.template [10ms]
2024-07-18 23:31:15.365 [info] > git for-each-ref --format=%(refname)%00%(upstream:short)%00%(objectname)%00%(upstream:track)%00%(upstream:remotename)%00%(upstream:remoteref) refs/heads/navbar refs/remotes/navbar [5ms]
2024-07-18 23:31:15.393 [info] > git status -z -uall [21ms]
2024-07-18 23:31:15.404 [info] > git for-each-ref --format=%(refname)%00%(upstream:short)%00%(objectname)%00%(upstream:track)%00%(upstream:remotename)%00%(upstream:remoteref) refs/heads/navbar refs/remotes/navbar [4ms]
2024-07-18 23:31:15.418 [info] > git config --local branch.navbar.vscode-merge-base [5ms]
2024-07-18 23:31:15.435 [info] > git for-each-ref --format=%(refname)%00%(upstream:short)%00%(objectname)%00%(upstream:track)%00%(upstream:remotename)%00%(upstream:remoteref) refs/heads/origin/main refs/remotes/origin/main [5ms]
2024-07-18 23:31:20.421 [info] > git config --get commit.template [8ms]
2024-07-18 23:31:20.423 [info] > git for-each-ref --format=%(refname)%00%(upstream:short)%00%(objectname)%00%(upstream:track)%00%(upstream:remotename)%00%(upstream:remoteref) refs/heads/navbar refs/remotes/navbar [3ms]
2024-07-18 23:31:20.453 [info] > git status -z -uall [24ms]
2024-07-18 23:31:20.465 [info] > git for-each-ref --format=%(refname)%00%(upstream:short)%00%(objectname)%00%(upstream:track)%00%(upstream:remotename)%00%(upstream:remoteref) refs/heads/navbar refs/remotes/navbar [5ms]
2024-07-18 23:31:20.481 [info] > git config --local branch.navbar.vscode-merge-base [7ms]
2024-07-18 23:31:20.490 [info] > git for-each-ref --format=%(refname)%00%(upstream:short)%00%(objectname)%00%(upstream:track)%00%(upstream:remotename)%00%(upstream:remoteref) refs/heads/origin/main refs/remotes/origin/main [2ms]
2024-07-18 23:31:25.478 [info] > git config --get commit.template [8ms]
2024-07-18 23:31:25.480 [info] > git for-each-ref --format=%(refname)%00%(upstream:short)%00%(objectname)%00%(upstream:track)%00%(upstream:remotename)%00%(upstream:remoteref) refs/heads/navbar refs/remotes/navbar [2ms]
2024-07-18 23:31:25.508 [info] > git status -z -uall [23ms]
2024-07-18 23:31:25.518 [info] > git for-each-ref --format=%(refname)%00%(upstream:short)%00%(objectname)%00%(upstream:track)%00%(upstream:remotename)%00%(upstream:remoteref) refs/heads/navbar refs/remotes/navbar [4ms]
2024-07-18 23:31:25.529 [info] > git config --local branch.navbar.vscode-merge-base [4ms]
2024-07-18 23:31:25.542 [info] > git for-each-ref --format=%(refname)%00%(upstream:short)%00%(objectname)%00%(upstream:track)%00%(upstream:remotename)%00%(upstream:remoteref) refs/heads/origin/main refs/remotes/origin/main [5ms]
2024-07-18 23:31:30.533 [info] > git config --get commit.template [8ms]
2024-07-18 23:31:30.535 [info] > git for-each-ref --format=%(refname)%00%(upstream:short)%00%(objectname)%00%(upstream:track)%00%(upstream:remotename)%00%(upstream:remoteref) refs/heads/navbar refs/remotes/navbar [2ms]
2024-07-18 23:31:30.565 [info] > git status -z -uall [23ms]
2024-07-18 23:31:30.575 [info] > git for-each-ref --format=%(refname)%00%(upstream:short)%00%(objectname)%00%(upstream:track)%00%(upstream:remotename)%00%(upstream:remoteref) refs/heads/navbar refs/remotes/navbar [3ms]
2024-07-18 23:31:30.587 [info] > git config --local branch.navbar.vscode-merge-base [4ms]
2024-07-18 23:31:30.598 [info] > git for-each-ref --format=%(refname)%00%(upstream:short)%00%(objectname)%00%(upstream:track)%00%(upstream:remotename)%00%(upstream:remoteref) refs/heads/origin/main refs/remotes/origin/main [4ms]
2024-07-18 23:31:31.239 [info] > git show --textconv :personal_site/home.html [6ms]
2024-07-18 23:31:31.241 [info] > git ls-files --stage -- /home/coder123/personal_site/home.html [3ms]
2024-07-18 23:31:31.247 [info] > git cat-file -s 240827914a4b1cf56c81172bb8597d2076f44723 [1ms]
2024-07-18 23:31:35.586 [info] > git config --get commit.template [6ms]
2024-07-18 23:31:35.588 [info] > git for-each-ref --format=%(refname)%00%(upstream:short)%00%(objectname)%00%(upstream:track)%00%(upstream:remotename)%00%(upstream:remoteref) refs/heads/navbar refs/remotes/navbar [3ms]
2024-07-18 23:31:35.614 [info] > git status -z -uall [20ms]
2024-07-18 23:31:35.624 [info] > git for-each-ref --format=%(refname)%00%(upstream:short)%00%(objectname)%00%(upstream:track)%00%(upstream:remotename)%00%(upstream:remoteref) refs/heads/navbar refs/remotes/navbar [5ms]
2024-07-18 23:31:35.634 [info] > git config --local branch.navbar.vscode-merge-base [4ms]
2024-07-18 23:31:35.641 [info] > git for-each-ref --format=%(refname)%00%(upstream:short)%00%(objectname)%00%(upstream:track)%00%(upstream:remotename)%00%(upstream:remoteref) refs/heads/origin/main refs/remotes/origin/main [3ms]
2024-07-18 23:31:40.635 [info] > git config --get commit.template [4ms]
2024-07-18 23:31:40.646 [info] > git for-each-ref --format=%(refname)%00%(upstream:short)%00%(objectname)%00%(upstream:track)%00%(upstream:remotename)%00%(upstream:remoteref) refs/heads/navbar refs/remotes/navbar [3ms]
2024-07-18 23:31:40.671 [info] > git status -z -uall [20ms]
2024-07-18 23:31:40.696 [info] > git show --textconv :personal_site/style.css [11ms]
2024-07-18 23:31:40.696 [info] > git for-each-ref --format=%(refname)%00%(upstream:short)%00%(objectname)%00%(upstream:track)%00%(upstream:remotename)%00%(upstream:remoteref) refs/heads/navbar refs/remotes/navbar [20ms]
2024-07-18 23:31:40.706 [info] > git ls-files --stage -- /home/coder123/personal_site/style.css [10ms]
2024-07-18 23:31:40.719 [info] > git cat-file -s 3bc8bc671cde6d097be3d6245079d43e476e025f [5ms]
2024-07-18 23:31:40.720 [info] > git config --local branch.navbar.vscode-merge-base [18ms]
2024-07-18 23:31:40.731 [info] > git for-each-ref --format=%(refname)%00%(upstream:short)%00%(objectname)%00%(upstream:track)%00%(upstream:remotename)%00%(upstream:remoteref) refs/heads/origin/main refs/remotes/origin/main [6ms]
2024-07-18 23:31:45.699 [info] > git config --get commit.template [9ms]
2024-07-18 23:31:45.700 [info] > git for-each-ref --format=%(refname)%00%(upstream:short)%00%(objectname)%00%(upstream:track)%00%(upstream:remotename)%00%(upstream:remoteref) refs/heads/navbar refs/remotes/navbar [2ms]
2024-07-18 23:31:45.729 [info] > git status -z -uall [21ms]
2024-07-18 23:31:45.742 [info] > git for-each-ref --format=%(refname)%00%(upstream:short)%00%(objectname)%00%(upstream:track)%00%(upstream:remotename)%00%(upstream:remoteref) refs/heads/navbar refs/remotes/navbar [6ms]
2024-07-18 23:31:45.752 [info] > git config --local branch.navbar.vscode-merge-base [2ms]
2024-07-18 23:31:45.767 [info] > git for-each-ref --format=%(refname)%00%(upstream:short)%00%(objectname)%00%(upstream:track)%00%(upstream:remotename)%00%(upstream:remoteref) refs/heads/origin/main refs/remotes/origin/main [7ms]
2024-07-18 23:31:50.759 [info] > git config --get commit.template [9ms]
2024-07-18 23:31:50.761 [info] > git for-each-ref --format=%(refname)%00%(upstream:short)%00%(objectname)%00%(upstream:track)%00%(upstream:remotename)%00%(upstream:remoteref) refs/heads/navbar refs/remotes/navbar [3ms]
2024-07-18 23:31:50.785 [info] > git status -z -uall [19ms]
2024-07-18 23:31:50.800 [info] > git for-each-ref --format=%(refname)%00%(upstream:short)%00%(objectname)%00%(upstream:track)%00%(upstream:remotename)%00%(upstream:remoteref) refs/heads/navbar refs/remotes/navbar [9ms]
2024-07-18 23:31:50.810 [info] > git config --local branch.navbar.vscode-merge-base [2ms]
2024-07-18 23:31:50.819 [info] > git for-each-ref --format=%(refname)%00%(upstream:short)%00%(objectname)%00%(upstream:track)%00%(upstream:remotename)%00%(upstream:remoteref) refs/heads/origin/main refs/remotes/origin/main [2ms]
2024-07-18 23:31:55.809 [info] > git config --get commit.template [5ms]
2024-07-18 23:31:55.810 [info] > git for-each-ref --format=%(refname)%00%(upstream:short)%00%(objectname)%00%(upstream:track)%00%(upstream:remotename)%00%(upstream:remoteref) refs/heads/navbar refs/remotes/navbar [2ms]
2024-07-18 23:31:55.839 [info] > git status -z -uall [23ms]
2024-07-18 23:31:55.848 [info] > git for-each-ref --format=%(refname)%00%(upstream:short)%00%(objectname)%00%(upstream:track)%00%(upstream:remotename)%00%(upstream:remoteref) refs/heads/navbar refs/remotes/navbar [3ms]
2024-07-18 23:31:55.859 [info] > git config --local branch.navbar.vscode-merge-base [2ms]
2024-07-18 23:31:55.872 [info] > git for-each-ref --format=%(refname)%00%(upstream:short)%00%(objectname)%00%(upstream:track)%00%(upstream:remotename)%00%(upstream:remoteref) refs/heads/origin/main refs/remotes/origin/main [4ms]
2024-07-18 23:32:00.861 [info] > git config --get commit.template [6ms]
2024-07-18 23:32:00.862 [info] > git for-each-ref --format=%(refname)%00%(upstream:short)%00%(objectname)%00%(upstream:track)%00%(upstream:remotename)%00%(upstream:remoteref) refs/heads/navbar refs/remotes/navbar [2ms]
2024-07-18 23:32:00.892 [info] > git status -z -uall [23ms]
2024-07-18 23:32:00.904 [info] > git for-each-ref --format=%(refname)%00%(upstream:short)%00%(objectname)%00%(upstream:track)%00%(upstream:remotename)%00%(upstream:remoteref) refs/heads/navbar refs/remotes/navbar [6ms]
2024-07-18 23:32:00.915 [info] > git config --local branch.navbar.vscode-merge-base [2ms]
2024-07-18 23:32:00.929 [info] > git for-each-ref --format=%(refname)%00%(upstream:short)%00%(objectname)%00%(upstream:track)%00%(upstream:remotename)%00%(upstream:remoteref) refs/heads/origin/main refs/remotes/origin/main [7ms]
