2024-07-13 22:05:42.472 [info] Log level: Info
2024-07-13 22:05:42.472 [info] Validating found git in: "git"
2024-07-13 22:05:42.472 [info] Using git "2.34.1" from "git"
2024-07-13 22:05:42.472 [info] > git rev-parse --show-toplevel [124ms]
2024-07-13 22:05:42.472 [info] > git rev-parse --git-dir --git-common-dir [63ms]
2024-07-13 22:05:42.472 [info] Open repository: /home/coder123
2024-07-13 22:05:42.475 [info] > git rev-parse --show-toplevel [8ms]
2024-07-13 22:05:42.477 [info] > git config --get commit.template [16ms]
2024-07-13 22:05:42.496 [info] > git rev-parse --show-toplevel [11ms]
2024-07-13 22:05:42.512 [info] > git for-each-ref --format=%(refname)%00%(upstream:short)%00%(objectname)%00%(upstream:track)%00%(upstream:remotename)%00%(upstream:remoteref) refs/heads/navbar refs/remotes/navbar [21ms]
2024-07-13 22:05:42.517 [info] > git rev-parse --show-toplevel [13ms]
2024-07-13 22:05:42.539 [info] > git rev-parse --show-toplevel [16ms]
2024-07-13 22:05:42.554 [info] > git rev-parse --show-toplevel [5ms]
2024-07-13 22:05:42.612 [info] > git status -z -uall [76ms]
2024-07-13 22:05:42.666 [info] > git for-each-ref --format=%(refname)%00%(upstream:short)%00%(objectname)%00%(upstream:track)%00%(upstream:remotename)%00%(upstream:remoteref) refs/heads/navbar refs/remotes/navbar [39ms]
2024-07-13 22:05:42.675 [info] > git config --get commit.template [10ms]
2024-07-13 22:05:42.676 [info] > git config --local branch.navbar.vscode-merge-base [5ms]
2024-07-13 22:05:42.696 [info] > git for-each-ref --format=%(refname)%00%(upstream:short)%00%(objectname)%00%(upstream:track)%00%(upstream:remotename)%00%(upstream:remoteref) refs/heads/navbar refs/remotes/navbar [9ms]
2024-07-13 22:05:42.696 [info] > git for-each-ref --format=%(refname)%00%(upstream:short)%00%(objectname)%00%(upstream:track)%00%(upstream:remotename)%00%(upstream:remoteref) refs/heads/origin/main refs/remotes/origin/main [15ms]
2024-07-13 22:05:42.706 [info] > git merge-base refs/heads/navbar refs/remotes/origin/navbar [5ms]
2024-07-13 22:05:42.718 [info] > git rev-list --count --left-right refs/heads/navbar...refs/remotes/origin/navbar [6ms]
2024-07-13 22:05:42.947 [info] > git status -z -uall [229ms]
2024-07-13 22:05:42.947 [info] > git diff --name-status -z --diff-filter=ADMR 4e7e72bce11f3349fff8dd161feb8f141909d5e9...refs/remotes/origin/navbar [224ms]
2024-07-13 22:05:42.982 [info] > git for-each-ref --format=%(refname)%00%(upstream:short)%00%(objectname)%00%(upstream:track)%00%(upstream:remotename)%00%(upstream:remoteref) refs/heads/navbar refs/remotes/navbar [24ms]
2024-07-13 22:05:42.987 [info] > git config --local branch.navbar.vscode-merge-base [1ms]
2024-07-13 22:05:43.011 [info] > git show --textconv :personal_site/style.css [11ms]
2024-07-13 22:05:43.012 [info] > git ls-files --stage -- /home/coder123/personal_site/style.css [7ms]
2024-07-13 22:05:43.020 [info] > git for-each-ref --format=%(refname)%00%(upstream:short)%00%(objectname)%00%(upstream:track)%00%(upstream:remotename)%00%(upstream:remoteref) refs/heads/origin/main refs/remotes/origin/main [28ms]
2024-07-13 22:05:43.027 [info] > git cat-file -s 4cbccd4bafc6abedb01b658ab20594e04019a2f6 [10ms]
2024-07-13 22:05:43.039 [info] > git check-ignore -v -z --stdin [4ms]
2024-07-13 22:06:07.692 [info] > git config --get commit.template [3ms]
2024-07-13 22:06:07.703 [info] > git for-each-ref --format=%(refname)%00%(upstream:short)%00%(objectname)%00%(upstream:track)%00%(upstream:remotename)%00%(upstream:remoteref) refs/heads/navbar refs/remotes/navbar [3ms]
2024-07-13 22:06:07.730 [info] > git status -z -uall [19ms]
2024-07-13 22:06:07.770 [info] > git for-each-ref --format=%(refname)%00%(upstream:short)%00%(objectname)%00%(upstream:track)%00%(upstream:remotename)%00%(upstream:remoteref) refs/heads/navbar refs/remotes/navbar [24ms]
2024-07-13 22:06:07.779 [info] > git config --local branch.navbar.vscode-merge-base [2ms]
2024-07-13 22:06:07.795 [info] > git for-each-ref --format=%(refname)%00%(upstream:short)%00%(objectname)%00%(upstream:track)%00%(upstream:remotename)%00%(upstream:remoteref) refs/heads/origin/main refs/remotes/origin/main [9ms]
2024-07-13 22:06:12.779 [info] > git config --get commit.template [4ms]
2024-07-13 22:06:12.788 [info] > git for-each-ref --format=%(refname)%00%(upstream:short)%00%(objectname)%00%(upstream:track)%00%(upstream:remotename)%00%(upstream:remoteref) refs/heads/navbar refs/remotes/navbar [3ms]
2024-07-13 22:06:12.831 [info] > git status -z -uall [37ms]
2024-07-13 22:06:12.886 [info] > git for-each-ref --format=%(refname)%00%(upstream:short)%00%(objectname)%00%(upstream:track)%00%(upstream:remotename)%00%(upstream:remoteref) refs/heads/navbar refs/remotes/navbar [28ms]
2024-07-13 22:06:12.913 [info] > git config --local branch.navbar.vscode-merge-base [18ms]
2024-07-13 22:06:12.928 [info] > git for-each-ref --format=%(refname)%00%(upstream:short)%00%(objectname)%00%(upstream:track)%00%(upstream:remotename)%00%(upstream:remoteref) refs/heads/origin/main refs/remotes/origin/main [7ms]
2024-07-13 22:06:17.906 [info] > git config --get commit.template [9ms]
2024-07-13 22:06:17.907 [info] > git for-each-ref --format=%(refname)%00%(upstream:short)%00%(objectname)%00%(upstream:track)%00%(upstream:remotename)%00%(upstream:remoteref) refs/heads/navbar refs/remotes/navbar [3ms]
2024-07-13 22:06:17.931 [info] > git status -z -uall [17ms]
2024-07-13 22:06:17.966 [info] > git for-each-ref --format=%(refname)%00%(upstream:short)%00%(objectname)%00%(upstream:track)%00%(upstream:remotename)%00%(upstream:remoteref) refs/heads/navbar refs/remotes/navbar [25ms]
2024-07-13 22:06:17.975 [info] > git config --local branch.navbar.vscode-merge-base [2ms]
2024-07-13 22:06:17.991 [info] > git for-each-ref --format=%(refname)%00%(upstream:short)%00%(objectname)%00%(upstream:track)%00%(upstream:remotename)%00%(upstream:remoteref) refs/heads/origin/main refs/remotes/origin/main [7ms]
2024-07-13 22:06:21.306 [info] > git show --textconv :personal_site/about.html [8ms]
2024-07-13 22:06:21.309 [info] > git ls-files --stage -- /home/coder123/personal_site/about.html [4ms]
2024-07-13 22:06:21.318 [info] > git cat-file -s e69de29bb2d1d6434b8b29ae775ad8c2e48c5391 [3ms]
2024-07-13 22:06:22.975 [info] > git config --get commit.template [7ms]
2024-07-13 22:06:22.976 [info] > git for-each-ref --format=%(refname)%00%(upstream:short)%00%(objectname)%00%(upstream:track)%00%(upstream:remotename)%00%(upstream:remoteref) refs/heads/navbar refs/remotes/navbar [2ms]
2024-07-13 22:06:22.998 [info] > git status -z -uall [16ms]
2024-07-13 22:06:23.028 [info] > git for-each-ref --format=%(refname)%00%(upstream:short)%00%(objectname)%00%(upstream:track)%00%(upstream:remotename)%00%(upstream:remoteref) refs/heads/navbar refs/remotes/navbar [19ms]
2024-07-13 22:06:23.042 [info] > git config --local branch.navbar.vscode-merge-base [6ms]
2024-07-13 22:06:23.062 [info] > git for-each-ref --format=%(refname)%00%(upstream:short)%00%(objectname)%00%(upstream:track)%00%(upstream:remotename)%00%(upstream:remoteref) refs/heads/origin/main refs/remotes/origin/main [7ms]
2024-07-13 22:06:28.043 [info] > git config --get commit.template [6ms]
2024-07-13 22:06:28.044 [info] > git for-each-ref --format=%(refname)%00%(upstream:short)%00%(objectname)%00%(upstream:track)%00%(upstream:remotename)%00%(upstream:remoteref) refs/heads/navbar refs/remotes/navbar [3ms]
2024-07-13 22:06:28.066 [info] > git status -z -uall [16ms]
2024-07-13 22:06:28.099 [info] > git for-each-ref --format=%(refname)%00%(upstream:short)%00%(objectname)%00%(upstream:track)%00%(upstream:remotename)%00%(upstream:remoteref) refs/heads/navbar refs/remotes/navbar [21ms]
2024-07-13 22:06:28.108 [info] > git config --local branch.navbar.vscode-merge-base [2ms]
2024-07-13 22:06:28.125 [info] > git for-each-ref --format=%(refname)%00%(upstream:short)%00%(objectname)%00%(upstream:track)%00%(upstream:remotename)%00%(upstream:remoteref) refs/heads/origin/main refs/remotes/origin/main [9ms]
2024-07-13 22:06:33.117 [info] > git config --get commit.template [9ms]
2024-07-13 22:06:33.118 [info] > git for-each-ref --format=%(refname)%00%(upstream:short)%00%(objectname)%00%(upstream:track)%00%(upstream:remotename)%00%(upstream:remoteref) refs/heads/navbar refs/remotes/navbar [3ms]
2024-07-13 22:06:33.142 [info] > git status -z -uall [16ms]
2024-07-13 22:06:33.175 [info] > git for-each-ref --format=%(refname)%00%(upstream:short)%00%(objectname)%00%(upstream:track)%00%(upstream:remotename)%00%(upstream:remoteref) refs/heads/navbar refs/remotes/navbar [22ms]
2024-07-13 22:06:33.186 [info] > git config --local branch.navbar.vscode-merge-base [1ms]
2024-07-13 22:06:33.204 [info] > git for-each-ref --format=%(refname)%00%(upstream:short)%00%(objectname)%00%(upstream:track)%00%(upstream:remotename)%00%(upstream:remoteref) refs/heads/origin/main refs/remotes/origin/main [10ms]
2024-07-13 22:06:38.191 [info] > git config --get commit.template [6ms]
2024-07-13 22:06:38.192 [info] > git for-each-ref --format=%(refname)%00%(upstream:short)%00%(objectname)%00%(upstream:track)%00%(upstream:remotename)%00%(upstream:remoteref) refs/heads/navbar refs/remotes/navbar [3ms]
2024-07-13 22:06:38.215 [info] > git status -z -uall [17ms]
2024-07-13 22:06:38.250 [info] > git for-each-ref --format=%(refname)%00%(upstream:short)%00%(objectname)%00%(upstream:track)%00%(upstream:remotename)%00%(upstream:remoteref) refs/heads/navbar refs/remotes/navbar [25ms]
2024-07-13 22:06:38.260 [info] > git config --local branch.navbar.vscode-merge-base [3ms]
2024-07-13 22:06:38.279 [info] > git for-each-ref --format=%(refname)%00%(upstream:short)%00%(objectname)%00%(upstream:track)%00%(upstream:remotename)%00%(upstream:remoteref) refs/heads/origin/main refs/remotes/origin/main [13ms]
2024-07-13 22:06:43.262 [info] > git config --get commit.template [9ms]
2024-07-13 22:06:43.264 [info] > git for-each-ref --format=%(refname)%00%(upstream:short)%00%(objectname)%00%(upstream:track)%00%(upstream:remotename)%00%(upstream:remoteref) refs/heads/navbar refs/remotes/navbar [4ms]
2024-07-13 22:06:43.288 [info] > git status -z -uall [17ms]
2024-07-13 22:06:43.319 [info] > git for-each-ref --format=%(refname)%00%(upstream:short)%00%(objectname)%00%(upstream:track)%00%(upstream:remotename)%00%(upstream:remoteref) refs/heads/navbar refs/remotes/navbar [20ms]
2024-07-13 22:06:43.328 [info] > git config --local branch.navbar.vscode-merge-base [2ms]
2024-07-13 22:06:43.346 [info] > git for-each-ref --format=%(refname)%00%(upstream:short)%00%(objectname)%00%(upstream:track)%00%(upstream:remotename)%00%(upstream:remoteref) refs/heads/origin/main refs/remotes/origin/main [9ms]
2024-07-13 22:06:48.334 [info] > git config --get commit.template [8ms]
2024-07-13 22:06:48.335 [info] > git for-each-ref --format=%(refname)%00%(upstream:short)%00%(objectname)%00%(upstream:track)%00%(upstream:remotename)%00%(upstream:remoteref) refs/heads/navbar refs/remotes/navbar [3ms]
2024-07-13 22:06:48.359 [info] > git status -z -uall [17ms]
2024-07-13 22:06:48.388 [info] > git for-each-ref --format=%(refname)%00%(upstream:short)%00%(objectname)%00%(upstream:track)%00%(upstream:remotename)%00%(upstream:remoteref) refs/heads/navbar refs/remotes/navbar [18ms]
2024-07-13 22:06:48.397 [info] > git config --local branch.navbar.vscode-merge-base [2ms]
2024-07-13 22:06:48.406 [info] > git for-each-ref --format=%(refname)%00%(upstream:short)%00%(objectname)%00%(upstream:track)%00%(upstream:remotename)%00%(upstream:remoteref) refs/heads/origin/main refs/remotes/origin/main [3ms]
2024-07-13 22:06:53.403 [info] > git config --get commit.template [6ms]
2024-07-13 22:06:53.405 [info] > git for-each-ref --format=%(refname)%00%(upstream:short)%00%(objectname)%00%(upstream:track)%00%(upstream:remotename)%00%(upstream:remoteref) refs/heads/navbar refs/remotes/navbar [3ms]
2024-07-13 22:06:53.428 [info] > git status -z -uall [18ms]
2024-07-13 22:06:53.458 [info] > git for-each-ref --format=%(refname)%00%(upstream:short)%00%(objectname)%00%(upstream:track)%00%(upstream:remotename)%00%(upstream:remoteref) refs/heads/navbar refs/remotes/navbar [20ms]
2024-07-13 22:06:53.467 [info] > git config --local branch.navbar.vscode-merge-base [2ms]
2024-07-13 22:06:53.488 [info] > git for-each-ref --format=%(refname)%00%(upstream:short)%00%(objectname)%00%(upstream:track)%00%(upstream:remotename)%00%(upstream:remoteref) refs/heads/origin/main refs/remotes/origin/main [13ms]
2024-07-13 22:06:58.475 [info] > git config --get commit.template [8ms]
2024-07-13 22:06:58.476 [info] > git for-each-ref --format=%(refname)%00%(upstream:short)%00%(objectname)%00%(upstream:track)%00%(upstream:remotename)%00%(upstream:remoteref) refs/heads/navbar refs/remotes/navbar [2ms]
2024-07-13 22:06:58.499 [info] > git status -z -uall [17ms]
2024-07-13 22:06:58.529 [info] > git for-each-ref --format=%(refname)%00%(upstream:short)%00%(objectname)%00%(upstream:track)%00%(upstream:remotename)%00%(upstream:remoteref) refs/heads/navbar refs/remotes/navbar [21ms]
2024-07-13 22:06:58.538 [info] > git config --local branch.navbar.vscode-merge-base [2ms]
2024-07-13 22:06:58.555 [info] > git for-each-ref --format=%(refname)%00%(upstream:short)%00%(objectname)%00%(upstream:track)%00%(upstream:remotename)%00%(upstream:remoteref) refs/heads/origin/main refs/remotes/origin/main [10ms]
2024-07-13 22:07:03.544 [info] > git config --get commit.template [8ms]
2024-07-13 22:07:03.545 [info] > git for-each-ref --format=%(refname)%00%(upstream:short)%00%(objectname)%00%(upstream:track)%00%(upstream:remotename)%00%(upstream:remoteref) refs/heads/navbar refs/remotes/navbar [2ms]
2024-07-13 22:07:03.568 [info] > git status -z -uall [17ms]
2024-07-13 22:07:03.598 [info] > git for-each-ref --format=%(refname)%00%(upstream:short)%00%(objectname)%00%(upstream:track)%00%(upstream:remotename)%00%(upstream:remoteref) refs/heads/navbar refs/remotes/navbar [20ms]
2024-07-13 22:07:03.608 [info] > git config --local branch.navbar.vscode-merge-base [2ms]
2024-07-13 22:07:03.622 [info] > git for-each-ref --format=%(refname)%00%(upstream:short)%00%(objectname)%00%(upstream:track)%00%(upstream:remotename)%00%(upstream:remoteref) refs/heads/origin/main refs/remotes/origin/main [7ms]
2024-07-13 22:07:08.614 [info] > git config --get commit.template [8ms]
2024-07-13 22:07:08.616 [info] > git for-each-ref --format=%(refname)%00%(upstream:short)%00%(objectname)%00%(upstream:track)%00%(upstream:remotename)%00%(upstream:remoteref) refs/heads/navbar refs/remotes/navbar [2ms]
2024-07-13 22:07:08.639 [info] > git status -z -uall [16ms]
2024-07-13 22:07:08.668 [info] > git for-each-ref --format=%(refname)%00%(upstream:short)%00%(objectname)%00%(upstream:track)%00%(upstream:remotename)%00%(upstream:remoteref) refs/heads/navbar refs/remotes/navbar [18ms]
2024-07-13 22:07:08.678 [info] > git config --local branch.navbar.vscode-merge-base [3ms]
2024-07-13 22:07:08.699 [info] > git for-each-ref --format=%(refname)%00%(upstream:short)%00%(objectname)%00%(upstream:track)%00%(upstream:remotename)%00%(upstream:remoteref) refs/heads/origin/main refs/remotes/origin/main [14ms]
2024-07-13 22:07:13.683 [info] > git config --get commit.template [8ms]
2024-07-13 22:07:13.685 [info] > git for-each-ref --format=%(refname)%00%(upstream:short)%00%(objectname)%00%(upstream:track)%00%(upstream:remotename)%00%(upstream:remoteref) refs/heads/navbar refs/remotes/navbar [3ms]
2024-07-13 22:07:13.708 [info] > git status -z -uall [17ms]
2024-07-13 22:07:13.738 [info] > git for-each-ref --format=%(refname)%00%(upstream:short)%00%(objectname)%00%(upstream:track)%00%(upstream:remotename)%00%(upstream:remoteref) refs/heads/navbar refs/remotes/navbar [20ms]
2024-07-13 22:07:13.747 [info] > git config --local branch.navbar.vscode-merge-base [2ms]
2024-07-13 22:07:13.766 [info] > git for-each-ref --format=%(refname)%00%(upstream:short)%00%(objectname)%00%(upstream:track)%00%(upstream:remotename)%00%(upstream:remoteref) refs/heads/origin/main refs/remotes/origin/main [12ms]
2024-07-13 22:07:18.752 [info] > git config --get commit.template [7ms]
2024-07-13 22:07:18.754 [info] > git for-each-ref --format=%(refname)%00%(upstream:short)%00%(objectname)%00%(upstream:track)%00%(upstream:remotename)%00%(upstream:remoteref) refs/heads/navbar refs/remotes/navbar [3ms]
2024-07-13 22:07:18.776 [info] > git status -z -uall [15ms]
2024-07-13 22:07:18.805 [info] > git for-each-ref --format=%(refname)%00%(upstream:short)%00%(objectname)%00%(upstream:track)%00%(upstream:remotename)%00%(upstream:remoteref) refs/heads/navbar refs/remotes/navbar [18ms]
2024-07-13 22:07:18.814 [info] > git config --local branch.navbar.vscode-merge-base [2ms]
2024-07-13 22:07:18.829 [info] > git for-each-ref --format=%(refname)%00%(upstream:short)%00%(objectname)%00%(upstream:track)%00%(upstream:remotename)%00%(upstream:remoteref) refs/heads/origin/main refs/remotes/origin/main [8ms]
2024-07-13 22:07:23.815 [info] > git config --get commit.template [1ms]
2024-07-13 22:07:23.823 [info] > git for-each-ref --format=%(refname)%00%(upstream:short)%00%(objectname)%00%(upstream:track)%00%(upstream:remotename)%00%(upstream:remoteref) refs/heads/navbar refs/remotes/navbar [3ms]
2024-07-13 22:07:23.846 [info] > git status -z -uall [17ms]
2024-07-13 22:07:23.880 [info] > git for-each-ref --format=%(refname)%00%(upstream:short)%00%(objectname)%00%(upstream:track)%00%(upstream:remotename)%00%(upstream:remoteref) refs/heads/navbar refs/remotes/navbar [24ms]
2024-07-13 22:07:23.889 [info] > git config --local branch.navbar.vscode-merge-base [3ms]
2024-07-13 22:07:23.907 [info] > git for-each-ref --format=%(refname)%00%(upstream:short)%00%(objectname)%00%(upstream:track)%00%(upstream:remotename)%00%(upstream:remoteref) refs/heads/origin/main refs/remotes/origin/main [9ms]
2024-07-13 22:07:28.889 [info] > git config --get commit.template [8ms]
2024-07-13 22:07:28.891 [info] > git for-each-ref --format=%(refname)%00%(upstream:short)%00%(objectname)%00%(upstream:track)%00%(upstream:remotename)%00%(upstream:remoteref) refs/heads/navbar refs/remotes/navbar [2ms]
2024-07-13 22:07:28.913 [info] > git status -z -uall [16ms]
2024-07-13 22:07:28.942 [info] > git for-each-ref --format=%(refname)%00%(upstream:short)%00%(objectname)%00%(upstream:track)%00%(upstream:remotename)%00%(upstream:remoteref) refs/heads/navbar refs/remotes/navbar [19ms]
2024-07-13 22:07:28.951 [info] > git config --local branch.navbar.vscode-merge-base [1ms]
2024-07-13 22:07:28.968 [info] > git for-each-ref --format=%(refname)%00%(upstream:short)%00%(objectname)%00%(upstream:track)%00%(upstream:remotename)%00%(upstream:remoteref) refs/heads/origin/main refs/remotes/origin/main [9ms]
2024-07-13 22:07:33.956 [info] > git config --get commit.template [8ms]
2024-07-13 22:07:33.958 [info] > git for-each-ref --format=%(refname)%00%(upstream:short)%00%(objectname)%00%(upstream:track)%00%(upstream:remotename)%00%(upstream:remoteref) refs/heads/navbar refs/remotes/navbar [3ms]
2024-07-13 22:07:33.980 [info] > git status -z -uall [16ms]
2024-07-13 22:07:34.010 [info] > git for-each-ref --format=%(refname)%00%(upstream:short)%00%(objectname)%00%(upstream:track)%00%(upstream:remotename)%00%(upstream:remoteref) refs/heads/navbar refs/remotes/navbar [19ms]
2024-07-13 22:07:34.021 [info] > git config --local branch.navbar.vscode-merge-base [2ms]
2024-07-13 22:07:34.038 [info] > git for-each-ref --format=%(refname)%00%(upstream:short)%00%(objectname)%00%(upstream:track)%00%(upstream:remotename)%00%(upstream:remoteref) refs/heads/origin/main refs/remotes/origin/main [10ms]
2024-07-13 22:07:39.030 [info] > git config --get commit.template [10ms]
2024-07-13 22:07:39.032 [info] > git for-each-ref --format=%(refname)%00%(upstream:short)%00%(objectname)%00%(upstream:track)%00%(upstream:remotename)%00%(upstream:remoteref) refs/heads/navbar refs/remotes/navbar [3ms]
2024-07-13 22:07:39.056 [info] > git status -z -uall [16ms]
2024-07-13 22:07:39.095 [info] > git for-each-ref --format=%(refname)%00%(upstream:short)%00%(objectname)%00%(upstream:track)%00%(upstream:remotename)%00%(upstream:remoteref) refs/heads/navbar refs/remotes/navbar [28ms]
2024-07-13 22:07:39.105 [info] > git config --local branch.navbar.vscode-merge-base [1ms]
2024-07-13 22:07:39.129 [info] > git for-each-ref --format=%(refname)%00%(upstream:short)%00%(objectname)%00%(upstream:track)%00%(upstream:remotename)%00%(upstream:remoteref) refs/heads/origin/main refs/remotes/origin/main [8ms]
2024-07-13 22:07:44.108 [info] > git config --get commit.template [8ms]
2024-07-13 22:07:44.150 [info] > git for-each-ref --format=%(refname)%00%(upstream:short)%00%(objectname)%00%(upstream:track)%00%(upstream:remotename)%00%(upstream:remoteref) refs/heads/navbar refs/remotes/navbar [44ms]
2024-07-13 22:07:44.172 [info] > git status -z -uall [16ms]
2024-07-13 22:07:44.202 [info] > git for-each-ref --format=%(refname)%00%(upstream:short)%00%(objectname)%00%(upstream:track)%00%(upstream:remotename)%00%(upstream:remoteref) refs/heads/navbar refs/remotes/navbar [20ms]
2024-07-13 22:07:44.214 [info] > git config --local branch.navbar.vscode-merge-base [2ms]
2024-07-13 22:07:44.234 [info] > git for-each-ref --format=%(refname)%00%(upstream:short)%00%(objectname)%00%(upstream:track)%00%(upstream:remotename)%00%(upstream:remoteref) refs/heads/origin/main refs/remotes/origin/main [11ms]
2024-07-13 22:07:49.217 [info] > git config --get commit.template [9ms]
2024-07-13 22:07:49.219 [info] > git for-each-ref --format=%(refname)%00%(upstream:short)%00%(objectname)%00%(upstream:track)%00%(upstream:remotename)%00%(upstream:remoteref) refs/heads/navbar refs/remotes/navbar [3ms]
2024-07-13 22:07:49.243 [info] > git status -z -uall [17ms]
2024-07-13 22:07:49.275 [info] > git for-each-ref --format=%(refname)%00%(upstream:short)%00%(objectname)%00%(upstream:track)%00%(upstream:remotename)%00%(upstream:remoteref) refs/heads/navbar refs/remotes/navbar [20ms]
2024-07-13 22:07:49.285 [info] > git config --local branch.navbar.vscode-merge-base [3ms]
2024-07-13 22:07:49.302 [info] > git for-each-ref --format=%(refname)%00%(upstream:short)%00%(objectname)%00%(upstream:track)%00%(upstream:remotename)%00%(upstream:remoteref) refs/heads/origin/main refs/remotes/origin/main [10ms]
2024-07-13 22:07:54.288 [info] > git config --get commit.template [8ms]
2024-07-13 22:07:54.310 [info] > git for-each-ref --format=%(refname)%00%(upstream:short)%00%(objectname)%00%(upstream:track)%00%(upstream:remotename)%00%(upstream:remoteref) refs/heads/navbar refs/remotes/navbar [23ms]
2024-07-13 22:07:54.332 [info] > git status -z -uall [16ms]
2024-07-13 22:07:54.366 [info] > git for-each-ref --format=%(refname)%00%(upstream:short)%00%(objectname)%00%(upstream:track)%00%(upstream:remotename)%00%(upstream:remoteref) refs/heads/navbar refs/remotes/navbar [23ms]
2024-07-13 22:07:54.375 [info] > git config --local branch.navbar.vscode-merge-base [3ms]
2024-07-13 22:07:54.389 [info] > git for-each-ref --format=%(refname)%00%(upstream:short)%00%(objectname)%00%(upstream:track)%00%(upstream:remotename)%00%(upstream:remoteref) refs/heads/origin/main refs/remotes/origin/main [7ms]
2024-07-13 22:07:59.370 [info] > git config --get commit.template [2ms]
2024-07-13 22:07:59.379 [info] > git for-each-ref --format=%(refname)%00%(upstream:short)%00%(objectname)%00%(upstream:track)%00%(upstream:remotename)%00%(upstream:remoteref) refs/heads/navbar refs/remotes/navbar [2ms]
2024-07-13 22:07:59.401 [info] > git status -z -uall [15ms]
2024-07-13 22:07:59.431 [info] > git for-each-ref --format=%(refname)%00%(upstream:short)%00%(objectname)%00%(upstream:track)%00%(upstream:remotename)%00%(upstream:remoteref) refs/heads/navbar refs/remotes/navbar [19ms]
2024-07-13 22:07:59.440 [info] > git config --local branch.navbar.vscode-merge-base [2ms]
2024-07-13 22:07:59.456 [info] > git for-each-ref --format=%(refname)%00%(upstream:short)%00%(objectname)%00%(upstream:track)%00%(upstream:remotename)%00%(upstream:remoteref) refs/heads/origin/main refs/remotes/origin/main [8ms]
2024-07-13 22:08:04.448 [info] > git config --get commit.template [7ms]
2024-07-13 22:08:04.449 [info] > git for-each-ref --format=%(refname)%00%(upstream:short)%00%(objectname)%00%(upstream:track)%00%(upstream:remotename)%00%(upstream:remoteref) refs/heads/navbar refs/remotes/navbar [4ms]
2024-07-13 22:08:04.471 [info] > git status -z -uall [16ms]
2024-07-13 22:08:04.500 [info] > git for-each-ref --format=%(refname)%00%(upstream:short)%00%(objectname)%00%(upstream:track)%00%(upstream:remotename)%00%(upstream:remoteref) refs/heads/navbar refs/remotes/navbar [18ms]
2024-07-13 22:08:04.509 [info] > git config --local branch.navbar.vscode-merge-base [2ms]
2024-07-13 22:08:04.525 [info] > git for-each-ref --format=%(refname)%00%(upstream:short)%00%(objectname)%00%(upstream:track)%00%(upstream:remotename)%00%(upstream:remoteref) refs/heads/origin/main refs/remotes/origin/main [8ms]
2024-07-13 22:08:09.516 [info] > git config --get commit.template [6ms]
2024-07-13 22:08:09.517 [info] > git for-each-ref --format=%(refname)%00%(upstream:short)%00%(objectname)%00%(upstream:track)%00%(upstream:remotename)%00%(upstream:remoteref) refs/heads/navbar refs/remotes/navbar [2ms]
2024-07-13 22:08:09.538 [info] > git status -z -uall [16ms]
2024-07-13 22:08:09.566 [info] > git for-each-ref --format=%(refname)%00%(upstream:short)%00%(objectname)%00%(upstream:track)%00%(upstream:remotename)%00%(upstream:remoteref) refs/heads/navbar refs/remotes/navbar [18ms]
2024-07-13 22:08:09.575 [info] > git config --local branch.navbar.vscode-merge-base [3ms]
2024-07-13 22:08:09.600 [info] > git for-each-ref --format=%(refname)%00%(upstream:short)%00%(objectname)%00%(upstream:track)%00%(upstream:remotename)%00%(upstream:remoteref) refs/heads/origin/main refs/remotes/origin/main [14ms]
2024-07-13 22:08:14.583 [info] > git config --get commit.template [7ms]
2024-07-13 22:08:14.629 [info] > git for-each-ref --format=%(refname)%00%(upstream:short)%00%(objectname)%00%(upstream:track)%00%(upstream:remotename)%00%(upstream:remoteref) refs/heads/navbar refs/remotes/navbar [48ms]
2024-07-13 22:08:14.655 [info] > git status -z -uall [20ms]
2024-07-13 22:08:14.683 [info] > git for-each-ref --format=%(refname)%00%(upstream:short)%00%(objectname)%00%(upstream:track)%00%(upstream:remotename)%00%(upstream:remoteref) refs/heads/navbar refs/remotes/navbar [18ms]
2024-07-13 22:08:14.693 [info] > git config --local branch.navbar.vscode-merge-base [3ms]
2024-07-13 22:08:14.708 [info] > git for-each-ref --format=%(refname)%00%(upstream:short)%00%(objectname)%00%(upstream:track)%00%(upstream:remotename)%00%(upstream:remoteref) refs/heads/origin/main refs/remotes/origin/main [9ms]
2024-07-13 22:08:19.700 [info] > git config --get commit.template [9ms]
2024-07-13 22:08:19.701 [info] > git for-each-ref --format=%(refname)%00%(upstream:short)%00%(objectname)%00%(upstream:track)%00%(upstream:remotename)%00%(upstream:remoteref) refs/heads/navbar refs/remotes/navbar [3ms]
2024-07-13 22:08:19.725 [info] > git status -z -uall [16ms]
2024-07-13 22:08:19.754 [info] > git for-each-ref --format=%(refname)%00%(upstream:short)%00%(objectname)%00%(upstream:track)%00%(upstream:remotename)%00%(upstream:remoteref) refs/heads/navbar refs/remotes/navbar [19ms]
2024-07-13 22:08:19.763 [info] > git config --local branch.navbar.vscode-merge-base [2ms]
2024-07-13 22:08:19.777 [info] > git for-each-ref --format=%(refname)%00%(upstream:short)%00%(objectname)%00%(upstream:track)%00%(upstream:remotename)%00%(upstream:remoteref) refs/heads/origin/main refs/remotes/origin/main [7ms]
2024-07-13 22:08:24.763 [info] > git config --get commit.template [2ms]
2024-07-13 22:08:24.773 [info] > git for-each-ref --format=%(refname)%00%(upstream:short)%00%(objectname)%00%(upstream:track)%00%(upstream:remotename)%00%(upstream:remoteref) refs/heads/navbar refs/remotes/navbar [4ms]
2024-07-13 22:08:24.823 [info] > git status -z -uall [40ms]
2024-07-13 22:08:24.864 [info] > git for-each-ref --format=%(refname)%00%(upstream:short)%00%(objectname)%00%(upstream:track)%00%(upstream:remotename)%00%(upstream:remoteref) refs/heads/navbar refs/remotes/navbar [27ms]
2024-07-13 22:08:24.880 [info] > git config --local branch.navbar.vscode-merge-base [9ms]
2024-07-13 22:08:24.889 [info] > git for-each-ref --format=%(refname)%00%(upstream:short)%00%(objectname)%00%(upstream:track)%00%(upstream:remotename)%00%(upstream:remoteref) refs/heads/origin/main refs/remotes/origin/main [3ms]
2024-07-13 22:16:05.188 [info] > git config --get commit.template [12ms]
2024-07-13 22:16:05.191 [info] > git for-each-ref --format=%(refname)%00%(upstream:short)%00%(objectname)%00%(upstream:track)%00%(upstream:remotename)%00%(upstream:remoteref) refs/heads/navbar refs/remotes/navbar [3ms]
2024-07-13 22:16:05.235 [info] > git status -z -uall [31ms]
2024-07-13 22:16:05.295 [info] > git for-each-ref --format=%(refname)%00%(upstream:short)%00%(objectname)%00%(upstream:track)%00%(upstream:remotename)%00%(upstream:remoteref) refs/heads/navbar refs/remotes/navbar [34ms]
2024-07-13 22:16:05.302 [info] > git config --local branch.navbar.vscode-merge-base [1ms]
2024-07-13 22:16:05.321 [info] > git for-each-ref --format=%(refname)%00%(upstream:short)%00%(objectname)%00%(upstream:track)%00%(upstream:remotename)%00%(upstream:remoteref) refs/heads/origin/main refs/remotes/origin/main [12ms]
2024-07-13 22:16:10.308 [info] > git config --get commit.template [8ms]
2024-07-13 22:16:10.310 [info] > git for-each-ref --format=%(refname)%00%(upstream:short)%00%(objectname)%00%(upstream:track)%00%(upstream:remotename)%00%(upstream:remoteref) refs/heads/navbar refs/remotes/navbar [2ms]
2024-07-13 22:16:10.334 [info] > git status -z -uall [17ms]
2024-07-13 22:16:10.370 [info] > git for-each-ref --format=%(refname)%00%(upstream:short)%00%(objectname)%00%(upstream:track)%00%(upstream:remotename)%00%(upstream:remoteref) refs/heads/navbar refs/remotes/navbar [20ms]
2024-07-13 22:16:10.379 [info] > git config --local branch.navbar.vscode-merge-base [2ms]
2024-07-13 22:16:10.397 [info] > git for-each-ref --format=%(refname)%00%(upstream:short)%00%(objectname)%00%(upstream:track)%00%(upstream:remotename)%00%(upstream:remoteref) refs/heads/origin/main refs/remotes/origin/main [10ms]
2024-07-13 22:16:15.385 [info] > git config --get commit.template [8ms]
2024-07-13 22:16:15.387 [info] > git for-each-ref --format=%(refname)%00%(upstream:short)%00%(objectname)%00%(upstream:track)%00%(upstream:remotename)%00%(upstream:remoteref) refs/heads/navbar refs/remotes/navbar [3ms]
2024-07-13 22:16:15.411 [info] > git status -z -uall [17ms]
2024-07-13 22:16:15.441 [info] > git for-each-ref --format=%(refname)%00%(upstream:short)%00%(objectname)%00%(upstream:track)%00%(upstream:remotename)%00%(upstream:remoteref) refs/heads/navbar refs/remotes/navbar [20ms]
2024-07-13 22:16:15.452 [info] > git config --local branch.navbar.vscode-merge-base [2ms]
2024-07-13 22:16:15.486 [info] > git for-each-ref --format=%(refname)%00%(upstream:short)%00%(objectname)%00%(upstream:track)%00%(upstream:remotename)%00%(upstream:remoteref) refs/heads/origin/main refs/remotes/origin/main [26ms]
2024-07-13 22:16:20.457 [info] > git config --get commit.template [8ms]
2024-07-13 22:16:20.459 [info] > git for-each-ref --format=%(refname)%00%(upstream:short)%00%(objectname)%00%(upstream:track)%00%(upstream:remotename)%00%(upstream:remoteref) refs/heads/navbar refs/remotes/navbar [3ms]
2024-07-13 22:16:20.482 [info] > git status -z -uall [17ms]
2024-07-13 22:16:20.515 [info] > git for-each-ref --format=%(refname)%00%(upstream:short)%00%(objectname)%00%(upstream:track)%00%(upstream:remotename)%00%(upstream:remoteref) refs/heads/navbar refs/remotes/navbar [23ms]
2024-07-13 22:16:20.525 [info] > git config --local branch.navbar.vscode-merge-base [1ms]
2024-07-13 22:16:20.545 [info] > git for-each-ref --format=%(refname)%00%(upstream:short)%00%(objectname)%00%(upstream:track)%00%(upstream:remotename)%00%(upstream:remoteref) refs/heads/origin/main refs/remotes/origin/main [12ms]
2024-07-13 22:16:25.530 [info] > git config --get commit.template [6ms]
2024-07-13 22:16:25.531 [info] > git for-each-ref --format=%(refname)%00%(upstream:short)%00%(objectname)%00%(upstream:track)%00%(upstream:remotename)%00%(upstream:remoteref) refs/heads/navbar refs/remotes/navbar [3ms]
2024-07-13 22:16:25.555 [info] > git status -z -uall [17ms]
2024-07-13 22:16:25.586 [info] > git for-each-ref --format=%(refname)%00%(upstream:short)%00%(objectname)%00%(upstream:track)%00%(upstream:remotename)%00%(upstream:remoteref) refs/heads/navbar refs/remotes/navbar [21ms]
2024-07-13 22:16:25.596 [info] > git config --local branch.navbar.vscode-merge-base [2ms]
2024-07-13 22:16:25.616 [info] > git for-each-ref --format=%(refname)%00%(upstream:short)%00%(objectname)%00%(upstream:track)%00%(upstream:remotename)%00%(upstream:remoteref) refs/heads/origin/main refs/remotes/origin/main [12ms]
2024-07-13 22:16:30.601 [info] > git config --get commit.template [8ms]
2024-07-13 22:16:30.603 [info] > git for-each-ref --format=%(refname)%00%(upstream:short)%00%(objectname)%00%(upstream:track)%00%(upstream:remotename)%00%(upstream:remoteref) refs/heads/navbar refs/remotes/navbar [3ms]
2024-07-13 22:16:30.626 [info] > git status -z -uall [16ms]
2024-07-13 22:16:30.655 [info] > git for-each-ref --format=%(refname)%00%(upstream:short)%00%(objectname)%00%(upstream:track)%00%(upstream:remotename)%00%(upstream:remoteref) refs/heads/navbar refs/remotes/navbar [19ms]
2024-07-13 22:16:30.665 [info] > git config --local branch.navbar.vscode-merge-base [2ms]
2024-07-13 22:16:30.676 [info] > git for-each-ref --format=%(refname)%00%(upstream:short)%00%(objectname)%00%(upstream:track)%00%(upstream:remotename)%00%(upstream:remoteref) refs/heads/origin/main refs/remotes/origin/main [4ms]
2024-07-13 22:16:35.663 [info] > git config --get commit.template [3ms]
2024-07-13 22:16:35.672 [info] > git for-each-ref --format=%(refname)%00%(upstream:short)%00%(objectname)%00%(upstream:track)%00%(upstream:remotename)%00%(upstream:remoteref) refs/heads/navbar refs/remotes/navbar [2ms]
2024-07-13 22:16:35.701 [info] > git status -z -uall [23ms]
2024-07-13 22:16:35.769 [info] > git for-each-ref --format=%(refname)%00%(upstream:short)%00%(objectname)%00%(upstream:track)%00%(upstream:remotename)%00%(upstream:remoteref) refs/heads/navbar refs/remotes/navbar [41ms]
2024-07-13 22:16:35.785 [info] > git config --local branch.navbar.vscode-merge-base [7ms]
2024-07-13 22:16:35.794 [info] > git for-each-ref --format=%(refname)%00%(upstream:short)%00%(objectname)%00%(upstream:track)%00%(upstream:remotename)%00%(upstream:remoteref) refs/heads/origin/main refs/remotes/origin/main [2ms]
2024-07-13 22:16:40.774 [info] > git config --get commit.template [11ms]
2024-07-13 22:16:40.775 [info] > git for-each-ref --format=%(refname)%00%(upstream:short)%00%(objectname)%00%(upstream:track)%00%(upstream:remotename)%00%(upstream:remoteref) refs/heads/navbar refs/remotes/navbar [4ms]
2024-07-13 22:16:40.800 [info] > git status -z -uall [18ms]
2024-07-13 22:16:40.834 [info] > git for-each-ref --format=%(refname)%00%(upstream:short)%00%(objectname)%00%(upstream:track)%00%(upstream:remotename)%00%(upstream:remoteref) refs/heads/navbar refs/remotes/navbar [24ms]
2024-07-13 22:16:40.844 [info] > git config --local branch.navbar.vscode-merge-base [2ms]
2024-07-13 22:16:40.862 [info] > git for-each-ref --format=%(refname)%00%(upstream:short)%00%(objectname)%00%(upstream:track)%00%(upstream:remotename)%00%(upstream:remoteref) refs/heads/origin/main refs/remotes/origin/main [9ms]
2024-07-13 22:16:45.850 [info] > git config --get commit.template [9ms]
2024-07-13 22:16:45.852 [info] > git for-each-ref --format=%(refname)%00%(upstream:short)%00%(objectname)%00%(upstream:track)%00%(upstream:remotename)%00%(upstream:remoteref) refs/heads/navbar refs/remotes/navbar [2ms]
2024-07-13 22:16:45.874 [info] > git status -z -uall [16ms]
2024-07-13 22:16:45.905 [info] > git for-each-ref --format=%(refname)%00%(upstream:short)%00%(objectname)%00%(upstream:track)%00%(upstream:remotename)%00%(upstream:remoteref) refs/heads/navbar refs/remotes/navbar [20ms]
2024-07-13 22:16:45.915 [info] > git config --local branch.navbar.vscode-merge-base [3ms]
2024-07-13 22:16:45.930 [info] > git for-each-ref --format=%(refname)%00%(upstream:short)%00%(objectname)%00%(upstream:track)%00%(upstream:remotename)%00%(upstream:remoteref) refs/heads/origin/main refs/remotes/origin/main [7ms]
2024-07-13 22:16:50.919 [info] > git config --get commit.template [7ms]
2024-07-13 22:16:50.921 [info] > git for-each-ref --format=%(refname)%00%(upstream:short)%00%(objectname)%00%(upstream:track)%00%(upstream:remotename)%00%(upstream:remoteref) refs/heads/navbar refs/remotes/navbar [3ms]
2024-07-13 22:16:50.944 [info] > git status -z -uall [17ms]
2024-07-13 22:16:51.022 [info] > git for-each-ref --format=%(refname)%00%(upstream:short)%00%(objectname)%00%(upstream:track)%00%(upstream:remotename)%00%(upstream:remoteref) refs/heads/navbar refs/remotes/navbar [49ms]
2024-07-13 22:16:51.035 [info] > git config --local branch.navbar.vscode-merge-base [6ms]
2024-07-13 22:16:51.043 [info] > git for-each-ref --format=%(refname)%00%(upstream:short)%00%(objectname)%00%(upstream:track)%00%(upstream:remotename)%00%(upstream:remoteref) refs/heads/origin/main refs/remotes/origin/main [2ms]
2024-07-13 22:16:56.018 [info] > git config --get commit.template [10ms]
2024-07-13 22:16:56.018 [info] > git for-each-ref --format=%(refname)%00%(upstream:short)%00%(objectname)%00%(upstream:track)%00%(upstream:remotename)%00%(upstream:remoteref) refs/heads/navbar refs/remotes/navbar [2ms]
2024-07-13 22:16:56.042 [info] > git status -z -uall [17ms]
2024-07-13 22:16:56.075 [info] > git for-each-ref --format=%(refname)%00%(upstream:short)%00%(objectname)%00%(upstream:track)%00%(upstream:remotename)%00%(upstream:remoteref) refs/heads/navbar refs/remotes/navbar [23ms]
2024-07-13 22:16:56.085 [info] > git config --local branch.navbar.vscode-merge-base [2ms]
2024-07-13 22:16:56.103 [info] > git for-each-ref --format=%(refname)%00%(upstream:short)%00%(objectname)%00%(upstream:track)%00%(upstream:remotename)%00%(upstream:remoteref) refs/heads/origin/main refs/remotes/origin/main [8ms]
2024-07-13 22:17:01.091 [info] > git config --get commit.template [7ms]
2024-07-13 22:17:01.092 [info] > git for-each-ref --format=%(refname)%00%(upstream:short)%00%(objectname)%00%(upstream:track)%00%(upstream:remotename)%00%(upstream:remoteref) refs/heads/navbar refs/remotes/navbar [2ms]
2024-07-13 22:17:01.114 [info] > git status -z -uall [16ms]
2024-07-13 22:17:01.142 [info] > git for-each-ref --format=%(refname)%00%(upstream:short)%00%(objectname)%00%(upstream:track)%00%(upstream:remotename)%00%(upstream:remoteref) refs/heads/navbar refs/remotes/navbar [18ms]
2024-07-13 22:17:01.150 [info] > git config --local branch.navbar.vscode-merge-base [2ms]
2024-07-13 22:17:01.165 [info] > git for-each-ref --format=%(refname)%00%(upstream:short)%00%(objectname)%00%(upstream:track)%00%(upstream:remotename)%00%(upstream:remoteref) refs/heads/origin/main refs/remotes/origin/main [7ms]
2024-07-13 22:17:06.158 [info] > git config --get commit.template [6ms]
2024-07-13 22:17:06.159 [info] > git for-each-ref --format=%(refname)%00%(upstream:short)%00%(objectname)%00%(upstream:track)%00%(upstream:remotename)%00%(upstream:remoteref) refs/heads/navbar refs/remotes/navbar [2ms]
2024-07-13 22:17:06.184 [info] > git status -z -uall [18ms]
2024-07-13 22:17:06.247 [info] > git for-each-ref --format=%(refname)%00%(upstream:short)%00%(objectname)%00%(upstream:track)%00%(upstream:remotename)%00%(upstream:remoteref) refs/heads/navbar refs/remotes/navbar [42ms]
2024-07-13 22:17:06.266 [info] > git config --local branch.navbar.vscode-merge-base [8ms]
2024-07-13 22:17:06.275 [info] > git for-each-ref --format=%(refname)%00%(upstream:short)%00%(objectname)%00%(upstream:track)%00%(upstream:remotename)%00%(upstream:remoteref) refs/heads/origin/main refs/remotes/origin/main [2ms]
2024-07-13 22:17:11.251 [info] > git config --get commit.template [8ms]
2024-07-13 22:17:11.252 [info] > git for-each-ref --format=%(refname)%00%(upstream:short)%00%(objectname)%00%(upstream:track)%00%(upstream:remotename)%00%(upstream:remoteref) refs/heads/navbar refs/remotes/navbar [2ms]
2024-07-13 22:17:11.276 [info] > git status -z -uall [18ms]
2024-07-13 22:17:11.310 [info] > git for-each-ref --format=%(refname)%00%(upstream:short)%00%(objectname)%00%(upstream:track)%00%(upstream:remotename)%00%(upstream:remoteref) refs/heads/navbar refs/remotes/navbar [23ms]
2024-07-13 22:17:11.320 [info] > git config --local branch.navbar.vscode-merge-base [2ms]
2024-07-13 22:17:11.335 [info] > git for-each-ref --format=%(refname)%00%(upstream:short)%00%(objectname)%00%(upstream:track)%00%(upstream:remotename)%00%(upstream:remoteref) refs/heads/origin/main refs/remotes/origin/main [8ms]
2024-07-13 22:17:16.326 [info] > git config --get commit.template [7ms]
2024-07-13 22:17:16.328 [info] > git for-each-ref --format=%(refname)%00%(upstream:short)%00%(objectname)%00%(upstream:track)%00%(upstream:remotename)%00%(upstream:remoteref) refs/heads/navbar refs/remotes/navbar [2ms]
2024-07-13 22:17:16.351 [info] > git status -z -uall [17ms]
2024-07-13 22:17:16.378 [info] > git for-each-ref --format=%(refname)%00%(upstream:short)%00%(objectname)%00%(upstream:track)%00%(upstream:remotename)%00%(upstream:remoteref) refs/heads/navbar refs/remotes/navbar [17ms]
2024-07-13 22:17:16.393 [info] > git config --local branch.navbar.vscode-merge-base [6ms]
2024-07-13 22:17:16.407 [info] > git for-each-ref --format=%(refname)%00%(upstream:short)%00%(objectname)%00%(upstream:track)%00%(upstream:remotename)%00%(upstream:remoteref) refs/heads/origin/main refs/remotes/origin/main [7ms]
2024-07-13 22:17:21.396 [info] > git config --get commit.template [8ms]
2024-07-13 22:17:21.397 [info] > git for-each-ref --format=%(refname)%00%(upstream:short)%00%(objectname)%00%(upstream:track)%00%(upstream:remotename)%00%(upstream:remoteref) refs/heads/navbar refs/remotes/navbar [3ms]
2024-07-13 22:17:21.420 [info] > git status -z -uall [16ms]
2024-07-13 22:17:21.450 [info] > git for-each-ref --format=%(refname)%00%(upstream:short)%00%(objectname)%00%(upstream:track)%00%(upstream:remotename)%00%(upstream:remoteref) refs/heads/navbar refs/remotes/navbar [19ms]
2024-07-13 22:17:21.461 [info] > git config --local branch.navbar.vscode-merge-base [3ms]
2024-07-13 22:17:21.476 [info] > git for-each-ref --format=%(refname)%00%(upstream:short)%00%(objectname)%00%(upstream:track)%00%(upstream:remotename)%00%(upstream:remoteref) refs/heads/origin/main refs/remotes/origin/main [6ms]
2024-07-13 22:18:16.260 [info] > git config --get commit.template [30ms]
2024-07-13 22:18:16.273 [info] > git for-each-ref --format=%(refname)%00%(upstream:short)%00%(objectname)%00%(upstream:track)%00%(upstream:remotename)%00%(upstream:remoteref) refs/heads/navbar refs/remotes/navbar [32ms]
2024-07-13 22:18:16.598 [info] > git status -z -uall [318ms]
2024-07-13 22:18:16.646 [info] > git for-each-ref --format=%(refname)%00%(upstream:short)%00%(objectname)%00%(upstream:track)%00%(upstream:remotename)%00%(upstream:remoteref) refs/heads/navbar refs/remotes/navbar [30ms]
2024-07-13 22:18:16.657 [info] > git config --local branch.navbar.vscode-merge-base [3ms]
2024-07-13 22:18:16.676 [info] > git for-each-ref --format=%(refname)%00%(upstream:short)%00%(objectname)%00%(upstream:track)%00%(upstream:remotename)%00%(upstream:remoteref) refs/heads/origin/main refs/remotes/origin/main [10ms]
