2024-07-16 20:12:15.311 [info] Extension host with pid 484 started
2024-07-16 20:12:15.311 [error] Error: EEXIST: file already exists, open '/home/coder123/.vscode-server/data/User/workspaceStorage/e108dc581b14dbd28bd749526d685224/vscode.lock'
2024-07-16 20:12:15.318 [info] Lock '/home/coder123/.vscode-server/data/User/workspaceStorage/e108dc581b14dbd28bd749526d685224/vscode.lock': Could not acquire lock, checking if the file is stale.
2024-07-16 20:12:15.329 [info] Lock '/home/coder123/.vscode-server/data/User/workspaceStorage/e108dc581b14dbd28bd749526d685224/vscode.lock': The pid 508 appears to be gone.
2024-07-16 20:12:15.329 [info] Lock '/home/coder123/.vscode-server/data/User/workspaceStorage/e108dc581b14dbd28bd749526d685224/vscode.lock': Deleting a stale lock.
2024-07-16 20:12:15.340 [info] Lock '/home/coder123/.vscode-server/data/User/workspaceStorage/e108dc581b14dbd28bd749526d685224/vscode.lock': Lock acquired.
2024-07-16 20:12:15.465 [info] ExtensionService#_doActivateExtension vscode.emmet, startup: false, activationEvent: 'onLanguage'
2024-07-16 20:12:15.467 [info] ExtensionService#_doActivateExtension ms-vscode.live-server, startup: false, activationEvent: 'onWebviewPanel:browserPreview'
2024-07-16 20:12:15.468 [info] ExtensionService#_doActivateExtension vscode.tunnel-forwarding, startup: false, activationEvent: 'onTunnel'
2024-07-16 20:12:15.468 [info] ExtensionService#_doActivateExtension vscode.css-language-features, startup: false, activationEvent: 'onLanguage:css'
2024-07-16 20:12:15.469 [info] ExtensionService#_doActivateExtension vscode.html-language-features, startup: false, activationEvent: 'onLanguage:html'
2024-07-16 20:12:16.113 [info] ExtensionService#_doActivateExtension vscode.configuration-editing, startup: false, activationEvent: 'onLanguage:jsonc'
2024-07-16 20:12:16.114 [info] ExtensionService#_doActivateExtension vscode.json-language-features, startup: false, activationEvent: 'onLanguage:jsonc'
2024-07-16 20:12:16.115 [info] ExtensionService#_doActivateExtension vscode.typescript-language-features, startup: false, activationEvent: 'onLanguage:jsonc'
2024-07-16 20:12:16.518 [info] ExtensionService#_doActivateExtension vscode.git-base, startup: true, activationEvent: '*', root cause: vscode.git
2024-07-16 20:12:16.790 [info] ExtensionService#_doActivateExtension vscode.git, startup: true, activationEvent: '*'
2024-07-16 20:12:16.791 [info] ExtensionService#_doActivateExtension vscode.github, startup: true, activationEvent: '*'
2024-07-16 20:12:17.182 [info] Eager extensions activated
2024-07-16 20:12:17.184 [info] ExtensionService#_doActivateExtension vscode.debug-auto-launch, startup: false, activationEvent: 'onStartupFinished'
2024-07-16 20:12:17.185 [info] ExtensionService#_doActivateExtension vscode.merge-conflict, startup: false, activationEvent: 'onStartupFinished'
2024-07-16 20:12:17.731 [warning] [Decorations] CAPPING events from decorations provider vscode.git 1482
2024-07-16 20:12:18.328 [warning] [Decorations] CAPPING events from decorations provider vscode.git 1482
2024-07-16 20:12:23.742 [warning] [Decorations] CAPPING events from decorations provider vscode.git 1482
2024-07-16 20:12:45.048 [warning] [Decorations] CAPPING events from decorations provider vscode.git 1482
2024-07-16 20:12:50.091 [warning] [Decorations] CAPPING events from decorations provider vscode.git 1482
2024-07-16 20:12:55.751 [warning] [Decorations] CAPPING events from decorations provider vscode.git 1482
2024-07-16 20:13:00.800 [warning] [Decorations] CAPPING events from decorations provider vscode.git 1482
2024-07-16 20:13:05.843 [warning] [Decorations] CAPPING events from decorations provider vscode.git 1482
2024-07-16 20:13:10.887 [warning] [Decorations] CAPPING events from decorations provider vscode.git 1482
2024-07-16 20:13:15.928 [warning] [Decorations] CAPPING events from decorations provider vscode.git 1482
2024-07-16 20:13:20.973 [warning] [Decorations] CAPPING events from decorations provider vscode.git 1482
2024-07-16 20:13:26.015 [warning] [Decorations] CAPPING events from decorations provider vscode.git 1482
2024-07-16 20:13:31.059 [warning] [Decorations] CAPPING events from decorations provider vscode.git 1482
2024-07-16 20:13:36.101 [warning] [Decorations] CAPPING events from decorations provider vscode.git 1482
2024-07-16 20:13:41.143 [warning] [Decorations] CAPPING events from decorations provider vscode.git 1482
2024-07-16 20:13:46.184 [warning] [Decorations] CAPPING events from decorations provider vscode.git 1482
2024-07-16 20:13:51.223 [warning] [Decorations] CAPPING events from decorations provider vscode.git 1482
2024-07-16 20:13:56.265 [warning] [Decorations] CAPPING events from decorations provider vscode.git 1482
2024-07-16 20:14:01.318 [warning] [Decorations] CAPPING events from decorations provider vscode.git 1482
2024-07-16 20:14:06.367 [warning] [Decorations] CAPPING events from decorations provider vscode.git 1482
2024-07-16 20:14:11.412 [warning] [Decorations] CAPPING events from decorations provider vscode.git 1482
2024-07-16 20:14:16.459 [warning] [Decorations] CAPPING events from decorations provider vscode.git 1482
2024-07-16 20:14:21.504 [warning] [Decorations] CAPPING events from decorations provider vscode.git 1482
2024-07-16 20:14:26.548 [warning] [Decorations] CAPPING events from decorations provider vscode.git 1482
2024-07-16 20:14:31.592 [warning] [Decorations] CAPPING events from decorations provider vscode.git 1482
2024-07-16 20:14:36.634 [warning] [Decorations] CAPPING events from decorations provider vscode.git 1482
2024-07-16 20:14:41.675 [warning] [Decorations] CAPPING events from decorations provider vscode.git 1482
2024-07-16 20:14:46.727 [warning] [Decorations] CAPPING events from decorations provider vscode.git 1482
2024-07-16 20:14:51.770 [warning] [Decorations] CAPPING events from decorations provider vscode.git 1482
2024-07-16 20:14:56.811 [warning] [Decorations] CAPPING events from decorations provider vscode.git 1482
2024-07-16 20:15:01.852 [warning] [Decorations] CAPPING events from decorations provider vscode.git 1482
2024-07-16 20:15:06.894 [warning] [Decorations] CAPPING events from decorations provider vscode.git 1482
2024-07-16 20:15:11.937 [warning] [Decorations] CAPPING events from decorations provider vscode.git 1482
2024-07-16 20:15:16.983 [warning] [Decorations] CAPPING events from decorations provider vscode.git 1482
2024-07-16 20:15:22.028 [warning] [Decorations] CAPPING events from decorations provider vscode.git 1483
2024-07-16 20:15:27.067 [warning] [Decorations] CAPPING events from decorations provider vscode.git 1483
2024-07-16 20:15:32.109 [warning] [Decorations] CAPPING events from decorations provider vscode.git 1483
2024-07-16 20:15:37.152 [warning] [Decorations] CAPPING events from decorations provider vscode.git 1483
2024-07-16 20:15:42.193 [warning] [Decorations] CAPPING events from decorations provider vscode.git 1483
2024-07-16 20:15:47.238 [warning] [Decorations] CAPPING events from decorations provider vscode.git 1483
2024-07-16 20:15:52.281 [warning] [Decorations] CAPPING events from decorations provider vscode.git 1483
2024-07-16 20:15:57.326 [warning] [Decorations] CAPPING events from decorations provider vscode.git 1483
2024-07-16 20:16:02.371 [warning] [Decorations] CAPPING events from decorations provider vscode.git 1483
2024-07-16 20:16:07.416 [warning] [Decorations] CAPPING events from decorations provider vscode.git 1483
2024-07-16 20:16:12.461 [warning] [Decorations] CAPPING events from decorations provider vscode.git 1483
2024-07-16 20:16:17.505 [warning] [Decorations] CAPPING events from decorations provider vscode.git 1483
2024-07-16 20:16:22.551 [warning] [Decorations] CAPPING events from decorations provider vscode.git 1483
2024-07-16 20:16:27.593 [warning] [Decorations] CAPPING events from decorations provider vscode.git 1483
2024-07-16 20:16:32.639 [warning] [Decorations] CAPPING events from decorations provider vscode.git 1483
2024-07-16 20:16:37.681 [warning] [Decorations] CAPPING events from decorations provider vscode.git 1483
2024-07-16 20:16:42.723 [warning] [Decorations] CAPPING events from decorations provider vscode.git 1483
2024-07-16 20:16:47.766 [warning] [Decorations] CAPPING events from decorations provider vscode.git 1485
2024-07-16 20:16:52.810 [warning] [Decorations] CAPPING events from decorations provider vscode.git 1485
2024-07-16 20:16:57.850 [warning] [Decorations] CAPPING events from decorations provider vscode.git 1485
2024-07-16 20:17:03.169 [warning] [Decorations] CAPPING events from decorations provider vscode.git 1485
2024-07-16 20:17:08.213 [warning] [Decorations] CAPPING events from decorations provider vscode.git 1485
2024-07-16 20:17:13.259 [warning] [Decorations] CAPPING events from decorations provider vscode.git 1485
2024-07-16 20:17:38.420 [warning] [Decorations] CAPPING events from decorations provider vscode.git 1485
2024-07-16 20:17:43.467 [warning] [Decorations] CAPPING events from decorations provider vscode.git 1485
2024-07-16 20:17:48.512 [warning] [Decorations] CAPPING events from decorations provider vscode.git 1485
2024-07-16 20:18:05.813 [warning] [Decorations] CAPPING events from decorations provider vscode.git 1486
2024-07-16 20:18:10.863 [warning] [Decorations] CAPPING events from decorations provider vscode.git 1486
2024-07-16 20:18:15.905 [warning] [Decorations] CAPPING events from decorations provider vscode.git 1486
2024-07-16 20:18:20.948 [warning] [Decorations] CAPPING events from decorations provider vscode.git 1486
2024-07-16 20:18:25.992 [warning] [Decorations] CAPPING events from decorations provider vscode.git 1486
2024-07-16 20:18:31.034 [warning] [Decorations] CAPPING events from decorations provider vscode.git 1486
2024-07-16 20:18:36.077 [warning] [Decorations] CAPPING events from decorations provider vscode.git 1486
2024-07-16 20:18:41.119 [warning] [Decorations] CAPPING events from decorations provider vscode.git 1486
2024-07-16 20:18:46.161 [warning] [Decorations] CAPPING events from decorations provider vscode.git 1486
2024-07-16 20:18:51.202 [warning] [Decorations] CAPPING events from decorations provider vscode.git 1486
2024-07-16 20:18:56.245 [warning] [Decorations] CAPPING events from decorations provider vscode.git 1486
2024-07-16 20:19:01.284 [warning] [Decorations] CAPPING events from decorations provider vscode.git 1486
2024-07-16 20:19:06.328 [warning] [Decorations] CAPPING events from decorations provider vscode.git 1486
2024-07-16 20:19:11.368 [warning] [Decorations] CAPPING events from decorations provider vscode.git 1486
2024-07-16 20:19:16.412 [warning] [Decorations] CAPPING events from decorations provider vscode.git 1486
2024-07-16 20:19:21.454 [warning] [Decorations] CAPPING events from decorations provider vscode.git 1486
2024-07-16 20:19:26.498 [warning] [Decorations] CAPPING events from decorations provider vscode.git 1486
2024-07-16 20:19:31.541 [warning] [Decorations] CAPPING events from decorations provider vscode.git 1486
2024-07-16 20:19:36.583 [warning] [Decorations] CAPPING events from decorations provider vscode.git 1486
2024-07-16 20:19:41.625 [warning] [Decorations] CAPPING events from decorations provider vscode.git 1486
2024-07-16 20:19:46.668 [warning] [Decorations] CAPPING events from decorations provider vscode.git 1486
2024-07-16 20:19:51.984 [warning] [Decorations] CAPPING events from decorations provider vscode.git 1486
2024-07-16 20:19:57.036 [warning] [Decorations] CAPPING events from decorations provider vscode.git 1486
2024-07-16 20:20:02.082 [warning] [Decorations] CAPPING events from decorations provider vscode.git 1486
2024-07-16 20:20:07.127 [warning] [Decorations] CAPPING events from decorations provider vscode.git 1486
2024-07-16 20:20:12.173 [warning] [Decorations] CAPPING events from decorations provider vscode.git 1486
2024-07-16 20:20:17.215 [warning] [Decorations] CAPPING events from decorations provider vscode.git 1486
2024-07-16 20:20:22.263 [warning] [Decorations] CAPPING events from decorations provider vscode.git 1486
2024-07-16 20:20:27.308 [warning] [Decorations] CAPPING events from decorations provider vscode.git 1486
2024-07-16 20:20:32.352 [warning] [Decorations] CAPPING events from decorations provider vscode.git 1486
2024-07-16 20:20:37.405 [warning] [Decorations] CAPPING events from decorations provider vscode.git 1486
2024-07-16 20:20:42.449 [warning] [Decorations] CAPPING events from decorations provider vscode.git 1486
2024-07-16 20:20:47.495 [warning] [Decorations] CAPPING events from decorations provider vscode.git 1486
2024-07-16 20:20:52.539 [warning] [Decorations] CAPPING events from decorations provider vscode.git 1486
2024-07-16 20:20:57.592 [warning] [Decorations] CAPPING events from decorations provider vscode.git 1486
2024-07-16 20:21:02.637 [warning] [Decorations] CAPPING events from decorations provider vscode.git 1486
2024-07-16 20:21:07.684 [warning] [Decorations] CAPPING events from decorations provider vscode.git 1486
2024-07-16 20:21:12.729 [warning] [Decorations] CAPPING events from decorations provider vscode.git 1486
2024-07-16 20:21:17.774 [warning] [Decorations] CAPPING events from decorations provider vscode.git 1486
2024-07-16 20:21:22.825 [warning] [Decorations] CAPPING events from decorations provider vscode.git 1486
2024-07-16 20:21:27.873 [warning] [Decorations] CAPPING events from decorations provider vscode.git 1486
2024-07-16 20:21:32.926 [warning] [Decorations] CAPPING events from decorations provider vscode.git 1486
2024-07-16 20:21:37.970 [warning] [Decorations] CAPPING events from decorations provider vscode.git 1486
2024-07-16 20:21:43.014 [warning] [Decorations] CAPPING events from decorations provider vscode.git 1486
2024-07-16 20:21:48.059 [warning] [Decorations] CAPPING events from decorations provider vscode.git 1486
2024-07-16 20:21:53.105 [warning] [Decorations] CAPPING events from decorations provider vscode.git 1486
2024-07-16 20:21:58.150 [warning] [Decorations] CAPPING events from decorations provider vscode.git 1486
2024-07-16 20:22:03.199 [warning] [Decorations] CAPPING events from decorations provider vscode.git 1486
2024-07-16 20:22:08.245 [warning] [Decorations] CAPPING events from decorations provider vscode.git 1486
2024-07-16 20:22:13.289 [warning] [Decorations] CAPPING events from decorations provider vscode.git 1486
2024-07-16 20:22:18.333 [warning] [Decorations] CAPPING events from decorations provider vscode.git 1486
2024-07-16 20:22:23.386 [warning] [Decorations] CAPPING events from decorations provider vscode.git 1486
2024-07-16 20:22:28.436 [warning] [Decorations] CAPPING events from decorations provider vscode.git 1486
2024-07-16 20:22:33.481 [warning] [Decorations] CAPPING events from decorations provider vscode.git 1487
2024-07-16 20:22:38.528 [warning] [Decorations] CAPPING events from decorations provider vscode.git 1487
2024-07-16 20:22:58.546 [warning] [Decorations] CAPPING events from decorations provider vscode.git 1487
2024-07-16 20:23:03.590 [warning] [Decorations] CAPPING events from decorations provider vscode.git 1487
2024-07-16 20:23:08.632 [warning] [Decorations] CAPPING events from decorations provider vscode.git 1487
2024-07-16 20:23:21.540 [warning] [Decorations] CAPPING events from decorations provider vscode.git 1488
2024-07-16 20:23:26.586 [warning] [Decorations] CAPPING events from decorations provider vscode.git 1488
2024-07-16 20:23:31.630 [warning] [Decorations] CAPPING events from decorations provider vscode.git 1488
2024-07-16 20:24:35.359 [warning] [Decorations] CAPPING events from decorations provider vscode.git 1488
2024-07-16 20:24:40.414 [warning] [Decorations] CAPPING events from decorations provider vscode.git 1488
2024-07-16 20:24:45.464 [warning] [Decorations] CAPPING events from decorations provider vscode.git 1489
2024-07-16 20:24:51.014 [warning] [Decorations] CAPPING events from decorations provider vscode.git 1489
2024-07-16 20:24:56.059 [warning] [Decorations] CAPPING events from decorations provider vscode.git 1490
2024-07-16 20:25:01.106 [warning] [Decorations] CAPPING events from decorations provider vscode.git 1490
2024-07-16 20:25:06.170 [warning] [Decorations] CAPPING events from decorations provider vscode.git 1490
2024-07-16 20:25:11.219 [warning] [Decorations] CAPPING events from decorations provider vscode.git 1490
2024-07-16 20:25:16.264 [warning] [Decorations] CAPPING events from decorations provider vscode.git 1490
2024-07-16 20:25:21.308 [warning] [Decorations] CAPPING events from decorations provider vscode.git 1490
2024-07-16 20:25:21.504 [info] ExtensionService#_doActivateExtension vscode.npm, startup: false, activationEvent: 'onTerminalQuickFixRequest:ms-vscode.npm-command'
2024-07-16 20:25:26.351 [warning] [Decorations] CAPPING events from decorations provider vscode.git 1490
2024-07-16 20:25:31.396 [warning] [Decorations] CAPPING events from decorations provider vscode.git 1490
2024-07-16 20:25:36.449 [warning] [Decorations] CAPPING events from decorations provider vscode.git 1490
2024-07-16 20:25:41.493 [warning] [Decorations] CAPPING events from decorations provider vscode.git 1490
2024-07-16 20:25:46.537 [warning] [Decorations] CAPPING events from decorations provider vscode.git 1490
2024-07-16 20:25:51.583 [warning] [Decorations] CAPPING events from decorations provider vscode.git 1490
2024-07-16 20:25:56.628 [warning] [Decorations] CAPPING events from decorations provider vscode.git 1490
2024-07-16 20:26:01.675 [warning] [Decorations] CAPPING events from decorations provider vscode.git 1490
2024-07-16 20:26:06.731 [warning] [Decorations] CAPPING events from decorations provider vscode.git 1490
2024-07-16 20:26:11.777 [warning] [Decorations] CAPPING events from decorations provider vscode.git 1490
2024-07-16 20:26:16.823 [warning] [Decorations] CAPPING events from decorations provider vscode.git 1490
2024-07-16 20:26:21.868 [warning] [Decorations] CAPPING events from decorations provider vscode.git 1490
2024-07-16 20:26:26.913 [warning] [Decorations] CAPPING events from decorations provider vscode.git 1490
2024-07-16 20:28:43.602 [warning] [Decorations] CAPPING events from decorations provider vscode.git 1490
2024-07-16 20:28:48.652 [warning] [Decorations] CAPPING events from decorations provider vscode.git 1490
2024-07-16 20:28:53.699 [warning] [Decorations] CAPPING events from decorations provider vscode.git 1490
2024-07-16 20:28:58.741 [warning] [Decorations] CAPPING events from decorations provider vscode.git 1490
2024-07-16 20:29:04.356 [warning] [Decorations] CAPPING events from decorations provider vscode.git 1490
2024-07-16 20:29:09.402 [warning] [Decorations] CAPPING events from decorations provider vscode.git 1490
2024-07-16 20:29:14.453 [warning] [Decorations] CAPPING events from decorations provider vscode.git 1490
2024-07-16 20:29:20.367 [warning] [Decorations] CAPPING events from decorations provider vscode.git 1490
2024-07-16 20:29:25.418 [warning] [Decorations] CAPPING events from decorations provider vscode.git 1490
2024-07-16 20:29:30.465 [warning] [Decorations] CAPPING events from decorations provider vscode.git 1490
2024-07-16 20:29:35.513 [warning] [Decorations] CAPPING events from decorations provider vscode.git 1490
2024-07-16 20:29:40.562 [warning] [Decorations] CAPPING events from decorations provider vscode.git 1490
2024-07-16 20:29:45.613 [warning] [Decorations] CAPPING events from decorations provider vscode.git 1490
2024-07-16 20:29:50.661 [warning] [Decorations] CAPPING events from decorations provider vscode.git 1490
2024-07-16 20:29:55.708 [warning] [Decorations] CAPPING events from decorations provider vscode.git 1490
2024-07-16 20:30:00.756 [warning] [Decorations] CAPPING events from decorations provider vscode.git 1490
2024-07-16 20:30:05.809 [warning] [Decorations] CAPPING events from decorations provider vscode.git 1490
2024-07-16 20:30:10.855 [warning] [Decorations] CAPPING events from decorations provider vscode.git 1490
2024-07-16 20:30:15.900 [warning] [Decorations] CAPPING events from decorations provider vscode.git 1490
2024-07-16 20:30:20.944 [warning] [Decorations] CAPPING events from decorations provider vscode.git 1490
2024-07-16 20:30:25.989 [warning] [Decorations] CAPPING events from decorations provider vscode.git 1490
2024-07-16 20:30:31.034 [warning] [Decorations] CAPPING events from decorations provider vscode.git 1490
2024-07-16 20:30:36.087 [warning] [Decorations] CAPPING events from decorations provider vscode.git 1490
2024-07-16 20:30:41.134 [warning] [Decorations] CAPPING events from decorations provider vscode.git 1490
2024-07-16 20:30:46.183 [warning] [Decorations] CAPPING events from decorations provider vscode.git 1490
2024-07-16 20:30:51.223 [warning] [Decorations] CAPPING events from decorations provider vscode.git 1490
