2024-07-15 23:56:17.264 [info] Log level: Info
2024-07-15 23:56:17.264 [info] Validating found git in: "git"
2024-07-15 23:56:17.264 [info] Using git "2.34.1" from "git"
2024-07-15 23:56:17.264 [info] > git rev-parse --show-toplevel [73ms]
2024-07-15 23:56:17.267 [info] > git rev-parse --git-dir --git-common-dir [10ms]
2024-07-15 23:56:17.289 [info] Open repository: /home/coder123
2024-07-15 23:56:17.372 [info] > git rev-parse --show-toplevel [68ms]
2024-07-15 23:56:17.374 [info] > git config --get commit.template [74ms]
2024-07-15 23:56:17.399 [info] > git rev-parse --show-toplevel [16ms]
2024-07-15 23:56:17.410 [info] > git rev-parse --show-toplevel [5ms]
2024-07-15 23:56:17.411 [info] > git for-each-ref --format=%(refname)%00%(upstream:short)%00%(objectname)%00%(upstream:track)%00%(upstream:remotename)%00%(upstream:remoteref) refs/heads/navbar refs/remotes/navbar [17ms]
2024-07-15 23:56:17.417 [info] > git rev-parse --show-toplevel [1ms]
2024-07-15 23:56:17.431 [info] > git rev-parse --show-toplevel [2ms]
2024-07-15 23:56:17.502 [info] > git status -z -uall [78ms]
2024-07-15 23:56:17.652 [info] > git for-each-ref --format=%(refname)%00%(upstream:short)%00%(objectname)%00%(upstream:track)%00%(upstream:remotename)%00%(upstream:remoteref) refs/heads/navbar refs/remotes/navbar [138ms]
2024-07-15 23:56:17.842 [info] > git config --local branch.navbar.vscode-merge-base [186ms]
2024-07-15 23:56:17.848 [info] > git config --get commit.template [196ms]
2024-07-15 23:56:17.864 [info] > git for-each-ref --format=%(refname)%00%(upstream:short)%00%(objectname)%00%(upstream:track)%00%(upstream:remotename)%00%(upstream:remoteref) refs/heads/origin/main refs/remotes/origin/main [18ms]
2024-07-15 23:56:17.881 [info] > git for-each-ref --format=%(refname)%00%(upstream:short)%00%(objectname)%00%(upstream:track)%00%(upstream:remotename)%00%(upstream:remoteref) refs/heads/navbar refs/remotes/navbar [3ms]
2024-07-15 23:56:17.882 [info] > git merge-base refs/heads/navbar refs/remotes/origin/navbar [11ms]
2024-07-15 23:56:17.894 [info] > git rev-list --count --left-right refs/heads/navbar...refs/remotes/origin/navbar [8ms]
2024-07-15 23:56:17.899 [info] > git check-ignore -v -z --stdin [6ms]
2024-07-15 23:56:17.901 [info] > git diff --name-status -z --diff-filter=ADMR 4e7e72bce11f3349fff8dd161feb8f141909d5e9...refs/remotes/origin/navbar [4ms]
2024-07-15 23:56:17.922 [info] > git status -z -uall [16ms]
2024-07-15 23:56:17.922 [info] > git show --textconv :personal_site/style.css [6ms]
2024-07-15 23:56:17.967 [info] > git for-each-ref --format=%(refname)%00%(upstream:short)%00%(objectname)%00%(upstream:track)%00%(upstream:remotename)%00%(upstream:remoteref) refs/heads/navbar refs/remotes/navbar [36ms]
2024-07-15 23:56:17.970 [info] > git ls-files --stage -- /home/coder123/personal_site/style.css [50ms]
2024-07-15 23:56:17.981 [info] > git config --local branch.navbar.vscode-merge-base [11ms]
2024-07-15 23:56:17.987 [info] > git cat-file -s 4cbccd4bafc6abedb01b658ab20594e04019a2f6 [13ms]
2024-07-15 23:56:17.989 [info] > git for-each-ref --format=%(refname)%00%(upstream:short)%00%(objectname)%00%(upstream:track)%00%(upstream:remotename)%00%(upstream:remoteref) refs/heads/origin/main refs/remotes/origin/main [3ms]
2024-07-15 23:56:19.631 [info] > git config --get commit.template [4ms]
2024-07-15 23:56:19.632 [info] > git for-each-ref --format=%(refname)%00%(upstream:short)%00%(objectname)%00%(upstream:track)%00%(upstream:remotename)%00%(upstream:remoteref) refs/heads/navbar refs/remotes/navbar [2ms]
2024-07-15 23:56:19.646 [info] > git status -z -uall [11ms]
2024-07-15 23:56:19.665 [info] > git for-each-ref --format=%(refname)%00%(upstream:short)%00%(objectname)%00%(upstream:track)%00%(upstream:remotename)%00%(upstream:remoteref) refs/heads/navbar refs/remotes/navbar [14ms]
2024-07-15 23:56:19.672 [info] > git config --local branch.navbar.vscode-merge-base [3ms]
2024-07-15 23:56:19.677 [info] > git for-each-ref --format=%(refname)%00%(upstream:short)%00%(objectname)%00%(upstream:track)%00%(upstream:remotename)%00%(upstream:remoteref) refs/heads/origin/main refs/remotes/origin/main [1ms]
2024-07-15 23:56:24.672 [info] > git config --get commit.template [4ms]
2024-07-15 23:56:24.673 [info] > git for-each-ref --format=%(refname)%00%(upstream:short)%00%(objectname)%00%(upstream:track)%00%(upstream:remotename)%00%(upstream:remoteref) refs/heads/navbar refs/remotes/navbar [1ms]
2024-07-15 23:56:24.688 [info] > git status -z -uall [10ms]
2024-07-15 23:56:24.705 [info] > git for-each-ref --format=%(refname)%00%(upstream:short)%00%(objectname)%00%(upstream:track)%00%(upstream:remotename)%00%(upstream:remoteref) refs/heads/navbar refs/remotes/navbar [11ms]
2024-07-15 23:56:24.710 [info] > git config --local branch.navbar.vscode-merge-base [2ms]
2024-07-15 23:56:24.717 [info] > git for-each-ref --format=%(refname)%00%(upstream:short)%00%(objectname)%00%(upstream:track)%00%(upstream:remotename)%00%(upstream:remoteref) refs/heads/origin/main refs/remotes/origin/main [4ms]
2024-07-15 23:56:26.667 [info] > git show --textconv :personal_site/about.html [4ms]
2024-07-15 23:56:26.667 [info] > git ls-files --stage -- /home/coder123/personal_site/about.html [1ms]
2024-07-15 23:56:26.673 [info] > git cat-file -s e69de29bb2d1d6434b8b29ae775ad8c2e48c5391 [2ms]
2024-07-15 23:56:29.715 [info] > git config --get commit.template [4ms]
2024-07-15 23:56:29.716 [info] > git for-each-ref --format=%(refname)%00%(upstream:short)%00%(objectname)%00%(upstream:track)%00%(upstream:remotename)%00%(upstream:remoteref) refs/heads/navbar refs/remotes/navbar [2ms]
2024-07-15 23:56:29.730 [info] > git status -z -uall [10ms]
2024-07-15 23:56:29.753 [info] > git for-each-ref --format=%(refname)%00%(upstream:short)%00%(objectname)%00%(upstream:track)%00%(upstream:remotename)%00%(upstream:remoteref) refs/heads/navbar refs/remotes/navbar [17ms]
2024-07-15 23:56:29.757 [info] > git config --local branch.navbar.vscode-merge-base [1ms]
2024-07-15 23:56:29.765 [info] > git for-each-ref --format=%(refname)%00%(upstream:short)%00%(objectname)%00%(upstream:track)%00%(upstream:remotename)%00%(upstream:remoteref) refs/heads/origin/main refs/remotes/origin/main [3ms]
2024-07-15 23:56:34.633 [info] > git show --textconv :personal_site/home.html [4ms]
2024-07-15 23:56:34.634 [info] > git ls-files --stage -- /home/coder123/personal_site/home.html [2ms]
2024-07-15 23:56:34.640 [info] > git cat-file -s 334339deaca7f0b666efb448d14fcc24e8b0437e [3ms]
2024-07-15 23:56:34.762 [info] > git config --get commit.template [3ms]
2024-07-15 23:56:34.762 [info] > git for-each-ref --format=%(refname)%00%(upstream:short)%00%(objectname)%00%(upstream:track)%00%(upstream:remotename)%00%(upstream:remoteref) refs/heads/navbar refs/remotes/navbar [1ms]
2024-07-15 23:56:34.776 [info] > git status -z -uall [10ms]
2024-07-15 23:56:34.792 [info] > git for-each-ref --format=%(refname)%00%(upstream:short)%00%(objectname)%00%(upstream:track)%00%(upstream:remotename)%00%(upstream:remoteref) refs/heads/navbar refs/remotes/navbar [10ms]
2024-07-15 23:56:34.797 [info] > git config --local branch.navbar.vscode-merge-base [1ms]
2024-07-15 23:56:34.803 [info] > git for-each-ref --format=%(refname)%00%(upstream:short)%00%(objectname)%00%(upstream:track)%00%(upstream:remotename)%00%(upstream:remoteref) refs/heads/origin/main refs/remotes/origin/main [3ms]
2024-07-15 23:56:39.798 [info] > git config --get commit.template [1ms]
2024-07-15 23:56:39.803 [info] > git for-each-ref --format=%(refname)%00%(upstream:short)%00%(objectname)%00%(upstream:track)%00%(upstream:remotename)%00%(upstream:remoteref) refs/heads/navbar refs/remotes/navbar [2ms]
2024-07-15 23:56:39.818 [info] > git status -z -uall [10ms]
2024-07-15 23:56:39.838 [info] > git for-each-ref --format=%(refname)%00%(upstream:short)%00%(objectname)%00%(upstream:track)%00%(upstream:remotename)%00%(upstream:remoteref) refs/heads/navbar refs/remotes/navbar [13ms]
2024-07-15 23:56:39.842 [info] > git config --local branch.navbar.vscode-merge-base [0ms]
2024-07-15 23:56:39.849 [info] > git for-each-ref --format=%(refname)%00%(upstream:short)%00%(objectname)%00%(upstream:track)%00%(upstream:remotename)%00%(upstream:remoteref) refs/heads/origin/main refs/remotes/origin/main [3ms]
2024-07-15 23:56:44.844 [info] > git config --get commit.template [4ms]
2024-07-15 23:56:44.845 [info] > git for-each-ref --format=%(refname)%00%(upstream:short)%00%(objectname)%00%(upstream:track)%00%(upstream:remotename)%00%(upstream:remoteref) refs/heads/navbar refs/remotes/navbar [2ms]
2024-07-15 23:56:44.858 [info] > git status -z -uall [10ms]
2024-07-15 23:56:44.875 [info] > git for-each-ref --format=%(refname)%00%(upstream:short)%00%(objectname)%00%(upstream:track)%00%(upstream:remotename)%00%(upstream:remoteref) refs/heads/navbar refs/remotes/navbar [10ms]
2024-07-15 23:56:44.879 [info] > git config --local branch.navbar.vscode-merge-base [1ms]
2024-07-15 23:56:44.883 [info] > git for-each-ref --format=%(refname)%00%(upstream:short)%00%(objectname)%00%(upstream:track)%00%(upstream:remotename)%00%(upstream:remoteref) refs/heads/origin/main refs/remotes/origin/main [1ms]
2024-07-15 23:56:49.882 [info] > git config --get commit.template [1ms]
2024-07-15 23:56:49.886 [info] > git for-each-ref --format=%(refname)%00%(upstream:short)%00%(objectname)%00%(upstream:track)%00%(upstream:remotename)%00%(upstream:remoteref) refs/heads/navbar refs/remotes/navbar [1ms]
2024-07-15 23:56:49.900 [info] > git status -z -uall [10ms]
2024-07-15 23:56:49.920 [info] > git for-each-ref --format=%(refname)%00%(upstream:short)%00%(objectname)%00%(upstream:track)%00%(upstream:remotename)%00%(upstream:remoteref) refs/heads/navbar refs/remotes/navbar [15ms]
2024-07-15 23:56:49.928 [info] > git config --local branch.navbar.vscode-merge-base [4ms]
2024-07-15 23:56:49.933 [info] > git for-each-ref --format=%(refname)%00%(upstream:short)%00%(objectname)%00%(upstream:track)%00%(upstream:remotename)%00%(upstream:remoteref) refs/heads/origin/main refs/remotes/origin/main [2ms]
2024-07-15 23:56:55.644 [info] > git config --get commit.template [5ms]
2024-07-15 23:56:55.645 [info] > git for-each-ref --format=%(refname)%00%(upstream:short)%00%(objectname)%00%(upstream:track)%00%(upstream:remotename)%00%(upstream:remoteref) refs/heads/navbar refs/remotes/navbar [2ms]
2024-07-15 23:56:55.659 [info] > git status -z -uall [9ms]
2024-07-15 23:56:55.676 [info] > git for-each-ref --format=%(refname)%00%(upstream:short)%00%(objectname)%00%(upstream:track)%00%(upstream:remotename)%00%(upstream:remoteref) refs/heads/navbar refs/remotes/navbar [11ms]
2024-07-15 23:56:55.680 [info] > git config --local branch.navbar.vscode-merge-base [1ms]
2024-07-15 23:56:55.687 [info] > git for-each-ref --format=%(refname)%00%(upstream:short)%00%(objectname)%00%(upstream:track)%00%(upstream:remotename)%00%(upstream:remoteref) refs/heads/origin/main refs/remotes/origin/main [3ms]
2024-07-15 23:57:00.683 [info] > git config --get commit.template [1ms]
2024-07-15 23:57:00.688 [info] > git for-each-ref --format=%(refname)%00%(upstream:short)%00%(objectname)%00%(upstream:track)%00%(upstream:remotename)%00%(upstream:remoteref) refs/heads/navbar refs/remotes/navbar [1ms]
2024-07-15 23:57:00.702 [info] > git status -z -uall [9ms]
2024-07-15 23:57:00.718 [info] > git for-each-ref --format=%(refname)%00%(upstream:short)%00%(objectname)%00%(upstream:track)%00%(upstream:remotename)%00%(upstream:remoteref) refs/heads/navbar refs/remotes/navbar [10ms]
2024-07-15 23:57:00.722 [info] > git config --local branch.navbar.vscode-merge-base [1ms]
2024-07-15 23:57:00.731 [info] > git for-each-ref --format=%(refname)%00%(upstream:short)%00%(objectname)%00%(upstream:track)%00%(upstream:remotename)%00%(upstream:remoteref) refs/heads/origin/main refs/remotes/origin/main [6ms]
2024-07-15 23:57:05.728 [info] > git config --get commit.template [4ms]
2024-07-15 23:57:05.729 [info] > git for-each-ref --format=%(refname)%00%(upstream:short)%00%(objectname)%00%(upstream:track)%00%(upstream:remotename)%00%(upstream:remoteref) refs/heads/navbar refs/remotes/navbar [2ms]
2024-07-15 23:57:05.742 [info] > git status -z -uall [9ms]
2024-07-15 23:57:05.760 [info] > git for-each-ref --format=%(refname)%00%(upstream:short)%00%(objectname)%00%(upstream:track)%00%(upstream:remotename)%00%(upstream:remoteref) refs/heads/navbar refs/remotes/navbar [11ms]
2024-07-15 23:57:05.764 [info] > git config --local branch.navbar.vscode-merge-base [1ms]
2024-07-15 23:57:05.772 [info] > git for-each-ref --format=%(refname)%00%(upstream:short)%00%(objectname)%00%(upstream:track)%00%(upstream:remotename)%00%(upstream:remoteref) refs/heads/origin/main refs/remotes/origin/main [4ms]
2024-07-15 23:57:10.769 [info] > git config --get commit.template [4ms]
2024-07-15 23:57:10.770 [info] > git for-each-ref --format=%(refname)%00%(upstream:short)%00%(objectname)%00%(upstream:track)%00%(upstream:remotename)%00%(upstream:remoteref) refs/heads/navbar refs/remotes/navbar [2ms]
2024-07-15 23:57:10.784 [info] > git status -z -uall [10ms]
2024-07-15 23:57:10.801 [info] > git for-each-ref --format=%(refname)%00%(upstream:short)%00%(objectname)%00%(upstream:track)%00%(upstream:remotename)%00%(upstream:remoteref) refs/heads/navbar refs/remotes/navbar [10ms]
2024-07-15 23:57:10.805 [info] > git config --local branch.navbar.vscode-merge-base [1ms]
2024-07-15 23:57:10.814 [info] > git for-each-ref --format=%(refname)%00%(upstream:short)%00%(objectname)%00%(upstream:track)%00%(upstream:remotename)%00%(upstream:remoteref) refs/heads/origin/main refs/remotes/origin/main [5ms]
2024-07-15 23:57:15.808 [info] > git config --get commit.template [4ms]
2024-07-15 23:57:15.809 [info] > git for-each-ref --format=%(refname)%00%(upstream:short)%00%(objectname)%00%(upstream:track)%00%(upstream:remotename)%00%(upstream:remoteref) refs/heads/navbar refs/remotes/navbar [2ms]
2024-07-15 23:57:15.822 [info] > git status -z -uall [10ms]
2024-07-15 23:57:15.839 [info] > git for-each-ref --format=%(refname)%00%(upstream:short)%00%(objectname)%00%(upstream:track)%00%(upstream:remotename)%00%(upstream:remoteref) refs/heads/navbar refs/remotes/navbar [11ms]
2024-07-15 23:57:15.843 [info] > git config --local branch.navbar.vscode-merge-base [1ms]
2024-07-15 23:57:15.849 [info] > git for-each-ref --format=%(refname)%00%(upstream:short)%00%(objectname)%00%(upstream:track)%00%(upstream:remotename)%00%(upstream:remoteref) refs/heads/origin/main refs/remotes/origin/main [1ms]
2024-07-15 23:57:59.778 [info] > git config --get commit.template [6ms]
2024-07-15 23:57:59.779 [info] > git for-each-ref --format=%(refname)%00%(upstream:short)%00%(objectname)%00%(upstream:track)%00%(upstream:remotename)%00%(upstream:remoteref) refs/heads/navbar refs/remotes/navbar [2ms]
2024-07-15 23:57:59.797 [info] > git status -z -uall [13ms]
2024-07-15 23:57:59.824 [info] > git for-each-ref --format=%(refname)%00%(upstream:short)%00%(objectname)%00%(upstream:track)%00%(upstream:remotename)%00%(upstream:remoteref) refs/heads/navbar refs/remotes/navbar [16ms]
2024-07-15 23:57:59.830 [info] > git config --local branch.navbar.vscode-merge-base [1ms]
2024-07-15 23:57:59.836 [info] > git for-each-ref --format=%(refname)%00%(upstream:short)%00%(objectname)%00%(upstream:track)%00%(upstream:remotename)%00%(upstream:remoteref) refs/heads/origin/main refs/remotes/origin/main [1ms]
2024-07-15 23:58:04.835 [info] > git config --get commit.template [4ms]
2024-07-15 23:58:04.836 [info] > git for-each-ref --format=%(refname)%00%(upstream:short)%00%(objectname)%00%(upstream:track)%00%(upstream:remotename)%00%(upstream:remoteref) refs/heads/navbar refs/remotes/navbar [2ms]
2024-07-15 23:58:04.850 [info] > git status -z -uall [11ms]
2024-07-15 23:58:04.871 [info] > git for-each-ref --format=%(refname)%00%(upstream:short)%00%(objectname)%00%(upstream:track)%00%(upstream:remotename)%00%(upstream:remoteref) refs/heads/navbar refs/remotes/navbar [13ms]
2024-07-15 23:58:04.876 [info] > git config --local branch.navbar.vscode-merge-base [1ms]
2024-07-15 23:58:04.885 [info] > git for-each-ref --format=%(refname)%00%(upstream:short)%00%(objectname)%00%(upstream:track)%00%(upstream:remotename)%00%(upstream:remoteref) refs/heads/origin/main refs/remotes/origin/main [4ms]
2024-07-15 23:58:09.879 [info] > git config --get commit.template [1ms]
2024-07-15 23:58:09.884 [info] > git for-each-ref --format=%(refname)%00%(upstream:short)%00%(objectname)%00%(upstream:track)%00%(upstream:remotename)%00%(upstream:remoteref) refs/heads/navbar refs/remotes/navbar [1ms]
2024-07-15 23:58:09.900 [info] > git status -z -uall [11ms]
2024-07-15 23:58:09.924 [info] > git for-each-ref --format=%(refname)%00%(upstream:short)%00%(objectname)%00%(upstream:track)%00%(upstream:remotename)%00%(upstream:remoteref) refs/heads/navbar refs/remotes/navbar [16ms]
2024-07-15 23:58:09.929 [info] > git config --local branch.navbar.vscode-merge-base [1ms]
2024-07-15 23:58:09.937 [info] > git for-each-ref --format=%(refname)%00%(upstream:short)%00%(objectname)%00%(upstream:track)%00%(upstream:remotename)%00%(upstream:remoteref) refs/heads/origin/main refs/remotes/origin/main [3ms]
2024-07-15 23:58:14.930 [info] > git config --get commit.template [5ms]
2024-07-15 23:58:14.931 [info] > git for-each-ref --format=%(refname)%00%(upstream:short)%00%(objectname)%00%(upstream:track)%00%(upstream:remotename)%00%(upstream:remoteref) refs/heads/navbar refs/remotes/navbar [1ms]
2024-07-15 23:58:14.946 [info] > git status -z -uall [10ms]
2024-07-15 23:58:14.964 [info] > git for-each-ref --format=%(refname)%00%(upstream:short)%00%(objectname)%00%(upstream:track)%00%(upstream:remotename)%00%(upstream:remoteref) refs/heads/navbar refs/remotes/navbar [12ms]
2024-07-15 23:58:14.969 [info] > git config --local branch.navbar.vscode-merge-base [1ms]
2024-07-15 23:58:14.980 [info] > git for-each-ref --format=%(refname)%00%(upstream:short)%00%(objectname)%00%(upstream:track)%00%(upstream:remotename)%00%(upstream:remoteref) refs/heads/origin/main refs/remotes/origin/main [7ms]
2024-07-15 23:58:19.969 [info] > git config --get commit.template [1ms]
2024-07-15 23:58:19.974 [info] > git for-each-ref --format=%(refname)%00%(upstream:short)%00%(objectname)%00%(upstream:track)%00%(upstream:remotename)%00%(upstream:remoteref) refs/heads/navbar refs/remotes/navbar [2ms]
2024-07-15 23:58:19.987 [info] > git status -z -uall [9ms]
2024-07-15 23:58:20.004 [info] > git for-each-ref --format=%(refname)%00%(upstream:short)%00%(objectname)%00%(upstream:track)%00%(upstream:remotename)%00%(upstream:remoteref) refs/heads/navbar refs/remotes/navbar [11ms]
2024-07-15 23:58:20.010 [info] > git config --local branch.navbar.vscode-merge-base [1ms]
2024-07-15 23:58:20.015 [info] > git for-each-ref --format=%(refname)%00%(upstream:short)%00%(objectname)%00%(upstream:track)%00%(upstream:remotename)%00%(upstream:remoteref) refs/heads/origin/main refs/remotes/origin/main [2ms]
2024-07-15 23:58:25.014 [info] > git config --get commit.template [6ms]
2024-07-15 23:58:25.016 [info] > git for-each-ref --format=%(refname)%00%(upstream:short)%00%(objectname)%00%(upstream:track)%00%(upstream:remotename)%00%(upstream:remoteref) refs/heads/navbar refs/remotes/navbar [3ms]
2024-07-15 23:58:25.037 [info] > git status -z -uall [14ms]
2024-07-15 23:58:25.071 [info] > git for-each-ref --format=%(refname)%00%(upstream:short)%00%(objectname)%00%(upstream:track)%00%(upstream:remotename)%00%(upstream:remoteref) refs/heads/navbar refs/remotes/navbar [25ms]
2024-07-15 23:58:25.082 [info] > git config --local branch.navbar.vscode-merge-base [5ms]
2024-07-15 23:58:25.088 [info] > git for-each-ref --format=%(refname)%00%(upstream:short)%00%(objectname)%00%(upstream:track)%00%(upstream:remotename)%00%(upstream:remoteref) refs/heads/origin/main refs/remotes/origin/main [2ms]
2024-07-15 23:58:30.067 [info] > git config --get commit.template [2ms]
2024-07-15 23:58:30.071 [info] > git for-each-ref --format=%(refname)%00%(upstream:short)%00%(objectname)%00%(upstream:track)%00%(upstream:remotename)%00%(upstream:remoteref) refs/heads/navbar refs/remotes/navbar [1ms]
2024-07-15 23:58:30.085 [info] > git status -z -uall [10ms]
2024-07-15 23:58:30.102 [info] > git for-each-ref --format=%(refname)%00%(upstream:short)%00%(objectname)%00%(upstream:track)%00%(upstream:remotename)%00%(upstream:remoteref) refs/heads/navbar refs/remotes/navbar [11ms]
2024-07-15 23:58:30.107 [info] > git config --local branch.navbar.vscode-merge-base [1ms]
2024-07-15 23:58:30.115 [info] > git for-each-ref --format=%(refname)%00%(upstream:short)%00%(objectname)%00%(upstream:track)%00%(upstream:remotename)%00%(upstream:remoteref) refs/heads/origin/main refs/remotes/origin/main [4ms]
2024-07-15 23:58:35.111 [info] > git config --get commit.template [4ms]
2024-07-15 23:58:35.111 [info] > git for-each-ref --format=%(refname)%00%(upstream:short)%00%(objectname)%00%(upstream:track)%00%(upstream:remotename)%00%(upstream:remoteref) refs/heads/navbar refs/remotes/navbar [2ms]
2024-07-15 23:58:35.125 [info] > git status -z -uall [10ms]
2024-07-15 23:58:35.142 [info] > git for-each-ref --format=%(refname)%00%(upstream:short)%00%(objectname)%00%(upstream:track)%00%(upstream:remotename)%00%(upstream:remoteref) refs/heads/navbar refs/remotes/navbar [11ms]
2024-07-15 23:58:35.147 [info] > git config --local branch.navbar.vscode-merge-base [2ms]
2024-07-15 23:58:35.152 [info] > git for-each-ref --format=%(refname)%00%(upstream:short)%00%(objectname)%00%(upstream:track)%00%(upstream:remotename)%00%(upstream:remoteref) refs/heads/origin/main refs/remotes/origin/main [2ms]
2024-07-15 23:58:37.227 [info] > git show --textconv :personal_site/about.html [4ms]
2024-07-15 23:58:37.228 [info] > git ls-files --stage -- /home/coder123/personal_site/about.html [2ms]
2024-07-15 23:58:37.233 [info] > git cat-file -s e69de29bb2d1d6434b8b29ae775ad8c2e48c5391 [1ms]
2024-07-15 23:58:40.151 [info] > git config --get commit.template [4ms]
2024-07-15 23:58:40.153 [info] > git for-each-ref --format=%(refname)%00%(upstream:short)%00%(objectname)%00%(upstream:track)%00%(upstream:remotename)%00%(upstream:remoteref) refs/heads/navbar refs/remotes/navbar [1ms]
2024-07-15 23:58:40.166 [info] > git status -z -uall [10ms]
2024-07-15 23:58:40.185 [info] > git for-each-ref --format=%(refname)%00%(upstream:short)%00%(objectname)%00%(upstream:track)%00%(upstream:remotename)%00%(upstream:remoteref) refs/heads/navbar refs/remotes/navbar [12ms]
2024-07-15 23:58:40.191 [info] > git config --local branch.navbar.vscode-merge-base [1ms]
2024-07-15 23:58:40.199 [info] > git for-each-ref --format=%(refname)%00%(upstream:short)%00%(objectname)%00%(upstream:track)%00%(upstream:remotename)%00%(upstream:remoteref) refs/heads/origin/main refs/remotes/origin/main [4ms]
2024-07-15 23:58:45.192 [info] > git config --get commit.template [4ms]
2024-07-15 23:58:45.194 [info] > git for-each-ref --format=%(refname)%00%(upstream:short)%00%(objectname)%00%(upstream:track)%00%(upstream:remotename)%00%(upstream:remoteref) refs/heads/navbar refs/remotes/navbar [2ms]
2024-07-15 23:58:45.207 [info] > git status -z -uall [10ms]
2024-07-15 23:58:45.225 [info] > git for-each-ref --format=%(refname)%00%(upstream:short)%00%(objectname)%00%(upstream:track)%00%(upstream:remotename)%00%(upstream:remoteref) refs/heads/navbar refs/remotes/navbar [11ms]
2024-07-15 23:58:45.231 [info] > git config --local branch.navbar.vscode-merge-base [1ms]
2024-07-15 23:58:45.237 [info] > git for-each-ref --format=%(refname)%00%(upstream:short)%00%(objectname)%00%(upstream:track)%00%(upstream:remotename)%00%(upstream:remoteref) refs/heads/origin/main refs/remotes/origin/main [2ms]
2024-07-15 23:58:50.674 [info] > git config --get commit.template [1ms]
2024-07-15 23:58:50.679 [info] > git for-each-ref --format=%(refname)%00%(upstream:short)%00%(objectname)%00%(upstream:track)%00%(upstream:remotename)%00%(upstream:remoteref) refs/heads/navbar refs/remotes/navbar [1ms]
2024-07-15 23:58:50.696 [info] > git status -z -uall [13ms]
2024-07-15 23:58:50.728 [info] > git for-each-ref --format=%(refname)%00%(upstream:short)%00%(objectname)%00%(upstream:track)%00%(upstream:remotename)%00%(upstream:remoteref) refs/heads/navbar refs/remotes/navbar [24ms]
2024-07-15 23:58:50.738 [info] > git config --local branch.navbar.vscode-merge-base [4ms]
2024-07-15 23:58:50.743 [info] > git for-each-ref --format=%(refname)%00%(upstream:short)%00%(objectname)%00%(upstream:track)%00%(upstream:remotename)%00%(upstream:remoteref) refs/heads/origin/main refs/remotes/origin/main [1ms]
2024-07-15 23:58:56.679 [info] > git config --get commit.template [4ms]
2024-07-15 23:58:56.680 [info] > git for-each-ref --format=%(refname)%00%(upstream:short)%00%(objectname)%00%(upstream:track)%00%(upstream:remotename)%00%(upstream:remoteref) refs/heads/navbar refs/remotes/navbar [1ms]
2024-07-15 23:58:56.694 [info] > git status -z -uall [11ms]
2024-07-15 23:58:56.711 [info] > git for-each-ref --format=%(refname)%00%(upstream:short)%00%(objectname)%00%(upstream:track)%00%(upstream:remotename)%00%(upstream:remoteref) refs/heads/navbar refs/remotes/navbar [11ms]
2024-07-15 23:58:56.715 [info] > git config --local branch.navbar.vscode-merge-base [1ms]
2024-07-15 23:58:56.724 [info] > git for-each-ref --format=%(refname)%00%(upstream:short)%00%(objectname)%00%(upstream:track)%00%(upstream:remotename)%00%(upstream:remoteref) refs/heads/origin/main refs/remotes/origin/main [5ms]
2024-07-15 23:59:01.715 [info] > git config --get commit.template [1ms]
2024-07-15 23:59:01.721 [info] > git for-each-ref --format=%(refname)%00%(upstream:short)%00%(objectname)%00%(upstream:track)%00%(upstream:remotename)%00%(upstream:remoteref) refs/heads/navbar refs/remotes/navbar [2ms]
2024-07-15 23:59:01.737 [info] > git status -z -uall [11ms]
2024-07-15 23:59:01.760 [info] > git for-each-ref --format=%(refname)%00%(upstream:short)%00%(objectname)%00%(upstream:track)%00%(upstream:remotename)%00%(upstream:remoteref) refs/heads/navbar refs/remotes/navbar [15ms]
2024-07-15 23:59:01.767 [info] > git config --local branch.navbar.vscode-merge-base [3ms]
2024-07-15 23:59:01.773 [info] > git for-each-ref --format=%(refname)%00%(upstream:short)%00%(objectname)%00%(upstream:track)%00%(upstream:remotename)%00%(upstream:remoteref) refs/heads/origin/main refs/remotes/origin/main [2ms]
2024-07-15 23:59:08.681 [info] > git config --get commit.template [2ms]
2024-07-15 23:59:08.686 [info] > git for-each-ref --format=%(refname)%00%(upstream:short)%00%(objectname)%00%(upstream:track)%00%(upstream:remotename)%00%(upstream:remoteref) refs/heads/navbar refs/remotes/navbar [2ms]
2024-07-15 23:59:08.701 [info] > git status -z -uall [11ms]
2024-07-15 23:59:08.719 [info] > git for-each-ref --format=%(refname)%00%(upstream:short)%00%(objectname)%00%(upstream:track)%00%(upstream:remotename)%00%(upstream:remoteref) refs/heads/navbar refs/remotes/navbar [12ms]
2024-07-15 23:59:08.727 [info] > git config --local branch.navbar.vscode-merge-base [1ms]
2024-07-15 23:59:08.736 [info] > git for-each-ref --format=%(refname)%00%(upstream:short)%00%(objectname)%00%(upstream:track)%00%(upstream:remotename)%00%(upstream:remoteref) refs/heads/origin/main refs/remotes/origin/main [4ms]
2024-07-15 23:59:13.725 [info] > git config --get commit.template [1ms]
2024-07-15 23:59:13.729 [info] > git for-each-ref --format=%(refname)%00%(upstream:short)%00%(objectname)%00%(upstream:track)%00%(upstream:remotename)%00%(upstream:remoteref) refs/heads/navbar refs/remotes/navbar [1ms]
2024-07-15 23:59:13.743 [info] > git status -z -uall [9ms]
2024-07-15 23:59:13.761 [info] > git for-each-ref --format=%(refname)%00%(upstream:short)%00%(objectname)%00%(upstream:track)%00%(upstream:remotename)%00%(upstream:remoteref) refs/heads/navbar refs/remotes/navbar [10ms]
2024-07-15 23:59:13.765 [info] > git config --local branch.navbar.vscode-merge-base [1ms]
2024-07-15 23:59:13.773 [info] > git for-each-ref --format=%(refname)%00%(upstream:short)%00%(objectname)%00%(upstream:track)%00%(upstream:remotename)%00%(upstream:remoteref) refs/heads/origin/main refs/remotes/origin/main [4ms]
2024-07-15 23:59:18.765 [info] > git config --get commit.template [1ms]
2024-07-15 23:59:18.770 [info] > git for-each-ref --format=%(refname)%00%(upstream:short)%00%(objectname)%00%(upstream:track)%00%(upstream:remotename)%00%(upstream:remoteref) refs/heads/navbar refs/remotes/navbar [1ms]
2024-07-15 23:59:18.784 [info] > git status -z -uall [11ms]
2024-07-15 23:59:18.822 [info] > git for-each-ref --format=%(refname)%00%(upstream:short)%00%(objectname)%00%(upstream:track)%00%(upstream:remotename)%00%(upstream:remoteref) refs/heads/navbar refs/remotes/navbar [26ms]
2024-07-15 23:59:18.830 [info] > git config --local branch.navbar.vscode-merge-base [3ms]
2024-07-15 23:59:18.835 [info] > git for-each-ref --format=%(refname)%00%(upstream:short)%00%(objectname)%00%(upstream:track)%00%(upstream:remotename)%00%(upstream:remoteref) refs/heads/origin/main refs/remotes/origin/main [1ms]
2024-07-15 23:59:23.825 [info] > git config --get commit.template [4ms]
2024-07-15 23:59:23.826 [info] > git for-each-ref --format=%(refname)%00%(upstream:short)%00%(objectname)%00%(upstream:track)%00%(upstream:remotename)%00%(upstream:remoteref) refs/heads/navbar refs/remotes/navbar [1ms]
2024-07-15 23:59:23.840 [info] > git status -z -uall [10ms]
2024-07-15 23:59:23.858 [info] > git for-each-ref --format=%(refname)%00%(upstream:short)%00%(objectname)%00%(upstream:track)%00%(upstream:remotename)%00%(upstream:remoteref) refs/heads/navbar refs/remotes/navbar [11ms]
2024-07-15 23:59:23.863 [info] > git config --local branch.navbar.vscode-merge-base [1ms]
2024-07-15 23:59:23.870 [info] > git for-each-ref --format=%(refname)%00%(upstream:short)%00%(objectname)%00%(upstream:track)%00%(upstream:remotename)%00%(upstream:remoteref) refs/heads/origin/main refs/remotes/origin/main [3ms]
2024-07-15 23:59:28.865 [info] > git config --get commit.template [4ms]
2024-07-15 23:59:28.866 [info] > git for-each-ref --format=%(refname)%00%(upstream:short)%00%(objectname)%00%(upstream:track)%00%(upstream:remotename)%00%(upstream:remoteref) refs/heads/navbar refs/remotes/navbar [1ms]
2024-07-15 23:59:28.880 [info] > git status -z -uall [10ms]
2024-07-15 23:59:28.897 [info] > git for-each-ref --format=%(refname)%00%(upstream:short)%00%(objectname)%00%(upstream:track)%00%(upstream:remotename)%00%(upstream:remoteref) refs/heads/navbar refs/remotes/navbar [10ms]
2024-07-15 23:59:28.902 [info] > git config --local branch.navbar.vscode-merge-base [1ms]
2024-07-15 23:59:28.909 [info] > git for-each-ref --format=%(refname)%00%(upstream:short)%00%(objectname)%00%(upstream:track)%00%(upstream:remotename)%00%(upstream:remoteref) refs/heads/origin/main refs/remotes/origin/main [3ms]
2024-07-15 23:59:33.901 [info] > git config --get commit.template [1ms]
2024-07-15 23:59:33.906 [info] > git for-each-ref --format=%(refname)%00%(upstream:short)%00%(objectname)%00%(upstream:track)%00%(upstream:remotename)%00%(upstream:remoteref) refs/heads/navbar refs/remotes/navbar [2ms]
2024-07-15 23:59:33.919 [info] > git status -z -uall [10ms]
2024-07-15 23:59:33.940 [info] > git for-each-ref --format=%(refname)%00%(upstream:short)%00%(objectname)%00%(upstream:track)%00%(upstream:remotename)%00%(upstream:remoteref) refs/heads/navbar refs/remotes/navbar [14ms]
2024-07-15 23:59:33.945 [info] > git config --local branch.navbar.vscode-merge-base [1ms]
2024-07-15 23:59:33.953 [info] > git for-each-ref --format=%(refname)%00%(upstream:short)%00%(objectname)%00%(upstream:track)%00%(upstream:remotename)%00%(upstream:remoteref) refs/heads/origin/main refs/remotes/origin/main [4ms]
2024-07-15 23:59:38.950 [info] > git config --get commit.template [5ms]
2024-07-15 23:59:38.951 [info] > git for-each-ref --format=%(refname)%00%(upstream:short)%00%(objectname)%00%(upstream:track)%00%(upstream:remotename)%00%(upstream:remoteref) refs/heads/navbar refs/remotes/navbar [3ms]
2024-07-15 23:59:38.966 [info] > git status -z -uall [10ms]
2024-07-15 23:59:38.983 [info] > git for-each-ref --format=%(refname)%00%(upstream:short)%00%(objectname)%00%(upstream:track)%00%(upstream:remotename)%00%(upstream:remoteref) refs/heads/navbar refs/remotes/navbar [11ms]
2024-07-15 23:59:38.987 [info] > git config --local branch.navbar.vscode-merge-base [1ms]
2024-07-15 23:59:38.995 [info] > git for-each-ref --format=%(refname)%00%(upstream:short)%00%(objectname)%00%(upstream:track)%00%(upstream:remotename)%00%(upstream:remoteref) refs/heads/origin/main refs/remotes/origin/main [4ms]
2024-07-15 23:59:43.991 [info] > git config --get commit.template [4ms]
2024-07-15 23:59:43.996 [info] > git for-each-ref --format=%(refname)%00%(upstream:short)%00%(objectname)%00%(upstream:track)%00%(upstream:remotename)%00%(upstream:remoteref) refs/heads/navbar refs/remotes/navbar [1ms]
2024-07-15 23:59:44.011 [info] > git status -z -uall [10ms]
2024-07-15 23:59:44.028 [info] > git for-each-ref --format=%(refname)%00%(upstream:short)%00%(objectname)%00%(upstream:track)%00%(upstream:remotename)%00%(upstream:remoteref) refs/heads/navbar refs/remotes/navbar [10ms]
2024-07-15 23:59:44.033 [info] > git config --local branch.navbar.vscode-merge-base [1ms]
2024-07-15 23:59:44.043 [info] > git for-each-ref --format=%(refname)%00%(upstream:short)%00%(objectname)%00%(upstream:track)%00%(upstream:remotename)%00%(upstream:remoteref) refs/heads/origin/main refs/remotes/origin/main [6ms]
2024-07-15 23:59:49.035 [info] > git config --get commit.template [1ms]
2024-07-15 23:59:49.040 [info] > git for-each-ref --format=%(refname)%00%(upstream:short)%00%(objectname)%00%(upstream:track)%00%(upstream:remotename)%00%(upstream:remoteref) refs/heads/navbar refs/remotes/navbar [1ms]
2024-07-15 23:59:49.055 [info] > git status -z -uall [10ms]
2024-07-15 23:59:49.073 [info] > git for-each-ref --format=%(refname)%00%(upstream:short)%00%(objectname)%00%(upstream:track)%00%(upstream:remotename)%00%(upstream:remoteref) refs/heads/navbar refs/remotes/navbar [11ms]
2024-07-15 23:59:49.079 [info] > git config --local branch.navbar.vscode-merge-base [2ms]
2024-07-15 23:59:49.084 [info] > git for-each-ref --format=%(refname)%00%(upstream:short)%00%(objectname)%00%(upstream:track)%00%(upstream:remotename)%00%(upstream:remoteref) refs/heads/origin/main refs/remotes/origin/main [2ms]
2024-07-15 23:59:54.080 [info] > git config --get commit.template [1ms]
2024-07-15 23:59:54.085 [info] > git for-each-ref --format=%(refname)%00%(upstream:short)%00%(objectname)%00%(upstream:track)%00%(upstream:remotename)%00%(upstream:remoteref) refs/heads/navbar refs/remotes/navbar [2ms]
2024-07-15 23:59:54.099 [info] > git status -z -uall [10ms]
2024-07-15 23:59:54.116 [info] > git for-each-ref --format=%(refname)%00%(upstream:short)%00%(objectname)%00%(upstream:track)%00%(upstream:remotename)%00%(upstream:remoteref) refs/heads/navbar refs/remotes/navbar [11ms]
2024-07-15 23:59:54.121 [info] > git config --local branch.navbar.vscode-merge-base [1ms]
2024-07-15 23:59:54.127 [info] > git for-each-ref --format=%(refname)%00%(upstream:short)%00%(objectname)%00%(upstream:track)%00%(upstream:remotename)%00%(upstream:remoteref) refs/heads/origin/main refs/remotes/origin/main [3ms]
2024-07-15 23:59:59.126 [info] > git config --get commit.template [4ms]
2024-07-15 23:59:59.127 [info] > git for-each-ref --format=%(refname)%00%(upstream:short)%00%(objectname)%00%(upstream:track)%00%(upstream:remotename)%00%(upstream:remoteref) refs/heads/navbar refs/remotes/navbar [2ms]
2024-07-15 23:59:59.141 [info] > git status -z -uall [11ms]
2024-07-15 23:59:59.159 [info] > git for-each-ref --format=%(refname)%00%(upstream:short)%00%(objectname)%00%(upstream:track)%00%(upstream:remotename)%00%(upstream:remoteref) refs/heads/navbar refs/remotes/navbar [11ms]
2024-07-15 23:59:59.164 [info] > git config --local branch.navbar.vscode-merge-base [1ms]
2024-07-15 23:59:59.173 [info] > git for-each-ref --format=%(refname)%00%(upstream:short)%00%(objectname)%00%(upstream:track)%00%(upstream:remotename)%00%(upstream:remoteref) refs/heads/origin/main refs/remotes/origin/main [5ms]
2024-07-16 00:00:04.170 [info] > git config --get commit.template [5ms]
2024-07-16 00:00:04.171 [info] > git for-each-ref --format=%(refname)%00%(upstream:short)%00%(objectname)%00%(upstream:track)%00%(upstream:remotename)%00%(upstream:remoteref) refs/heads/navbar refs/remotes/navbar [2ms]
2024-07-16 00:00:04.187 [info] > git status -z -uall [12ms]
2024-07-16 00:00:04.222 [info] > git for-each-ref --format=%(refname)%00%(upstream:short)%00%(objectname)%00%(upstream:track)%00%(upstream:remotename)%00%(upstream:remoteref) refs/heads/navbar refs/remotes/navbar [26ms]
2024-07-16 00:00:04.229 [info] > git config --local branch.navbar.vscode-merge-base [3ms]
2024-07-16 00:00:04.235 [info] > git for-each-ref --format=%(refname)%00%(upstream:short)%00%(objectname)%00%(upstream:track)%00%(upstream:remotename)%00%(upstream:remoteref) refs/heads/origin/main refs/remotes/origin/main [2ms]
2024-07-16 00:00:09.219 [info] > git config --get commit.template [2ms]
2024-07-16 00:00:09.224 [info] > git for-each-ref --format=%(refname)%00%(upstream:short)%00%(objectname)%00%(upstream:track)%00%(upstream:remotename)%00%(upstream:remoteref) refs/heads/navbar refs/remotes/navbar [2ms]
2024-07-16 00:00:09.238 [info] > git status -z -uall [10ms]
2024-07-16 00:00:09.255 [info] > git for-each-ref --format=%(refname)%00%(upstream:short)%00%(objectname)%00%(upstream:track)%00%(upstream:remotename)%00%(upstream:remoteref) refs/heads/navbar refs/remotes/navbar [11ms]
2024-07-16 00:00:09.259 [info] > git config --local branch.navbar.vscode-merge-base [1ms]
2024-07-16 00:00:09.266 [info] > git for-each-ref --format=%(refname)%00%(upstream:short)%00%(objectname)%00%(upstream:track)%00%(upstream:remotename)%00%(upstream:remoteref) refs/heads/origin/main refs/remotes/origin/main [3ms]
2024-07-16 00:00:14.261 [info] > git config --get commit.template [1ms]
2024-07-16 00:00:14.266 [info] > git for-each-ref --format=%(refname)%00%(upstream:short)%00%(objectname)%00%(upstream:track)%00%(upstream:remotename)%00%(upstream:remoteref) refs/heads/navbar refs/remotes/navbar [1ms]
2024-07-16 00:00:14.279 [info] > git status -z -uall [9ms]
2024-07-16 00:00:14.295 [info] > git for-each-ref --format=%(refname)%00%(upstream:short)%00%(objectname)%00%(upstream:track)%00%(upstream:remotename)%00%(upstream:remoteref) refs/heads/navbar refs/remotes/navbar [11ms]
2024-07-16 00:00:14.299 [info] > git config --local branch.navbar.vscode-merge-base [1ms]
2024-07-16 00:00:14.306 [info] > git for-each-ref --format=%(refname)%00%(upstream:short)%00%(objectname)%00%(upstream:track)%00%(upstream:remotename)%00%(upstream:remoteref) refs/heads/origin/main refs/remotes/origin/main [3ms]
2024-07-16 00:00:20.707 [info] > git config --get commit.template [5ms]
2024-07-16 00:00:20.707 [info] > git for-each-ref --format=%(refname)%00%(upstream:short)%00%(objectname)%00%(upstream:track)%00%(upstream:remotename)%00%(upstream:remoteref) refs/heads/navbar refs/remotes/navbar [1ms]
2024-07-16 00:00:20.721 [info] > git status -z -uall [9ms]
2024-07-16 00:00:20.740 [info] > git for-each-ref --format=%(refname)%00%(upstream:short)%00%(objectname)%00%(upstream:track)%00%(upstream:remotename)%00%(upstream:remoteref) refs/heads/navbar refs/remotes/navbar [13ms]
2024-07-16 00:00:20.744 [info] > git config --local branch.navbar.vscode-merge-base [1ms]
2024-07-16 00:00:20.751 [info] > git for-each-ref --format=%(refname)%00%(upstream:short)%00%(objectname)%00%(upstream:track)%00%(upstream:remotename)%00%(upstream:remoteref) refs/heads/origin/main refs/remotes/origin/main [3ms]
2024-07-16 00:00:25.751 [info] > git config --get commit.template [5ms]
2024-07-16 00:00:25.752 [info] > git for-each-ref --format=%(refname)%00%(upstream:short)%00%(objectname)%00%(upstream:track)%00%(upstream:remotename)%00%(upstream:remoteref) refs/heads/navbar refs/remotes/navbar [2ms]
2024-07-16 00:00:25.766 [info] > git status -z -uall [10ms]
2024-07-16 00:00:25.784 [info] > git for-each-ref --format=%(refname)%00%(upstream:short)%00%(objectname)%00%(upstream:track)%00%(upstream:remotename)%00%(upstream:remoteref) refs/heads/navbar refs/remotes/navbar [12ms]
2024-07-16 00:00:25.789 [info] > git config --local branch.navbar.vscode-merge-base [1ms]
2024-07-16 00:00:25.796 [info] > git for-each-ref --format=%(refname)%00%(upstream:short)%00%(objectname)%00%(upstream:track)%00%(upstream:remotename)%00%(upstream:remoteref) refs/heads/origin/main refs/remotes/origin/main [3ms]
2024-07-16 00:00:30.792 [info] > git config --get commit.template [4ms]
2024-07-16 00:00:30.794 [info] > git for-each-ref --format=%(refname)%00%(upstream:short)%00%(objectname)%00%(upstream:track)%00%(upstream:remotename)%00%(upstream:remoteref) refs/heads/navbar refs/remotes/navbar [2ms]
2024-07-16 00:00:30.809 [info] > git status -z -uall [10ms]
2024-07-16 00:00:30.828 [info] > git for-each-ref --format=%(refname)%00%(upstream:short)%00%(objectname)%00%(upstream:track)%00%(upstream:remotename)%00%(upstream:remoteref) refs/heads/navbar refs/remotes/navbar [13ms]
2024-07-16 00:00:30.833 [info] > git config --local branch.navbar.vscode-merge-base [2ms]
2024-07-16 00:00:30.840 [info] > git for-each-ref --format=%(refname)%00%(upstream:short)%00%(objectname)%00%(upstream:track)%00%(upstream:remotename)%00%(upstream:remoteref) refs/heads/origin/main refs/remotes/origin/main [3ms]
2024-07-16 00:00:35.835 [info] > git config --get commit.template [5ms]
2024-07-16 00:00:35.836 [info] > git for-each-ref --format=%(refname)%00%(upstream:short)%00%(objectname)%00%(upstream:track)%00%(upstream:remotename)%00%(upstream:remoteref) refs/heads/navbar refs/remotes/navbar [2ms]
2024-07-16 00:00:35.850 [info] > git status -z -uall [10ms]
2024-07-16 00:00:35.866 [info] > git for-each-ref --format=%(refname)%00%(upstream:short)%00%(objectname)%00%(upstream:track)%00%(upstream:remotename)%00%(upstream:remoteref) refs/heads/navbar refs/remotes/navbar [9ms]
2024-07-16 00:00:35.872 [info] > git config --local branch.navbar.vscode-merge-base [1ms]
2024-07-16 00:00:35.880 [info] > git for-each-ref --format=%(refname)%00%(upstream:short)%00%(objectname)%00%(upstream:track)%00%(upstream:remotename)%00%(upstream:remoteref) refs/heads/origin/main refs/remotes/origin/main [3ms]
2024-07-16 00:00:40.875 [info] > git config --get commit.template [5ms]
2024-07-16 00:00:40.876 [info] > git for-each-ref --format=%(refname)%00%(upstream:short)%00%(objectname)%00%(upstream:track)%00%(upstream:remotename)%00%(upstream:remoteref) refs/heads/navbar refs/remotes/navbar [1ms]
2024-07-16 00:00:40.890 [info] > git status -z -uall [9ms]
2024-07-16 00:00:40.907 [info] > git for-each-ref --format=%(refname)%00%(upstream:short)%00%(objectname)%00%(upstream:track)%00%(upstream:remotename)%00%(upstream:remoteref) refs/heads/navbar refs/remotes/navbar [11ms]
2024-07-16 00:00:40.912 [info] > git config --local branch.navbar.vscode-merge-base [1ms]
2024-07-16 00:00:40.920 [info] > git for-each-ref --format=%(refname)%00%(upstream:short)%00%(objectname)%00%(upstream:track)%00%(upstream:remotename)%00%(upstream:remoteref) refs/heads/origin/main refs/remotes/origin/main [4ms]
2024-07-16 00:00:45.917 [info] > git config --get commit.template [5ms]
2024-07-16 00:00:45.917 [info] > git for-each-ref --format=%(refname)%00%(upstream:short)%00%(objectname)%00%(upstream:track)%00%(upstream:remotename)%00%(upstream:remoteref) refs/heads/navbar refs/remotes/navbar [1ms]
2024-07-16 00:00:45.933 [info] > git status -z -uall [10ms]
2024-07-16 00:00:45.949 [info] > git for-each-ref --format=%(refname)%00%(upstream:short)%00%(objectname)%00%(upstream:track)%00%(upstream:remotename)%00%(upstream:remoteref) refs/heads/navbar refs/remotes/navbar [11ms]
2024-07-16 00:00:45.954 [info] > git config --local branch.navbar.vscode-merge-base [1ms]
2024-07-16 00:00:45.961 [info] > git for-each-ref --format=%(refname)%00%(upstream:short)%00%(objectname)%00%(upstream:track)%00%(upstream:remotename)%00%(upstream:remoteref) refs/heads/origin/main refs/remotes/origin/main [4ms]
2024-07-16 00:00:50.958 [info] > git config --get commit.template [4ms]
2024-07-16 00:00:50.959 [info] > git for-each-ref --format=%(refname)%00%(upstream:short)%00%(objectname)%00%(upstream:track)%00%(upstream:remotename)%00%(upstream:remoteref) refs/heads/navbar refs/remotes/navbar [1ms]
2024-07-16 00:00:50.974 [info] > git status -z -uall [11ms]
2024-07-16 00:00:50.994 [info] > git for-each-ref --format=%(refname)%00%(upstream:short)%00%(objectname)%00%(upstream:track)%00%(upstream:remotename)%00%(upstream:remoteref) refs/heads/navbar refs/remotes/navbar [13ms]
2024-07-16 00:00:51.001 [info] > git config --local branch.navbar.vscode-merge-base [3ms]
2024-07-16 00:00:51.006 [info] > git for-each-ref --format=%(refname)%00%(upstream:short)%00%(objectname)%00%(upstream:track)%00%(upstream:remotename)%00%(upstream:remoteref) refs/heads/origin/main refs/remotes/origin/main [2ms]
2024-07-16 00:00:56.002 [info] > git config --get commit.template [4ms]
2024-07-16 00:00:56.002 [info] > git for-each-ref --format=%(refname)%00%(upstream:short)%00%(objectname)%00%(upstream:track)%00%(upstream:remotename)%00%(upstream:remoteref) refs/heads/navbar refs/remotes/navbar [1ms]
2024-07-16 00:00:56.016 [info] > git status -z -uall [9ms]
2024-07-16 00:00:56.046 [info] > git for-each-ref --format=%(refname)%00%(upstream:short)%00%(objectname)%00%(upstream:track)%00%(upstream:remotename)%00%(upstream:remoteref) refs/heads/navbar refs/remotes/navbar [20ms]
2024-07-16 00:00:56.055 [info] > git config --local branch.navbar.vscode-merge-base [3ms]
2024-07-16 00:00:56.060 [info] > git for-each-ref --format=%(refname)%00%(upstream:short)%00%(objectname)%00%(upstream:track)%00%(upstream:remotename)%00%(upstream:remoteref) refs/heads/origin/main refs/remotes/origin/main [2ms]
2024-07-16 00:01:01.045 [info] > git config --get commit.template [1ms]
2024-07-16 00:01:01.050 [info] > git for-each-ref --format=%(refname)%00%(upstream:short)%00%(objectname)%00%(upstream:track)%00%(upstream:remotename)%00%(upstream:remoteref) refs/heads/navbar refs/remotes/navbar [2ms]
2024-07-16 00:01:01.065 [info] > git status -z -uall [10ms]
2024-07-16 00:01:01.081 [info] > git for-each-ref --format=%(refname)%00%(upstream:short)%00%(objectname)%00%(upstream:track)%00%(upstream:remotename)%00%(upstream:remoteref) refs/heads/navbar refs/remotes/navbar [10ms]
2024-07-16 00:01:01.086 [info] > git config --local branch.navbar.vscode-merge-base [1ms]
2024-07-16 00:01:01.092 [info] > git for-each-ref --format=%(refname)%00%(upstream:short)%00%(objectname)%00%(upstream:track)%00%(upstream:remotename)%00%(upstream:remoteref) refs/heads/origin/main refs/remotes/origin/main [3ms]
2024-07-16 00:01:06.089 [info] > git config --get commit.template [1ms]
2024-07-16 00:01:06.094 [info] > git for-each-ref --format=%(refname)%00%(upstream:short)%00%(objectname)%00%(upstream:track)%00%(upstream:remotename)%00%(upstream:remoteref) refs/heads/navbar refs/remotes/navbar [1ms]
2024-07-16 00:01:06.109 [info] > git status -z -uall [10ms]
2024-07-16 00:01:06.131 [info] > git for-each-ref --format=%(refname)%00%(upstream:short)%00%(objectname)%00%(upstream:track)%00%(upstream:remotename)%00%(upstream:remoteref) refs/heads/navbar refs/remotes/navbar [15ms]
2024-07-16 00:01:06.137 [info] > git config --local branch.navbar.vscode-merge-base [2ms]
2024-07-16 00:01:06.147 [info] > git for-each-ref --format=%(refname)%00%(upstream:short)%00%(objectname)%00%(upstream:track)%00%(upstream:remotename)%00%(upstream:remoteref) refs/heads/origin/main refs/remotes/origin/main [5ms]
2024-07-16 00:01:11.136 [info] > git config --get commit.template [2ms]
2024-07-16 00:01:11.140 [info] > git for-each-ref --format=%(refname)%00%(upstream:short)%00%(objectname)%00%(upstream:track)%00%(upstream:remotename)%00%(upstream:remoteref) refs/heads/navbar refs/remotes/navbar [1ms]
2024-07-16 00:01:11.156 [info] > git status -z -uall [11ms]
2024-07-16 00:01:11.192 [info] > git for-each-ref --format=%(refname)%00%(upstream:short)%00%(objectname)%00%(upstream:track)%00%(upstream:remotename)%00%(upstream:remoteref) refs/heads/navbar refs/remotes/navbar [23ms]
2024-07-16 00:01:11.201 [info] > git config --local branch.navbar.vscode-merge-base [3ms]
2024-07-16 00:01:11.205 [info] > git for-each-ref --format=%(refname)%00%(upstream:short)%00%(objectname)%00%(upstream:track)%00%(upstream:remotename)%00%(upstream:remoteref) refs/heads/origin/main refs/remotes/origin/main [1ms]
2024-07-16 00:01:16.193 [info] > git config --get commit.template [5ms]
2024-07-16 00:01:16.193 [info] > git for-each-ref --format=%(refname)%00%(upstream:short)%00%(objectname)%00%(upstream:track)%00%(upstream:remotename)%00%(upstream:remoteref) refs/heads/navbar refs/remotes/navbar [1ms]
2024-07-16 00:01:16.207 [info] > git status -z -uall [9ms]
2024-07-16 00:01:16.223 [info] > git for-each-ref --format=%(refname)%00%(upstream:short)%00%(objectname)%00%(upstream:track)%00%(upstream:remotename)%00%(upstream:remoteref) refs/heads/navbar refs/remotes/navbar [10ms]
2024-07-16 00:01:16.227 [info] > git config --local branch.navbar.vscode-merge-base [1ms]
2024-07-16 00:01:16.235 [info] > git for-each-ref --format=%(refname)%00%(upstream:short)%00%(objectname)%00%(upstream:track)%00%(upstream:remotename)%00%(upstream:remoteref) refs/heads/origin/main refs/remotes/origin/main [4ms]
2024-07-16 00:01:21.233 [info] > git config --get commit.template [5ms]
2024-07-16 00:01:21.234 [info] > git for-each-ref --format=%(refname)%00%(upstream:short)%00%(objectname)%00%(upstream:track)%00%(upstream:remotename)%00%(upstream:remoteref) refs/heads/navbar refs/remotes/navbar [2ms]
2024-07-16 00:01:21.254 [info] > git status -z -uall [10ms]
2024-07-16 00:01:21.271 [info] > git for-each-ref --format=%(refname)%00%(upstream:short)%00%(objectname)%00%(upstream:track)%00%(upstream:remotename)%00%(upstream:remoteref) refs/heads/navbar refs/remotes/navbar [11ms]
2024-07-16 00:01:21.276 [info] > git config --local branch.navbar.vscode-merge-base [1ms]
2024-07-16 00:01:21.284 [info] > git for-each-ref --format=%(refname)%00%(upstream:short)%00%(objectname)%00%(upstream:track)%00%(upstream:remotename)%00%(upstream:remoteref) refs/heads/origin/main refs/remotes/origin/main [4ms]
2024-07-16 00:01:26.279 [info] > git config --get commit.template [4ms]
2024-07-16 00:01:26.279 [info] > git for-each-ref --format=%(refname)%00%(upstream:short)%00%(objectname)%00%(upstream:track)%00%(upstream:remotename)%00%(upstream:remoteref) refs/heads/navbar refs/remotes/navbar [1ms]
2024-07-16 00:01:26.294 [info] > git status -z -uall [9ms]
2024-07-16 00:01:26.313 [info] > git for-each-ref --format=%(refname)%00%(upstream:short)%00%(objectname)%00%(upstream:track)%00%(upstream:remotename)%00%(upstream:remoteref) refs/heads/navbar refs/remotes/navbar [13ms]
2024-07-16 00:01:26.318 [info] > git config --local branch.navbar.vscode-merge-base [1ms]
2024-07-16 00:01:26.325 [info] > git for-each-ref --format=%(refname)%00%(upstream:short)%00%(objectname)%00%(upstream:track)%00%(upstream:remotename)%00%(upstream:remoteref) refs/heads/origin/main refs/remotes/origin/main [3ms]
2024-07-16 00:01:31.324 [info] > git config --get commit.template [5ms]
2024-07-16 00:01:31.325 [info] > git for-each-ref --format=%(refname)%00%(upstream:short)%00%(objectname)%00%(upstream:track)%00%(upstream:remotename)%00%(upstream:remoteref) refs/heads/navbar refs/remotes/navbar [1ms]
2024-07-16 00:01:31.343 [info] > git status -z -uall [9ms]
2024-07-16 00:01:31.361 [info] > git for-each-ref --format=%(refname)%00%(upstream:short)%00%(objectname)%00%(upstream:track)%00%(upstream:remotename)%00%(upstream:remoteref) refs/heads/navbar refs/remotes/navbar [11ms]
2024-07-16 00:01:31.365 [info] > git config --local branch.navbar.vscode-merge-base [1ms]
2024-07-16 00:01:31.372 [info] > git for-each-ref --format=%(refname)%00%(upstream:short)%00%(objectname)%00%(upstream:track)%00%(upstream:remotename)%00%(upstream:remoteref) refs/heads/origin/main refs/remotes/origin/main [3ms]
2024-07-16 00:01:36.371 [info] > git config --get commit.template [4ms]
2024-07-16 00:01:36.373 [info] > git for-each-ref --format=%(refname)%00%(upstream:short)%00%(objectname)%00%(upstream:track)%00%(upstream:remotename)%00%(upstream:remoteref) refs/heads/navbar refs/remotes/navbar [1ms]
2024-07-16 00:01:36.392 [info] > git status -z -uall [10ms]
2024-07-16 00:01:36.411 [info] > git for-each-ref --format=%(refname)%00%(upstream:short)%00%(objectname)%00%(upstream:track)%00%(upstream:remotename)%00%(upstream:remoteref) refs/heads/navbar refs/remotes/navbar [13ms]
2024-07-16 00:01:36.416 [info] > git config --local branch.navbar.vscode-merge-base [1ms]
2024-07-16 00:01:36.422 [info] > git for-each-ref --format=%(refname)%00%(upstream:short)%00%(objectname)%00%(upstream:track)%00%(upstream:remotename)%00%(upstream:remoteref) refs/heads/origin/main refs/remotes/origin/main [2ms]
2024-07-16 00:01:41.418 [info] > git config --get commit.template [4ms]
2024-07-16 00:01:41.419 [info] > git for-each-ref --format=%(refname)%00%(upstream:short)%00%(objectname)%00%(upstream:track)%00%(upstream:remotename)%00%(upstream:remoteref) refs/heads/navbar refs/remotes/navbar [2ms]
2024-07-16 00:01:41.439 [info] > git status -z -uall [10ms]
2024-07-16 00:01:41.457 [info] > git for-each-ref --format=%(refname)%00%(upstream:short)%00%(objectname)%00%(upstream:track)%00%(upstream:remotename)%00%(upstream:remoteref) refs/heads/navbar refs/remotes/navbar [10ms]
2024-07-16 00:01:41.461 [info] > git config --local branch.navbar.vscode-merge-base [1ms]
2024-07-16 00:01:41.468 [info] > git for-each-ref --format=%(refname)%00%(upstream:short)%00%(objectname)%00%(upstream:track)%00%(upstream:remotename)%00%(upstream:remoteref) refs/heads/origin/main refs/remotes/origin/main [2ms]
2024-07-16 00:01:46.465 [info] > git config --get commit.template [2ms]
2024-07-16 00:01:46.473 [info] > git for-each-ref --format=%(refname)%00%(upstream:short)%00%(objectname)%00%(upstream:track)%00%(upstream:remotename)%00%(upstream:remoteref) refs/heads/navbar refs/remotes/navbar [2ms]
2024-07-16 00:01:46.489 [info] > git status -z -uall [11ms]
2024-07-16 00:01:46.520 [info] > git for-each-ref --format=%(refname)%00%(upstream:short)%00%(objectname)%00%(upstream:track)%00%(upstream:remotename)%00%(upstream:remoteref) refs/heads/navbar refs/remotes/navbar [22ms]
2024-07-16 00:01:46.527 [info] > git config --local branch.navbar.vscode-merge-base [3ms]
2024-07-16 00:01:46.533 [info] > git for-each-ref --format=%(refname)%00%(upstream:short)%00%(objectname)%00%(upstream:track)%00%(upstream:remotename)%00%(upstream:remoteref) refs/heads/origin/main refs/remotes/origin/main [1ms]
2024-07-16 00:01:54.225 [info] > git config --get commit.template [8ms]
2024-07-16 00:01:54.226 [info] > git for-each-ref --format=%(refname)%00%(upstream:short)%00%(objectname)%00%(upstream:track)%00%(upstream:remotename)%00%(upstream:remoteref) refs/heads/navbar refs/remotes/navbar [2ms]
2024-07-16 00:01:54.241 [info] > git status -z -uall [10ms]
2024-07-16 00:01:54.259 [info] > git for-each-ref --format=%(refname)%00%(upstream:short)%00%(objectname)%00%(upstream:track)%00%(upstream:remotename)%00%(upstream:remoteref) refs/heads/navbar refs/remotes/navbar [10ms]
2024-07-16 00:01:54.264 [info] > git config --local branch.navbar.vscode-merge-base [1ms]
2024-07-16 00:01:54.271 [info] > git for-each-ref --format=%(refname)%00%(upstream:short)%00%(objectname)%00%(upstream:track)%00%(upstream:remotename)%00%(upstream:remoteref) refs/heads/origin/main refs/remotes/origin/main [3ms]
2024-07-16 00:01:59.267 [info] > git config --get commit.template [4ms]
2024-07-16 00:01:59.268 [info] > git for-each-ref --format=%(refname)%00%(upstream:short)%00%(objectname)%00%(upstream:track)%00%(upstream:remotename)%00%(upstream:remoteref) refs/heads/navbar refs/remotes/navbar [2ms]
2024-07-16 00:01:59.282 [info] > git status -z -uall [10ms]
2024-07-16 00:01:59.300 [info] > git for-each-ref --format=%(refname)%00%(upstream:short)%00%(objectname)%00%(upstream:track)%00%(upstream:remotename)%00%(upstream:remoteref) refs/heads/navbar refs/remotes/navbar [11ms]
2024-07-16 00:01:59.305 [info] > git config --local branch.navbar.vscode-merge-base [1ms]
2024-07-16 00:01:59.313 [info] > git for-each-ref --format=%(refname)%00%(upstream:short)%00%(objectname)%00%(upstream:track)%00%(upstream:remotename)%00%(upstream:remoteref) refs/heads/origin/main refs/remotes/origin/main [4ms]
2024-07-16 00:02:04.789 [info] > git config --get commit.template [5ms]
2024-07-16 00:02:04.794 [info] > git for-each-ref --format=%(refname)%00%(upstream:short)%00%(objectname)%00%(upstream:track)%00%(upstream:remotename)%00%(upstream:remoteref) refs/heads/navbar refs/remotes/navbar [2ms]
2024-07-16 00:02:04.808 [info] > git status -z -uall [10ms]
2024-07-16 00:02:04.827 [info] > git for-each-ref --format=%(refname)%00%(upstream:short)%00%(objectname)%00%(upstream:track)%00%(upstream:remotename)%00%(upstream:remoteref) refs/heads/navbar refs/remotes/navbar [12ms]
2024-07-16 00:02:04.831 [info] > git config --local branch.navbar.vscode-merge-base [1ms]
2024-07-16 00:02:04.839 [info] > git for-each-ref --format=%(refname)%00%(upstream:short)%00%(objectname)%00%(upstream:track)%00%(upstream:remotename)%00%(upstream:remoteref) refs/heads/origin/main refs/remotes/origin/main [4ms]
2024-07-16 00:02:09.834 [info] > git config --get commit.template [4ms]
2024-07-16 00:02:09.836 [info] > git for-each-ref --format=%(refname)%00%(upstream:short)%00%(objectname)%00%(upstream:track)%00%(upstream:remotename)%00%(upstream:remoteref) refs/heads/navbar refs/remotes/navbar [1ms]
2024-07-16 00:02:09.849 [info] > git status -z -uall [9ms]
2024-07-16 00:02:09.871 [info] > git for-each-ref --format=%(refname)%00%(upstream:short)%00%(objectname)%00%(upstream:track)%00%(upstream:remotename)%00%(upstream:remoteref) refs/heads/navbar refs/remotes/navbar [15ms]
2024-07-16 00:02:09.879 [info] > git config --local branch.navbar.vscode-merge-base [3ms]
2024-07-16 00:02:09.884 [info] > git for-each-ref --format=%(refname)%00%(upstream:short)%00%(objectname)%00%(upstream:track)%00%(upstream:remotename)%00%(upstream:remoteref) refs/heads/origin/main refs/remotes/origin/main [1ms]
2024-07-16 00:02:14.878 [info] > git config --get commit.template [6ms]
2024-07-16 00:02:14.878 [info] > git for-each-ref --format=%(refname)%00%(upstream:short)%00%(objectname)%00%(upstream:track)%00%(upstream:remotename)%00%(upstream:remoteref) refs/heads/navbar refs/remotes/navbar [1ms]
2024-07-16 00:02:14.894 [info] > git status -z -uall [10ms]
2024-07-16 00:02:14.912 [info] > git for-each-ref --format=%(refname)%00%(upstream:short)%00%(objectname)%00%(upstream:track)%00%(upstream:remotename)%00%(upstream:remoteref) refs/heads/navbar refs/remotes/navbar [12ms]
2024-07-16 00:02:14.917 [info] > git config --local branch.navbar.vscode-merge-base [1ms]
2024-07-16 00:02:14.924 [info] > git for-each-ref --format=%(refname)%00%(upstream:short)%00%(objectname)%00%(upstream:track)%00%(upstream:remotename)%00%(upstream:remoteref) refs/heads/origin/main refs/remotes/origin/main [3ms]
2024-07-16 00:02:19.921 [info] > git config --get commit.template [4ms]
2024-07-16 00:02:19.922 [info] > git for-each-ref --format=%(refname)%00%(upstream:short)%00%(objectname)%00%(upstream:track)%00%(upstream:remotename)%00%(upstream:remoteref) refs/heads/navbar refs/remotes/navbar [1ms]
2024-07-16 00:02:19.937 [info] > git status -z -uall [10ms]
2024-07-16 00:02:19.956 [info] > git for-each-ref --format=%(refname)%00%(upstream:short)%00%(objectname)%00%(upstream:track)%00%(upstream:remotename)%00%(upstream:remoteref) refs/heads/navbar refs/remotes/navbar [13ms]
2024-07-16 00:02:19.963 [info] > git config --local branch.navbar.vscode-merge-base [3ms]
2024-07-16 00:02:19.968 [info] > git for-each-ref --format=%(refname)%00%(upstream:short)%00%(objectname)%00%(upstream:track)%00%(upstream:remotename)%00%(upstream:remoteref) refs/heads/origin/main refs/remotes/origin/main [2ms]
2024-07-16 00:02:24.963 [info] > git config --get commit.template [5ms]
2024-07-16 00:02:24.965 [info] > git for-each-ref --format=%(refname)%00%(upstream:short)%00%(objectname)%00%(upstream:track)%00%(upstream:remotename)%00%(upstream:remoteref) refs/heads/navbar refs/remotes/navbar [2ms]
2024-07-16 00:02:24.981 [info] > git status -z -uall [10ms]
2024-07-16 00:02:24.998 [info] > git for-each-ref --format=%(refname)%00%(upstream:short)%00%(objectname)%00%(upstream:track)%00%(upstream:remotename)%00%(upstream:remoteref) refs/heads/navbar refs/remotes/navbar [11ms]
2024-07-16 00:02:25.003 [info] > git config --local branch.navbar.vscode-merge-base [1ms]
2024-07-16 00:02:25.010 [info] > git for-each-ref --format=%(refname)%00%(upstream:short)%00%(objectname)%00%(upstream:track)%00%(upstream:remotename)%00%(upstream:remoteref) refs/heads/origin/main refs/remotes/origin/main [3ms]
2024-07-16 00:02:30.007 [info] > git config --get commit.template [5ms]
2024-07-16 00:02:30.008 [info] > git for-each-ref --format=%(refname)%00%(upstream:short)%00%(objectname)%00%(upstream:track)%00%(upstream:remotename)%00%(upstream:remoteref) refs/heads/navbar refs/remotes/navbar [1ms]
2024-07-16 00:02:30.021 [info] > git status -z -uall [9ms]
2024-07-16 00:02:30.039 [info] > git for-each-ref --format=%(refname)%00%(upstream:short)%00%(objectname)%00%(upstream:track)%00%(upstream:remotename)%00%(upstream:remoteref) refs/heads/navbar refs/remotes/navbar [11ms]
2024-07-16 00:02:30.045 [info] > git config --local branch.navbar.vscode-merge-base [1ms]
2024-07-16 00:02:30.054 [info] > git for-each-ref --format=%(refname)%00%(upstream:short)%00%(objectname)%00%(upstream:track)%00%(upstream:remotename)%00%(upstream:remoteref) refs/heads/origin/main refs/remotes/origin/main [6ms]
2024-07-16 00:02:35.050 [info] > git config --get commit.template [5ms]
2024-07-16 00:02:35.051 [info] > git for-each-ref --format=%(refname)%00%(upstream:short)%00%(objectname)%00%(upstream:track)%00%(upstream:remotename)%00%(upstream:remoteref) refs/heads/navbar refs/remotes/navbar [2ms]
2024-07-16 00:02:35.065 [info] > git status -z -uall [10ms]
2024-07-16 00:02:35.083 [info] > git for-each-ref --format=%(refname)%00%(upstream:short)%00%(objectname)%00%(upstream:track)%00%(upstream:remotename)%00%(upstream:remoteref) refs/heads/navbar refs/remotes/navbar [11ms]
2024-07-16 00:02:35.088 [info] > git config --local branch.navbar.vscode-merge-base [2ms]
2024-07-16 00:02:35.097 [info] > git for-each-ref --format=%(refname)%00%(upstream:short)%00%(objectname)%00%(upstream:track)%00%(upstream:remotename)%00%(upstream:remoteref) refs/heads/origin/main refs/remotes/origin/main [5ms]
2024-07-16 00:02:42.782 [info] > git config --get commit.template [1ms]
2024-07-16 00:02:42.791 [info] > git for-each-ref --format=%(refname)%00%(upstream:short)%00%(objectname)%00%(upstream:track)%00%(upstream:remotename)%00%(upstream:remoteref) refs/heads/navbar refs/remotes/navbar [3ms]
2024-07-16 00:02:42.805 [info] > git status -z -uall [10ms]
2024-07-16 00:02:42.824 [info] > git for-each-ref --format=%(refname)%00%(upstream:short)%00%(objectname)%00%(upstream:track)%00%(upstream:remotename)%00%(upstream:remoteref) refs/heads/navbar refs/remotes/navbar [12ms]
2024-07-16 00:02:42.829 [info] > git config --local branch.navbar.vscode-merge-base [1ms]
2024-07-16 00:02:42.837 [info] > git for-each-ref --format=%(refname)%00%(upstream:short)%00%(objectname)%00%(upstream:track)%00%(upstream:remotename)%00%(upstream:remoteref) refs/heads/origin/main refs/remotes/origin/main [3ms]
2024-07-16 00:02:47.830 [info] > git config --get commit.template [1ms]
2024-07-16 00:02:47.836 [info] > git for-each-ref --format=%(refname)%00%(upstream:short)%00%(objectname)%00%(upstream:track)%00%(upstream:remotename)%00%(upstream:remoteref) refs/heads/navbar refs/remotes/navbar [2ms]
2024-07-16 00:02:47.850 [info] > git status -z -uall [10ms]
2024-07-16 00:02:47.867 [info] > git for-each-ref --format=%(refname)%00%(upstream:short)%00%(objectname)%00%(upstream:track)%00%(upstream:remotename)%00%(upstream:remoteref) refs/heads/navbar refs/remotes/navbar [11ms]
2024-07-16 00:02:47.872 [info] > git config --local branch.navbar.vscode-merge-base [1ms]
2024-07-16 00:02:47.880 [info] > git for-each-ref --format=%(refname)%00%(upstream:short)%00%(objectname)%00%(upstream:track)%00%(upstream:remotename)%00%(upstream:remoteref) refs/heads/origin/main refs/remotes/origin/main [3ms]
2024-07-16 00:02:52.877 [info] > git config --get commit.template [4ms]
2024-07-16 00:02:52.879 [info] > git for-each-ref --format=%(refname)%00%(upstream:short)%00%(objectname)%00%(upstream:track)%00%(upstream:remotename)%00%(upstream:remoteref) refs/heads/navbar refs/remotes/navbar [2ms]
2024-07-16 00:02:52.893 [info] > git status -z -uall [10ms]
2024-07-16 00:02:52.912 [info] > git for-each-ref --format=%(refname)%00%(upstream:short)%00%(objectname)%00%(upstream:track)%00%(upstream:remotename)%00%(upstream:remoteref) refs/heads/navbar refs/remotes/navbar [13ms]
2024-07-16 00:02:52.916 [info] > git config --local branch.navbar.vscode-merge-base [1ms]
2024-07-16 00:02:52.924 [info] > git for-each-ref --format=%(refname)%00%(upstream:short)%00%(objectname)%00%(upstream:track)%00%(upstream:remotename)%00%(upstream:remoteref) refs/heads/origin/main refs/remotes/origin/main [3ms]
2024-07-16 00:02:57.919 [info] > git config --get commit.template [1ms]
2024-07-16 00:02:57.924 [info] > git for-each-ref --format=%(refname)%00%(upstream:short)%00%(objectname)%00%(upstream:track)%00%(upstream:remotename)%00%(upstream:remoteref) refs/heads/navbar refs/remotes/navbar [1ms]
2024-07-16 00:02:57.939 [info] > git status -z -uall [9ms]
2024-07-16 00:02:57.957 [info] > git for-each-ref --format=%(refname)%00%(upstream:short)%00%(objectname)%00%(upstream:track)%00%(upstream:remotename)%00%(upstream:remoteref) refs/heads/navbar refs/remotes/navbar [11ms]
2024-07-16 00:02:57.963 [info] > git config --local branch.navbar.vscode-merge-base [2ms]
2024-07-16 00:02:57.970 [info] > git for-each-ref --format=%(refname)%00%(upstream:short)%00%(objectname)%00%(upstream:track)%00%(upstream:remotename)%00%(upstream:remoteref) refs/heads/origin/main refs/remotes/origin/main [3ms]
2024-07-16 00:03:02.967 [info] > git config --get commit.template [5ms]
2024-07-16 00:03:02.967 [info] > git for-each-ref --format=%(refname)%00%(upstream:short)%00%(objectname)%00%(upstream:track)%00%(upstream:remotename)%00%(upstream:remoteref) refs/heads/navbar refs/remotes/navbar [1ms]
2024-07-16 00:03:02.982 [info] > git status -z -uall [10ms]
2024-07-16 00:03:02.999 [info] > git for-each-ref --format=%(refname)%00%(upstream:short)%00%(objectname)%00%(upstream:track)%00%(upstream:remotename)%00%(upstream:remoteref) refs/heads/navbar refs/remotes/navbar [10ms]
2024-07-16 00:03:03.003 [info] > git config --local branch.navbar.vscode-merge-base [1ms]
2024-07-16 00:03:03.010 [info] > git for-each-ref --format=%(refname)%00%(upstream:short)%00%(objectname)%00%(upstream:track)%00%(upstream:remotename)%00%(upstream:remoteref) refs/heads/origin/main refs/remotes/origin/main [3ms]
2024-07-16 00:03:08.009 [info] > git config --get commit.template [5ms]
2024-07-16 00:03:08.010 [info] > git for-each-ref --format=%(refname)%00%(upstream:short)%00%(objectname)%00%(upstream:track)%00%(upstream:remotename)%00%(upstream:remoteref) refs/heads/navbar refs/remotes/navbar [1ms]
2024-07-16 00:03:08.027 [info] > git status -z -uall [12ms]
2024-07-16 00:03:08.044 [info] > git for-each-ref --format=%(refname)%00%(upstream:short)%00%(objectname)%00%(upstream:track)%00%(upstream:remotename)%00%(upstream:remoteref) refs/heads/navbar refs/remotes/navbar [10ms]
2024-07-16 00:03:08.049 [info] > git config --local branch.navbar.vscode-merge-base [1ms]
2024-07-16 00:03:08.056 [info] > git for-each-ref --format=%(refname)%00%(upstream:short)%00%(objectname)%00%(upstream:track)%00%(upstream:remotename)%00%(upstream:remoteref) refs/heads/origin/main refs/remotes/origin/main [4ms]
2024-07-16 00:03:13.054 [info] > git config --get commit.template [5ms]
2024-07-16 00:03:13.054 [info] > git for-each-ref --format=%(refname)%00%(upstream:short)%00%(objectname)%00%(upstream:track)%00%(upstream:remotename)%00%(upstream:remoteref) refs/heads/navbar refs/remotes/navbar [1ms]
2024-07-16 00:03:13.068 [info] > git status -z -uall [9ms]
2024-07-16 00:03:13.085 [info] > git for-each-ref --format=%(refname)%00%(upstream:short)%00%(objectname)%00%(upstream:track)%00%(upstream:remotename)%00%(upstream:remoteref) refs/heads/navbar refs/remotes/navbar [10ms]
2024-07-16 00:03:13.090 [info] > git config --local branch.navbar.vscode-merge-base [1ms]
2024-07-16 00:03:13.097 [info] > git for-each-ref --format=%(refname)%00%(upstream:short)%00%(objectname)%00%(upstream:track)%00%(upstream:remotename)%00%(upstream:remoteref) refs/heads/origin/main refs/remotes/origin/main [3ms]
2024-07-16 00:03:18.095 [info] > git config --get commit.template [5ms]
2024-07-16 00:03:18.096 [info] > git for-each-ref --format=%(refname)%00%(upstream:short)%00%(objectname)%00%(upstream:track)%00%(upstream:remotename)%00%(upstream:remoteref) refs/heads/navbar refs/remotes/navbar [1ms]
2024-07-16 00:03:18.111 [info] > git status -z -uall [9ms]
2024-07-16 00:03:18.128 [info] > git for-each-ref --format=%(refname)%00%(upstream:short)%00%(objectname)%00%(upstream:track)%00%(upstream:remotename)%00%(upstream:remoteref) refs/heads/navbar refs/remotes/navbar [10ms]
2024-07-16 00:03:18.133 [info] > git config --local branch.navbar.vscode-merge-base [1ms]
2024-07-16 00:03:18.142 [info] > git for-each-ref --format=%(refname)%00%(upstream:short)%00%(objectname)%00%(upstream:track)%00%(upstream:remotename)%00%(upstream:remoteref) refs/heads/origin/main refs/remotes/origin/main [5ms]
2024-07-16 00:03:23.137 [info] > git config --get commit.template [5ms]
2024-07-16 00:03:23.138 [info] > git for-each-ref --format=%(refname)%00%(upstream:short)%00%(objectname)%00%(upstream:track)%00%(upstream:remotename)%00%(upstream:remoteref) refs/heads/navbar refs/remotes/navbar [1ms]
2024-07-16 00:03:23.154 [info] > git status -z -uall [11ms]
2024-07-16 00:03:23.188 [info] > git for-each-ref --format=%(refname)%00%(upstream:short)%00%(objectname)%00%(upstream:track)%00%(upstream:remotename)%00%(upstream:remoteref) refs/heads/navbar refs/remotes/navbar [23ms]
2024-07-16 00:03:23.198 [info] > git config --local branch.navbar.vscode-merge-base [4ms]
2024-07-16 00:03:23.203 [info] > git for-each-ref --format=%(refname)%00%(upstream:short)%00%(objectname)%00%(upstream:track)%00%(upstream:remotename)%00%(upstream:remoteref) refs/heads/origin/main refs/remotes/origin/main [1ms]
2024-07-16 00:03:28.192 [info] > git config --get commit.template [5ms]
2024-07-16 00:03:28.193 [info] > git for-each-ref --format=%(refname)%00%(upstream:short)%00%(objectname)%00%(upstream:track)%00%(upstream:remotename)%00%(upstream:remoteref) refs/heads/navbar refs/remotes/navbar [1ms]
2024-07-16 00:03:28.207 [info] > git status -z -uall [9ms]
2024-07-16 00:03:28.223 [info] > git for-each-ref --format=%(refname)%00%(upstream:short)%00%(objectname)%00%(upstream:track)%00%(upstream:remotename)%00%(upstream:remoteref) refs/heads/navbar refs/remotes/navbar [10ms]
2024-07-16 00:03:28.228 [info] > git config --local branch.navbar.vscode-merge-base [2ms]
2024-07-16 00:03:28.235 [info] > git for-each-ref --format=%(refname)%00%(upstream:short)%00%(objectname)%00%(upstream:track)%00%(upstream:remotename)%00%(upstream:remoteref) refs/heads/origin/main refs/remotes/origin/main [3ms]
2024-07-16 00:03:33.234 [info] > git config --get commit.template [5ms]
2024-07-16 00:03:33.235 [info] > git for-each-ref --format=%(refname)%00%(upstream:short)%00%(objectname)%00%(upstream:track)%00%(upstream:remotename)%00%(upstream:remoteref) refs/heads/navbar refs/remotes/navbar [2ms]
2024-07-16 00:03:33.249 [info] > git status -z -uall [9ms]
2024-07-16 00:03:33.269 [info] > git for-each-ref --format=%(refname)%00%(upstream:short)%00%(objectname)%00%(upstream:track)%00%(upstream:remotename)%00%(upstream:remoteref) refs/heads/navbar refs/remotes/navbar [14ms]
2024-07-16 00:03:33.276 [info] > git config --local branch.navbar.vscode-merge-base [3ms]
2024-07-16 00:03:33.281 [info] > git for-each-ref --format=%(refname)%00%(upstream:short)%00%(objectname)%00%(upstream:track)%00%(upstream:remotename)%00%(upstream:remoteref) refs/heads/origin/main refs/remotes/origin/main [1ms]
2024-07-16 00:03:38.276 [info] > git config --get commit.template [5ms]
2024-07-16 00:03:38.277 [info] > git for-each-ref --format=%(refname)%00%(upstream:short)%00%(objectname)%00%(upstream:track)%00%(upstream:remotename)%00%(upstream:remoteref) refs/heads/navbar refs/remotes/navbar [2ms]
2024-07-16 00:03:38.293 [info] > git status -z -uall [12ms]
2024-07-16 00:03:38.327 [info] > git for-each-ref --format=%(refname)%00%(upstream:short)%00%(objectname)%00%(upstream:track)%00%(upstream:remotename)%00%(upstream:remoteref) refs/heads/navbar refs/remotes/navbar [24ms]
2024-07-16 00:03:38.335 [info] > git config --local branch.navbar.vscode-merge-base [3ms]
2024-07-16 00:03:38.341 [info] > git for-each-ref --format=%(refname)%00%(upstream:short)%00%(objectname)%00%(upstream:track)%00%(upstream:remotename)%00%(upstream:remoteref) refs/heads/origin/main refs/remotes/origin/main [1ms]
2024-07-16 00:03:43.325 [info] > git config --get commit.template [1ms]
2024-07-16 00:03:43.330 [info] > git for-each-ref --format=%(refname)%00%(upstream:short)%00%(objectname)%00%(upstream:track)%00%(upstream:remotename)%00%(upstream:remoteref) refs/heads/navbar refs/remotes/navbar [2ms]
2024-07-16 00:03:43.345 [info] > git status -z -uall [10ms]
2024-07-16 00:03:43.361 [info] > git for-each-ref --format=%(refname)%00%(upstream:short)%00%(objectname)%00%(upstream:track)%00%(upstream:remotename)%00%(upstream:remoteref) refs/heads/navbar refs/remotes/navbar [10ms]
2024-07-16 00:03:43.365 [info] > git config --local branch.navbar.vscode-merge-base [1ms]
2024-07-16 00:03:43.372 [info] > git for-each-ref --format=%(refname)%00%(upstream:short)%00%(objectname)%00%(upstream:track)%00%(upstream:remotename)%00%(upstream:remoteref) refs/heads/origin/main refs/remotes/origin/main [2ms]
2024-07-16 00:03:48.372 [info] > git config --get commit.template [5ms]
2024-07-16 00:03:48.373 [info] > git for-each-ref --format=%(refname)%00%(upstream:short)%00%(objectname)%00%(upstream:track)%00%(upstream:remotename)%00%(upstream:remoteref) refs/heads/navbar refs/remotes/navbar [1ms]
2024-07-16 00:03:48.387 [info] > git status -z -uall [10ms]
2024-07-16 00:03:48.403 [info] > git for-each-ref --format=%(refname)%00%(upstream:short)%00%(objectname)%00%(upstream:track)%00%(upstream:remotename)%00%(upstream:remoteref) refs/heads/navbar refs/remotes/navbar [9ms]
2024-07-16 00:03:48.407 [info] > git config --local branch.navbar.vscode-merge-base [1ms]
2024-07-16 00:03:48.413 [info] > git for-each-ref --format=%(refname)%00%(upstream:short)%00%(objectname)%00%(upstream:track)%00%(upstream:remotename)%00%(upstream:remoteref) refs/heads/origin/main refs/remotes/origin/main [2ms]
2024-07-16 00:03:53.413 [info] > git config --get commit.template [4ms]
2024-07-16 00:03:53.414 [info] > git for-each-ref --format=%(refname)%00%(upstream:short)%00%(objectname)%00%(upstream:track)%00%(upstream:remotename)%00%(upstream:remoteref) refs/heads/navbar refs/remotes/navbar [2ms]
2024-07-16 00:03:53.430 [info] > git status -z -uall [12ms]
2024-07-16 00:03:53.464 [info] > git for-each-ref --format=%(refname)%00%(upstream:short)%00%(objectname)%00%(upstream:track)%00%(upstream:remotename)%00%(upstream:remoteref) refs/heads/navbar refs/remotes/navbar [24ms]
2024-07-16 00:03:53.474 [info] > git config --local branch.navbar.vscode-merge-base [4ms]
2024-07-16 00:03:53.479 [info] > git for-each-ref --format=%(refname)%00%(upstream:short)%00%(objectname)%00%(upstream:track)%00%(upstream:remotename)%00%(upstream:remoteref) refs/heads/origin/main refs/remotes/origin/main [1ms]
2024-07-16 00:03:58.468 [info] > git config --get commit.template [4ms]
2024-07-16 00:03:58.468 [info] > git for-each-ref --format=%(refname)%00%(upstream:short)%00%(objectname)%00%(upstream:track)%00%(upstream:remotename)%00%(upstream:remoteref) refs/heads/navbar refs/remotes/navbar [1ms]
2024-07-16 00:03:58.483 [info] > git status -z -uall [10ms]
2024-07-16 00:03:58.500 [info] > git for-each-ref --format=%(refname)%00%(upstream:short)%00%(objectname)%00%(upstream:track)%00%(upstream:remotename)%00%(upstream:remoteref) refs/heads/navbar refs/remotes/navbar [10ms]
2024-07-16 00:03:58.505 [info] > git config --local branch.navbar.vscode-merge-base [1ms]
2024-07-16 00:03:58.512 [info] > git for-each-ref --format=%(refname)%00%(upstream:short)%00%(objectname)%00%(upstream:track)%00%(upstream:remotename)%00%(upstream:remoteref) refs/heads/origin/main refs/remotes/origin/main [3ms]
2024-07-16 00:04:03.512 [info] > git config --get commit.template [6ms]
2024-07-16 00:04:03.516 [info] > git for-each-ref --format=%(refname)%00%(upstream:short)%00%(objectname)%00%(upstream:track)%00%(upstream:remotename)%00%(upstream:remoteref) refs/heads/navbar refs/remotes/navbar [4ms]
2024-07-16 00:04:03.531 [info] > git status -z -uall [9ms]
2024-07-16 00:04:03.549 [info] > git for-each-ref --format=%(refname)%00%(upstream:short)%00%(objectname)%00%(upstream:track)%00%(upstream:remotename)%00%(upstream:remoteref) refs/heads/navbar refs/remotes/navbar [10ms]
2024-07-16 00:04:03.553 [info] > git config --local branch.navbar.vscode-merge-base [1ms]
2024-07-16 00:04:03.560 [info] > git for-each-ref --format=%(refname)%00%(upstream:short)%00%(objectname)%00%(upstream:track)%00%(upstream:remotename)%00%(upstream:remoteref) refs/heads/origin/main refs/remotes/origin/main [2ms]
2024-07-16 00:04:08.559 [info] > git config --get commit.template [5ms]
2024-07-16 00:04:08.559 [info] > git for-each-ref --format=%(refname)%00%(upstream:short)%00%(objectname)%00%(upstream:track)%00%(upstream:remotename)%00%(upstream:remoteref) refs/heads/navbar refs/remotes/navbar [1ms]
2024-07-16 00:04:08.574 [info] > git status -z -uall [10ms]
2024-07-16 00:04:08.593 [info] > git for-each-ref --format=%(refname)%00%(upstream:short)%00%(objectname)%00%(upstream:track)%00%(upstream:remotename)%00%(upstream:remoteref) refs/heads/navbar refs/remotes/navbar [12ms]
2024-07-16 00:04:08.597 [info] > git config --local branch.navbar.vscode-merge-base [1ms]
2024-07-16 00:04:08.606 [info] > git for-each-ref --format=%(refname)%00%(upstream:short)%00%(objectname)%00%(upstream:track)%00%(upstream:remotename)%00%(upstream:remoteref) refs/heads/origin/main refs/remotes/origin/main [5ms]
2024-07-16 00:04:15.848 [info] > git config --get commit.template [6ms]
2024-07-16 00:04:15.850 [info] > git for-each-ref --format=%(refname)%00%(upstream:short)%00%(objectname)%00%(upstream:track)%00%(upstream:remotename)%00%(upstream:remoteref) refs/heads/navbar refs/remotes/navbar [2ms]
2024-07-16 00:04:15.868 [info] > git status -z -uall [13ms]
2024-07-16 00:04:15.891 [info] > git for-each-ref --format=%(refname)%00%(upstream:short)%00%(objectname)%00%(upstream:track)%00%(upstream:remotename)%00%(upstream:remoteref) refs/heads/navbar refs/remotes/navbar [15ms]
2024-07-16 00:04:15.898 [info] > git config --local branch.navbar.vscode-merge-base [2ms]
2024-07-16 00:04:15.907 [info] > git for-each-ref --format=%(refname)%00%(upstream:short)%00%(objectname)%00%(upstream:track)%00%(upstream:remotename)%00%(upstream:remoteref) refs/heads/origin/main refs/remotes/origin/main [4ms]
