2024-07-12 18:00:31.422 [info] Extension host with pid 512 started
2024-07-12 18:00:31.422 [error] Error: EEXIST: file already exists, open '/home/coder123/.vscode-server/data/User/workspaceStorage/e108dc581b14dbd28bd749526d685224/vscode.lock'
2024-07-12 18:00:31.430 [info] Lock '/home/coder123/.vscode-server/data/User/workspaceStorage/e108dc581b14dbd28bd749526d685224/vscode.lock': Could not acquire lock, checking if the file is stale.
2024-07-12 18:00:31.445 [info] Lock '/home/coder123/.vscode-server/data/User/workspaceStorage/e108dc581b14dbd28bd749526d685224/vscode.lock': The pid 39659 appears to be gone.
2024-07-12 18:00:31.445 [info] Lock '/home/coder123/.vscode-server/data/User/workspaceStorage/e108dc581b14dbd28bd749526d685224/vscode.lock': Deleting a stale lock.
2024-07-12 18:00:31.457 [info] Lock '/home/coder123/.vscode-server/data/User/workspaceStorage/e108dc581b14dbd28bd749526d685224/vscode.lock': Lock acquired.
2024-07-12 18:00:31.509 [info] ExtensionService#_doActivateExtension vscode.emmet, startup: false, activationEvent: 'onLanguage'
2024-07-12 18:00:31.511 [info] ExtensionService#_doActivateExtension vscode.typescript-language-features, startup: false, activationEvent: 'onLanguage:javascript'
2024-07-12 18:00:32.024 [info] ExtensionService#_doActivateExtension vscode.git-base, startup: true, activationEvent: '*', root cause: vscode.git
2024-07-12 18:00:32.108 [info] ExtensionService#_doActivateExtension vscode.git, startup: true, activationEvent: '*'
2024-07-12 18:00:32.108 [info] ExtensionService#_doActivateExtension vscode.github, startup: true, activationEvent: '*'
2024-07-12 18:00:32.357 [info] Eager extensions activated
2024-07-12 18:00:32.357 [info] ExtensionService#_doActivateExtension vscode.debug-auto-launch, startup: false, activationEvent: 'onStartupFinished'
2024-07-12 18:00:32.358 [info] ExtensionService#_doActivateExtension vscode.merge-conflict, startup: false, activationEvent: 'onStartupFinished'
2024-07-12 18:00:32.692 [warning] [Decorations] CAPPING events from decorations provider vscode.git 1315
2024-07-12 18:00:33.091 [warning] [Decorations] CAPPING events from decorations provider vscode.git 1315
2024-07-12 18:00:34.610 [warning] [Decorations] CAPPING events from decorations provider vscode.git 1315
2024-07-12 18:00:39.676 [warning] [Decorations] CAPPING events from decorations provider vscode.git 1315
2024-07-12 18:00:44.741 [warning] [Decorations] CAPPING events from decorations provider vscode.git 1315
2024-07-12 18:00:49.809 [warning] [Decorations] CAPPING events from decorations provider vscode.git 1315
2024-07-12 18:00:54.871 [warning] [Decorations] CAPPING events from decorations provider vscode.git 1315
2024-07-12 18:00:59.934 [warning] [Decorations] CAPPING events from decorations provider vscode.git 1315
2024-07-12 18:01:05.011 [warning] [Decorations] CAPPING events from decorations provider vscode.git 1315
2024-07-12 18:01:10.085 [warning] [Decorations] CAPPING events from decorations provider vscode.git 1315
2024-07-12 18:01:15.159 [warning] [Decorations] CAPPING events from decorations provider vscode.git 1315
2024-07-12 18:01:20.229 [warning] [Decorations] CAPPING events from decorations provider vscode.git 1315
2024-07-12 18:01:25.297 [warning] [Decorations] CAPPING events from decorations provider vscode.git 1315
2024-07-12 18:01:30.403 [warning] [Decorations] CAPPING events from decorations provider vscode.git 1315
2024-07-12 18:01:35.474 [warning] [Decorations] CAPPING events from decorations provider vscode.git 1315
2024-07-12 18:01:40.542 [warning] [Decorations] CAPPING events from decorations provider vscode.git 1315
2024-07-12 18:01:42.352 [info] ExtensionService#_doActivateExtension vscode.html-language-features, startup: false, activationEvent: 'onLanguage:html'
2024-07-12 18:01:45.610 [warning] [Decorations] CAPPING events from decorations provider vscode.git 1316
2024-07-12 18:27:37.290 [warning] [Decorations] CAPPING events from decorations provider vscode.git 1316
2024-07-12 18:27:42.364 [warning] [Decorations] CAPPING events from decorations provider vscode.git 1316
2024-07-12 18:27:47.437 [warning] [Decorations] CAPPING events from decorations provider vscode.git 1316
2024-07-12 18:27:53.148 [warning] [Decorations] CAPPING events from decorations provider vscode.git 1316
2024-07-12 18:27:58.213 [warning] [Decorations] CAPPING events from decorations provider vscode.git 1316
2024-07-12 18:28:03.282 [warning] [Decorations] CAPPING events from decorations provider vscode.git 1316
2024-07-12 18:28:08.348 [warning] [Decorations] CAPPING events from decorations provider vscode.git 1316
2024-07-12 18:28:13.413 [warning] [Decorations] CAPPING events from decorations provider vscode.git 1316
2024-07-12 18:28:18.514 [warning] [Decorations] CAPPING events from decorations provider vscode.git 1316
2024-07-12 18:28:23.591 [warning] [Decorations] CAPPING events from decorations provider vscode.git 1316
2024-07-12 18:28:28.661 [warning] [Decorations] CAPPING events from decorations provider vscode.git 1316
2024-07-12 18:28:42.275 [warning] [Decorations] CAPPING events from decorations provider vscode.git 1316
2024-07-12 18:28:42.549 [info] Extension host terminating: received terminate message from renderer
2024-07-12 18:28:42.550 [info] Lock '/home/coder123/.vscode-server/data/User/workspaceStorage/e108dc581b14dbd28bd749526d685224/vscode.lock': Marking the lockfile as scheduled to be released in 6000 ms.
2024-07-12 18:28:42.624 [error] Canceled: Canceled
	at new I (/home/coder123/.vscode-server/bin/ea1445cc7016315d0f5728f8e8b12a45dc0a7286/out/vs/workbench/api/node/extensionHostProcess.js:146:34990)
	at S.U (/home/coder123/.vscode-server/bin/ea1445cc7016315d0f5728f8e8b12a45dc0a7286/out/vs/workbench/api/node/extensionHostProcess.js:153:6023)
	at z.<computed>.F.charCodeAt.T.CharCode.DollarSign.z.<computed> (/home/coder123/.vscode-server/bin/ea1445cc7016315d0f5728f8e8b12a45dc0a7286/out/vs/workbench/api/node/extensionHostProcess.js:153:3107)
	at f.g (/home/coder123/.vscode-server/bin/ea1445cc7016315d0f5728f8e8b12a45dc0a7286/out/vs/workbench/api/node/extensionHostProcess.js:156:203861)
	at f.executeCommand (/home/coder123/.vscode-server/bin/ea1445cc7016315d0f5728f8e8b12a45dc0a7286/out/vs/workbench/api/node/extensionHostProcess.js:156:203299)
	at A.registerCommand.description (/home/coder123/.vscode-server/bin/ea1445cc7016315d0f5728f8e8b12a45dc0a7286/out/vs/workbench/api/node/extensionHostProcess.js:156:202623)
	at f.h (/home/coder123/.vscode-server/bin/ea1445cc7016315d0f5728f8e8b12a45dc0a7286/out/vs/workbench/api/node/extensionHostProcess.js:156:204400)
	at f.g (/home/coder123/.vscode-server/bin/ea1445cc7016315d0f5728f8e8b12a45dc0a7286/out/vs/workbench/api/node/extensionHostProcess.js:156:203392)
	at f.executeCommand (/home/coder123/.vscode-server/bin/ea1445cc7016315d0f5728f8e8b12a45dc0a7286/out/vs/workbench/api/node/extensionHostProcess.js:156:203299)
	at Object.executeCommand (/home/coder123/.vscode-server/bin/ea1445cc7016315d0f5728f8e8b12a45dc0a7286/out/vs/workbench/api/node/extensionHostProcess.js:166:23051)
	at n.O [as value] (/home/coder123/.vscode-server/bin/ea1445cc7016315d0f5728f8e8b12a45dc0a7286/extensions/git/dist/main.js:2:949375)
	at r.B (/home/coder123/.vscode-server/bin/ea1445cc7016315d0f5728f8e8b12a45dc0a7286/out/vs/workbench/api/node/extensionHostProcess.js:83:737)
	at r.C (/home/coder123/.vscode-server/bin/ea1445cc7016315d0f5728f8e8b12a45dc0a7286/out/vs/workbench/api/node/extensionHostProcess.js:83:807)
	at r.fire (/home/coder123/.vscode-server/bin/ea1445cc7016315d0f5728f8e8b12a45dc0a7286/out/vs/workbench/api/node/extensionHostProcess.js:83:1023)
	at Object.p [as dispose] (/home/coder123/.vscode-server/bin/ea1445cc7016315d0f5728f8e8b12a45dc0a7286/extensions/git/dist/main.js:2:968579)
	at /home/coder123/.vscode-server/bin/ea1445cc7016315d0f5728f8e8b12a45dc0a7286/extensions/git/dist/main.js:2:974617
	at Array.forEach (<anonymous>)
	at f.dispose (/home/coder123/.vscode-server/bin/ea1445cc7016315d0f5728f8e8b12a45dc0a7286/extensions/git/dist/main.js:2:974603)
	at c.<anonymous> (/home/coder123/.vscode-server/bin/ea1445cc7016315d0f5728f8e8b12a45dc0a7286/out/vs/workbench/api/node/extensionHostProcess.js:154:4048)
	at c.dispose (/home/coder123/.vscode-server/bin/ea1445cc7016315d0f5728f8e8b12a45dc0a7286/out/vs/workbench/api/node/extensionHostProcess.js:154:4145)
	at c.<anonymous> (/home/coder123/.vscode-server/bin/ea1445cc7016315d0f5728f8e8b12a45dc0a7286/extensions/git/dist/main.js:2:951632)
	at c.dispose (/home/coder123/.vscode-server/bin/ea1445cc7016315d0f5728f8e8b12a45dc0a7286/out/vs/workbench/api/node/extensionHostProcess.js:154:4145)
	at d (/home/coder123/.vscode-server/bin/ea1445cc7016315d0f5728f8e8b12a45dc0a7286/out/vs/workbench/api/node/extensionHostProcess.js:30:744)
	at m.eb (/home/coder123/.vscode-server/bin/ea1445cc7016315d0f5728f8e8b12a45dc0a7286/out/vs/workbench/api/node/extensionHostProcess.js:162:10039)
	at /home/coder123/.vscode-server/bin/ea1445cc7016315d0f5728f8e8b12a45dc0a7286/out/vs/workbench/api/node/extensionHostProcess.js:162:7915
	at Array.map (<anonymous>)
	at m.$ (/home/coder123/.vscode-server/bin/ea1445cc7016315d0f5728f8e8b12a45dc0a7286/out/vs/workbench/api/node/extensionHostProcess.js:162:7902)
	at m.terminate (/home/coder123/.vscode-server/bin/ea1445cc7016315d0f5728f8e8b12a45dc0a7286/out/vs/workbench/api/node/extensionHostProcess.js:162:8175)
	at d.terminate (/home/coder123/.vscode-server/bin/ea1445cc7016315d0f5728f8e8b12a45dc0a7286/out/vs/workbench/api/node/extensionHostProcess.js:166:1513)
	at i (/home/coder123/.vscode-server/bin/ea1445cc7016315d0f5728f8e8b12a45dc0a7286/out/vs/workbench/api/node/extensionHostProcess.js:179:10617)
	at n.value (/home/coder123/.vscode-server/bin/ea1445cc7016315d0f5728f8e8b12a45dc0a7286/out/vs/workbench/api/node/extensionHostProcess.js:179:8585)
	at r.B (/home/coder123/.vscode-server/bin/ea1445cc7016315d0f5728f8e8b12a45dc0a7286/out/vs/workbench/api/node/extensionHostProcess.js:83:737)
	at r.fire (/home/coder123/.vscode-server/bin/ea1445cc7016315d0f5728f8e8b12a45dc0a7286/out/vs/workbench/api/node/extensionHostProcess.js:83:954)
	at o.fire (/home/coder123/.vscode-server/bin/ea1445cc7016315d0f5728f8e8b12a45dc0a7286/out/vs/workbench/api/node/extensionHostProcess.js:108:14502)
	at f.z (/home/coder123/.vscode-server/bin/ea1445cc7016315d0f5728f8e8b12a45dc0a7286/out/vs/workbench/api/node/extensionHostProcess.js:108:17638)
	at n.value (/home/coder123/.vscode-server/bin/ea1445cc7016315d0f5728f8e8b12a45dc0a7286/out/vs/workbench/api/node/extensionHostProcess.js:108:17012)
	at r.B (/home/coder123/.vscode-server/bin/ea1445cc7016315d0f5728f8e8b12a45dc0a7286/out/vs/workbench/api/node/extensionHostProcess.js:83:737)
	at r.fire (/home/coder123/.vscode-server/bin/ea1445cc7016315d0f5728f8e8b12a45dc0a7286/out/vs/workbench/api/node/extensionHostProcess.js:83:954)
	at m.acceptChunk (/home/coder123/.vscode-server/bin/ea1445cc7016315d0f5728f8e8b12a45dc0a7286/out/vs/workbench/api/node/extensionHostProcess.js:108:12248)
	at n.value (/home/coder123/.vscode-server/bin/ea1445cc7016315d0f5728f8e8b12a45dc0a7286/out/vs/workbench/api/node/extensionHostProcess.js:108:11518)
	at r.B (/home/coder123/.vscode-server/bin/ea1445cc7016315d0f5728f8e8b12a45dc0a7286/out/vs/workbench/api/node/extensionHostProcess.js:83:737)
	at r.fire (/home/coder123/.vscode-server/bin/ea1445cc7016315d0f5728f8e8b12a45dc0a7286/out/vs/workbench/api/node/extensionHostProcess.js:83:954)
	at o.z (/home/coder123/.vscode-server/bin/ea1445cc7016315d0f5728f8e8b12a45dc0a7286/out/vs/workbench/api/node/extensionHostProcess.js:176:21458)
	at o.acceptFrame (/home/coder123/.vscode-server/bin/ea1445cc7016315d0f5728f8e8b12a45dc0a7286/out/vs/workbench/api/node/extensionHostProcess.js:176:21264)
	at n (/home/coder123/.vscode-server/bin/ea1445cc7016315d0f5728f8e8b12a45dc0a7286/out/vs/workbench/api/node/extensionHostProcess.js:176:19709)
	at /home/coder123/.vscode-server/bin/ea1445cc7016315d0f5728f8e8b12a45dc0a7286/out/vs/workbench/api/node/extensionHostProcess.js:176:16636
	at Socket.v (/home/coder123/.vscode-server/bin/ea1445cc7016315d0f5728f8e8b12a45dc0a7286/out/vs/workbench/api/node/extensionHostProcess.js:176:14266)
	at Socket.emit (node:events:518:28)
	at addChunk (node:internal/streams/readable:559:12)
	at readableAddChunkPushByteMode (node:internal/streams/readable:510:3)
	at Readable.push (node:internal/streams/readable:390:5)
	at TCP.onStreamRead (node:internal/stream_base_commons:190:23) setContext undefined
2024-07-12 18:28:42.624 [error] Canceled: Canceled
	at new I (/home/coder123/.vscode-server/bin/ea1445cc7016315d0f5728f8e8b12a45dc0a7286/out/vs/workbench/api/node/extensionHostProcess.js:146:34990)
	at S.U (/home/coder123/.vscode-server/bin/ea1445cc7016315d0f5728f8e8b12a45dc0a7286/out/vs/workbench/api/node/extensionHostProcess.js:153:6023)
	at z.<computed>.F.charCodeAt.T.CharCode.DollarSign.z.<computed> (/home/coder123/.vscode-server/bin/ea1445cc7016315d0f5728f8e8b12a45dc0a7286/out/vs/workbench/api/node/extensionHostProcess.js:153:3107)
	at f.g (/home/coder123/.vscode-server/bin/ea1445cc7016315d0f5728f8e8b12a45dc0a7286/out/vs/workbench/api/node/extensionHostProcess.js:156:203861)
	at f.executeCommand (/home/coder123/.vscode-server/bin/ea1445cc7016315d0f5728f8e8b12a45dc0a7286/out/vs/workbench/api/node/extensionHostProcess.js:156:203299)
	at A.registerCommand.description (/home/coder123/.vscode-server/bin/ea1445cc7016315d0f5728f8e8b12a45dc0a7286/out/vs/workbench/api/node/extensionHostProcess.js:156:202623)
	at f.h (/home/coder123/.vscode-server/bin/ea1445cc7016315d0f5728f8e8b12a45dc0a7286/out/vs/workbench/api/node/extensionHostProcess.js:156:204400)
	at f.g (/home/coder123/.vscode-server/bin/ea1445cc7016315d0f5728f8e8b12a45dc0a7286/out/vs/workbench/api/node/extensionHostProcess.js:156:203392)
	at f.executeCommand (/home/coder123/.vscode-server/bin/ea1445cc7016315d0f5728f8e8b12a45dc0a7286/out/vs/workbench/api/node/extensionHostProcess.js:156:203299)
	at Object.executeCommand (/home/coder123/.vscode-server/bin/ea1445cc7016315d0f5728f8e8b12a45dc0a7286/out/vs/workbench/api/node/extensionHostProcess.js:166:23051)
	at set hasGitHubRepositories [as hasGitHubRepositories] (/home/coder123/.vscode-server/bin/ea1445cc7016315d0f5728f8e8b12a45dc0a7286/extensions/github/dist/extension.js:2:322969)
	at /home/coder123/.vscode-server/bin/ea1445cc7016315d0f5728f8e8b12a45dc0a7286/extensions/github/dist/extension.js:2:323928
	at n.value (/home/coder123/.vscode-server/bin/ea1445cc7016315d0f5728f8e8b12a45dc0a7286/extensions/git/dist/main.js:2:1055117)
	at r.B (/home/coder123/.vscode-server/bin/ea1445cc7016315d0f5728f8e8b12a45dc0a7286/out/vs/workbench/api/node/extensionHostProcess.js:83:737)
	at r.C (/home/coder123/.vscode-server/bin/ea1445cc7016315d0f5728f8e8b12a45dc0a7286/out/vs/workbench/api/node/extensionHostProcess.js:83:807)
	at r.fire (/home/coder123/.vscode-server/bin/ea1445cc7016315d0f5728f8e8b12a45dc0a7286/out/vs/workbench/api/node/extensionHostProcess.js:83:1023)
	at Object.p [as dispose] (/home/coder123/.vscode-server/bin/ea1445cc7016315d0f5728f8e8b12a45dc0a7286/extensions/git/dist/main.js:2:968579)
	at /home/coder123/.vscode-server/bin/ea1445cc7016315d0f5728f8e8b12a45dc0a7286/extensions/git/dist/main.js:2:974617
	at Array.forEach (<anonymous>)
	at f.dispose (/home/coder123/.vscode-server/bin/ea1445cc7016315d0f5728f8e8b12a45dc0a7286/extensions/git/dist/main.js:2:974603)
	at c.<anonymous> (/home/coder123/.vscode-server/bin/ea1445cc7016315d0f5728f8e8b12a45dc0a7286/out/vs/workbench/api/node/extensionHostProcess.js:154:4048)
	at c.dispose (/home/coder123/.vscode-server/bin/ea1445cc7016315d0f5728f8e8b12a45dc0a7286/out/vs/workbench/api/node/extensionHostProcess.js:154:4145)
	at c.<anonymous> (/home/coder123/.vscode-server/bin/ea1445cc7016315d0f5728f8e8b12a45dc0a7286/extensions/git/dist/main.js:2:951632)
	at c.dispose (/home/coder123/.vscode-server/bin/ea1445cc7016315d0f5728f8e8b12a45dc0a7286/out/vs/workbench/api/node/extensionHostProcess.js:154:4145)
	at d (/home/coder123/.vscode-server/bin/ea1445cc7016315d0f5728f8e8b12a45dc0a7286/out/vs/workbench/api/node/extensionHostProcess.js:30:744)
	at m.eb (/home/coder123/.vscode-server/bin/ea1445cc7016315d0f5728f8e8b12a45dc0a7286/out/vs/workbench/api/node/extensionHostProcess.js:162:10039)
	at /home/coder123/.vscode-server/bin/ea1445cc7016315d0f5728f8e8b12a45dc0a7286/out/vs/workbench/api/node/extensionHostProcess.js:162:7915
	at Array.map (<anonymous>)
	at m.$ (/home/coder123/.vscode-server/bin/ea1445cc7016315d0f5728f8e8b12a45dc0a7286/out/vs/workbench/api/node/extensionHostProcess.js:162:7902)
	at m.terminate (/home/coder123/.vscode-server/bin/ea1445cc7016315d0f5728f8e8b12a45dc0a7286/out/vs/workbench/api/node/extensionHostProcess.js:162:8175)
	at d.terminate (/home/coder123/.vscode-server/bin/ea1445cc7016315d0f5728f8e8b12a45dc0a7286/out/vs/workbench/api/node/extensionHostProcess.js:166:1513)
	at i (/home/coder123/.vscode-server/bin/ea1445cc7016315d0f5728f8e8b12a45dc0a7286/out/vs/workbench/api/node/extensionHostProcess.js:179:10617)
	at n.value (/home/coder123/.vscode-server/bin/ea1445cc7016315d0f5728f8e8b12a45dc0a7286/out/vs/workbench/api/node/extensionHostProcess.js:179:8585)
	at r.B (/home/coder123/.vscode-server/bin/ea1445cc7016315d0f5728f8e8b12a45dc0a7286/out/vs/workbench/api/node/extensionHostProcess.js:83:737)
	at r.fire (/home/coder123/.vscode-server/bin/ea1445cc7016315d0f5728f8e8b12a45dc0a7286/out/vs/workbench/api/node/extensionHostProcess.js:83:954)
	at o.fire (/home/coder123/.vscode-server/bin/ea1445cc7016315d0f5728f8e8b12a45dc0a7286/out/vs/workbench/api/node/extensionHostProcess.js:108:14502)
	at f.z (/home/coder123/.vscode-server/bin/ea1445cc7016315d0f5728f8e8b12a45dc0a7286/out/vs/workbench/api/node/extensionHostProcess.js:108:17638)
	at n.value (/home/coder123/.vscode-server/bin/ea1445cc7016315d0f5728f8e8b12a45dc0a7286/out/vs/workbench/api/node/extensionHostProcess.js:108:17012)
	at r.B (/home/coder123/.vscode-server/bin/ea1445cc7016315d0f5728f8e8b12a45dc0a7286/out/vs/workbench/api/node/extensionHostProcess.js:83:737)
	at r.fire (/home/coder123/.vscode-server/bin/ea1445cc7016315d0f5728f8e8b12a45dc0a7286/out/vs/workbench/api/node/extensionHostProcess.js:83:954)
	at m.acceptChunk (/home/coder123/.vscode-server/bin/ea1445cc7016315d0f5728f8e8b12a45dc0a7286/out/vs/workbench/api/node/extensionHostProcess.js:108:12248)
	at n.value (/home/coder123/.vscode-server/bin/ea1445cc7016315d0f5728f8e8b12a45dc0a7286/out/vs/workbench/api/node/extensionHostProcess.js:108:11518)
	at r.B (/home/coder123/.vscode-server/bin/ea1445cc7016315d0f5728f8e8b12a45dc0a7286/out/vs/workbench/api/node/extensionHostProcess.js:83:737)
	at r.fire (/home/coder123/.vscode-server/bin/ea1445cc7016315d0f5728f8e8b12a45dc0a7286/out/vs/workbench/api/node/extensionHostProcess.js:83:954)
	at o.z (/home/coder123/.vscode-server/bin/ea1445cc7016315d0f5728f8e8b12a45dc0a7286/out/vs/workbench/api/node/extensionHostProcess.js:176:21458)
	at o.acceptFrame (/home/coder123/.vscode-server/bin/ea1445cc7016315d0f5728f8e8b12a45dc0a7286/out/vs/workbench/api/node/extensionHostProcess.js:176:21264)
	at n (/home/coder123/.vscode-server/bin/ea1445cc7016315d0f5728f8e8b12a45dc0a7286/out/vs/workbench/api/node/extensionHostProcess.js:176:19709)
	at /home/coder123/.vscode-server/bin/ea1445cc7016315d0f5728f8e8b12a45dc0a7286/out/vs/workbench/api/node/extensionHostProcess.js:176:16636
	at Socket.v (/home/coder123/.vscode-server/bin/ea1445cc7016315d0f5728f8e8b12a45dc0a7286/out/vs/workbench/api/node/extensionHostProcess.js:176:14266)
	at Socket.emit (node:events:518:28)
	at addChunk (node:internal/streams/readable:559:12)
	at readableAddChunkPushByteMode (node:internal/streams/readable:510:3)
	at Readable.push (node:internal/streams/readable:390:5)
	at TCP.onStreamRead (node:internal/stream_base_commons:190:23) setContext undefined
2024-07-12 18:28:42.629 [error] Canceled: Canceled
	at new I (/home/coder123/.vscode-server/bin/ea1445cc7016315d0f5728f8e8b12a45dc0a7286/out/vs/workbench/api/node/extensionHostProcess.js:146:34990)
	at S.U (/home/coder123/.vscode-server/bin/ea1445cc7016315d0f5728f8e8b12a45dc0a7286/out/vs/workbench/api/node/extensionHostProcess.js:153:6023)
	at z.<computed>.F.charCodeAt.T.CharCode.DollarSign.z.<computed> (/home/coder123/.vscode-server/bin/ea1445cc7016315d0f5728f8e8b12a45dc0a7286/out/vs/workbench/api/node/extensionHostProcess.js:153:3107)
	at f.g (/home/coder123/.vscode-server/bin/ea1445cc7016315d0f5728f8e8b12a45dc0a7286/out/vs/workbench/api/node/extensionHostProcess.js:156:203861)
	at f.executeCommand (/home/coder123/.vscode-server/bin/ea1445cc7016315d0f5728f8e8b12a45dc0a7286/out/vs/workbench/api/node/extensionHostProcess.js:156:203299)
	at A.registerCommand.description (/home/coder123/.vscode-server/bin/ea1445cc7016315d0f5728f8e8b12a45dc0a7286/out/vs/workbench/api/node/extensionHostProcess.js:156:202623)
	at f.h (/home/coder123/.vscode-server/bin/ea1445cc7016315d0f5728f8e8b12a45dc0a7286/out/vs/workbench/api/node/extensionHostProcess.js:156:204400)
	at f.g (/home/coder123/.vscode-server/bin/ea1445cc7016315d0f5728f8e8b12a45dc0a7286/out/vs/workbench/api/node/extensionHostProcess.js:156:203392)
	at f.executeCommand (/home/coder123/.vscode-server/bin/ea1445cc7016315d0f5728f8e8b12a45dc0a7286/out/vs/workbench/api/node/extensionHostProcess.js:156:203299)
	at Object.executeCommand (/home/coder123/.vscode-server/bin/ea1445cc7016315d0f5728f8e8b12a45dc0a7286/out/vs/workbench/api/node/extensionHostProcess.js:166:23051)
	at n.default.provideCodeLenses (/home/coder123/.vscode-server/bin/ea1445cc7016315d0f5728f8e8b12a45dc0a7286/extensions/merge-conflict/dist/mergeConflictMain.js:1:165252)
	at runNextTicks (node:internal/process/task_queues:60:5)
	at listOnTimeout (node:internal/timers:540:9)
	at process.processTimers (node:internal/timers:514:7)
	at async u.provideCodeLenses (/home/coder123/.vscode-server/bin/ea1445cc7016315d0f5728f8e8b12a45dc0a7286/out/vs/workbench/api/node/extensionHostProcess.js:156:99909) setContext undefined
2024-07-12 18:28:42.635 [info] Extension host with pid 512 exiting with code 0
