2024-07-18 21:19:06.102 [info] Extension host with pid 534 started
2024-07-18 21:19:06.198 [info] Lock '/home/coder123/.vscode-server/data/User/workspaceStorage/e108dc581b14dbd28bd749526d685224/vscode.lock': Lock acquired.
2024-07-18 21:19:06.405 [info] ExtensionService#_doActivateExtension ms-vscode.live-server, startup: false, activationEvent: 'onWebviewPanel:browserPreview'
2024-07-18 21:19:06.416 [info] ExtensionService#_doActivateExtension vscode.tunnel-forwarding, startup: false, activationEvent: 'onTunnel'
2024-07-18 21:19:06.417 [info] ExtensionService#_doActivateExtension vscode.emmet, startup: false, activationEvent: 'onLanguage'
2024-07-18 21:19:06.418 [info] ExtensionService#_doActivateExtension vscode.html-language-features, startup: false, activationEvent: 'onLanguage:html'
2024-07-18 21:19:07.551 [info] ExtensionService#_doActivateExtension vscode.git-base, startup: true, activationEvent: '*', root cause: vscode.git
2024-07-18 21:19:07.643 [info] ExtensionService#_doActivateExtension vscode.git, startup: true, activationEvent: '*'
2024-07-18 21:19:07.645 [info] ExtensionService#_doActivateExtension vscode.github, startup: true, activationEvent: '*'
2024-07-18 21:19:08.916 [info] Eager extensions activated
2024-07-18 21:19:08.918 [info] ExtensionService#_doActivateExtension vscode.debug-auto-launch, startup: false, activationEvent: 'onStartupFinished'
2024-07-18 21:19:08.920 [info] ExtensionService#_doActivateExtension vscode.merge-conflict, startup: false, activationEvent: 'onStartupFinished'
2024-07-18 21:31:39.881 [info] ExtensionService#_doActivateExtension vscode.css-language-features, startup: false, activationEvent: 'onLanguage:css'
2024-07-18 23:00:45.833 [info] ExtensionService#_doActivateExtension vscode.typescript-language-features, startup: false, activationEvent: 'onLanguage:javascript'
2024-07-18 23:14:07.244 [info] ExtensionService#_doActivateExtension vscode.npm, startup: false, activationEvent: 'onTerminalQuickFixRequest:ms-vscode.npm-command'
2024-07-18 23:21:54.825 [info] Extension host terminating: received terminate message from renderer
2024-07-18 23:21:54.827 [info] Lock '/home/coder123/.vscode-server/data/User/workspaceStorage/e108dc581b14dbd28bd749526d685224/vscode.lock': Marking the lockfile as scheduled to be released in 6000 ms.
2024-07-18 23:21:54.904 [error] Canceled: Canceled
	at new I (/home/coder123/.vscode-server/bin/f1e16e1e6214d7c44d078b1f0607b2388f29d729/out/vs/workbench/api/node/extensionHostProcess.js:146:34990)
	at S.U (/home/coder123/.vscode-server/bin/f1e16e1e6214d7c44d078b1f0607b2388f29d729/out/vs/workbench/api/node/extensionHostProcess.js:153:6023)
	at z.<computed>.F.charCodeAt.T.CharCode.DollarSign.z.<computed> (/home/coder123/.vscode-server/bin/f1e16e1e6214d7c44d078b1f0607b2388f29d729/out/vs/workbench/api/node/extensionHostProcess.js:153:3107)
	at f.g (/home/coder123/.vscode-server/bin/f1e16e1e6214d7c44d078b1f0607b2388f29d729/out/vs/workbench/api/node/extensionHostProcess.js:156:203861)
	at f.executeCommand (/home/coder123/.vscode-server/bin/f1e16e1e6214d7c44d078b1f0607b2388f29d729/out/vs/workbench/api/node/extensionHostProcess.js:156:203299)
	at A.registerCommand.description (/home/coder123/.vscode-server/bin/f1e16e1e6214d7c44d078b1f0607b2388f29d729/out/vs/workbench/api/node/extensionHostProcess.js:156:202623)
	at f.h (/home/coder123/.vscode-server/bin/f1e16e1e6214d7c44d078b1f0607b2388f29d729/out/vs/workbench/api/node/extensionHostProcess.js:156:204400)
	at f.g (/home/coder123/.vscode-server/bin/f1e16e1e6214d7c44d078b1f0607b2388f29d729/out/vs/workbench/api/node/extensionHostProcess.js:156:203392)
	at f.executeCommand (/home/coder123/.vscode-server/bin/f1e16e1e6214d7c44d078b1f0607b2388f29d729/out/vs/workbench/api/node/extensionHostProcess.js:156:203299)
	at Object.executeCommand (/home/coder123/.vscode-server/bin/f1e16e1e6214d7c44d078b1f0607b2388f29d729/out/vs/workbench/api/node/extensionHostProcess.js:166:23051)
	at n.O [as value] (/home/coder123/.vscode-server/bin/f1e16e1e6214d7c44d078b1f0607b2388f29d729/extensions/git/dist/main.js:2:949496)
	at r.B (/home/coder123/.vscode-server/bin/f1e16e1e6214d7c44d078b1f0607b2388f29d729/out/vs/workbench/api/node/extensionHostProcess.js:83:737)
	at r.C (/home/coder123/.vscode-server/bin/f1e16e1e6214d7c44d078b1f0607b2388f29d729/out/vs/workbench/api/node/extensionHostProcess.js:83:807)
	at r.fire (/home/coder123/.vscode-server/bin/f1e16e1e6214d7c44d078b1f0607b2388f29d729/out/vs/workbench/api/node/extensionHostProcess.js:83:1023)
	at Object.p [as dispose] (/home/coder123/.vscode-server/bin/f1e16e1e6214d7c44d078b1f0607b2388f29d729/extensions/git/dist/main.js:2:968700)
	at /home/coder123/.vscode-server/bin/f1e16e1e6214d7c44d078b1f0607b2388f29d729/extensions/git/dist/main.js:2:974738
	at Array.forEach (<anonymous>)
	at f.dispose (/home/coder123/.vscode-server/bin/f1e16e1e6214d7c44d078b1f0607b2388f29d729/extensions/git/dist/main.js:2:974724)
	at c.<anonymous> (/home/coder123/.vscode-server/bin/f1e16e1e6214d7c44d078b1f0607b2388f29d729/out/vs/workbench/api/node/extensionHostProcess.js:154:4048)
	at c.dispose (/home/coder123/.vscode-server/bin/f1e16e1e6214d7c44d078b1f0607b2388f29d729/out/vs/workbench/api/node/extensionHostProcess.js:154:4145)
	at c.<anonymous> (/home/coder123/.vscode-server/bin/f1e16e1e6214d7c44d078b1f0607b2388f29d729/extensions/git/dist/main.js:2:951753)
	at c.dispose (/home/coder123/.vscode-server/bin/f1e16e1e6214d7c44d078b1f0607b2388f29d729/out/vs/workbench/api/node/extensionHostProcess.js:154:4145)
	at d (/home/coder123/.vscode-server/bin/f1e16e1e6214d7c44d078b1f0607b2388f29d729/out/vs/workbench/api/node/extensionHostProcess.js:30:744)
	at m.eb (/home/coder123/.vscode-server/bin/f1e16e1e6214d7c44d078b1f0607b2388f29d729/out/vs/workbench/api/node/extensionHostProcess.js:162:10039)
	at /home/coder123/.vscode-server/bin/f1e16e1e6214d7c44d078b1f0607b2388f29d729/out/vs/workbench/api/node/extensionHostProcess.js:162:7915
	at Array.map (<anonymous>)
	at m.$ (/home/coder123/.vscode-server/bin/f1e16e1e6214d7c44d078b1f0607b2388f29d729/out/vs/workbench/api/node/extensionHostProcess.js:162:7902)
	at m.terminate (/home/coder123/.vscode-server/bin/f1e16e1e6214d7c44d078b1f0607b2388f29d729/out/vs/workbench/api/node/extensionHostProcess.js:162:8175)
	at d.terminate (/home/coder123/.vscode-server/bin/f1e16e1e6214d7c44d078b1f0607b2388f29d729/out/vs/workbench/api/node/extensionHostProcess.js:166:1513)
	at i (/home/coder123/.vscode-server/bin/f1e16e1e6214d7c44d078b1f0607b2388f29d729/out/vs/workbench/api/node/extensionHostProcess.js:179:10617)
	at n.value (/home/coder123/.vscode-server/bin/f1e16e1e6214d7c44d078b1f0607b2388f29d729/out/vs/workbench/api/node/extensionHostProcess.js:179:8585)
	at r.B (/home/coder123/.vscode-server/bin/f1e16e1e6214d7c44d078b1f0607b2388f29d729/out/vs/workbench/api/node/extensionHostProcess.js:83:737)
	at r.fire (/home/coder123/.vscode-server/bin/f1e16e1e6214d7c44d078b1f0607b2388f29d729/out/vs/workbench/api/node/extensionHostProcess.js:83:954)
	at o.fire (/home/coder123/.vscode-server/bin/f1e16e1e6214d7c44d078b1f0607b2388f29d729/out/vs/workbench/api/node/extensionHostProcess.js:108:14502)
	at f.z (/home/coder123/.vscode-server/bin/f1e16e1e6214d7c44d078b1f0607b2388f29d729/out/vs/workbench/api/node/extensionHostProcess.js:108:17638)
	at n.value (/home/coder123/.vscode-server/bin/f1e16e1e6214d7c44d078b1f0607b2388f29d729/out/vs/workbench/api/node/extensionHostProcess.js:108:16019)
	at r.B (/home/coder123/.vscode-server/bin/f1e16e1e6214d7c44d078b1f0607b2388f29d729/out/vs/workbench/api/node/extensionHostProcess.js:83:737)
	at r.fire (/home/coder123/.vscode-server/bin/f1e16e1e6214d7c44d078b1f0607b2388f29d729/out/vs/workbench/api/node/extensionHostProcess.js:83:954)
	at m.acceptChunk (/home/coder123/.vscode-server/bin/f1e16e1e6214d7c44d078b1f0607b2388f29d729/out/vs/workbench/api/node/extensionHostProcess.js:108:12248)
	at n.value (/home/coder123/.vscode-server/bin/f1e16e1e6214d7c44d078b1f0607b2388f29d729/out/vs/workbench/api/node/extensionHostProcess.js:108:11518)
	at r.B (/home/coder123/.vscode-server/bin/f1e16e1e6214d7c44d078b1f0607b2388f29d729/out/vs/workbench/api/node/extensionHostProcess.js:83:737)
	at r.fire (/home/coder123/.vscode-server/bin/f1e16e1e6214d7c44d078b1f0607b2388f29d729/out/vs/workbench/api/node/extensionHostProcess.js:83:954)
	at o.z (/home/coder123/.vscode-server/bin/f1e16e1e6214d7c44d078b1f0607b2388f29d729/out/vs/workbench/api/node/extensionHostProcess.js:176:21458)
	at o.acceptFrame (/home/coder123/.vscode-server/bin/f1e16e1e6214d7c44d078b1f0607b2388f29d729/out/vs/workbench/api/node/extensionHostProcess.js:176:21264)
	at n (/home/coder123/.vscode-server/bin/f1e16e1e6214d7c44d078b1f0607b2388f29d729/out/vs/workbench/api/node/extensionHostProcess.js:176:19709)
	at /home/coder123/.vscode-server/bin/f1e16e1e6214d7c44d078b1f0607b2388f29d729/out/vs/workbench/api/node/extensionHostProcess.js:176:16636
	at Socket.v (/home/coder123/.vscode-server/bin/f1e16e1e6214d7c44d078b1f0607b2388f29d729/out/vs/workbench/api/node/extensionHostProcess.js:176:14266)
	at Socket.emit (node:events:518:28)
	at addChunk (node:internal/streams/readable:559:12)
	at readableAddChunkPushByteMode (node:internal/streams/readable:510:3)
	at Readable.push (node:internal/streams/readable:390:5)
	at TCP.onStreamRead (node:internal/stream_base_commons:190:23) setContext undefined
2024-07-18 23:21:54.904 [error] Canceled: Canceled
	at new I (/home/coder123/.vscode-server/bin/f1e16e1e6214d7c44d078b1f0607b2388f29d729/out/vs/workbench/api/node/extensionHostProcess.js:146:34990)
	at S.U (/home/coder123/.vscode-server/bin/f1e16e1e6214d7c44d078b1f0607b2388f29d729/out/vs/workbench/api/node/extensionHostProcess.js:153:6023)
	at z.<computed>.F.charCodeAt.T.CharCode.DollarSign.z.<computed> (/home/coder123/.vscode-server/bin/f1e16e1e6214d7c44d078b1f0607b2388f29d729/out/vs/workbench/api/node/extensionHostProcess.js:153:3107)
	at f.g (/home/coder123/.vscode-server/bin/f1e16e1e6214d7c44d078b1f0607b2388f29d729/out/vs/workbench/api/node/extensionHostProcess.js:156:203861)
	at f.executeCommand (/home/coder123/.vscode-server/bin/f1e16e1e6214d7c44d078b1f0607b2388f29d729/out/vs/workbench/api/node/extensionHostProcess.js:156:203299)
	at A.registerCommand.description (/home/coder123/.vscode-server/bin/f1e16e1e6214d7c44d078b1f0607b2388f29d729/out/vs/workbench/api/node/extensionHostProcess.js:156:202623)
	at f.h (/home/coder123/.vscode-server/bin/f1e16e1e6214d7c44d078b1f0607b2388f29d729/out/vs/workbench/api/node/extensionHostProcess.js:156:204400)
	at f.g (/home/coder123/.vscode-server/bin/f1e16e1e6214d7c44d078b1f0607b2388f29d729/out/vs/workbench/api/node/extensionHostProcess.js:156:203392)
	at f.executeCommand (/home/coder123/.vscode-server/bin/f1e16e1e6214d7c44d078b1f0607b2388f29d729/out/vs/workbench/api/node/extensionHostProcess.js:156:203299)
	at Object.executeCommand (/home/coder123/.vscode-server/bin/f1e16e1e6214d7c44d078b1f0607b2388f29d729/out/vs/workbench/api/node/extensionHostProcess.js:166:23051)
	at set hasGitHubRepositories [as hasGitHubRepositories] (/home/coder123/.vscode-server/bin/f1e16e1e6214d7c44d078b1f0607b2388f29d729/extensions/github/dist/extension.js:2:322969)
	at /home/coder123/.vscode-server/bin/f1e16e1e6214d7c44d078b1f0607b2388f29d729/extensions/github/dist/extension.js:2:323928
	at n.value (/home/coder123/.vscode-server/bin/f1e16e1e6214d7c44d078b1f0607b2388f29d729/extensions/git/dist/main.js:2:1055238)
	at r.B (/home/coder123/.vscode-server/bin/f1e16e1e6214d7c44d078b1f0607b2388f29d729/out/vs/workbench/api/node/extensionHostProcess.js:83:737)
	at r.C (/home/coder123/.vscode-server/bin/f1e16e1e6214d7c44d078b1f0607b2388f29d729/out/vs/workbench/api/node/extensionHostProcess.js:83:807)
	at r.fire (/home/coder123/.vscode-server/bin/f1e16e1e6214d7c44d078b1f0607b2388f29d729/out/vs/workbench/api/node/extensionHostProcess.js:83:1023)
	at Object.p [as dispose] (/home/coder123/.vscode-server/bin/f1e16e1e6214d7c44d078b1f0607b2388f29d729/extensions/git/dist/main.js:2:968700)
	at /home/coder123/.vscode-server/bin/f1e16e1e6214d7c44d078b1f0607b2388f29d729/extensions/git/dist/main.js:2:974738
	at Array.forEach (<anonymous>)
	at f.dispose (/home/coder123/.vscode-server/bin/f1e16e1e6214d7c44d078b1f0607b2388f29d729/extensions/git/dist/main.js:2:974724)
	at c.<anonymous> (/home/coder123/.vscode-server/bin/f1e16e1e6214d7c44d078b1f0607b2388f29d729/out/vs/workbench/api/node/extensionHostProcess.js:154:4048)
	at c.dispose (/home/coder123/.vscode-server/bin/f1e16e1e6214d7c44d078b1f0607b2388f29d729/out/vs/workbench/api/node/extensionHostProcess.js:154:4145)
	at c.<anonymous> (/home/coder123/.vscode-server/bin/f1e16e1e6214d7c44d078b1f0607b2388f29d729/extensions/git/dist/main.js:2:951753)
	at c.dispose (/home/coder123/.vscode-server/bin/f1e16e1e6214d7c44d078b1f0607b2388f29d729/out/vs/workbench/api/node/extensionHostProcess.js:154:4145)
	at d (/home/coder123/.vscode-server/bin/f1e16e1e6214d7c44d078b1f0607b2388f29d729/out/vs/workbench/api/node/extensionHostProcess.js:30:744)
	at m.eb (/home/coder123/.vscode-server/bin/f1e16e1e6214d7c44d078b1f0607b2388f29d729/out/vs/workbench/api/node/extensionHostProcess.js:162:10039)
	at /home/coder123/.vscode-server/bin/f1e16e1e6214d7c44d078b1f0607b2388f29d729/out/vs/workbench/api/node/extensionHostProcess.js:162:7915
	at Array.map (<anonymous>)
	at m.$ (/home/coder123/.vscode-server/bin/f1e16e1e6214d7c44d078b1f0607b2388f29d729/out/vs/workbench/api/node/extensionHostProcess.js:162:7902)
	at m.terminate (/home/coder123/.vscode-server/bin/f1e16e1e6214d7c44d078b1f0607b2388f29d729/out/vs/workbench/api/node/extensionHostProcess.js:162:8175)
	at d.terminate (/home/coder123/.vscode-server/bin/f1e16e1e6214d7c44d078b1f0607b2388f29d729/out/vs/workbench/api/node/extensionHostProcess.js:166:1513)
	at i (/home/coder123/.vscode-server/bin/f1e16e1e6214d7c44d078b1f0607b2388f29d729/out/vs/workbench/api/node/extensionHostProcess.js:179:10617)
	at n.value (/home/coder123/.vscode-server/bin/f1e16e1e6214d7c44d078b1f0607b2388f29d729/out/vs/workbench/api/node/extensionHostProcess.js:179:8585)
	at r.B (/home/coder123/.vscode-server/bin/f1e16e1e6214d7c44d078b1f0607b2388f29d729/out/vs/workbench/api/node/extensionHostProcess.js:83:737)
	at r.fire (/home/coder123/.vscode-server/bin/f1e16e1e6214d7c44d078b1f0607b2388f29d729/out/vs/workbench/api/node/extensionHostProcess.js:83:954)
	at o.fire (/home/coder123/.vscode-server/bin/f1e16e1e6214d7c44d078b1f0607b2388f29d729/out/vs/workbench/api/node/extensionHostProcess.js:108:14502)
	at f.z (/home/coder123/.vscode-server/bin/f1e16e1e6214d7c44d078b1f0607b2388f29d729/out/vs/workbench/api/node/extensionHostProcess.js:108:17638)
	at n.value (/home/coder123/.vscode-server/bin/f1e16e1e6214d7c44d078b1f0607b2388f29d729/out/vs/workbench/api/node/extensionHostProcess.js:108:16019)
	at r.B (/home/coder123/.vscode-server/bin/f1e16e1e6214d7c44d078b1f0607b2388f29d729/out/vs/workbench/api/node/extensionHostProcess.js:83:737)
	at r.fire (/home/coder123/.vscode-server/bin/f1e16e1e6214d7c44d078b1f0607b2388f29d729/out/vs/workbench/api/node/extensionHostProcess.js:83:954)
	at m.acceptChunk (/home/coder123/.vscode-server/bin/f1e16e1e6214d7c44d078b1f0607b2388f29d729/out/vs/workbench/api/node/extensionHostProcess.js:108:12248)
	at n.value (/home/coder123/.vscode-server/bin/f1e16e1e6214d7c44d078b1f0607b2388f29d729/out/vs/workbench/api/node/extensionHostProcess.js:108:11518)
	at r.B (/home/coder123/.vscode-server/bin/f1e16e1e6214d7c44d078b1f0607b2388f29d729/out/vs/workbench/api/node/extensionHostProcess.js:83:737)
	at r.fire (/home/coder123/.vscode-server/bin/f1e16e1e6214d7c44d078b1f0607b2388f29d729/out/vs/workbench/api/node/extensionHostProcess.js:83:954)
	at o.z (/home/coder123/.vscode-server/bin/f1e16e1e6214d7c44d078b1f0607b2388f29d729/out/vs/workbench/api/node/extensionHostProcess.js:176:21458)
	at o.acceptFrame (/home/coder123/.vscode-server/bin/f1e16e1e6214d7c44d078b1f0607b2388f29d729/out/vs/workbench/api/node/extensionHostProcess.js:176:21264)
	at n (/home/coder123/.vscode-server/bin/f1e16e1e6214d7c44d078b1f0607b2388f29d729/out/vs/workbench/api/node/extensionHostProcess.js:176:19709)
	at /home/coder123/.vscode-server/bin/f1e16e1e6214d7c44d078b1f0607b2388f29d729/out/vs/workbench/api/node/extensionHostProcess.js:176:16636
	at Socket.v (/home/coder123/.vscode-server/bin/f1e16e1e6214d7c44d078b1f0607b2388f29d729/out/vs/workbench/api/node/extensionHostProcess.js:176:14266)
	at Socket.emit (node:events:518:28)
	at addChunk (node:internal/streams/readable:559:12)
	at readableAddChunkPushByteMode (node:internal/streams/readable:510:3)
	at Readable.push (node:internal/streams/readable:390:5)
	at TCP.onStreamRead (node:internal/stream_base_commons:190:23) setContext undefined
2024-07-18 23:21:54.905 [error] Canceled: Canceled
	at new I (/home/coder123/.vscode-server/bin/f1e16e1e6214d7c44d078b1f0607b2388f29d729/out/vs/workbench/api/node/extensionHostProcess.js:146:34990)
	at S.U (/home/coder123/.vscode-server/bin/f1e16e1e6214d7c44d078b1f0607b2388f29d729/out/vs/workbench/api/node/extensionHostProcess.js:153:6023)
	at z.<computed>.F.charCodeAt.T.CharCode.DollarSign.z.<computed> (/home/coder123/.vscode-server/bin/f1e16e1e6214d7c44d078b1f0607b2388f29d729/out/vs/workbench/api/node/extensionHostProcess.js:153:3107)
	at f.g (/home/coder123/.vscode-server/bin/f1e16e1e6214d7c44d078b1f0607b2388f29d729/out/vs/workbench/api/node/extensionHostProcess.js:156:203861)
	at f.executeCommand (/home/coder123/.vscode-server/bin/f1e16e1e6214d7c44d078b1f0607b2388f29d729/out/vs/workbench/api/node/extensionHostProcess.js:156:203299)
	at A.registerCommand.description (/home/coder123/.vscode-server/bin/f1e16e1e6214d7c44d078b1f0607b2388f29d729/out/vs/workbench/api/node/extensionHostProcess.js:156:202623)
	at f.h (/home/coder123/.vscode-server/bin/f1e16e1e6214d7c44d078b1f0607b2388f29d729/out/vs/workbench/api/node/extensionHostProcess.js:156:204400)
	at f.g (/home/coder123/.vscode-server/bin/f1e16e1e6214d7c44d078b1f0607b2388f29d729/out/vs/workbench/api/node/extensionHostProcess.js:156:203392)
	at f.executeCommand (/home/coder123/.vscode-server/bin/f1e16e1e6214d7c44d078b1f0607b2388f29d729/out/vs/workbench/api/node/extensionHostProcess.js:156:203299)
	at Object.executeCommand (/home/coder123/.vscode-server/bin/f1e16e1e6214d7c44d078b1f0607b2388f29d729/out/vs/workbench/api/node/extensionHostProcess.js:166:23051)
	at n.value (/home/coder123/.vscode-server/extensions/ms-vscode.live-server-0.4.14/out/extension.js:1:76820)
	at r.B (/home/coder123/.vscode-server/bin/f1e16e1e6214d7c44d078b1f0607b2388f29d729/out/vs/workbench/api/node/extensionHostProcess.js:83:737)
	at r.fire (/home/coder123/.vscode-server/bin/f1e16e1e6214d7c44d078b1f0607b2388f29d729/out/vs/workbench/api/node/extensionHostProcess.js:83:954)
	at f.closeServer (/home/coder123/.vscode-server/extensions/ms-vscode.live-server-0.4.14/out/extension.js:1:86708)
	at f.dispose (/home/coder123/.vscode-server/extensions/ms-vscode.live-server-0.4.14/out/extension.js:1:88998)
	at /home/coder123/.vscode-server/extensions/ms-vscode.live-server-0.4.14/out/extension.js:1:71717
	at Map.forEach (<anonymous>)
	at b.closeAllServers (/home/coder123/.vscode-server/extensions/ms-vscode.live-server-0.4.14/out/extension.js:1:71702)
	at b.dispose (/home/coder123/.vscode-server/extensions/ms-vscode.live-server-0.4.14/out/extension.js:1:71745)
	at t.deactivate (/home/coder123/.vscode-server/extensions/ms-vscode.live-server-0.4.14/out/extension.js:1:64717)
	at m.eb (/home/coder123/.vscode-server/bin/f1e16e1e6214d7c44d078b1f0607b2388f29d729/out/vs/workbench/api/node/extensionHostProcess.js:162:9844)
	at /home/coder123/.vscode-server/bin/f1e16e1e6214d7c44d078b1f0607b2388f29d729/out/vs/workbench/api/node/extensionHostProcess.js:162:7915
	at Array.map (<anonymous>)
	at m.$ (/home/coder123/.vscode-server/bin/f1e16e1e6214d7c44d078b1f0607b2388f29d729/out/vs/workbench/api/node/extensionHostProcess.js:162:7902)
	at m.terminate (/home/coder123/.vscode-server/bin/f1e16e1e6214d7c44d078b1f0607b2388f29d729/out/vs/workbench/api/node/extensionHostProcess.js:162:8175)
	at d.terminate (/home/coder123/.vscode-server/bin/f1e16e1e6214d7c44d078b1f0607b2388f29d729/out/vs/workbench/api/node/extensionHostProcess.js:166:1513)
	at i (/home/coder123/.vscode-server/bin/f1e16e1e6214d7c44d078b1f0607b2388f29d729/out/vs/workbench/api/node/extensionHostProcess.js:179:10617)
	at n.value (/home/coder123/.vscode-server/bin/f1e16e1e6214d7c44d078b1f0607b2388f29d729/out/vs/workbench/api/node/extensionHostProcess.js:179:8585)
	at r.B (/home/coder123/.vscode-server/bin/f1e16e1e6214d7c44d078b1f0607b2388f29d729/out/vs/workbench/api/node/extensionHostProcess.js:83:737)
	at r.fire (/home/coder123/.vscode-server/bin/f1e16e1e6214d7c44d078b1f0607b2388f29d729/out/vs/workbench/api/node/extensionHostProcess.js:83:954)
	at o.fire (/home/coder123/.vscode-server/bin/f1e16e1e6214d7c44d078b1f0607b2388f29d729/out/vs/workbench/api/node/extensionHostProcess.js:108:14502)
	at f.z (/home/coder123/.vscode-server/bin/f1e16e1e6214d7c44d078b1f0607b2388f29d729/out/vs/workbench/api/node/extensionHostProcess.js:108:17638)
	at n.value (/home/coder123/.vscode-server/bin/f1e16e1e6214d7c44d078b1f0607b2388f29d729/out/vs/workbench/api/node/extensionHostProcess.js:108:16019)
	at r.B (/home/coder123/.vscode-server/bin/f1e16e1e6214d7c44d078b1f0607b2388f29d729/out/vs/workbench/api/node/extensionHostProcess.js:83:737)
	at r.fire (/home/coder123/.vscode-server/bin/f1e16e1e6214d7c44d078b1f0607b2388f29d729/out/vs/workbench/api/node/extensionHostProcess.js:83:954)
	at m.acceptChunk (/home/coder123/.vscode-server/bin/f1e16e1e6214d7c44d078b1f0607b2388f29d729/out/vs/workbench/api/node/extensionHostProcess.js:108:12248)
	at n.value (/home/coder123/.vscode-server/bin/f1e16e1e6214d7c44d078b1f0607b2388f29d729/out/vs/workbench/api/node/extensionHostProcess.js:108:11518)
	at r.B (/home/coder123/.vscode-server/bin/f1e16e1e6214d7c44d078b1f0607b2388f29d729/out/vs/workbench/api/node/extensionHostProcess.js:83:737)
	at r.fire (/home/coder123/.vscode-server/bin/f1e16e1e6214d7c44d078b1f0607b2388f29d729/out/vs/workbench/api/node/extensionHostProcess.js:83:954)
	at o.z (/home/coder123/.vscode-server/bin/f1e16e1e6214d7c44d078b1f0607b2388f29d729/out/vs/workbench/api/node/extensionHostProcess.js:176:21458)
	at o.acceptFrame (/home/coder123/.vscode-server/bin/f1e16e1e6214d7c44d078b1f0607b2388f29d729/out/vs/workbench/api/node/extensionHostProcess.js:176:21264)
	at n (/home/coder123/.vscode-server/bin/f1e16e1e6214d7c44d078b1f0607b2388f29d729/out/vs/workbench/api/node/extensionHostProcess.js:176:19709)
	at /home/coder123/.vscode-server/bin/f1e16e1e6214d7c44d078b1f0607b2388f29d729/out/vs/workbench/api/node/extensionHostProcess.js:176:16636
	at Socket.v (/home/coder123/.vscode-server/bin/f1e16e1e6214d7c44d078b1f0607b2388f29d729/out/vs/workbench/api/node/extensionHostProcess.js:176:14266)
	at Socket.emit (node:events:518:28)
	at addChunk (node:internal/streams/readable:559:12)
	at readableAddChunkPushByteMode (node:internal/streams/readable:510:3)
	at Readable.push (node:internal/streams/readable:390:5)
	at TCP.onStreamRead (node:internal/stream_base_commons:190:23) setContext undefined
2024-07-18 23:21:54.908 [info] Extension host with pid 534 exiting with code 0
