2024-07-16 00:06:07.275 [info] Extension host with pid 508 started
2024-07-16 00:06:07.301 [info] Lock '/home/coder123/.vscode-server/data/User/workspaceStorage/e108dc581b14dbd28bd749526d685224/vscode.lock': Lock acquired.
2024-07-16 00:06:07.449 [info] ExtensionService#_doActivateExtension ms-vscode.live-server, startup: false, activationEvent: 'onWebviewPanel:browserPreview'
2024-07-16 00:06:07.451 [info] ExtensionService#_doActivateExtension vscode.tunnel-forwarding, startup: false, activationEvent: 'onTunnel'
2024-07-16 00:06:07.452 [info] ExtensionService#_doActivateExtension vscode.emmet, startup: false, activationEvent: 'onLanguage'
2024-07-16 00:06:07.453 [info] ExtensionService#_doActivateExtension vscode.html-language-features, startup: false, activationEvent: 'onLanguage:html'
2024-07-16 00:06:08.331 [info] ExtensionService#_doActivateExtension vscode.git-base, startup: true, activationEvent: '*', root cause: vscode.git
2024-07-16 00:06:08.414 [info] ExtensionService#_doActivateExtension vscode.git, startup: true, activationEvent: '*'
2024-07-16 00:06:08.415 [info] ExtensionService#_doActivateExtension vscode.github, startup: true, activationEvent: '*'
2024-07-16 00:06:08.741 [info] Eager extensions activated
2024-07-16 00:06:08.741 [info] ExtensionService#_doActivateExtension vscode.debug-auto-launch, startup: false, activationEvent: 'onStartupFinished'
2024-07-16 00:06:08.742 [info] ExtensionService#_doActivateExtension vscode.merge-conflict, startup: false, activationEvent: 'onStartupFinished'
2024-07-16 00:06:09.019 [warning] [Decorations] CAPPING events from decorations provider vscode.git 1449
2024-07-16 00:06:09.447 [warning] [Decorations] CAPPING events from decorations provider vscode.git 1449
2024-07-16 00:08:56.942 [warning] [Decorations] CAPPING events from decorations provider vscode.git 1449
2024-07-16 00:09:01.994 [warning] [Decorations] CAPPING events from decorations provider vscode.git 1449
2024-07-16 00:09:07.592 [warning] [Decorations] CAPPING events from decorations provider vscode.git 1449
2024-07-16 00:09:12.638 [warning] [Decorations] CAPPING events from decorations provider vscode.git 1449
2024-07-16 00:09:17.684 [warning] [Decorations] CAPPING events from decorations provider vscode.git 1449
2024-07-16 00:09:22.727 [warning] [Decorations] CAPPING events from decorations provider vscode.git 1449
2024-07-16 00:09:27.769 [warning] [Decorations] CAPPING events from decorations provider vscode.git 1449
2024-07-16 00:09:32.812 [warning] [Decorations] CAPPING events from decorations provider vscode.git 1449
2024-07-16 00:09:37.856 [warning] [Decorations] CAPPING events from decorations provider vscode.git 1449
2024-07-16 00:09:42.898 [warning] [Decorations] CAPPING events from decorations provider vscode.git 1449
2024-07-16 00:09:47.940 [warning] [Decorations] CAPPING events from decorations provider vscode.git 1449
2024-07-16 00:09:52.983 [warning] [Decorations] CAPPING events from decorations provider vscode.git 1449
2024-07-16 00:09:58.037 [warning] [Decorations] CAPPING events from decorations provider vscode.git 1449
2024-07-16 00:10:03.079 [warning] [Decorations] CAPPING events from decorations provider vscode.git 1449
2024-07-16 00:10:08.124 [warning] [Decorations] CAPPING events from decorations provider vscode.git 1449
2024-07-16 00:10:13.175 [warning] [Decorations] CAPPING events from decorations provider vscode.git 1449
2024-07-16 00:10:18.220 [warning] [Decorations] CAPPING events from decorations provider vscode.git 1449
2024-07-16 00:10:23.263 [warning] [Decorations] CAPPING events from decorations provider vscode.git 1449
2024-07-16 00:10:28.314 [warning] [Decorations] CAPPING events from decorations provider vscode.git 1449
2024-07-16 00:10:33.357 [warning] [Decorations] CAPPING events from decorations provider vscode.git 1449
2024-07-16 00:10:38.403 [warning] [Decorations] CAPPING events from decorations provider vscode.git 1449
2024-07-16 00:10:43.454 [warning] [Decorations] CAPPING events from decorations provider vscode.git 1449
2024-07-16 00:10:48.497 [warning] [Decorations] CAPPING events from decorations provider vscode.git 1449
2024-07-16 00:10:53.830 [warning] [Decorations] CAPPING events from decorations provider vscode.git 1449
2024-07-16 00:10:58.871 [warning] [Decorations] CAPPING events from decorations provider vscode.git 1449
2024-07-16 00:11:03.913 [warning] [Decorations] CAPPING events from decorations provider vscode.git 1449
2024-07-16 00:11:08.963 [warning] [Decorations] CAPPING events from decorations provider vscode.git 1449
2024-07-16 00:11:28.713 [warning] [Decorations] CAPPING events from decorations provider vscode.git 1449
2024-07-16 00:11:33.758 [warning] [Decorations] CAPPING events from decorations provider vscode.git 1449
2024-07-16 00:11:38.803 [warning] [Decorations] CAPPING events from decorations provider vscode.git 1449
2024-07-16 00:11:43.847 [warning] [Decorations] CAPPING events from decorations provider vscode.git 1449
2024-07-16 00:11:48.891 [warning] [Decorations] CAPPING events from decorations provider vscode.git 1449
2024-07-16 00:11:53.935 [warning] [Decorations] CAPPING events from decorations provider vscode.git 1449
2024-07-16 00:11:58.989 [warning] [Decorations] CAPPING events from decorations provider vscode.git 1449
2024-07-16 00:12:04.031 [warning] [Decorations] CAPPING events from decorations provider vscode.git 1449
2024-07-16 00:12:14.865 [warning] [Decorations] CAPPING events from decorations provider vscode.git 1449
2024-07-16 00:12:19.908 [warning] [Decorations] CAPPING events from decorations provider vscode.git 1449
2024-07-16 00:12:24.953 [warning] [Decorations] CAPPING events from decorations provider vscode.git 1449
2024-07-16 00:12:30.003 [warning] [Decorations] CAPPING events from decorations provider vscode.git 1449
2024-07-16 00:12:35.046 [warning] [Decorations] CAPPING events from decorations provider vscode.git 1449
2024-07-16 00:12:40.089 [warning] [Decorations] CAPPING events from decorations provider vscode.git 1449
2024-07-16 00:12:45.143 [warning] [Decorations] CAPPING events from decorations provider vscode.git 1449
2024-07-16 00:12:50.186 [warning] [Decorations] CAPPING events from decorations provider vscode.git 1449
2024-07-16 00:12:55.227 [warning] [Decorations] CAPPING events from decorations provider vscode.git 1449
2024-07-16 00:13:00.275 [warning] [Decorations] CAPPING events from decorations provider vscode.git 1449
2024-07-16 00:13:05.317 [warning] [Decorations] CAPPING events from decorations provider vscode.git 1449
2024-07-16 00:13:10.360 [warning] [Decorations] CAPPING events from decorations provider vscode.git 1449
2024-07-16 00:13:15.404 [warning] [Decorations] CAPPING events from decorations provider vscode.git 1449
2024-07-16 00:13:20.445 [warning] [Decorations] CAPPING events from decorations provider vscode.git 1449
2024-07-16 00:13:25.489 [warning] [Decorations] CAPPING events from decorations provider vscode.git 1449
2024-07-16 00:19:54.428 [warning] [Decorations] CAPPING events from decorations provider vscode.git 1449
2024-07-16 00:19:59.482 [warning] [Decorations] CAPPING events from decorations provider vscode.git 1449
2024-07-16 00:20:04.537 [warning] [Decorations] CAPPING events from decorations provider vscode.git 1449
2024-07-16 00:20:09.580 [warning] [Decorations] CAPPING events from decorations provider vscode.git 1449
2024-07-16 00:21:30.300 [warning] [Decorations] CAPPING events from decorations provider vscode.git 1449
2024-07-16 00:21:37.527 [warning] [Decorations] CAPPING events from decorations provider vscode.git 1449
2024-07-16 00:21:42.574 [warning] [Decorations] CAPPING events from decorations provider vscode.git 1450
2024-07-16 00:24:44.346 [warning] [Decorations] CAPPING events from decorations provider vscode.git 1450
2024-07-16 00:24:51.398 [warning] [Decorations] CAPPING events from decorations provider vscode.git 1450
2024-07-16 00:24:59.018 [warning] [Decorations] CAPPING events from decorations provider vscode.git 1451
2024-07-16 00:25:04.066 [warning] [Decorations] CAPPING events from decorations provider vscode.git 1451
2024-07-16 00:25:09.112 [warning] [Decorations] CAPPING events from decorations provider vscode.git 1450
2024-07-16 00:25:14.159 [warning] [Decorations] CAPPING events from decorations provider vscode.git 1450
2024-07-16 00:25:19.201 [warning] [Decorations] CAPPING events from decorations provider vscode.git 1450
2024-07-16 00:25:24.248 [warning] [Decorations] CAPPING events from decorations provider vscode.git 1450
2024-07-16 00:25:29.292 [warning] [Decorations] CAPPING events from decorations provider vscode.git 1450
2024-07-16 00:25:34.336 [warning] [Decorations] CAPPING events from decorations provider vscode.git 1450
2024-07-16 00:25:39.383 [warning] [Decorations] CAPPING events from decorations provider vscode.git 1450
2024-07-16 00:25:44.437 [warning] [Decorations] CAPPING events from decorations provider vscode.git 1450
2024-07-16 00:25:49.480 [warning] [Decorations] CAPPING events from decorations provider vscode.git 1450
2024-07-16 00:25:54.527 [warning] [Decorations] CAPPING events from decorations provider vscode.git 1450
2024-07-16 00:25:59.572 [warning] [Decorations] CAPPING events from decorations provider vscode.git 1450
2024-07-16 00:26:04.616 [warning] [Decorations] CAPPING events from decorations provider vscode.git 1450
2024-07-16 00:26:09.663 [warning] [Decorations] CAPPING events from decorations provider vscode.git 1450
2024-07-16 00:26:14.707 [warning] [Decorations] CAPPING events from decorations provider vscode.git 1450
2024-07-16 00:26:19.752 [warning] [Decorations] CAPPING events from decorations provider vscode.git 1450
2024-07-16 00:26:24.799 [warning] [Decorations] CAPPING events from decorations provider vscode.git 1450
2024-07-16 00:26:29.846 [warning] [Decorations] CAPPING events from decorations provider vscode.git 1450
2024-07-16 00:26:35.103 [warning] [Decorations] CAPPING events from decorations provider vscode.git 1450
2024-07-16 00:26:40.147 [warning] [Decorations] CAPPING events from decorations provider vscode.git 1450
2024-07-16 00:26:45.191 [warning] [Decorations] CAPPING events from decorations provider vscode.git 1450
2024-07-16 00:26:50.243 [warning] [Decorations] CAPPING events from decorations provider vscode.git 1450
2024-07-16 00:26:55.287 [warning] [Decorations] CAPPING events from decorations provider vscode.git 1450
2024-07-16 00:27:00.330 [warning] [Decorations] CAPPING events from decorations provider vscode.git 1450
2024-07-16 00:27:05.375 [warning] [Decorations] CAPPING events from decorations provider vscode.git 1450
2024-07-16 00:27:10.422 [warning] [Decorations] CAPPING events from decorations provider vscode.git 1450
2024-07-16 00:27:15.465 [warning] [Decorations] CAPPING events from decorations provider vscode.git 1450
2024-07-16 00:27:20.526 [warning] [Decorations] CAPPING events from decorations provider vscode.git 1450
2024-07-16 00:27:25.575 [warning] [Decorations] CAPPING events from decorations provider vscode.git 1450
2024-07-16 00:27:30.618 [warning] [Decorations] CAPPING events from decorations provider vscode.git 1450
2024-07-16 00:27:35.667 [warning] [Decorations] CAPPING events from decorations provider vscode.git 1450
2024-07-16 00:27:40.709 [warning] [Decorations] CAPPING events from decorations provider vscode.git 1451
2024-07-16 00:27:45.755 [warning] [Decorations] CAPPING events from decorations provider vscode.git 1450
2024-07-16 00:27:50.805 [warning] [Decorations] CAPPING events from decorations provider vscode.git 1450
2024-07-16 00:27:55.853 [warning] [Decorations] CAPPING events from decorations provider vscode.git 1450
2024-07-16 00:28:00.906 [warning] [Decorations] CAPPING events from decorations provider vscode.git 1450
2024-07-16 00:28:05.958 [warning] [Decorations] CAPPING events from decorations provider vscode.git 1450
2024-07-16 00:28:11.009 [warning] [Decorations] CAPPING events from decorations provider vscode.git 1450
2024-07-16 00:28:16.055 [warning] [Decorations] CAPPING events from decorations provider vscode.git 1450
2024-07-16 00:28:21.369 [warning] [Decorations] CAPPING events from decorations provider vscode.git 1450
2024-07-16 00:28:26.415 [warning] [Decorations] CAPPING events from decorations provider vscode.git 1450
2024-07-16 00:28:31.466 [warning] [Decorations] CAPPING events from decorations provider vscode.git 1450
2024-07-16 00:28:36.509 [warning] [Decorations] CAPPING events from decorations provider vscode.git 1450
2024-07-16 00:28:41.553 [warning] [Decorations] CAPPING events from decorations provider vscode.git 1450
2024-07-16 00:28:46.608 [warning] [Decorations] CAPPING events from decorations provider vscode.git 1450
2024-07-16 00:28:51.653 [warning] [Decorations] CAPPING events from decorations provider vscode.git 1450
2024-07-16 00:28:56.695 [warning] [Decorations] CAPPING events from decorations provider vscode.git 1450
2024-07-16 00:29:01.941 [warning] [Decorations] CAPPING events from decorations provider vscode.git 1450
2024-07-16 00:29:06.986 [warning] [Decorations] CAPPING events from decorations provider vscode.git 1450
2024-07-16 00:29:12.030 [warning] [Decorations] CAPPING events from decorations provider vscode.git 1450
2024-07-16 00:29:17.083 [warning] [Decorations] CAPPING events from decorations provider vscode.git 1450
2024-07-16 00:29:22.130 [warning] [Decorations] CAPPING events from decorations provider vscode.git 1450
2024-07-16 00:29:27.173 [warning] [Decorations] CAPPING events from decorations provider vscode.git 1450
2024-07-16 00:29:32.224 [warning] [Decorations] CAPPING events from decorations provider vscode.git 1450
2024-07-16 00:29:37.269 [warning] [Decorations] CAPPING events from decorations provider vscode.git 1450
2024-07-16 00:29:42.313 [warning] [Decorations] CAPPING events from decorations provider vscode.git 1450
2024-07-16 00:29:47.359 [warning] [Decorations] CAPPING events from decorations provider vscode.git 1450
2024-07-16 00:29:52.403 [warning] [Decorations] CAPPING events from decorations provider vscode.git 1450
2024-07-16 00:29:57.447 [warning] [Decorations] CAPPING events from decorations provider vscode.git 1450
2024-07-16 00:30:02.495 [warning] [Decorations] CAPPING events from decorations provider vscode.git 1450
2024-07-16 00:30:07.544 [warning] [Decorations] CAPPING events from decorations provider vscode.git 1450
2024-07-16 00:30:12.588 [warning] [Decorations] CAPPING events from decorations provider vscode.git 1450
2024-07-16 00:30:18.280 [warning] [Decorations] CAPPING events from decorations provider vscode.git 1450
2024-07-16 00:30:23.334 [warning] [Decorations] CAPPING events from decorations provider vscode.git 1450
2024-07-16 00:30:47.555 [warning] [Decorations] CAPPING events from decorations provider vscode.git 1450
2024-07-16 00:30:52.604 [warning] [Decorations] CAPPING events from decorations provider vscode.git 1450
2024-07-16 00:30:57.649 [warning] [Decorations] CAPPING events from decorations provider vscode.git 1450
2024-07-16 00:31:02.879 [warning] [Decorations] CAPPING events from decorations provider vscode.git 1450
2024-07-16 00:31:07.927 [warning] [Decorations] CAPPING events from decorations provider vscode.git 1450
2024-07-16 00:31:12.968 [warning] [Decorations] CAPPING events from decorations provider vscode.git 1450
2024-07-16 00:31:18.011 [warning] [Decorations] CAPPING events from decorations provider vscode.git 1450
2024-07-16 00:31:23.063 [warning] [Decorations] CAPPING events from decorations provider vscode.git 1450
2024-07-16 00:31:28.105 [warning] [Decorations] CAPPING events from decorations provider vscode.git 1450
2024-07-16 00:31:33.148 [warning] [Decorations] CAPPING events from decorations provider vscode.git 1450
2024-07-16 00:31:38.190 [warning] [Decorations] CAPPING events from decorations provider vscode.git 1450
2024-07-16 00:31:43.232 [warning] [Decorations] CAPPING events from decorations provider vscode.git 1450
2024-07-16 00:31:48.279 [warning] [Decorations] CAPPING events from decorations provider vscode.git 1450
2024-07-16 00:31:53.332 [warning] [Decorations] CAPPING events from decorations provider vscode.git 1450
2024-07-16 00:31:58.376 [warning] [Decorations] CAPPING events from decorations provider vscode.git 1450
2024-07-16 00:32:03.417 [warning] [Decorations] CAPPING events from decorations provider vscode.git 1450
2024-07-16 00:32:08.464 [warning] [Decorations] CAPPING events from decorations provider vscode.git 1450
2024-07-16 00:32:13.509 [warning] [Decorations] CAPPING events from decorations provider vscode.git 1450
2024-07-16 00:32:18.557 [warning] [Decorations] CAPPING events from decorations provider vscode.git 1450
2024-07-16 00:32:23.603 [warning] [Decorations] CAPPING events from decorations provider vscode.git 1450
2024-07-16 00:32:28.647 [warning] [Decorations] CAPPING events from decorations provider vscode.git 1450
2024-07-16 00:32:33.872 [warning] [Decorations] CAPPING events from decorations provider vscode.git 1450
2024-07-16 00:32:38.920 [warning] [Decorations] CAPPING events from decorations provider vscode.git 1450
2024-07-16 00:32:43.964 [warning] [Decorations] CAPPING events from decorations provider vscode.git 1450
2024-07-16 00:32:49.007 [warning] [Decorations] CAPPING events from decorations provider vscode.git 1450
2024-07-16 00:32:54.050 [warning] [Decorations] CAPPING events from decorations provider vscode.git 1450
2024-07-16 00:32:59.095 [warning] [Decorations] CAPPING events from decorations provider vscode.git 1450
2024-07-16 00:33:04.143 [warning] [Decorations] CAPPING events from decorations provider vscode.git 1450
2024-07-16 00:33:09.195 [warning] [Decorations] CAPPING events from decorations provider vscode.git 1450
2024-07-16 00:33:14.247 [warning] [Decorations] CAPPING events from decorations provider vscode.git 1450
2024-07-16 00:33:19.290 [warning] [Decorations] CAPPING events from decorations provider vscode.git 1450
2024-07-16 00:33:24.345 [warning] [Decorations] CAPPING events from decorations provider vscode.git 1450
2024-07-16 00:33:29.390 [warning] [Decorations] CAPPING events from decorations provider vscode.git 1450
2024-07-16 00:33:34.434 [warning] [Decorations] CAPPING events from decorations provider vscode.git 1450
2024-07-16 00:33:39.490 [warning] [Decorations] CAPPING events from decorations provider vscode.git 1450
2024-07-16 00:33:44.534 [warning] [Decorations] CAPPING events from decorations provider vscode.git 1450
2024-07-16 00:33:49.577 [warning] [Decorations] CAPPING events from decorations provider vscode.git 1450
2024-07-16 00:33:54.633 [warning] [Decorations] CAPPING events from decorations provider vscode.git 1450
2024-07-16 00:33:59.680 [warning] [Decorations] CAPPING events from decorations provider vscode.git 1450
2024-07-16 00:34:04.925 [warning] [Decorations] CAPPING events from decorations provider vscode.git 1450
2024-07-16 00:34:09.972 [warning] [Decorations] CAPPING events from decorations provider vscode.git 1450
2024-07-16 00:34:15.017 [warning] [Decorations] CAPPING events from decorations provider vscode.git 1450
2024-07-16 00:34:20.063 [warning] [Decorations] CAPPING events from decorations provider vscode.git 1450
2024-07-16 00:34:25.107 [warning] [Decorations] CAPPING events from decorations provider vscode.git 1450
2024-07-16 00:34:30.154 [warning] [Decorations] CAPPING events from decorations provider vscode.git 1450
2024-07-16 00:34:35.198 [warning] [Decorations] CAPPING events from decorations provider vscode.git 1450
2024-07-16 00:34:40.242 [warning] [Decorations] CAPPING events from decorations provider vscode.git 1450
2024-07-16 00:34:45.285 [warning] [Decorations] CAPPING events from decorations provider vscode.git 1450
2024-07-16 00:34:50.338 [warning] [Decorations] CAPPING events from decorations provider vscode.git 1450
2024-07-16 00:34:55.382 [warning] [Decorations] CAPPING events from decorations provider vscode.git 1450
2024-07-16 00:35:00.427 [warning] [Decorations] CAPPING events from decorations provider vscode.git 1450
2024-07-16 00:35:05.476 [warning] [Decorations] CAPPING events from decorations provider vscode.git 1450
2024-07-16 00:35:10.520 [warning] [Decorations] CAPPING events from decorations provider vscode.git 1450
2024-07-16 00:35:15.565 [warning] [Decorations] CAPPING events from decorations provider vscode.git 1450
2024-07-16 00:35:20.619 [warning] [Decorations] CAPPING events from decorations provider vscode.git 1450
2024-07-16 00:35:25.665 [warning] [Decorations] CAPPING events from decorations provider vscode.git 1450
2024-07-16 00:35:30.710 [warning] [Decorations] CAPPING events from decorations provider vscode.git 1450
2024-07-16 00:35:35.950 [warning] [Decorations] CAPPING events from decorations provider vscode.git 1450
2024-07-16 00:35:40.993 [warning] [Decorations] CAPPING events from decorations provider vscode.git 1450
2024-07-16 00:35:46.038 [warning] [Decorations] CAPPING events from decorations provider vscode.git 1450
2024-07-16 00:35:51.082 [warning] [Decorations] CAPPING events from decorations provider vscode.git 1450
2024-07-16 00:35:56.127 [warning] [Decorations] CAPPING events from decorations provider vscode.git 1450
2024-07-16 00:36:01.173 [warning] [Decorations] CAPPING events from decorations provider vscode.git 1450
2024-07-16 00:36:06.216 [warning] [Decorations] CAPPING events from decorations provider vscode.git 1450
2024-07-16 00:36:11.263 [warning] [Decorations] CAPPING events from decorations provider vscode.git 1450
2024-07-16 00:36:16.311 [warning] [Decorations] CAPPING events from decorations provider vscode.git 1450
2024-07-16 00:36:21.361 [warning] [Decorations] CAPPING events from decorations provider vscode.git 1450
2024-07-16 00:36:26.405 [warning] [Decorations] CAPPING events from decorations provider vscode.git 1450
2024-07-16 00:36:31.454 [warning] [Decorations] CAPPING events from decorations provider vscode.git 1450
2024-07-16 00:36:36.499 [warning] [Decorations] CAPPING events from decorations provider vscode.git 1450
2024-07-16 00:36:55.100 [warning] [Decorations] CAPPING events from decorations provider vscode.git 1450
2024-07-16 00:37:00.150 [warning] [Decorations] CAPPING events from decorations provider vscode.git 1450
2024-07-16 00:37:05.194 [warning] [Decorations] CAPPING events from decorations provider vscode.git 1450
2024-07-16 00:37:10.239 [warning] [Decorations] CAPPING events from decorations provider vscode.git 1450
2024-07-16 00:37:15.283 [warning] [Decorations] CAPPING events from decorations provider vscode.git 1450
2024-07-16 00:37:20.329 [warning] [Decorations] CAPPING events from decorations provider vscode.git 1450
2024-07-16 00:37:25.376 [warning] [Decorations] CAPPING events from decorations provider vscode.git 1450
2024-07-16 00:37:30.419 [warning] [Decorations] CAPPING events from decorations provider vscode.git 1450
2024-07-16 00:37:35.462 [warning] [Decorations] CAPPING events from decorations provider vscode.git 1450
2024-07-16 00:37:40.507 [warning] [Decorations] CAPPING events from decorations provider vscode.git 1450
2024-07-16 00:37:45.551 [warning] [Decorations] CAPPING events from decorations provider vscode.git 1450
2024-07-16 00:37:50.595 [warning] [Decorations] CAPPING events from decorations provider vscode.git 1450
2024-07-16 00:37:55.639 [warning] [Decorations] CAPPING events from decorations provider vscode.git 1450
2024-07-16 00:38:00.687 [warning] [Decorations] CAPPING events from decorations provider vscode.git 1450
2024-07-16 00:38:05.921 [warning] [Decorations] CAPPING events from decorations provider vscode.git 1450
2024-07-16 00:38:10.966 [warning] [Decorations] CAPPING events from decorations provider vscode.git 1450
2024-07-16 00:38:16.010 [warning] [Decorations] CAPPING events from decorations provider vscode.git 1450
2024-07-16 00:38:21.055 [warning] [Decorations] CAPPING events from decorations provider vscode.git 1450
2024-07-16 00:38:26.099 [warning] [Decorations] CAPPING events from decorations provider vscode.git 1450
2024-07-16 00:38:31.145 [warning] [Decorations] CAPPING events from decorations provider vscode.git 1450
2024-07-16 00:38:36.187 [warning] [Decorations] CAPPING events from decorations provider vscode.git 1450
2024-07-16 00:38:41.230 [warning] [Decorations] CAPPING events from decorations provider vscode.git 1450
2024-07-16 00:38:57.780 [warning] [Decorations] CAPPING events from decorations provider vscode.git 1450
2024-07-16 00:39:02.830 [warning] [Decorations] CAPPING events from decorations provider vscode.git 1450
2024-07-16 00:39:07.877 [warning] [Decorations] CAPPING events from decorations provider vscode.git 1450
2024-07-16 00:39:12.924 [warning] [Decorations] CAPPING events from decorations provider vscode.git 1450
2024-07-16 00:39:17.967 [warning] [Decorations] CAPPING events from decorations provider vscode.git 1450
2024-07-16 00:39:23.020 [warning] [Decorations] CAPPING events from decorations provider vscode.git 1450
2024-07-16 00:39:28.064 [warning] [Decorations] CAPPING events from decorations provider vscode.git 1450
2024-07-16 00:39:33.105 [warning] [Decorations] CAPPING events from decorations provider vscode.git 1450
2024-07-16 00:39:38.149 [warning] [Decorations] CAPPING events from decorations provider vscode.git 1450
2024-07-16 00:39:43.193 [warning] [Decorations] CAPPING events from decorations provider vscode.git 1450
2024-07-16 00:39:48.237 [warning] [Decorations] CAPPING events from decorations provider vscode.git 1450
2024-07-16 00:39:53.281 [warning] [Decorations] CAPPING events from decorations provider vscode.git 1450
2024-07-16 00:39:58.327 [warning] [Decorations] CAPPING events from decorations provider vscode.git 1450
2024-07-16 00:40:03.581 [warning] [Decorations] CAPPING events from decorations provider vscode.git 1450
2024-07-16 00:40:08.623 [warning] [Decorations] CAPPING events from decorations provider vscode.git 1450
2024-07-16 00:40:13.667 [warning] [Decorations] CAPPING events from decorations provider vscode.git 1450
2024-07-16 00:40:18.713 [warning] [Decorations] CAPPING events from decorations provider vscode.git 1450
2024-07-16 00:40:39.473 [warning] [Decorations] CAPPING events from decorations provider vscode.git 1450
2024-07-16 00:40:44.523 [warning] [Decorations] CAPPING events from decorations provider vscode.git 1450
2024-07-16 00:40:49.570 [warning] [Decorations] CAPPING events from decorations provider vscode.git 1450
2024-07-16 00:40:54.614 [warning] [Decorations] CAPPING events from decorations provider vscode.git 1450
2024-07-16 00:40:59.668 [warning] [Decorations] CAPPING events from decorations provider vscode.git 1451
2024-07-16 00:41:04.714 [warning] [Decorations] CAPPING events from decorations provider vscode.git 1451
2024-07-16 00:41:41.489 [warning] [Decorations] CAPPING events from decorations provider vscode.git 1451
2024-07-16 00:41:46.537 [warning] [Decorations] CAPPING events from decorations provider vscode.git 1451
2024-07-16 00:41:51.583 [warning] [Decorations] CAPPING events from decorations provider vscode.git 1451
2024-07-16 00:41:56.628 [warning] [Decorations] CAPPING events from decorations provider vscode.git 1451
2024-07-16 00:42:01.674 [warning] [Decorations] CAPPING events from decorations provider vscode.git 1451
2024-07-16 00:42:06.717 [warning] [Decorations] CAPPING events from decorations provider vscode.git 1451
2024-07-16 00:42:11.760 [warning] [Decorations] CAPPING events from decorations provider vscode.git 1451
2024-07-16 00:42:16.813 [warning] [Decorations] CAPPING events from decorations provider vscode.git 1451
2024-07-16 00:42:21.858 [warning] [Decorations] CAPPING events from decorations provider vscode.git 1451
2024-07-16 00:42:26.902 [warning] [Decorations] CAPPING events from decorations provider vscode.git 1451
2024-07-16 00:42:31.960 [warning] [Decorations] CAPPING events from decorations provider vscode.git 1451
2024-07-16 00:42:37.002 [warning] [Decorations] CAPPING events from decorations provider vscode.git 1451
2024-07-16 00:42:42.046 [warning] [Decorations] CAPPING events from decorations provider vscode.git 1451
2024-07-16 00:42:47.090 [warning] [Decorations] CAPPING events from decorations provider vscode.git 1451
2024-07-16 00:42:52.136 [warning] [Decorations] CAPPING events from decorations provider vscode.git 1451
2024-07-16 00:42:57.181 [warning] [Decorations] CAPPING events from decorations provider vscode.git 1451
2024-07-16 00:43:02.233 [warning] [Decorations] CAPPING events from decorations provider vscode.git 1451
2024-07-16 00:43:07.279 [warning] [Decorations] CAPPING events from decorations provider vscode.git 1451
2024-07-16 00:43:12.323 [warning] [Decorations] CAPPING events from decorations provider vscode.git 1451
2024-07-16 00:43:17.368 [warning] [Decorations] CAPPING events from decorations provider vscode.git 1451
2024-07-16 00:43:22.414 [warning] [Decorations] CAPPING events from decorations provider vscode.git 1451
2024-07-16 00:43:27.457 [warning] [Decorations] CAPPING events from decorations provider vscode.git 1451
2024-07-16 00:43:32.500 [warning] [Decorations] CAPPING events from decorations provider vscode.git 1451
2024-07-16 00:43:37.552 [warning] [Decorations] CAPPING events from decorations provider vscode.git 1451
2024-07-16 00:43:43.861 [warning] [Decorations] CAPPING events from decorations provider vscode.git 1451
2024-07-16 00:50:21.707 [warning] [Decorations] CAPPING events from decorations provider vscode.git 1451
2024-07-16 00:50:38.073 [warning] [Decorations] CAPPING events from decorations provider vscode.git 1451
2024-07-16 00:50:44.317 [warning] [Decorations] CAPPING events from decorations provider vscode.git 1452
2024-07-16 00:50:51.336 [warning] [Decorations] CAPPING events from decorations provider vscode.git 1452
2024-07-16 00:50:59.464 [warning] [Decorations] CAPPING events from decorations provider vscode.git 1453
2024-07-16 00:51:04.509 [warning] [Decorations] CAPPING events from decorations provider vscode.git 1454
2024-07-16 00:51:09.550 [warning] [Decorations] CAPPING events from decorations provider vscode.git 1454
2024-07-16 00:51:14.594 [warning] [Decorations] CAPPING events from decorations provider vscode.git 1454
2024-07-16 00:51:19.636 [warning] [Decorations] CAPPING events from decorations provider vscode.git 1454
2024-07-16 00:51:24.678 [warning] [Decorations] CAPPING events from decorations provider vscode.git 1454
2024-07-16 00:51:29.725 [warning] [Decorations] CAPPING events from decorations provider vscode.git 1454
2024-07-16 00:51:34.966 [warning] [Decorations] CAPPING events from decorations provider vscode.git 1454
2024-07-16 00:51:40.012 [warning] [Decorations] CAPPING events from decorations provider vscode.git 1454
2024-07-16 00:51:45.055 [warning] [Decorations] CAPPING events from decorations provider vscode.git 1454
2024-07-16 00:51:50.105 [warning] [Decorations] CAPPING events from decorations provider vscode.git 1454
2024-07-16 00:51:55.149 [warning] [Decorations] CAPPING events from decorations provider vscode.git 1454
2024-07-16 00:52:00.194 [warning] [Decorations] CAPPING events from decorations provider vscode.git 1454
2024-07-16 00:52:05.247 [warning] [Decorations] CAPPING events from decorations provider vscode.git 1454
2024-07-16 00:52:10.292 [warning] [Decorations] CAPPING events from decorations provider vscode.git 1454
2024-07-16 00:52:15.349 [warning] [Decorations] CAPPING events from decorations provider vscode.git 1454
2024-07-16 00:52:20.394 [warning] [Decorations] CAPPING events from decorations provider vscode.git 1454
2024-07-16 00:52:25.437 [warning] [Decorations] CAPPING events from decorations provider vscode.git 1454
2024-07-16 00:52:30.482 [warning] [Decorations] CAPPING events from decorations provider vscode.git 1454
2024-07-16 00:52:35.527 [warning] [Decorations] CAPPING events from decorations provider vscode.git 1454
2024-07-16 00:52:40.572 [warning] [Decorations] CAPPING events from decorations provider vscode.git 1454
2024-07-16 00:52:45.619 [warning] [Decorations] CAPPING events from decorations provider vscode.git 1454
2024-07-16 00:52:50.664 [warning] [Decorations] CAPPING events from decorations provider vscode.git 1454
2024-07-16 00:52:55.708 [warning] [Decorations] CAPPING events from decorations provider vscode.git 1454
2024-07-16 00:53:00.753 [warning] [Decorations] CAPPING events from decorations provider vscode.git 1454
2024-07-16 00:53:05.801 [warning] [Decorations] CAPPING events from decorations provider vscode.git 1454
2024-07-16 00:53:10.846 [warning] [Decorations] CAPPING events from decorations provider vscode.git 1454
2024-07-16 00:53:15.892 [warning] [Decorations] CAPPING events from decorations provider vscode.git 1454
2024-07-16 00:53:20.936 [warning] [Decorations] CAPPING events from decorations provider vscode.git 1454
2024-07-16 00:53:49.951 [warning] [Decorations] CAPPING events from decorations provider vscode.git 1455
2024-07-16 00:53:55.002 [warning] [Decorations] CAPPING events from decorations provider vscode.git 1455
2024-07-16 00:54:00.047 [warning] [Decorations] CAPPING events from decorations provider vscode.git 1455
2024-07-16 00:54:05.303 [warning] [Decorations] CAPPING events from decorations provider vscode.git 1455
2024-07-16 00:54:10.348 [warning] [Decorations] CAPPING events from decorations provider vscode.git 1455
2024-07-16 00:54:15.393 [warning] [Decorations] CAPPING events from decorations provider vscode.git 1455
2024-07-16 00:54:20.438 [warning] [Decorations] CAPPING events from decorations provider vscode.git 1455
2024-07-16 00:54:25.507 [warning] [Decorations] CAPPING events from decorations provider vscode.git 1455
2024-07-16 00:54:30.552 [warning] [Decorations] CAPPING events from decorations provider vscode.git 1455
2024-07-16 00:54:35.598 [warning] [Decorations] CAPPING events from decorations provider vscode.git 1456
2024-07-16 00:54:40.642 [warning] [Decorations] CAPPING events from decorations provider vscode.git 1456
2024-07-16 00:54:45.691 [warning] [Decorations] CAPPING events from decorations provider vscode.git 1456
2024-07-16 00:55:11.078 [warning] [Decorations] CAPPING events from decorations provider vscode.git 1456
2024-07-16 00:55:16.126 [warning] [Decorations] CAPPING events from decorations provider vscode.git 1456
2024-07-16 00:55:21.173 [warning] [Decorations] CAPPING events from decorations provider vscode.git 1456
2024-07-16 00:55:26.218 [warning] [Decorations] CAPPING events from decorations provider vscode.git 1456
2024-07-16 00:55:31.263 [warning] [Decorations] CAPPING events from decorations provider vscode.git 1456
2024-07-16 00:55:36.309 [warning] [Decorations] CAPPING events from decorations provider vscode.git 1456
2024-07-16 00:55:41.618 [warning] [Decorations] CAPPING events from decorations provider vscode.git 1456
2024-07-16 00:55:46.670 [warning] [Decorations] CAPPING events from decorations provider vscode.git 1457
2024-07-16 00:55:51.737 [warning] [Decorations] CAPPING events from decorations provider vscode.git 1457
2024-07-16 00:55:56.786 [warning] [Decorations] CAPPING events from decorations provider vscode.git 1457
2024-07-16 00:56:01.832 [warning] [Decorations] CAPPING events from decorations provider vscode.git 1457
2024-07-16 00:56:06.881 [warning] [Decorations] CAPPING events from decorations provider vscode.git 1457
2024-07-16 00:56:11.936 [warning] [Decorations] CAPPING events from decorations provider vscode.git 1457
2024-07-16 00:56:16.987 [warning] [Decorations] CAPPING events from decorations provider vscode.git 1457
2024-07-16 00:56:22.034 [warning] [Decorations] CAPPING events from decorations provider vscode.git 1457
2024-07-16 00:56:27.079 [warning] [Decorations] CAPPING events from decorations provider vscode.git 1457
2024-07-16 00:56:32.138 [warning] [Decorations] CAPPING events from decorations provider vscode.git 1457
2024-07-16 00:56:37.186 [warning] [Decorations] CAPPING events from decorations provider vscode.git 1457
2024-07-16 00:56:42.242 [warning] [Decorations] CAPPING events from decorations provider vscode.git 1457
2024-07-16 00:56:47.291 [warning] [Decorations] CAPPING events from decorations provider vscode.git 1457
2024-07-16 00:56:52.338 [warning] [Decorations] CAPPING events from decorations provider vscode.git 1457
2024-07-16 00:56:57.393 [warning] [Decorations] CAPPING events from decorations provider vscode.git 1457
2024-07-16 00:57:02.439 [warning] [Decorations] CAPPING events from decorations provider vscode.git 1457
2024-07-16 00:57:07.485 [warning] [Decorations] CAPPING events from decorations provider vscode.git 1457
2024-07-16 00:57:12.529 [warning] [Decorations] CAPPING events from decorations provider vscode.git 1457
2024-07-16 00:57:17.576 [warning] [Decorations] CAPPING events from decorations provider vscode.git 1457
2024-07-16 00:57:22.636 [warning] [Decorations] CAPPING events from decorations provider vscode.git 1457
2024-07-16 00:57:27.682 [warning] [Decorations] CAPPING events from decorations provider vscode.git 1457
2024-07-16 00:57:32.732 [warning] [Decorations] CAPPING events from decorations provider vscode.git 1457
2024-07-16 00:57:37.789 [warning] [Decorations] CAPPING events from decorations provider vscode.git 1457
2024-07-16 00:57:42.840 [warning] [Decorations] CAPPING events from decorations provider vscode.git 1457
2024-07-16 00:57:47.889 [warning] [Decorations] CAPPING events from decorations provider vscode.git 1457
2024-07-16 00:57:52.934 [warning] [Decorations] CAPPING events from decorations provider vscode.git 1458
2024-07-16 00:57:59.869 [warning] [Decorations] CAPPING events from decorations provider vscode.git 1458
2024-07-16 00:58:04.926 [warning] [Decorations] CAPPING events from decorations provider vscode.git 1458
2024-07-16 00:58:09.973 [warning] [Decorations] CAPPING events from decorations provider vscode.git 1458
2024-07-16 00:58:15.032 [warning] [Decorations] CAPPING events from decorations provider vscode.git 1459
2024-07-16 00:58:20.090 [warning] [Decorations] CAPPING events from decorations provider vscode.git 1459
2024-07-16 00:58:25.138 [warning] [Decorations] CAPPING events from decorations provider vscode.git 1459
2024-07-16 00:58:30.192 [warning] [Decorations] CAPPING events from decorations provider vscode.git 1459
2024-07-16 00:58:35.244 [warning] [Decorations] CAPPING events from decorations provider vscode.git 1459
2024-07-16 00:58:40.291 [warning] [Decorations] CAPPING events from decorations provider vscode.git 1459
2024-07-16 00:58:45.353 [warning] [Decorations] CAPPING events from decorations provider vscode.git 1459
2024-07-16 00:58:50.402 [warning] [Decorations] CAPPING events from decorations provider vscode.git 1460
2024-07-16 00:58:55.451 [warning] [Decorations] CAPPING events from decorations provider vscode.git 1460
2024-07-16 00:59:00.500 [warning] [Decorations] CAPPING events from decorations provider vscode.git 1460
2024-07-16 00:59:05.554 [warning] [Decorations] CAPPING events from decorations provider vscode.git 1460
2024-07-16 00:59:10.602 [warning] [Decorations] CAPPING events from decorations provider vscode.git 1460
2024-07-16 00:59:36.561 [warning] [Decorations] CAPPING events from decorations provider vscode.git 1460
2024-07-16 00:59:41.612 [warning] [Decorations] CAPPING events from decorations provider vscode.git 1460
2024-07-16 00:59:46.659 [warning] [Decorations] CAPPING events from decorations provider vscode.git 1460
2024-07-16 00:59:51.706 [warning] [Decorations] CAPPING events from decorations provider vscode.git 1460
2024-07-16 00:59:56.752 [warning] [Decorations] CAPPING events from decorations provider vscode.git 1460
2024-07-16 01:00:01.799 [warning] [Decorations] CAPPING events from decorations provider vscode.git 1460
2024-07-16 01:00:06.852 [warning] [Decorations] CAPPING events from decorations provider vscode.git 1460
2024-07-16 01:00:11.905 [warning] [Decorations] CAPPING events from decorations provider vscode.git 1460
2024-07-16 01:00:16.952 [warning] [Decorations] CAPPING events from decorations provider vscode.git 1460
2024-07-16 01:00:22.000 [warning] [Decorations] CAPPING events from decorations provider vscode.git 1460
2024-07-16 01:00:27.047 [warning] [Decorations] CAPPING events from decorations provider vscode.git 1460
2024-07-16 01:00:32.094 [warning] [Decorations] CAPPING events from decorations provider vscode.git 1460
2024-07-16 01:00:37.143 [warning] [Decorations] CAPPING events from decorations provider vscode.git 1460
2024-07-16 01:00:42.187 [warning] [Decorations] CAPPING events from decorations provider vscode.git 1460
2024-07-16 01:00:47.234 [warning] [Decorations] CAPPING events from decorations provider vscode.git 1460
2024-07-16 01:00:52.279 [warning] [Decorations] CAPPING events from decorations provider vscode.git 1460
2024-07-16 01:00:57.324 [warning] [Decorations] CAPPING events from decorations provider vscode.git 1460
2024-07-16 01:01:02.371 [warning] [Decorations] CAPPING events from decorations provider vscode.git 1460
2024-07-16 01:01:07.417 [warning] [Decorations] CAPPING events from decorations provider vscode.git 1460
2024-07-16 01:01:12.462 [warning] [Decorations] CAPPING events from decorations provider vscode.git 1460
2024-07-16 01:01:17.509 [warning] [Decorations] CAPPING events from decorations provider vscode.git 1460
2024-07-16 01:06:43.297 [warning] [Decorations] CAPPING events from decorations provider vscode.git 1460
2024-07-16 01:06:48.347 [warning] [Decorations] CAPPING events from decorations provider vscode.git 1460
2024-07-16 01:06:53.395 [warning] [Decorations] CAPPING events from decorations provider vscode.git 1460
2024-07-16 01:06:58.440 [warning] [Decorations] CAPPING events from decorations provider vscode.git 1460
2024-07-16 01:07:03.486 [warning] [Decorations] CAPPING events from decorations provider vscode.git 1460
2024-07-16 01:07:08.531 [warning] [Decorations] CAPPING events from decorations provider vscode.git 1460
2024-07-16 01:07:11.845 [info] ExtensionService#_doActivateExtension vscode.css-language-features, startup: false, activationEvent: 'onLanguage:css'
2024-07-16 01:07:13.585 [warning] [Decorations] CAPPING events from decorations provider vscode.git 1460
2024-07-16 01:07:18.640 [warning] [Decorations] CAPPING events from decorations provider vscode.git 1460
2024-07-16 01:07:23.686 [warning] [Decorations] CAPPING events from decorations provider vscode.git 1460
2024-07-16 01:07:28.729 [warning] [Decorations] CAPPING events from decorations provider vscode.git 1460
2024-07-16 01:07:34.141 [warning] [Decorations] CAPPING events from decorations provider vscode.git 1460
2024-07-16 01:07:39.188 [warning] [Decorations] CAPPING events from decorations provider vscode.git 1460
2024-07-16 01:07:44.235 [warning] [Decorations] CAPPING events from decorations provider vscode.git 1460
2024-07-16 01:07:49.292 [warning] [Decorations] CAPPING events from decorations provider vscode.git 1460
2024-07-16 01:07:54.354 [warning] [Decorations] CAPPING events from decorations provider vscode.git 1460
2024-07-16 01:07:59.403 [warning] [Decorations] CAPPING events from decorations provider vscode.git 1460
2024-07-16 01:08:04.449 [warning] [Decorations] CAPPING events from decorations provider vscode.git 1460
2024-07-16 01:08:10.158 [warning] [Decorations] CAPPING events from decorations provider vscode.git 1461
2024-07-16 01:08:15.206 [warning] [Decorations] CAPPING events from decorations provider vscode.git 1461
2024-07-16 01:08:20.255 [warning] [Decorations] CAPPING events from decorations provider vscode.git 1461
2024-07-16 01:08:25.303 [warning] [Decorations] CAPPING events from decorations provider vscode.git 1461
2024-07-16 01:08:30.350 [warning] [Decorations] CAPPING events from decorations provider vscode.git 1461
2024-07-16 01:08:40.913 [warning] [Decorations] CAPPING events from decorations provider vscode.git 1461
2024-07-16 01:08:45.961 [warning] [Decorations] CAPPING events from decorations provider vscode.git 1461
2024-07-16 01:08:51.008 [warning] [Decorations] CAPPING events from decorations provider vscode.git 1461
2024-07-16 01:08:56.060 [warning] [Decorations] CAPPING events from decorations provider vscode.git 1461
2024-07-16 01:09:01.329 [warning] [Decorations] CAPPING events from decorations provider vscode.git 1461
2024-07-16 01:09:06.389 [warning] [Decorations] CAPPING events from decorations provider vscode.git 1461
2024-07-16 01:09:11.436 [warning] [Decorations] CAPPING events from decorations provider vscode.git 1461
2024-07-16 01:09:16.483 [warning] [Decorations] CAPPING events from decorations provider vscode.git 1461
2024-07-16 01:09:21.531 [warning] [Decorations] CAPPING events from decorations provider vscode.git 1461
2024-07-16 01:09:26.579 [warning] [Decorations] CAPPING events from decorations provider vscode.git 1462
2024-07-16 01:09:48.591 [warning] [Decorations] CAPPING events from decorations provider vscode.git 1462
2024-07-16 01:09:53.643 [warning] [Decorations] CAPPING events from decorations provider vscode.git 1462
2024-07-16 01:09:58.689 [warning] [Decorations] CAPPING events from decorations provider vscode.git 1462
2024-07-16 01:10:03.920 [warning] [Decorations] CAPPING events from decorations provider vscode.git 1462
2024-07-16 01:10:08.967 [warning] [Decorations] CAPPING events from decorations provider vscode.git 1462
2024-07-16 01:10:14.013 [warning] [Decorations] CAPPING events from decorations provider vscode.git 1462
2024-07-16 01:10:19.059 [warning] [Decorations] CAPPING events from decorations provider vscode.git 1462
2024-07-16 01:10:24.109 [warning] [Decorations] CAPPING events from decorations provider vscode.git 1462
2024-07-16 01:10:29.157 [warning] [Decorations] CAPPING events from decorations provider vscode.git 1462
2024-07-16 01:10:34.206 [warning] [Decorations] CAPPING events from decorations provider vscode.git 1462
2024-07-16 01:10:39.252 [warning] [Decorations] CAPPING events from decorations provider vscode.git 1462
2024-07-16 01:10:44.296 [warning] [Decorations] CAPPING events from decorations provider vscode.git 1462
2024-07-16 01:10:54.306 [warning] [Decorations] CAPPING events from decorations provider vscode.git 1462
2024-07-16 01:10:59.352 [warning] [Decorations] CAPPING events from decorations provider vscode.git 1462
2024-07-16 01:11:04.398 [warning] [Decorations] CAPPING events from decorations provider vscode.git 1462
2024-07-16 01:11:09.446 [warning] [Decorations] CAPPING events from decorations provider vscode.git 1462
2024-07-16 01:11:14.501 [warning] [Decorations] CAPPING events from decorations provider vscode.git 1462
2024-07-16 01:11:19.546 [warning] [Decorations] CAPPING events from decorations provider vscode.git 1462
2024-07-16 01:11:24.593 [warning] [Decorations] CAPPING events from decorations provider vscode.git 1462
2024-07-16 01:11:29.646 [warning] [Decorations] CAPPING events from decorations provider vscode.git 1462
2024-07-16 01:11:34.693 [warning] [Decorations] CAPPING events from decorations provider vscode.git 1462
2024-07-16 01:11:39.736 [warning] [Decorations] CAPPING events from decorations provider vscode.git 1462
2024-07-16 01:11:44.791 [warning] [Decorations] CAPPING events from decorations provider vscode.git 1462
2024-07-16 01:11:49.838 [warning] [Decorations] CAPPING events from decorations provider vscode.git 1462
2024-07-16 01:11:54.885 [warning] [Decorations] CAPPING events from decorations provider vscode.git 1462
2024-07-16 01:11:59.931 [warning] [Decorations] CAPPING events from decorations provider vscode.git 1462
2024-07-16 01:12:04.976 [warning] [Decorations] CAPPING events from decorations provider vscode.git 1462
2024-07-16 01:12:10.025 [warning] [Decorations] CAPPING events from decorations provider vscode.git 1462
2024-07-16 01:12:15.079 [warning] [Decorations] CAPPING events from decorations provider vscode.git 1463
2024-07-16 01:13:24.253 [warning] [Decorations] CAPPING events from decorations provider vscode.git 1463
2024-07-16 01:13:29.303 [warning] [Decorations] CAPPING events from decorations provider vscode.git 1463
2024-07-16 01:13:34.352 [warning] [Decorations] CAPPING events from decorations provider vscode.git 1464
2024-07-16 01:13:39.398 [warning] [Decorations] CAPPING events from decorations provider vscode.git 1464
2024-07-16 01:13:44.447 [warning] [Decorations] CAPPING events from decorations provider vscode.git 1464
2024-07-16 01:15:18.236 [warning] [Decorations] CAPPING events from decorations provider vscode.git 1464
2024-07-16 01:15:23.284 [warning] [Decorations] CAPPING events from decorations provider vscode.git 1464
2024-07-16 01:15:28.331 [warning] [Decorations] CAPPING events from decorations provider vscode.git 1464
2024-07-16 01:15:33.381 [warning] [Decorations] CAPPING events from decorations provider vscode.git 1464
2024-07-16 01:15:38.428 [warning] [Decorations] CAPPING events from decorations provider vscode.git 1464
2024-07-16 01:15:43.475 [warning] [Decorations] CAPPING events from decorations provider vscode.git 1464
2024-07-16 01:15:48.523 [warning] [Decorations] CAPPING events from decorations provider vscode.git 1465
2024-07-16 01:18:28.092 [warning] [Decorations] CAPPING events from decorations provider vscode.git 1465
2024-07-16 01:18:33.140 [warning] [Decorations] CAPPING events from decorations provider vscode.git 1465
2024-07-16 01:18:38.188 [warning] [Decorations] CAPPING events from decorations provider vscode.git 1465
2024-07-16 01:18:43.236 [warning] [Decorations] CAPPING events from decorations provider vscode.git 1465
2024-07-16 01:18:48.285 [warning] [Decorations] CAPPING events from decorations provider vscode.git 1465
2024-07-16 01:18:53.334 [warning] [Decorations] CAPPING events from decorations provider vscode.git 1465
2024-07-16 01:18:58.380 [warning] [Decorations] CAPPING events from decorations provider vscode.git 1465
2024-07-16 01:19:20.382 [warning] [Decorations] CAPPING events from decorations provider vscode.git 1465
2024-07-16 01:19:25.433 [warning] [Decorations] CAPPING events from decorations provider vscode.git 1465
2024-07-16 01:19:30.487 [warning] [Decorations] CAPPING events from decorations provider vscode.git 1466
2024-07-16 01:19:35.534 [warning] [Decorations] CAPPING events from decorations provider vscode.git 1466
2024-07-16 01:19:40.581 [warning] [Decorations] CAPPING events from decorations provider vscode.git 1466
2024-07-16 01:19:45.626 [warning] [Decorations] CAPPING events from decorations provider vscode.git 1466
2024-07-16 01:19:50.674 [warning] [Decorations] CAPPING events from decorations provider vscode.git 1466
2024-07-16 01:19:55.720 [warning] [Decorations] CAPPING events from decorations provider vscode.git 1466
2024-07-16 01:20:00.795 [warning] [Decorations] CAPPING events from decorations provider vscode.git 1466
2024-07-16 01:20:05.843 [warning] [Decorations] CAPPING events from decorations provider vscode.git 1467
2024-07-16 01:29:30.945 [warning] [Decorations] CAPPING events from decorations provider vscode.git 1467
2024-07-16 01:29:36.005 [warning] [Decorations] CAPPING events from decorations provider vscode.git 1467
2024-07-16 01:29:41.671 [warning] [Decorations] CAPPING events from decorations provider vscode.git 1467
2024-07-16 01:29:46.718 [warning] [Decorations] CAPPING events from decorations provider vscode.git 1467
2024-07-16 01:29:51.765 [warning] [Decorations] CAPPING events from decorations provider vscode.git 1467
2024-07-16 01:29:56.813 [warning] [Decorations] CAPPING events from decorations provider vscode.git 1467
2024-07-16 01:30:01.860 [warning] [Decorations] CAPPING events from decorations provider vscode.git 1467
2024-07-16 01:30:06.912 [warning] [Decorations] CAPPING events from decorations provider vscode.git 1467
2024-07-16 01:30:11.959 [warning] [Decorations] CAPPING events from decorations provider vscode.git 1467
2024-07-16 01:30:17.006 [warning] [Decorations] CAPPING events from decorations provider vscode.git 1467
2024-07-16 01:30:22.060 [warning] [Decorations] CAPPING events from decorations provider vscode.git 1467
2024-07-16 01:30:27.107 [warning] [Decorations] CAPPING events from decorations provider vscode.git 1467
2024-07-16 01:30:32.361 [warning] [Decorations] CAPPING events from decorations provider vscode.git 1467
2024-07-16 01:30:37.409 [warning] [Decorations] CAPPING events from decorations provider vscode.git 1467
2024-07-16 01:30:42.460 [warning] [Decorations] CAPPING events from decorations provider vscode.git 1467
2024-07-16 01:30:47.508 [warning] [Decorations] CAPPING events from decorations provider vscode.git 1467
2024-07-16 01:30:52.556 [warning] [Decorations] CAPPING events from decorations provider vscode.git 1467
2024-07-16 01:30:57.609 [warning] [Decorations] CAPPING events from decorations provider vscode.git 1467
2024-07-16 01:31:02.656 [warning] [Decorations] CAPPING events from decorations provider vscode.git 1467
2024-07-16 01:31:07.704 [warning] [Decorations] CAPPING events from decorations provider vscode.git 1467
2024-07-16 01:31:12.753 [warning] [Decorations] CAPPING events from decorations provider vscode.git 1467
2024-07-16 01:31:17.800 [warning] [Decorations] CAPPING events from decorations provider vscode.git 1467
2024-07-16 01:31:22.860 [warning] [Decorations] CAPPING events from decorations provider vscode.git 1467
2024-07-16 01:31:29.354 [warning] [Decorations] CAPPING events from decorations provider vscode.git 1468
2024-07-16 01:31:34.401 [warning] [Decorations] CAPPING events from decorations provider vscode.git 1468
2024-07-16 01:31:39.484 [warning] [Decorations] CAPPING events from decorations provider vscode.git 1468
2024-07-16 01:31:44.555 [warning] [Decorations] CAPPING events from decorations provider vscode.git 1468
2024-07-16 01:31:49.622 [warning] [Decorations] CAPPING events from decorations provider vscode.git 1468
2024-07-16 01:31:54.708 [warning] [Decorations] CAPPING events from decorations provider vscode.git 1468
2024-07-16 01:31:59.773 [warning] [Decorations] CAPPING events from decorations provider vscode.git 1468
2024-07-16 01:32:04.849 [warning] [Decorations] CAPPING events from decorations provider vscode.git 1468
2024-07-16 01:32:09.931 [warning] [Decorations] CAPPING events from decorations provider vscode.git 1468
2024-07-16 01:32:15.032 [warning] [Decorations] CAPPING events from decorations provider vscode.git 1468
2024-07-16 01:32:44.405 [warning] [Decorations] CAPPING events from decorations provider vscode.git 1468
2024-07-16 01:32:49.478 [warning] [Decorations] CAPPING events from decorations provider vscode.git 1468
2024-07-16 01:32:54.545 [warning] [Decorations] CAPPING events from decorations provider vscode.git 1468
2024-07-16 01:32:59.639 [warning] [Decorations] CAPPING events from decorations provider vscode.git 1468
2024-07-16 01:33:04.714 [warning] [Decorations] CAPPING events from decorations provider vscode.git 1468
2024-07-16 01:33:09.783 [warning] [Decorations] CAPPING events from decorations provider vscode.git 1468
2024-07-16 01:33:14.851 [warning] [Decorations] CAPPING events from decorations provider vscode.git 1468
2024-07-16 01:33:19.916 [warning] [Decorations] CAPPING events from decorations provider vscode.git 1468
2024-07-16 01:33:26.453 [warning] [Decorations] CAPPING events from decorations provider vscode.git 1468
2024-07-16 01:33:31.533 [warning] [Decorations] CAPPING events from decorations provider vscode.git 1468
2024-07-16 01:33:36.608 [warning] [Decorations] CAPPING events from decorations provider vscode.git 1468
2024-07-16 01:33:41.680 [warning] [Decorations] CAPPING events from decorations provider vscode.git 1468
2024-07-16 01:33:46.744 [warning] [Decorations] CAPPING events from decorations provider vscode.git 1468
2024-07-16 01:33:51.836 [warning] [Decorations] CAPPING events from decorations provider vscode.git 1468
2024-07-16 01:33:56.909 [warning] [Decorations] CAPPING events from decorations provider vscode.git 1468
2024-07-16 01:34:01.981 [warning] [Decorations] CAPPING events from decorations provider vscode.git 1468
2024-07-16 01:34:07.054 [warning] [Decorations] CAPPING events from decorations provider vscode.git 1468
2024-07-16 01:34:12.127 [warning] [Decorations] CAPPING events from decorations provider vscode.git 1468
2024-07-16 01:34:17.195 [warning] [Decorations] CAPPING events from decorations provider vscode.git 1468
2024-07-16 01:34:22.263 [warning] [Decorations] CAPPING events from decorations provider vscode.git 1468
2024-07-16 01:34:27.334 [warning] [Decorations] CAPPING events from decorations provider vscode.git 1468
2024-07-16 01:34:32.413 [warning] [Decorations] CAPPING events from decorations provider vscode.git 1468
2024-07-16 01:34:37.479 [warning] [Decorations] CAPPING events from decorations provider vscode.git 1468
2024-07-16 01:34:42.561 [warning] [Decorations] CAPPING events from decorations provider vscode.git 1468
2024-07-16 01:34:47.644 [warning] [Decorations] CAPPING events from decorations provider vscode.git 1468
2024-07-16 01:34:52.726 [warning] [Decorations] CAPPING events from decorations provider vscode.git 1468
2024-07-16 01:34:57.794 [warning] [Decorations] CAPPING events from decorations provider vscode.git 1468
2024-07-16 01:35:02.872 [warning] [Decorations] CAPPING events from decorations provider vscode.git 1468
2024-07-16 01:35:07.943 [warning] [Decorations] CAPPING events from decorations provider vscode.git 1468
2024-07-16 01:35:13.014 [warning] [Decorations] CAPPING events from decorations provider vscode.git 1468
2024-07-16 01:35:18.098 [warning] [Decorations] CAPPING events from decorations provider vscode.git 1468
2024-07-16 01:35:23.165 [warning] [Decorations] CAPPING events from decorations provider vscode.git 1468
2024-07-16 01:35:28.230 [warning] [Decorations] CAPPING events from decorations provider vscode.git 1468
2024-07-16 01:35:33.636 [warning] [Decorations] CAPPING events from decorations provider vscode.git 1468
2024-07-16 01:35:38.707 [warning] [Decorations] CAPPING events from decorations provider vscode.git 1468
2024-07-16 01:35:43.777 [warning] [Decorations] CAPPING events from decorations provider vscode.git 1468
2024-07-16 01:35:48.985 [warning] [Decorations] CAPPING events from decorations provider vscode.git 1468
2024-07-16 01:35:54.052 [warning] [Decorations] CAPPING events from decorations provider vscode.git 1468
2024-07-16 01:35:59.654 [warning] [Decorations] CAPPING events from decorations provider vscode.git 1468
2024-07-16 01:36:08.009 [warning] [Decorations] CAPPING events from decorations provider vscode.git 1469
2024-07-16 01:36:13.075 [warning] [Decorations] CAPPING events from decorations provider vscode.git 1469
2024-07-16 01:36:18.145 [warning] [Decorations] CAPPING events from decorations provider vscode.git 1469
2024-07-16 01:36:25.436 [warning] [Decorations] CAPPING events from decorations provider vscode.git 1470
2024-07-16 01:36:30.627 [warning] [Decorations] CAPPING events from decorations provider vscode.git 1470
2024-07-16 01:36:35.705 [warning] [Decorations] CAPPING events from decorations provider vscode.git 1470
2024-07-16 01:36:40.772 [warning] [Decorations] CAPPING events from decorations provider vscode.git 1471
2024-07-16 01:36:45.843 [warning] [Decorations] CAPPING events from decorations provider vscode.git 1471
2024-07-16 01:36:50.940 [warning] [Decorations] CAPPING events from decorations provider vscode.git 1471
2024-07-16 01:36:56.063 [warning] [Decorations] CAPPING events from decorations provider vscode.git 1471
2024-07-16 01:37:01.130 [warning] [Decorations] CAPPING events from decorations provider vscode.git 1471
2024-07-16 01:37:07.556 [warning] [Decorations] CAPPING events from decorations provider vscode.git 1471
2024-07-16 01:37:12.627 [warning] [Decorations] CAPPING events from decorations provider vscode.git 1471
2024-07-16 01:37:18.894 [warning] [Decorations] CAPPING events from decorations provider vscode.git 1471
2024-07-16 01:37:23.964 [warning] [Decorations] CAPPING events from decorations provider vscode.git 1471
2024-07-16 01:37:29.060 [warning] [Decorations] CAPPING events from decorations provider vscode.git 1471
2024-07-16 01:37:34.137 [warning] [Decorations] CAPPING events from decorations provider vscode.git 1472
2024-07-16 01:37:39.207 [warning] [Decorations] CAPPING events from decorations provider vscode.git 1472
2024-07-16 01:37:44.277 [warning] [Decorations] CAPPING events from decorations provider vscode.git 1472
2024-07-16 01:37:49.360 [warning] [Decorations] CAPPING events from decorations provider vscode.git 1472
2024-07-16 01:38:57.668 [warning] [Decorations] CAPPING events from decorations provider vscode.git 1472
2024-07-16 01:39:02.782 [warning] [Decorations] CAPPING events from decorations provider vscode.git 1472
2024-07-16 01:39:07.880 [warning] [Decorations] CAPPING events from decorations provider vscode.git 1472
2024-07-16 01:39:12.954 [warning] [Decorations] CAPPING events from decorations provider vscode.git 1472
2024-07-16 01:39:27.028 [warning] [Decorations] CAPPING events from decorations provider vscode.git 1472
2024-07-16 01:39:32.105 [warning] [Decorations] CAPPING events from decorations provider vscode.git 1472
2024-07-16 01:39:37.190 [warning] [Decorations] CAPPING events from decorations provider vscode.git 1472
2024-07-16 01:39:43.176 [warning] [Decorations] CAPPING events from decorations provider vscode.git 1473
2024-07-16 01:41:34.560 [warning] [Decorations] CAPPING events from decorations provider vscode.git 1473
2024-07-16 01:41:39.627 [warning] [Decorations] CAPPING events from decorations provider vscode.git 1473
2024-07-16 01:41:44.696 [warning] [Decorations] CAPPING events from decorations provider vscode.git 1473
2024-07-16 01:41:49.759 [warning] [Decorations] CAPPING events from decorations provider vscode.git 1473
2024-07-16 01:41:54.827 [warning] [Decorations] CAPPING events from decorations provider vscode.git 1473
2024-07-16 01:41:59.896 [warning] [Decorations] CAPPING events from decorations provider vscode.git 1473
2024-07-16 01:42:04.961 [warning] [Decorations] CAPPING events from decorations provider vscode.git 1473
2024-07-16 01:42:10.040 [warning] [Decorations] CAPPING events from decorations provider vscode.git 1473
2024-07-16 01:42:15.105 [warning] [Decorations] CAPPING events from decorations provider vscode.git 1473
2024-07-16 01:42:20.175 [warning] [Decorations] CAPPING events from decorations provider vscode.git 1473
2024-07-16 01:42:25.247 [warning] [Decorations] CAPPING events from decorations provider vscode.git 1473
2024-07-16 01:42:30.317 [warning] [Decorations] CAPPING events from decorations provider vscode.git 1473
2024-07-16 01:42:35.385 [warning] [Decorations] CAPPING events from decorations provider vscode.git 1473
2024-07-16 01:42:40.449 [warning] [Decorations] CAPPING events from decorations provider vscode.git 1473
2024-07-16 01:42:45.513 [warning] [Decorations] CAPPING events from decorations provider vscode.git 1473
2024-07-16 01:42:50.580 [warning] [Decorations] CAPPING events from decorations provider vscode.git 1473
2024-07-16 01:42:55.644 [warning] [Decorations] CAPPING events from decorations provider vscode.git 1473
2024-07-16 01:43:15.494 [warning] [Decorations] CAPPING events from decorations provider vscode.git 1473
2024-07-16 01:43:20.571 [warning] [Decorations] CAPPING events from decorations provider vscode.git 1473
2024-07-16 01:43:25.639 [warning] [Decorations] CAPPING events from decorations provider vscode.git 1473
2024-07-16 01:43:30.710 [warning] [Decorations] CAPPING events from decorations provider vscode.git 1473
2024-07-16 01:43:35.782 [warning] [Decorations] CAPPING events from decorations provider vscode.git 1473
2024-07-16 01:43:40.846 [warning] [Decorations] CAPPING events from decorations provider vscode.git 1473
2024-07-16 01:43:48.875 [warning] [Decorations] CAPPING events from decorations provider vscode.git 1473
2024-07-16 01:43:53.942 [warning] [Decorations] CAPPING events from decorations provider vscode.git 1473
2024-07-16 01:43:59.009 [warning] [Decorations] CAPPING events from decorations provider vscode.git 1473
2024-07-16 01:44:04.120 [warning] [Decorations] CAPPING events from decorations provider vscode.git 1473
2024-07-16 01:44:10.498 [warning] [Decorations] CAPPING events from decorations provider vscode.git 1473
2024-07-16 01:44:15.568 [warning] [Decorations] CAPPING events from decorations provider vscode.git 1473
2024-07-16 01:44:25.523 [warning] [Decorations] CAPPING events from decorations provider vscode.git 1473
2024-07-16 01:44:30.593 [warning] [Decorations] CAPPING events from decorations provider vscode.git 1473
2024-07-16 01:44:35.660 [warning] [Decorations] CAPPING events from decorations provider vscode.git 1473
2024-07-16 01:44:40.733 [warning] [Decorations] CAPPING events from decorations provider vscode.git 1473
2024-07-16 01:44:49.569 [warning] [Decorations] CAPPING events from decorations provider vscode.git 1473
2024-07-16 01:44:54.655 [warning] [Decorations] CAPPING events from decorations provider vscode.git 1473
2024-07-16 01:44:59.725 [warning] [Decorations] CAPPING events from decorations provider vscode.git 1473
2024-07-16 01:45:04.810 [warning] [Decorations] CAPPING events from decorations provider vscode.git 1473
2024-07-16 01:45:09.892 [warning] [Decorations] CAPPING events from decorations provider vscode.git 1473
2024-07-16 01:45:14.968 [warning] [Decorations] CAPPING events from decorations provider vscode.git 1473
2024-07-16 01:45:42.775 [warning] [Decorations] CAPPING events from decorations provider vscode.git 1474
2024-07-16 01:45:47.855 [warning] [Decorations] CAPPING events from decorations provider vscode.git 1474
2024-07-16 01:46:06.133 [warning] [Decorations] CAPPING events from decorations provider vscode.git 1474
2024-07-16 01:46:11.206 [warning] [Decorations] CAPPING events from decorations provider vscode.git 1474
2024-07-16 01:46:16.274 [warning] [Decorations] CAPPING events from decorations provider vscode.git 1474
2024-07-16 01:46:21.348 [warning] [Decorations] CAPPING events from decorations provider vscode.git 1474
2024-07-16 01:46:26.420 [warning] [Decorations] CAPPING events from decorations provider vscode.git 1474
2024-07-16 01:46:31.548 [warning] [Decorations] CAPPING events from decorations provider vscode.git 1474
