2024-07-11 23:32:04.271 [info] Extension host with pid 39659 started
2024-07-11 23:32:04.287 [info] Lock '/home/coder123/.vscode-server/data/User/workspaceStorage/e108dc581b14dbd28bd749526d685224/vscode.lock': Lock acquired.
2024-07-11 23:32:04.327 [info] Eager extensions activated
2024-07-11 23:32:07.577 [info] ExtensionService#_doActivateExtension vscode.debug-auto-launch, startup: false, activationEvent: 'onStartupFinished'
2024-07-11 23:32:07.578 [info] ExtensionService#_doActivateExtension vscode.git-base, startup: false, activationEvent: '*', root cause: vscode.git
2024-07-11 23:32:07.578 [info] ExtensionService#_doActivateExtension vscode.merge-conflict, startup: false, activationEvent: 'onStartupFinished'
2024-07-11 23:32:07.652 [info] ExtensionService#_doActivateExtension vscode.git, startup: false, activationEvent: '*'
2024-07-11 23:32:07.653 [info] ExtensionService#_doActivateExtension vscode.github, startup: false, activationEvent: '*'
2024-07-11 23:32:07.871 [info] ExtensionService#_doActivateExtension vscode.emmet, startup: false, activationEvent: 'onLanguage'
2024-07-11 23:32:07.985 [warning] [Decorations] CAPPING events from decorations provider vscode.git 1298
2024-07-11 23:32:08.330 [warning] [Decorations] CAPPING events from decorations provider vscode.git 1298
2024-07-11 23:32:12.455 [warning] [Decorations] CAPPING events from decorations provider vscode.git 1298
2024-07-11 23:32:17.496 [warning] [Decorations] CAPPING events from decorations provider vscode.git 1298
2024-07-11 23:32:22.538 [warning] [Decorations] CAPPING events from decorations provider vscode.git 1298
2024-07-11 23:32:29.504 [warning] [Decorations] CAPPING events from decorations provider vscode.git 1298
2024-07-11 23:32:34.546 [warning] [Decorations] CAPPING events from decorations provider vscode.git 1298
2024-07-11 23:32:39.589 [warning] [Decorations] CAPPING events from decorations provider vscode.git 1298
2024-07-11 23:32:44.629 [warning] [Decorations] CAPPING events from decorations provider vscode.git 1298
2024-07-11 23:32:45.912 [info] ExtensionService#_doActivateExtension vscode.html-language-features, startup: false, activationEvent: 'onLanguage:html'
2024-07-11 23:32:49.672 [warning] [Decorations] CAPPING events from decorations provider vscode.git 1300
2024-07-11 23:32:54.714 [warning] [Decorations] CAPPING events from decorations provider vscode.git 1300
2024-07-11 23:32:59.753 [warning] [Decorations] CAPPING events from decorations provider vscode.git 1301
2024-07-11 23:33:04.792 [warning] [Decorations] CAPPING events from decorations provider vscode.git 1301
2024-07-11 23:33:09.832 [warning] [Decorations] CAPPING events from decorations provider vscode.git 1302
2024-07-11 23:33:14.872 [warning] [Decorations] CAPPING events from decorations provider vscode.git 1302
2024-07-11 23:33:19.911 [warning] [Decorations] CAPPING events from decorations provider vscode.git 1302
2024-07-11 23:33:24.949 [warning] [Decorations] CAPPING events from decorations provider vscode.git 1302
2024-07-11 23:33:28.798 [info] ExtensionService#_doActivateExtension vscode.css-language-features, startup: false, activationEvent: 'onLanguage:css'
2024-07-11 23:33:29.989 [warning] [Decorations] CAPPING events from decorations provider vscode.git 1303
2024-07-11 23:33:35.029 [warning] [Decorations] CAPPING events from decorations provider vscode.git 1303
2024-07-11 23:33:40.069 [warning] [Decorations] CAPPING events from decorations provider vscode.git 1303
2024-07-11 23:33:40.900 [info] ExtensionService#_doActivateExtension vscode.typescript-language-features, startup: false, activationEvent: 'onLanguage:javascript'
2024-07-11 23:34:07.705 [warning] [Decorations] CAPPING events from decorations provider vscode.git 1306
2024-07-11 23:34:12.762 [warning] [Decorations] CAPPING events from decorations provider vscode.git 1306
2024-07-11 23:34:19.506 [warning] [Decorations] CAPPING events from decorations provider vscode.git 1308
2024-07-11 23:34:24.549 [warning] [Decorations] CAPPING events from decorations provider vscode.git 1308
2024-07-11 23:34:29.591 [warning] [Decorations] CAPPING events from decorations provider vscode.git 1308
2024-07-11 23:34:34.633 [warning] [Decorations] CAPPING events from decorations provider vscode.git 1308
2024-07-11 23:34:39.675 [warning] [Decorations] CAPPING events from decorations provider vscode.git 1308
2024-07-11 23:34:44.716 [warning] [Decorations] CAPPING events from decorations provider vscode.git 1308
2024-07-11 23:34:49.759 [warning] [Decorations] CAPPING events from decorations provider vscode.git 1308
2024-07-11 23:34:54.800 [warning] [Decorations] CAPPING events from decorations provider vscode.git 1308
2024-07-11 23:34:59.842 [warning] [Decorations] CAPPING events from decorations provider vscode.git 1308
2024-07-11 23:35:04.892 [warning] [Decorations] CAPPING events from decorations provider vscode.git 1308
2024-07-11 23:35:09.281 [info] ExtensionService#_doActivateExtension vscode.npm, startup: false, activationEvent: 'onTerminalQuickFixRequest:ms-vscode.npm-command'
2024-07-11 23:35:09.933 [warning] [Decorations] CAPPING events from decorations provider vscode.git 1308
2024-07-11 23:35:14.973 [warning] [Decorations] CAPPING events from decorations provider vscode.git 1308
2024-07-11 23:35:20.013 [warning] [Decorations] CAPPING events from decorations provider vscode.git 1308
2024-07-11 23:35:25.053 [warning] [Decorations] CAPPING events from decorations provider vscode.git 1308
2024-07-11 23:35:30.092 [warning] [Decorations] CAPPING events from decorations provider vscode.git 1308
2024-07-11 23:35:35.136 [warning] [Decorations] CAPPING events from decorations provider vscode.git 1308
2024-07-11 23:36:47.355 [warning] [Decorations] CAPPING events from decorations provider vscode.git 1308
2024-07-11 23:36:52.411 [warning] [Decorations] CAPPING events from decorations provider vscode.git 1308
2024-07-11 23:36:57.453 [warning] [Decorations] CAPPING events from decorations provider vscode.git 1308
2024-07-11 23:37:02.496 [warning] [Decorations] CAPPING events from decorations provider vscode.git 1308
2024-07-11 23:37:07.536 [warning] [Decorations] CAPPING events from decorations provider vscode.git 1308
2024-07-11 23:37:12.579 [warning] [Decorations] CAPPING events from decorations provider vscode.git 1308
2024-07-11 23:37:17.628 [warning] [Decorations] CAPPING events from decorations provider vscode.git 1308
2024-07-11 23:37:22.669 [warning] [Decorations] CAPPING events from decorations provider vscode.git 1308
2024-07-11 23:37:27.707 [warning] [Decorations] CAPPING events from decorations provider vscode.git 1308
2024-07-11 23:37:32.749 [warning] [Decorations] CAPPING events from decorations provider vscode.git 1308
2024-07-11 23:37:37.790 [warning] [Decorations] CAPPING events from decorations provider vscode.git 1308
2024-07-11 23:37:42.829 [warning] [Decorations] CAPPING events from decorations provider vscode.git 1308
2024-07-11 23:37:47.871 [warning] [Decorations] CAPPING events from decorations provider vscode.git 1308
2024-07-11 23:37:52.910 [warning] [Decorations] CAPPING events from decorations provider vscode.git 1308
2024-07-11 23:37:57.951 [warning] [Decorations] CAPPING events from decorations provider vscode.git 1308
2024-07-11 23:38:02.995 [warning] [Decorations] CAPPING events from decorations provider vscode.git 1308
2024-07-11 23:38:08.037 [warning] [Decorations] CAPPING events from decorations provider vscode.git 1308
2024-07-11 23:38:13.080 [warning] [Decorations] CAPPING events from decorations provider vscode.git 1308
2024-07-11 23:38:20.383 [warning] [Decorations] CAPPING events from decorations provider vscode.git 1309
2024-07-11 23:38:25.434 [warning] [Decorations] CAPPING events from decorations provider vscode.git 1309
2024-07-11 23:38:30.474 [warning] [Decorations] CAPPING events from decorations provider vscode.git 1309
2024-07-11 23:38:35.513 [warning] [Decorations] CAPPING events from decorations provider vscode.git 1309
2024-07-11 23:38:40.551 [warning] [Decorations] CAPPING events from decorations provider vscode.git 1309
2024-07-11 23:38:47.398 [warning] [Decorations] CAPPING events from decorations provider vscode.git 1309
2024-07-11 23:38:52.439 [warning] [Decorations] CAPPING events from decorations provider vscode.git 1309
2024-07-11 23:38:57.483 [warning] [Decorations] CAPPING events from decorations provider vscode.git 1309
2024-07-11 23:39:02.524 [warning] [Decorations] CAPPING events from decorations provider vscode.git 1309
2024-07-11 23:39:07.563 [warning] [Decorations] CAPPING events from decorations provider vscode.git 1309
2024-07-11 23:39:12.606 [warning] [Decorations] CAPPING events from decorations provider vscode.git 1309
2024-07-11 23:39:17.649 [warning] [Decorations] CAPPING events from decorations provider vscode.git 1308
2024-07-11 23:39:22.691 [warning] [Decorations] CAPPING events from decorations provider vscode.git 1308
2024-07-11 23:39:27.746 [warning] [Decorations] CAPPING events from decorations provider vscode.git 1308
2024-07-11 23:39:32.787 [warning] [Decorations] CAPPING events from decorations provider vscode.git 1308
2024-07-11 23:39:37.828 [warning] [Decorations] CAPPING events from decorations provider vscode.git 1308
2024-07-11 23:39:42.869 [warning] [Decorations] CAPPING events from decorations provider vscode.git 1308
2024-07-11 23:40:56.078 [warning] [Decorations] CAPPING events from decorations provider vscode.git 1308
2024-07-11 23:41:01.123 [warning] [Decorations] CAPPING events from decorations provider vscode.git 1308
2024-07-11 23:41:06.162 [warning] [Decorations] CAPPING events from decorations provider vscode.git 1308
2024-07-11 23:41:11.210 [warning] [Decorations] CAPPING events from decorations provider vscode.git 1308
2024-07-11 23:41:16.259 [warning] [Decorations] CAPPING events from decorations provider vscode.git 1308
2024-07-11 23:41:21.305 [warning] [Decorations] CAPPING events from decorations provider vscode.git 1308
2024-07-11 23:41:26.344 [warning] [Decorations] CAPPING events from decorations provider vscode.git 1308
2024-07-11 23:41:31.386 [warning] [Decorations] CAPPING events from decorations provider vscode.git 1308
2024-07-11 23:42:27.624 [warning] [Decorations] CAPPING events from decorations provider vscode.git 1308
2024-07-11 23:42:32.673 [warning] [Decorations] CAPPING events from decorations provider vscode.git 1308
2024-07-11 23:42:37.728 [warning] [Decorations] CAPPING events from decorations provider vscode.git 1308
2024-07-11 23:42:42.766 [warning] [Decorations] CAPPING events from decorations provider vscode.git 1308
2024-07-11 23:42:47.808 [warning] [Decorations] CAPPING events from decorations provider vscode.git 1308
2024-07-11 23:42:52.852 [warning] [Decorations] CAPPING events from decorations provider vscode.git 1308
2024-07-11 23:42:57.905 [warning] [Decorations] CAPPING events from decorations provider vscode.git 1308
2024-07-11 23:43:02.948 [warning] [Decorations] CAPPING events from decorations provider vscode.git 1308
2024-07-11 23:43:07.991 [warning] [Decorations] CAPPING events from decorations provider vscode.git 1308
2024-07-11 23:43:13.039 [warning] [Decorations] CAPPING events from decorations provider vscode.git 1308
2024-07-11 23:43:18.081 [warning] [Decorations] CAPPING events from decorations provider vscode.git 1308
2024-07-11 23:43:23.123 [warning] [Decorations] CAPPING events from decorations provider vscode.git 1308
2024-07-11 23:43:28.172 [warning] [Decorations] CAPPING events from decorations provider vscode.git 1308
2024-07-11 23:43:33.212 [warning] [Decorations] CAPPING events from decorations provider vscode.git 1308
2024-07-11 23:43:38.254 [warning] [Decorations] CAPPING events from decorations provider vscode.git 1309
2024-07-11 23:43:43.296 [warning] [Decorations] CAPPING events from decorations provider vscode.git 1309
2024-07-11 23:43:48.337 [warning] [Decorations] CAPPING events from decorations provider vscode.git 1309
2024-07-11 23:43:53.377 [warning] [Decorations] CAPPING events from decorations provider vscode.git 1309
2024-07-11 23:43:58.806 [warning] [Decorations] CAPPING events from decorations provider vscode.git 1309
2024-07-11 23:44:03.857 [warning] [Decorations] CAPPING events from decorations provider vscode.git 1309
2024-07-11 23:44:08.899 [warning] [Decorations] CAPPING events from decorations provider vscode.git 1309
2024-07-11 23:44:13.938 [warning] [Decorations] CAPPING events from decorations provider vscode.git 1309
2024-07-11 23:44:18.990 [warning] [Decorations] CAPPING events from decorations provider vscode.git 1309
2024-07-11 23:44:24.029 [warning] [Decorations] CAPPING events from decorations provider vscode.git 1309
2024-07-11 23:44:29.070 [warning] [Decorations] CAPPING events from decorations provider vscode.git 1309
2024-07-11 23:44:34.112 [warning] [Decorations] CAPPING events from decorations provider vscode.git 1309
2024-07-11 23:44:39.153 [warning] [Decorations] CAPPING events from decorations provider vscode.git 1308
2024-07-11 23:44:44.195 [warning] [Decorations] CAPPING events from decorations provider vscode.git 1308
2024-07-11 23:44:49.237 [warning] [Decorations] CAPPING events from decorations provider vscode.git 1308
2024-07-11 23:44:54.277 [warning] [Decorations] CAPPING events from decorations provider vscode.git 1308
2024-07-11 23:44:59.317 [warning] [Decorations] CAPPING events from decorations provider vscode.git 1308
2024-07-11 23:45:04.359 [warning] [Decorations] CAPPING events from decorations provider vscode.git 1308
2024-07-11 23:45:09.411 [warning] [Decorations] CAPPING events from decorations provider vscode.git 1308
2024-07-11 23:45:14.453 [warning] [Decorations] CAPPING events from decorations provider vscode.git 1308
2024-07-11 23:45:19.492 [warning] [Decorations] CAPPING events from decorations provider vscode.git 1308
2024-07-11 23:45:24.543 [warning] [Decorations] CAPPING events from decorations provider vscode.git 1308
2024-07-11 23:45:29.586 [warning] [Decorations] CAPPING events from decorations provider vscode.git 1308
2024-07-11 23:45:34.625 [warning] [Decorations] CAPPING events from decorations provider vscode.git 1308
2024-07-11 23:45:39.674 [warning] [Decorations] CAPPING events from decorations provider vscode.git 1308
2024-07-11 23:45:44.713 [warning] [Decorations] CAPPING events from decorations provider vscode.git 1308
2024-07-11 23:45:49.755 [warning] [Decorations] CAPPING events from decorations provider vscode.git 1308
2024-07-11 23:45:54.807 [warning] [Decorations] CAPPING events from decorations provider vscode.git 1308
2024-07-11 23:45:59.848 [warning] [Decorations] CAPPING events from decorations provider vscode.git 1308
2024-07-11 23:46:04.888 [warning] [Decorations] CAPPING events from decorations provider vscode.git 1308
2024-07-11 23:46:09.936 [warning] [Decorations] CAPPING events from decorations provider vscode.git 1308
2024-07-11 23:46:14.976 [warning] [Decorations] CAPPING events from decorations provider vscode.git 1308
2024-07-11 23:46:20.016 [warning] [Decorations] CAPPING events from decorations provider vscode.git 1308
