2024-07-12 18:00:32.526 [info] Log level: Info
2024-07-12 18:00:32.526 [info] Validating found git in: "git"
2024-07-12 18:00:32.526 [info] Using git "2.34.1" from "git"
2024-07-12 18:00:32.526 [info] > git rev-parse --show-toplevel [14ms]
2024-07-12 18:00:32.528 [info] > git rev-parse --git-dir --git-common-dir [5ms]
2024-07-12 18:00:32.548 [info] Open repository: /home/coder123
2024-07-12 18:00:32.573 [info] > git config --get commit.template [10ms]
2024-07-12 18:00:32.574 [info] > git rev-parse --show-toplevel [5ms]
2024-07-12 18:00:32.598 [info] > git rev-parse --show-toplevel [10ms]
2024-07-12 18:00:32.609 [info] > git rev-parse --show-toplevel [2ms]
2024-07-12 18:00:32.610 [info] > git for-each-ref --format=%(refname)%00%(upstream:short)%00%(objectname)%00%(upstream:track)%00%(upstream:remotename)%00%(upstream:remoteref) refs/heads/javascript.js refs/remotes/javascript.js [29ms]
2024-07-12 18:00:32.630 [info] > git rev-parse --show-toplevel [2ms]
2024-07-12 18:00:32.648 [info] > git status -z -uall [32ms]
2024-07-12 18:00:32.714 [info] > git for-each-ref --format=%(refname)%00%(upstream:short)%00%(objectname)%00%(upstream:track)%00%(upstream:remotename)%00%(upstream:remoteref) refs/heads/javascript.js refs/remotes/javascript.js [52ms]
2024-07-12 18:00:32.725 [info] > git config --local branch.javascript.js.vscode-merge-base [3ms]
2024-07-12 18:00:32.725 [warning] git config failed: Failed to execute git
2024-07-12 18:00:32.732 [info] > git config --get commit.template [18ms]
2024-07-12 18:00:32.747 [info] > git reflog javascript.js --grep-reflog=branch: Created from *. [15ms]
2024-07-12 18:00:32.753 [info] > git for-each-ref --format=%(refname)%00%(upstream:short)%00%(objectname)%00%(upstream:track)%00%(upstream:remotename)%00%(upstream:remoteref) refs/heads/javascript.js refs/remotes/javascript.js [8ms]
2024-07-12 18:00:33.072 [info] > git status -z -uall [315ms]
2024-07-12 18:00:33.097 [info] > git reflog HEAD --grep-reflog=checkout: moving from .* to javascript.js [346ms]
2024-07-12 18:00:33.125 [info] > git check-ignore -v -z --stdin [14ms]
2024-07-12 18:00:33.132 [info] > git for-each-ref --format=%(refname)%00%(upstream:short)%00%(objectname)%00%(upstream:track)%00%(upstream:remotename)%00%(upstream:remoteref) refs/heads/style.css refs/remotes/style.css [31ms]
2024-07-12 18:00:33.140 [info] > git for-each-ref --format=%(refname)%00%(upstream:short)%00%(objectname)%00%(upstream:track)%00%(upstream:remotename)%00%(upstream:remoteref) refs/heads/javascript.js refs/remotes/javascript.js [60ms]
2024-07-12 18:00:33.150 [info] > git config --local branch.javascript.js.vscode-merge-base [3ms]
2024-07-12 18:00:33.150 [warning] git config failed: Failed to execute git
2024-07-12 18:00:33.155 [info] > git symbolic-ref --short refs/remotes/origin/HEAD [16ms]
2024-07-12 18:00:33.155 [info] fatal: ref refs/remotes/origin/HEAD is not a symbolic ref
2024-07-12 18:00:33.161 [info] > git reflog javascript.js --grep-reflog=branch: Created from *. [6ms]
2024-07-12 18:00:33.396 [info] > git show --textconv :personal_site/javascript.js [17ms]
2024-07-12 18:00:33.396 [info] > git reflog HEAD --grep-reflog=checkout: moving from .* to javascript.js [231ms]
2024-07-12 18:00:33.403 [info] > git ls-files --stage -- /home/coder123/personal_site/javascript.js [21ms]
2024-07-12 18:00:33.408 [info] > git for-each-ref --format=%(refname)%00%(upstream:short)%00%(objectname)%00%(upstream:track)%00%(upstream:remotename)%00%(upstream:remoteref) refs/heads/style.css refs/remotes/style.css [9ms]
2024-07-12 18:00:33.415 [info] > git symbolic-ref --short refs/remotes/origin/HEAD [3ms]
2024-07-12 18:00:33.416 [info] fatal: ref refs/remotes/origin/HEAD is not a symbolic ref
2024-07-12 18:00:34.572 [info] > git config --get commit.template [2ms]
2024-07-12 18:00:34.578 [info] > git for-each-ref --format=%(refname)%00%(upstream:short)%00%(objectname)%00%(upstream:track)%00%(upstream:remotename)%00%(upstream:remoteref) refs/heads/javascript.js refs/remotes/javascript.js [2ms]
2024-07-12 18:00:34.593 [info] > git status -z -uall [12ms]
2024-07-12 18:00:34.614 [info] > git for-each-ref --format=%(refname)%00%(upstream:short)%00%(objectname)%00%(upstream:track)%00%(upstream:remotename)%00%(upstream:remoteref) refs/heads/javascript.js refs/remotes/javascript.js [14ms]
2024-07-12 18:00:34.620 [info] > git config --local branch.javascript.js.vscode-merge-base [1ms]
2024-07-12 18:00:34.620 [warning] git config failed: Failed to execute git
2024-07-12 18:00:34.629 [info] > git reflog javascript.js --grep-reflog=branch: Created from *. [5ms]
2024-07-12 18:00:34.675 [info] > git reflog HEAD --grep-reflog=checkout: moving from .* to javascript.js [43ms]
2024-07-12 18:00:34.681 [info] > git for-each-ref --format=%(refname)%00%(upstream:short)%00%(objectname)%00%(upstream:track)%00%(upstream:remotename)%00%(upstream:remoteref) refs/heads/style.css refs/remotes/style.css [2ms]
2024-07-12 18:00:34.686 [info] > git symbolic-ref --short refs/remotes/origin/HEAD [1ms]
2024-07-12 18:00:34.687 [info] fatal: ref refs/remotes/origin/HEAD is not a symbolic ref
2024-07-12 18:00:39.626 [info] > git config --get commit.template [7ms]
2024-07-12 18:00:39.629 [info] > git for-each-ref --format=%(refname)%00%(upstream:short)%00%(objectname)%00%(upstream:track)%00%(upstream:remotename)%00%(upstream:remoteref) refs/heads/javascript.js refs/remotes/javascript.js [2ms]
2024-07-12 18:00:39.652 [info] > git status -z -uall [19ms]
2024-07-12 18:00:39.682 [info] > git for-each-ref --format=%(refname)%00%(upstream:short)%00%(objectname)%00%(upstream:track)%00%(upstream:remotename)%00%(upstream:remoteref) refs/heads/javascript.js refs/remotes/javascript.js [19ms]
2024-07-12 18:00:39.692 [info] > git config --local branch.javascript.js.vscode-merge-base [4ms]
2024-07-12 18:00:39.692 [warning] git config failed: Failed to execute git
2024-07-12 18:00:39.705 [info] > git reflog javascript.js --grep-reflog=branch: Created from *. [6ms]
2024-07-12 18:00:39.713 [info] > git reflog HEAD --grep-reflog=checkout: moving from .* to javascript.js [3ms]
2024-07-12 18:00:39.721 [info] > git for-each-ref --format=%(refname)%00%(upstream:short)%00%(objectname)%00%(upstream:track)%00%(upstream:remotename)%00%(upstream:remoteref) refs/heads/style.css refs/remotes/style.css [3ms]
2024-07-12 18:00:39.730 [info] > git symbolic-ref --short refs/remotes/origin/HEAD [3ms]
2024-07-12 18:00:39.730 [info] fatal: ref refs/remotes/origin/HEAD is not a symbolic ref
2024-07-12 18:00:44.695 [info] > git config --get commit.template [6ms]
2024-07-12 18:00:44.695 [info] > git for-each-ref --format=%(refname)%00%(upstream:short)%00%(objectname)%00%(upstream:track)%00%(upstream:remotename)%00%(upstream:remoteref) refs/heads/javascript.js refs/remotes/javascript.js [2ms]
2024-07-12 18:00:44.718 [info] > git status -z -uall [18ms]
2024-07-12 18:00:44.747 [info] > git for-each-ref --format=%(refname)%00%(upstream:short)%00%(objectname)%00%(upstream:track)%00%(upstream:remotename)%00%(upstream:remoteref) refs/heads/javascript.js refs/remotes/javascript.js [19ms]
2024-07-12 18:00:44.759 [info] > git config --local branch.javascript.js.vscode-merge-base [2ms]
2024-07-12 18:00:44.759 [warning] git config failed: Failed to execute git
2024-07-12 18:00:44.769 [info] > git reflog javascript.js --grep-reflog=branch: Created from *. [4ms]
2024-07-12 18:00:44.778 [info] > git reflog HEAD --grep-reflog=checkout: moving from .* to javascript.js [4ms]
2024-07-12 18:00:44.795 [info] > git for-each-ref --format=%(refname)%00%(upstream:short)%00%(objectname)%00%(upstream:track)%00%(upstream:remotename)%00%(upstream:remoteref) refs/heads/style.css refs/remotes/style.css [13ms]
2024-07-12 18:00:44.804 [info] > git symbolic-ref --short refs/remotes/origin/HEAD [2ms]
2024-07-12 18:00:44.804 [info] fatal: ref refs/remotes/origin/HEAD is not a symbolic ref
2024-07-12 18:00:49.756 [info] > git config --get commit.template [2ms]
2024-07-12 18:00:49.765 [info] > git for-each-ref --format=%(refname)%00%(upstream:short)%00%(objectname)%00%(upstream:track)%00%(upstream:remotename)%00%(upstream:remoteref) refs/heads/javascript.js refs/remotes/javascript.js [2ms]
2024-07-12 18:00:49.787 [info] > git status -z -uall [18ms]
2024-07-12 18:00:49.814 [info] > git for-each-ref --format=%(refname)%00%(upstream:short)%00%(objectname)%00%(upstream:track)%00%(upstream:remotename)%00%(upstream:remoteref) refs/heads/javascript.js refs/remotes/javascript.js [17ms]
2024-07-12 18:00:49.823 [info] > git config --local branch.javascript.js.vscode-merge-base [2ms]
2024-07-12 18:00:49.824 [warning] git config failed: Failed to execute git
2024-07-12 18:00:49.836 [info] > git reflog javascript.js --grep-reflog=branch: Created from *. [7ms]
2024-07-12 18:00:49.845 [info] > git reflog HEAD --grep-reflog=checkout: moving from .* to javascript.js [3ms]
2024-07-12 18:00:49.853 [info] > git for-each-ref --format=%(refname)%00%(upstream:short)%00%(objectname)%00%(upstream:track)%00%(upstream:remotename)%00%(upstream:remoteref) refs/heads/style.css refs/remotes/style.css [2ms]
2024-07-12 18:00:49.861 [info] > git symbolic-ref --short refs/remotes/origin/HEAD [3ms]
2024-07-12 18:00:49.861 [info] fatal: ref refs/remotes/origin/HEAD is not a symbolic ref
2024-07-12 18:00:54.826 [info] > git config --get commit.template [7ms]
2024-07-12 18:00:54.828 [info] > git for-each-ref --format=%(refname)%00%(upstream:short)%00%(objectname)%00%(upstream:track)%00%(upstream:remotename)%00%(upstream:remoteref) refs/heads/javascript.js refs/remotes/javascript.js [3ms]
2024-07-12 18:00:54.847 [info] > git status -z -uall [15ms]
2024-07-12 18:00:54.875 [info] > git for-each-ref --format=%(refname)%00%(upstream:short)%00%(objectname)%00%(upstream:track)%00%(upstream:remotename)%00%(upstream:remoteref) refs/heads/javascript.js refs/remotes/javascript.js [17ms]
2024-07-12 18:00:54.886 [info] > git config --local branch.javascript.js.vscode-merge-base [4ms]
2024-07-12 18:00:54.886 [warning] git config failed: Failed to execute git
2024-07-12 18:00:54.897 [info] > git reflog javascript.js --grep-reflog=branch: Created from *. [6ms]
2024-07-12 18:00:54.906 [info] > git reflog HEAD --grep-reflog=checkout: moving from .* to javascript.js [4ms]
2024-07-12 18:00:54.913 [info] > git for-each-ref --format=%(refname)%00%(upstream:short)%00%(objectname)%00%(upstream:track)%00%(upstream:remotename)%00%(upstream:remoteref) refs/heads/style.css refs/remotes/style.css [2ms]
2024-07-12 18:00:54.920 [info] > git symbolic-ref --short refs/remotes/origin/HEAD [2ms]
2024-07-12 18:00:54.921 [info] fatal: ref refs/remotes/origin/HEAD is not a symbolic ref
2024-07-12 18:00:59.890 [info] > git config --get commit.template [8ms]
2024-07-12 18:00:59.890 [info] > git for-each-ref --format=%(refname)%00%(upstream:short)%00%(objectname)%00%(upstream:track)%00%(upstream:remotename)%00%(upstream:remoteref) refs/heads/javascript.js refs/remotes/javascript.js [2ms]
2024-07-12 18:00:59.911 [info] > git status -z -uall [15ms]
2024-07-12 18:00:59.938 [info] > git for-each-ref --format=%(refname)%00%(upstream:short)%00%(objectname)%00%(upstream:track)%00%(upstream:remotename)%00%(upstream:remoteref) refs/heads/javascript.js refs/remotes/javascript.js [17ms]
2024-07-12 18:00:59.949 [info] > git config --local branch.javascript.js.vscode-merge-base [2ms]
2024-07-12 18:00:59.949 [warning] git config failed: Failed to execute git
2024-07-12 18:00:59.962 [info] > git reflog javascript.js --grep-reflog=branch: Created from *. [7ms]
2024-07-12 18:00:59.970 [info] > git reflog HEAD --grep-reflog=checkout: moving from .* to javascript.js [3ms]
2024-07-12 18:00:59.978 [info] > git for-each-ref --format=%(refname)%00%(upstream:short)%00%(objectname)%00%(upstream:track)%00%(upstream:remotename)%00%(upstream:remoteref) refs/heads/style.css refs/remotes/style.css [3ms]
2024-07-12 18:00:59.985 [info] > git symbolic-ref --short refs/remotes/origin/HEAD [2ms]
2024-07-12 18:00:59.985 [info] fatal: ref refs/remotes/origin/HEAD is not a symbolic ref
2024-07-12 18:01:04.961 [info] > git config --get commit.template [11ms]
2024-07-12 18:01:04.963 [info] > git for-each-ref --format=%(refname)%00%(upstream:short)%00%(objectname)%00%(upstream:track)%00%(upstream:remotename)%00%(upstream:remoteref) refs/heads/javascript.js refs/remotes/javascript.js [4ms]
2024-07-12 18:01:04.986 [info] > git status -z -uall [17ms]
2024-07-12 18:01:05.015 [info] > git for-each-ref --format=%(refname)%00%(upstream:short)%00%(objectname)%00%(upstream:track)%00%(upstream:remotename)%00%(upstream:remoteref) refs/heads/javascript.js refs/remotes/javascript.js [17ms]
2024-07-12 18:01:05.027 [info] > git config --local branch.javascript.js.vscode-merge-base [2ms]
2024-07-12 18:01:05.027 [warning] git config failed: Failed to execute git
2024-07-12 18:01:05.041 [info] > git reflog javascript.js --grep-reflog=branch: Created from *. [6ms]
2024-07-12 18:01:05.051 [info] > git reflog HEAD --grep-reflog=checkout: moving from .* to javascript.js [4ms]
2024-07-12 18:01:05.060 [info] > git for-each-ref --format=%(refname)%00%(upstream:short)%00%(objectname)%00%(upstream:track)%00%(upstream:remotename)%00%(upstream:remoteref) refs/heads/style.css refs/remotes/style.css [3ms]
2024-07-12 18:01:05.070 [info] > git symbolic-ref --short refs/remotes/origin/HEAD [3ms]
2024-07-12 18:01:05.070 [info] fatal: ref refs/remotes/origin/HEAD is not a symbolic ref
2024-07-12 18:01:10.035 [info] > git config --get commit.template [8ms]
2024-07-12 18:01:10.036 [info] > git for-each-ref --format=%(refname)%00%(upstream:short)%00%(objectname)%00%(upstream:track)%00%(upstream:remotename)%00%(upstream:remoteref) refs/heads/javascript.js refs/remotes/javascript.js [3ms]
2024-07-12 18:01:10.057 [info] > git status -z -uall [17ms]
2024-07-12 18:01:10.089 [info] > git for-each-ref --format=%(refname)%00%(upstream:short)%00%(objectname)%00%(upstream:track)%00%(upstream:remotename)%00%(upstream:remoteref) refs/heads/javascript.js refs/remotes/javascript.js [16ms]
2024-07-12 18:01:10.098 [info] > git config --local branch.javascript.js.vscode-merge-base [2ms]
2024-07-12 18:01:10.098 [warning] git config failed: Failed to execute git
2024-07-12 18:01:10.114 [info] > git reflog javascript.js --grep-reflog=branch: Created from *. [10ms]
2024-07-12 18:01:10.122 [info] > git reflog HEAD --grep-reflog=checkout: moving from .* to javascript.js [3ms]
2024-07-12 18:01:10.130 [info] > git for-each-ref --format=%(refname)%00%(upstream:short)%00%(objectname)%00%(upstream:track)%00%(upstream:remotename)%00%(upstream:remoteref) refs/heads/style.css refs/remotes/style.css [3ms]
2024-07-12 18:01:10.137 [info] > git symbolic-ref --short refs/remotes/origin/HEAD [1ms]
2024-07-12 18:01:10.137 [info] fatal: ref refs/remotes/origin/HEAD is not a symbolic ref
2024-07-12 18:01:15.104 [info] > git config --get commit.template [9ms]
2024-07-12 18:01:15.112 [info] > git for-each-ref --format=%(refname)%00%(upstream:short)%00%(objectname)%00%(upstream:track)%00%(upstream:remotename)%00%(upstream:remoteref) refs/heads/javascript.js refs/remotes/javascript.js [10ms]
2024-07-12 18:01:15.138 [info] > git status -z -uall [22ms]
2024-07-12 18:01:15.165 [info] > git for-each-ref --format=%(refname)%00%(upstream:short)%00%(objectname)%00%(upstream:track)%00%(upstream:remotename)%00%(upstream:remoteref) refs/heads/javascript.js refs/remotes/javascript.js [18ms]
2024-07-12 18:01:15.177 [info] > git config --local branch.javascript.js.vscode-merge-base [3ms]
2024-07-12 18:01:15.177 [warning] git config failed: Failed to execute git
2024-07-12 18:01:15.193 [info] > git reflog javascript.js --grep-reflog=branch: Created from *. [9ms]
2024-07-12 18:01:15.202 [info] > git reflog HEAD --grep-reflog=checkout: moving from .* to javascript.js [3ms]
2024-07-12 18:01:15.211 [info] > git for-each-ref --format=%(refname)%00%(upstream:short)%00%(objectname)%00%(upstream:track)%00%(upstream:remotename)%00%(upstream:remoteref) refs/heads/style.css refs/remotes/style.css [3ms]
2024-07-12 18:01:15.220 [info] > git symbolic-ref --short refs/remotes/origin/HEAD [2ms]
2024-07-12 18:01:15.220 [info] fatal: ref refs/remotes/origin/HEAD is not a symbolic ref
2024-07-12 18:01:20.178 [info] > git config --get commit.template [2ms]
2024-07-12 18:01:20.185 [info] > git for-each-ref --format=%(refname)%00%(upstream:short)%00%(objectname)%00%(upstream:track)%00%(upstream:remotename)%00%(upstream:remoteref) refs/heads/javascript.js refs/remotes/javascript.js [2ms]
2024-07-12 18:01:20.206 [info] > git status -z -uall [15ms]
2024-07-12 18:01:20.233 [info] > git for-each-ref --format=%(refname)%00%(upstream:short)%00%(objectname)%00%(upstream:track)%00%(upstream:remotename)%00%(upstream:remoteref) refs/heads/javascript.js refs/remotes/javascript.js [18ms]
2024-07-12 18:01:20.242 [info] > git config --local branch.javascript.js.vscode-merge-base [3ms]
2024-07-12 18:01:20.242 [warning] git config failed: Failed to execute git
2024-07-12 18:01:20.257 [info] > git reflog javascript.js --grep-reflog=branch: Created from *. [8ms]
2024-07-12 18:01:20.266 [info] > git reflog HEAD --grep-reflog=checkout: moving from .* to javascript.js [2ms]
2024-07-12 18:01:20.274 [info] > git for-each-ref --format=%(refname)%00%(upstream:short)%00%(objectname)%00%(upstream:track)%00%(upstream:remotename)%00%(upstream:remoteref) refs/heads/style.css refs/remotes/style.css [2ms]
2024-07-12 18:01:20.282 [info] > git symbolic-ref --short refs/remotes/origin/HEAD [1ms]
2024-07-12 18:01:20.282 [info] fatal: ref refs/remotes/origin/HEAD is not a symbolic ref
2024-07-12 18:01:25.249 [info] > git config --get commit.template [8ms]
2024-07-12 18:01:25.253 [info] > git for-each-ref --format=%(refname)%00%(upstream:short)%00%(objectname)%00%(upstream:track)%00%(upstream:remotename)%00%(upstream:remoteref) refs/heads/javascript.js refs/remotes/javascript.js [5ms]
2024-07-12 18:01:25.275 [info] > git status -z -uall [17ms]
2024-07-12 18:01:25.301 [info] > git for-each-ref --format=%(refname)%00%(upstream:short)%00%(objectname)%00%(upstream:track)%00%(upstream:remotename)%00%(upstream:remoteref) refs/heads/javascript.js refs/remotes/javascript.js [17ms]
2024-07-12 18:01:25.310 [info] > git config --local branch.javascript.js.vscode-merge-base [3ms]
2024-07-12 18:01:25.311 [warning] git config failed: Failed to execute git
2024-07-12 18:01:25.322 [info] > git reflog javascript.js --grep-reflog=branch: Created from *. [5ms]
2024-07-12 18:01:25.331 [info] > git reflog HEAD --grep-reflog=checkout: moving from .* to javascript.js [3ms]
2024-07-12 18:01:25.339 [info] > git for-each-ref --format=%(refname)%00%(upstream:short)%00%(objectname)%00%(upstream:track)%00%(upstream:remotename)%00%(upstream:remoteref) refs/heads/style.css refs/remotes/style.css [2ms]
2024-07-12 18:01:25.347 [info] > git symbolic-ref --short refs/remotes/origin/HEAD [2ms]
2024-07-12 18:01:25.347 [info] fatal: ref refs/remotes/origin/HEAD is not a symbolic ref
2024-07-12 18:01:30.316 [info] > git config --get commit.template [7ms]
2024-07-12 18:01:30.360 [info] > git for-each-ref --format=%(refname)%00%(upstream:short)%00%(objectname)%00%(upstream:track)%00%(upstream:remotename)%00%(upstream:remoteref) refs/heads/javascript.js refs/remotes/javascript.js [44ms]
2024-07-12 18:01:30.381 [info] > git status -z -uall [16ms]
2024-07-12 18:01:30.407 [info] > git for-each-ref --format=%(refname)%00%(upstream:short)%00%(objectname)%00%(upstream:track)%00%(upstream:remotename)%00%(upstream:remoteref) refs/heads/javascript.js refs/remotes/javascript.js [17ms]
2024-07-12 18:01:30.417 [info] > git config --local branch.javascript.js.vscode-merge-base [2ms]
2024-07-12 18:01:30.418 [warning] git config failed: Failed to execute git
2024-07-12 18:01:30.431 [info] > git reflog javascript.js --grep-reflog=branch: Created from *. [7ms]
2024-07-12 18:01:30.443 [info] > git reflog HEAD --grep-reflog=checkout: moving from .* to javascript.js [6ms]
2024-07-12 18:01:30.453 [info] > git for-each-ref --format=%(refname)%00%(upstream:short)%00%(objectname)%00%(upstream:track)%00%(upstream:remotename)%00%(upstream:remoteref) refs/heads/style.css refs/remotes/style.css [3ms]
2024-07-12 18:01:30.461 [info] > git symbolic-ref --short refs/remotes/origin/HEAD [3ms]
2024-07-12 18:01:30.461 [info] fatal: ref refs/remotes/origin/HEAD is not a symbolic ref
2024-07-12 18:01:35.422 [info] > git config --get commit.template [8ms]
2024-07-12 18:01:35.424 [info] > git for-each-ref --format=%(refname)%00%(upstream:short)%00%(objectname)%00%(upstream:track)%00%(upstream:remotename)%00%(upstream:remoteref) refs/heads/javascript.js refs/remotes/javascript.js [3ms]
2024-07-12 18:01:35.448 [info] > git status -z -uall [18ms]
2024-07-12 18:01:35.479 [info] > git for-each-ref --format=%(refname)%00%(upstream:short)%00%(objectname)%00%(upstream:track)%00%(upstream:remotename)%00%(upstream:remoteref) refs/heads/javascript.js refs/remotes/javascript.js [20ms]
2024-07-12 18:01:35.489 [info] > git config --local branch.javascript.js.vscode-merge-base [2ms]
2024-07-12 18:01:35.489 [warning] git config failed: Failed to execute git
2024-07-12 18:01:35.501 [info] > git reflog javascript.js --grep-reflog=branch: Created from *. [6ms]
2024-07-12 18:01:35.511 [info] > git reflog HEAD --grep-reflog=checkout: moving from .* to javascript.js [3ms]
2024-07-12 18:01:35.519 [info] > git for-each-ref --format=%(refname)%00%(upstream:short)%00%(objectname)%00%(upstream:track)%00%(upstream:remotename)%00%(upstream:remoteref) refs/heads/style.css refs/remotes/style.css [3ms]
2024-07-12 18:01:35.528 [info] > git symbolic-ref --short refs/remotes/origin/HEAD [2ms]
2024-07-12 18:01:35.528 [info] fatal: ref refs/remotes/origin/HEAD is not a symbolic ref
2024-07-12 18:01:40.489 [info] > git config --get commit.template [3ms]
2024-07-12 18:01:40.498 [info] > git for-each-ref --format=%(refname)%00%(upstream:short)%00%(objectname)%00%(upstream:track)%00%(upstream:remotename)%00%(upstream:remoteref) refs/heads/javascript.js refs/remotes/javascript.js [2ms]
2024-07-12 18:01:40.520 [info] > git status -z -uall [17ms]
2024-07-12 18:01:40.546 [info] > git for-each-ref --format=%(refname)%00%(upstream:short)%00%(objectname)%00%(upstream:track)%00%(upstream:remotename)%00%(upstream:remoteref) refs/heads/javascript.js refs/remotes/javascript.js [17ms]
2024-07-12 18:01:40.556 [info] > git config --local branch.javascript.js.vscode-merge-base [3ms]
2024-07-12 18:01:40.556 [warning] git config failed: Failed to execute git
2024-07-12 18:01:40.569 [info] > git reflog javascript.js --grep-reflog=branch: Created from *. [6ms]
2024-07-12 18:01:40.578 [info] > git reflog HEAD --grep-reflog=checkout: moving from .* to javascript.js [3ms]
2024-07-12 18:01:40.588 [info] > git for-each-ref --format=%(refname)%00%(upstream:short)%00%(objectname)%00%(upstream:track)%00%(upstream:remotename)%00%(upstream:remoteref) refs/heads/style.css refs/remotes/style.css [4ms]
2024-07-12 18:01:40.596 [info] > git symbolic-ref --short refs/remotes/origin/HEAD [2ms]
2024-07-12 18:01:40.596 [info] fatal: ref refs/remotes/origin/HEAD is not a symbolic ref
2024-07-12 18:01:42.587 [info] > git show --textconv :personal_site/about.html [10ms]
2024-07-12 18:01:42.590 [info] > git ls-files --stage -- /home/coder123/personal_site/about.html [5ms]
2024-07-12 18:01:45.561 [info] > git config --get commit.template [7ms]
2024-07-12 18:01:45.563 [info] > git for-each-ref --format=%(refname)%00%(upstream:short)%00%(objectname)%00%(upstream:track)%00%(upstream:remotename)%00%(upstream:remoteref) refs/heads/javascript.js refs/remotes/javascript.js [2ms]
2024-07-12 18:01:45.586 [info] > git status -z -uall [19ms]
2024-07-12 18:01:45.616 [info] > git for-each-ref --format=%(refname)%00%(upstream:short)%00%(objectname)%00%(upstream:track)%00%(upstream:remotename)%00%(upstream:remoteref) refs/heads/javascript.js refs/remotes/javascript.js [20ms]
2024-07-12 18:01:45.627 [info] > git config --local branch.javascript.js.vscode-merge-base [3ms]
2024-07-12 18:01:45.627 [warning] git config failed: Failed to execute git
2024-07-12 18:01:45.642 [info] > git reflog javascript.js --grep-reflog=branch: Created from *. [6ms]
2024-07-12 18:01:45.653 [info] > git reflog HEAD --grep-reflog=checkout: moving from .* to javascript.js [4ms]
2024-07-12 18:01:45.662 [info] > git for-each-ref --format=%(refname)%00%(upstream:short)%00%(objectname)%00%(upstream:track)%00%(upstream:remotename)%00%(upstream:remoteref) refs/heads/style.css refs/remotes/style.css [3ms]
2024-07-12 18:01:45.672 [info] > git symbolic-ref --short refs/remotes/origin/HEAD [3ms]
2024-07-12 18:01:45.672 [info] fatal: ref refs/remotes/origin/HEAD is not a symbolic ref
2024-07-12 18:27:37.201 [info] > git config --get commit.template [3ms]
2024-07-12 18:27:37.211 [info] > git for-each-ref --format=%(refname)%00%(upstream:short)%00%(objectname)%00%(upstream:track)%00%(upstream:remotename)%00%(upstream:remoteref) refs/heads/javascript.js refs/remotes/javascript.js [3ms]
2024-07-12 18:27:37.249 [info] > git status -z -uall [31ms]
2024-07-12 18:27:37.296 [info] > git for-each-ref --format=%(refname)%00%(upstream:short)%00%(objectname)%00%(upstream:track)%00%(upstream:remotename)%00%(upstream:remoteref) refs/heads/javascript.js refs/remotes/javascript.js [29ms]
2024-07-12 18:27:37.309 [info] > git config --local branch.javascript.js.vscode-merge-base [3ms]
2024-07-12 18:27:37.309 [warning] git config failed: Failed to execute git
2024-07-12 18:27:37.321 [info] > git reflog javascript.js --grep-reflog=branch: Created from *. [4ms]
2024-07-12 18:27:37.337 [info] > git reflog HEAD --grep-reflog=checkout: moving from .* to javascript.js [9ms]
2024-07-12 18:27:37.347 [info] > git for-each-ref --format=%(refname)%00%(upstream:short)%00%(objectname)%00%(upstream:track)%00%(upstream:remotename)%00%(upstream:remoteref) refs/heads/style.css refs/remotes/style.css [2ms]
2024-07-12 18:27:37.357 [info] > git symbolic-ref --short refs/remotes/origin/HEAD [3ms]
2024-07-12 18:27:37.357 [info] fatal: ref refs/remotes/origin/HEAD is not a symbolic ref
2024-07-12 18:27:42.313 [info] > git config --get commit.template [9ms]
2024-07-12 18:27:42.314 [info] > git for-each-ref --format=%(refname)%00%(upstream:short)%00%(objectname)%00%(upstream:track)%00%(upstream:remotename)%00%(upstream:remoteref) refs/heads/javascript.js refs/remotes/javascript.js [3ms]
2024-07-12 18:27:42.336 [info] > git status -z -uall [17ms]
2024-07-12 18:27:42.373 [info] > git for-each-ref --format=%(refname)%00%(upstream:short)%00%(objectname)%00%(upstream:track)%00%(upstream:remotename)%00%(upstream:remoteref) refs/heads/javascript.js refs/remotes/javascript.js [25ms]
2024-07-12 18:27:42.384 [info] > git config --local branch.javascript.js.vscode-merge-base [3ms]
2024-07-12 18:27:42.384 [warning] git config failed: Failed to execute git
2024-07-12 18:27:42.400 [info] > git reflog javascript.js --grep-reflog=branch: Created from *. [8ms]
2024-07-12 18:27:42.411 [info] > git reflog HEAD --grep-reflog=checkout: moving from .* to javascript.js [3ms]
2024-07-12 18:27:42.419 [info] > git for-each-ref --format=%(refname)%00%(upstream:short)%00%(objectname)%00%(upstream:track)%00%(upstream:remotename)%00%(upstream:remoteref) refs/heads/style.css refs/remotes/style.css [3ms]
2024-07-12 18:27:42.427 [info] > git symbolic-ref --short refs/remotes/origin/HEAD [2ms]
2024-07-12 18:27:42.427 [info] fatal: ref refs/remotes/origin/HEAD is not a symbolic ref
2024-07-12 18:27:47.388 [info] > git config --get commit.template [10ms]
2024-07-12 18:27:47.389 [info] > git for-each-ref --format=%(refname)%00%(upstream:short)%00%(objectname)%00%(upstream:track)%00%(upstream:remotename)%00%(upstream:remoteref) refs/heads/javascript.js refs/remotes/javascript.js [4ms]
2024-07-12 18:27:47.413 [info] > git status -z -uall [19ms]
2024-07-12 18:27:47.445 [info] > git for-each-ref --format=%(refname)%00%(upstream:short)%00%(objectname)%00%(upstream:track)%00%(upstream:remotename)%00%(upstream:remoteref) refs/heads/javascript.js refs/remotes/javascript.js [21ms]
2024-07-12 18:27:47.456 [info] > git config --local branch.javascript.js.vscode-merge-base [2ms]
2024-07-12 18:27:47.456 [warning] git config failed: Failed to execute git
2024-07-12 18:27:47.468 [info] > git reflog javascript.js --grep-reflog=branch: Created from *. [5ms]
2024-07-12 18:27:47.479 [info] > git reflog HEAD --grep-reflog=checkout: moving from .* to javascript.js [3ms]
2024-07-12 18:27:47.497 [info] > git for-each-ref --format=%(refname)%00%(upstream:short)%00%(objectname)%00%(upstream:track)%00%(upstream:remotename)%00%(upstream:remoteref) refs/heads/style.css refs/remotes/style.css [11ms]
2024-07-12 18:27:47.506 [info] > git symbolic-ref --short refs/remotes/origin/HEAD [3ms]
2024-07-12 18:27:47.506 [info] fatal: ref refs/remotes/origin/HEAD is not a symbolic ref
2024-07-12 18:27:53.096 [info] > git config --get commit.template [3ms]
2024-07-12 18:27:53.106 [info] > git for-each-ref --format=%(refname)%00%(upstream:short)%00%(objectname)%00%(upstream:track)%00%(upstream:remotename)%00%(upstream:remoteref) refs/heads/javascript.js refs/remotes/javascript.js [3ms]
2024-07-12 18:27:53.127 [info] > git status -z -uall [15ms]
2024-07-12 18:27:53.159 [info] > git for-each-ref --format=%(refname)%00%(upstream:short)%00%(objectname)%00%(upstream:track)%00%(upstream:remotename)%00%(upstream:remoteref) refs/heads/javascript.js refs/remotes/javascript.js [23ms]
2024-07-12 18:27:53.174 [info] > git config --local branch.javascript.js.vscode-merge-base [9ms]
2024-07-12 18:27:53.175 [warning] git config failed: Failed to execute git
2024-07-12 18:27:53.185 [info] > git reflog javascript.js --grep-reflog=branch: Created from *. [4ms]
2024-07-12 18:27:53.193 [info] > git reflog HEAD --grep-reflog=checkout: moving from .* to javascript.js [3ms]
2024-07-12 18:27:53.202 [info] > git for-each-ref --format=%(refname)%00%(upstream:short)%00%(objectname)%00%(upstream:track)%00%(upstream:remotename)%00%(upstream:remoteref) refs/heads/style.css refs/remotes/style.css [3ms]
2024-07-12 18:27:53.211 [info] > git symbolic-ref --short refs/remotes/origin/HEAD [2ms]
2024-07-12 18:27:53.211 [info] fatal: ref refs/remotes/origin/HEAD is not a symbolic ref
2024-07-12 18:27:58.168 [info] > git config --get commit.template [6ms]
2024-07-12 18:27:58.169 [info] > git for-each-ref --format=%(refname)%00%(upstream:short)%00%(objectname)%00%(upstream:track)%00%(upstream:remotename)%00%(upstream:remoteref) refs/heads/javascript.js refs/remotes/javascript.js [3ms]
2024-07-12 18:27:58.190 [info] > git status -z -uall [16ms]
2024-07-12 18:27:58.219 [info] > git for-each-ref --format=%(refname)%00%(upstream:short)%00%(objectname)%00%(upstream:track)%00%(upstream:remotename)%00%(upstream:remoteref) refs/heads/javascript.js refs/remotes/javascript.js [18ms]
2024-07-12 18:27:58.229 [info] > git config --local branch.javascript.js.vscode-merge-base [3ms]
2024-07-12 18:27:58.229 [warning] git config failed: Failed to execute git
2024-07-12 18:27:58.244 [info] > git reflog javascript.js --grep-reflog=branch: Created from *. [7ms]
2024-07-12 18:27:58.254 [info] > git reflog HEAD --grep-reflog=checkout: moving from .* to javascript.js [2ms]
2024-07-12 18:27:58.261 [info] > git for-each-ref --format=%(refname)%00%(upstream:short)%00%(objectname)%00%(upstream:track)%00%(upstream:remotename)%00%(upstream:remoteref) refs/heads/style.css refs/remotes/style.css [2ms]
2024-07-12 18:27:58.269 [info] > git symbolic-ref --short refs/remotes/origin/HEAD [2ms]
2024-07-12 18:27:58.270 [info] fatal: ref refs/remotes/origin/HEAD is not a symbolic ref
2024-07-12 18:28:03.235 [info] > git config --get commit.template [7ms]
2024-07-12 18:28:03.237 [info] > git for-each-ref --format=%(refname)%00%(upstream:short)%00%(objectname)%00%(upstream:track)%00%(upstream:remotename)%00%(upstream:remoteref) refs/heads/javascript.js refs/remotes/javascript.js [2ms]
2024-07-12 18:28:03.259 [info] > git status -z -uall [17ms]
2024-07-12 18:28:03.286 [info] > git for-each-ref --format=%(refname)%00%(upstream:short)%00%(objectname)%00%(upstream:track)%00%(upstream:remotename)%00%(upstream:remoteref) refs/heads/javascript.js refs/remotes/javascript.js [16ms]
2024-07-12 18:28:03.299 [info] > git config --local branch.javascript.js.vscode-merge-base [3ms]
2024-07-12 18:28:03.299 [warning] git config failed: Failed to execute git
2024-07-12 18:28:03.317 [info] > git reflog javascript.js --grep-reflog=branch: Created from *. [7ms]
2024-07-12 18:28:03.329 [info] > git reflog HEAD --grep-reflog=checkout: moving from .* to javascript.js [4ms]
2024-07-12 18:28:03.340 [info] > git for-each-ref --format=%(refname)%00%(upstream:short)%00%(objectname)%00%(upstream:track)%00%(upstream:remotename)%00%(upstream:remoteref) refs/heads/style.css refs/remotes/style.css [4ms]
2024-07-12 18:28:03.351 [info] > git symbolic-ref --short refs/remotes/origin/HEAD [4ms]
2024-07-12 18:28:03.351 [info] fatal: ref refs/remotes/origin/HEAD is not a symbolic ref
2024-07-12 18:28:08.303 [info] > git config --get commit.template [7ms]
2024-07-12 18:28:08.303 [info] > git for-each-ref --format=%(refname)%00%(upstream:short)%00%(objectname)%00%(upstream:track)%00%(upstream:remotename)%00%(upstream:remoteref) refs/heads/javascript.js refs/remotes/javascript.js [2ms]
2024-07-12 18:28:08.323 [info] > git status -z -uall [15ms]
2024-07-12 18:28:08.354 [info] > git for-each-ref --format=%(refname)%00%(upstream:short)%00%(objectname)%00%(upstream:track)%00%(upstream:remotename)%00%(upstream:remoteref) refs/heads/javascript.js refs/remotes/javascript.js [19ms]
2024-07-12 18:28:08.365 [info] > git config --local branch.javascript.js.vscode-merge-base [3ms]
2024-07-12 18:28:08.366 [warning] git config failed: Failed to execute git
2024-07-12 18:28:08.379 [info] > git reflog javascript.js --grep-reflog=branch: Created from *. [7ms]
2024-07-12 18:28:08.389 [info] > git reflog HEAD --grep-reflog=checkout: moving from .* to javascript.js [2ms]
2024-07-12 18:28:08.398 [info] > git for-each-ref --format=%(refname)%00%(upstream:short)%00%(objectname)%00%(upstream:track)%00%(upstream:remotename)%00%(upstream:remoteref) refs/heads/style.css refs/remotes/style.css [2ms]
2024-07-12 18:28:08.407 [info] > git symbolic-ref --short refs/remotes/origin/HEAD [3ms]
2024-07-12 18:28:08.407 [info] fatal: ref refs/remotes/origin/HEAD is not a symbolic ref
2024-07-12 18:28:13.368 [info] > git config --get commit.template [7ms]
2024-07-12 18:28:13.370 [info] > git for-each-ref --format=%(refname)%00%(upstream:short)%00%(objectname)%00%(upstream:track)%00%(upstream:remotename)%00%(upstream:remoteref) refs/heads/javascript.js refs/remotes/javascript.js [3ms]
2024-07-12 18:28:13.392 [info] > git status -z -uall [17ms]
2024-07-12 18:28:13.417 [info] > git for-each-ref --format=%(refname)%00%(upstream:short)%00%(objectname)%00%(upstream:track)%00%(upstream:remotename)%00%(upstream:remoteref) refs/heads/javascript.js refs/remotes/javascript.js [17ms]
2024-07-12 18:28:13.427 [info] > git config --local branch.javascript.js.vscode-merge-base [2ms]
2024-07-12 18:28:13.428 [warning] git config failed: Failed to execute git
2024-07-12 18:28:13.442 [info] > git reflog javascript.js --grep-reflog=branch: Created from *. [6ms]
2024-07-12 18:28:13.451 [info] > git reflog HEAD --grep-reflog=checkout: moving from .* to javascript.js [3ms]
2024-07-12 18:28:13.460 [info] > git for-each-ref --format=%(refname)%00%(upstream:short)%00%(objectname)%00%(upstream:track)%00%(upstream:remotename)%00%(upstream:remoteref) refs/heads/style.css refs/remotes/style.css [2ms]
2024-07-12 18:28:13.468 [info] > git symbolic-ref --short refs/remotes/origin/HEAD [1ms]
2024-07-12 18:28:13.468 [info] fatal: ref refs/remotes/origin/HEAD is not a symbolic ref
2024-07-12 18:28:18.433 [info] > git config --get commit.template [8ms]
2024-07-12 18:28:18.450 [info] > git for-each-ref --format=%(refname)%00%(upstream:short)%00%(objectname)%00%(upstream:track)%00%(upstream:remotename)%00%(upstream:remoteref) refs/heads/javascript.js refs/remotes/javascript.js [7ms]
2024-07-12 18:28:18.492 [info] > git status -z -uall [33ms]
2024-07-12 18:28:18.519 [info] > git for-each-ref --format=%(refname)%00%(upstream:short)%00%(objectname)%00%(upstream:track)%00%(upstream:remotename)%00%(upstream:remoteref) refs/heads/javascript.js refs/remotes/javascript.js [18ms]
2024-07-12 18:28:18.530 [info] > git config --local branch.javascript.js.vscode-merge-base [3ms]
2024-07-12 18:28:18.530 [warning] git config failed: Failed to execute git
2024-07-12 18:28:18.545 [info] > git reflog javascript.js --grep-reflog=branch: Created from *. [9ms]
2024-07-12 18:28:18.555 [info] > git reflog HEAD --grep-reflog=checkout: moving from .* to javascript.js [4ms]
2024-07-12 18:28:18.566 [info] > git for-each-ref --format=%(refname)%00%(upstream:short)%00%(objectname)%00%(upstream:track)%00%(upstream:remotename)%00%(upstream:remoteref) refs/heads/style.css refs/remotes/style.css [3ms]
2024-07-12 18:28:18.576 [info] > git symbolic-ref --short refs/remotes/origin/HEAD [3ms]
2024-07-12 18:28:18.577 [info] fatal: ref refs/remotes/origin/HEAD is not a symbolic ref
2024-07-12 18:28:23.539 [info] > git config --get commit.template [10ms]
2024-07-12 18:28:23.540 [info] > git for-each-ref --format=%(refname)%00%(upstream:short)%00%(objectname)%00%(upstream:track)%00%(upstream:remotename)%00%(upstream:remoteref) refs/heads/javascript.js refs/remotes/javascript.js [4ms]
2024-07-12 18:28:23.566 [info] > git status -z -uall [19ms]
2024-07-12 18:28:23.595 [info] > git for-each-ref --format=%(refname)%00%(upstream:short)%00%(objectname)%00%(upstream:track)%00%(upstream:remotename)%00%(upstream:remoteref) refs/heads/javascript.js refs/remotes/javascript.js [17ms]
2024-07-12 18:28:23.605 [info] > git config --local branch.javascript.js.vscode-merge-base [3ms]
2024-07-12 18:28:23.606 [warning] git config failed: Failed to execute git
2024-07-12 18:28:23.620 [info] > git reflog javascript.js --grep-reflog=branch: Created from *. [6ms]
2024-07-12 18:28:23.629 [info] > git reflog HEAD --grep-reflog=checkout: moving from .* to javascript.js [3ms]
2024-07-12 18:28:23.638 [info] > git for-each-ref --format=%(refname)%00%(upstream:short)%00%(objectname)%00%(upstream:track)%00%(upstream:remotename)%00%(upstream:remoteref) refs/heads/style.css refs/remotes/style.css [3ms]
2024-07-12 18:28:23.648 [info] > git symbolic-ref --short refs/remotes/origin/HEAD [2ms]
2024-07-12 18:28:23.648 [info] fatal: ref refs/remotes/origin/HEAD is not a symbolic ref
2024-07-12 18:28:28.611 [info] > git config --get commit.template [8ms]
2024-07-12 18:28:28.613 [info] > git for-each-ref --format=%(refname)%00%(upstream:short)%00%(objectname)%00%(upstream:track)%00%(upstream:remotename)%00%(upstream:remoteref) refs/heads/javascript.js refs/remotes/javascript.js [2ms]
2024-07-12 18:28:28.636 [info] > git status -z -uall [16ms]
2024-07-12 18:28:28.667 [info] > git for-each-ref --format=%(refname)%00%(upstream:short)%00%(objectname)%00%(upstream:track)%00%(upstream:remotename)%00%(upstream:remoteref) refs/heads/javascript.js refs/remotes/javascript.js [20ms]
2024-07-12 18:28:28.679 [info] > git config --local branch.javascript.js.vscode-merge-base [4ms]
2024-07-12 18:28:28.680 [warning] git config failed: Failed to execute git
2024-07-12 18:28:28.700 [info] > git reflog javascript.js --grep-reflog=branch: Created from *. [11ms]
2024-07-12 18:28:28.711 [info] > git reflog HEAD --grep-reflog=checkout: moving from .* to javascript.js [3ms]
2024-07-12 18:28:28.720 [info] > git for-each-ref --format=%(refname)%00%(upstream:short)%00%(objectname)%00%(upstream:track)%00%(upstream:remotename)%00%(upstream:remoteref) refs/heads/style.css refs/remotes/style.css [2ms]
2024-07-12 18:28:28.729 [info] > git symbolic-ref --short refs/remotes/origin/HEAD [2ms]
2024-07-12 18:28:28.729 [info] fatal: ref refs/remotes/origin/HEAD is not a symbolic ref
2024-07-12 18:28:42.201 [info] > git config --get commit.template [17ms]
2024-07-12 18:28:42.203 [info] > git for-each-ref --format=%(refname)%00%(upstream:short)%00%(objectname)%00%(upstream:track)%00%(upstream:remotename)%00%(upstream:remoteref) refs/heads/javascript.js refs/remotes/javascript.js [4ms]
2024-07-12 18:28:42.248 [info] > git status -z -uall [28ms]
2024-07-12 18:28:42.280 [info] > git for-each-ref --format=%(refname)%00%(upstream:short)%00%(objectname)%00%(upstream:track)%00%(upstream:remotename)%00%(upstream:remoteref) refs/heads/javascript.js refs/remotes/javascript.js [21ms]
2024-07-12 18:28:42.294 [info] > git config --local branch.javascript.js.vscode-merge-base [4ms]
2024-07-12 18:28:42.295 [warning] git config failed: Failed to execute git
2024-07-12 18:28:42.310 [info] > git reflog javascript.js --grep-reflog=branch: Created from *. [7ms]
2024-07-12 18:28:42.319 [info] > git reflog HEAD --grep-reflog=checkout: moving from .* to javascript.js [2ms]
2024-07-12 18:28:42.328 [info] > git for-each-ref --format=%(refname)%00%(upstream:short)%00%(objectname)%00%(upstream:track)%00%(upstream:remotename)%00%(upstream:remoteref) refs/heads/style.css refs/remotes/style.css [2ms]
2024-07-12 18:28:42.337 [info] > git symbolic-ref --short refs/remotes/origin/HEAD [2ms]
2024-07-12 18:28:42.337 [info] fatal: ref refs/remotes/origin/HEAD is not a symbolic ref
